-- The C compiler identification is GNU 13.3.0
-- The CXX compiler identification is GNU 13.3.0
-- Detecting C compiler ABI info
-- Detecting C compiler ABI info - done
-- Check for working C compiler: /usr/bin/cc - skipped
-- Detecting C compile features
-- Detecting C compile features - done
-- Detecting CXX compiler ABI info
-- Detecting CXX compiler ABI info - done
-- Check for working CXX compiler: /usr/bin/c++ - skipped
-- Detecting CXX compile features
-- Detecting CXX compile features - done
-- Found ament_cmake: 2.5.4 (/opt/ros/jazzy/share/ament_cmake/cmake)
-- Found Python3: /usr/bin/python3 (found version "3.12.3") found components: Interpreter 
-- Found std_msgs: 5.3.6 (/home/nava/microros_ws/install/std_msgs/share/std_msgs/cmake)
-- Found rosidl_generator_c: 4.6.5 (/opt/ros/jazzy/share/rosidl_generator_c/cmake)
-- Found rosidl_generator_cpp: 4.6.5 (/opt/ros/jazzy/share/rosidl_generator_cpp/cmake)
-- Using all available rosidl_typesupport_c: rosidl_typesupport_microxrcedds_c;rosidl_typesupport_fastrtps_c;rosidl_typesupport_introspection_c
-- Found rosidl_adapter: 4.6.5 (/opt/ros/jazzy/share/rosidl_adapter/cmake)
-- Using all available rosidl_typesupport_cpp: rosidl_typesupport_microxrcedds_cpp;rosidl_typesupport_fastrtps_cpp;rosidl_typesupport_introspection_cpp
-- Found rosidl_default_generators: 1.6.0 (/opt/ros/jazzy/share/rosidl_default_generators/cmake)
-- Found ament_cmake_cppcheck: 0.17.2 (/opt/ros/jazzy/share/ament_cmake_cppcheck/cmake)
-- Found ament_cmake_cpplint: 0.17.2 (/opt/ros/jazzy/share/ament_cmake_cpplint/cmake)
-- Found ament_cmake_uncrustify: 0.17.2 (/opt/ros/jazzy/share/ament_cmake_uncrustify/cmake)
-- Found ament_cmake_ros: 0.12.0 (/opt/ros/jazzy/share/ament_cmake_ros/cmake)
-- Using all available rosidl_typesupport_c: rosidl_typesupport_microxrcedds_c;rosidl_typesupport_fastrtps_c;rosidl_typesupport_introspection_c
-- Using all available rosidl_typesupport_cpp: rosidl_typesupport_microxrcedds_cpp;rosidl_typesupport_fastrtps_cpp;rosidl_typesupport_introspection_cpp
-- Found python_cmake_module: 0.11.1 (/opt/ros/jazzy/share/python_cmake_module/cmake)
-- Found PythonExtra: /usr/bin/python3  
-- Found Python3: /usr/bin/python3 (found version "3.12.3") found components: Interpreter Development NumPy Development.Module Development.Embed 
-- Found ament_cmake_flake8: 0.17.2 (/opt/ros/jazzy/share/ament_cmake_flake8/cmake)
-- Found ament_cmake_pep257: 0.17.2 (/opt/ros/jazzy/share/ament_cmake_pep257/cmake)
-- Configuring done (4.9s)
-- Generating done (0.1s)
-- Build files have been written to: /home/nava/microros_ws/build/drive_base_msgs
[  1%] [34m[1mGenerating type hashes for ROS interfaces[0m
[  1%] Built target ament_cmake_python_copy_drive_base_msgs
running egg_info
creating drive_base_msgs.egg-info
writing drive_base_msgs.egg-info/PKG-INFO
writing dependency_links to drive_base_msgs.egg-info/dependency_links.txt
writing top-level names to drive_base_msgs.egg-info/top_level.txt
writing manifest file 'drive_base_msgs.egg-info/SOURCES.txt'
reading manifest file 'drive_base_msgs.egg-info/SOURCES.txt'
writing manifest file 'drive_base_msgs.egg-info/SOURCES.txt'
[  1%] Built target ament_cmake_python_build_drive_base_msgs_egg
[  1%] Built target drive_base_msgs__rosidl_generator_type_description
[  2%] [34m[1mGenerating C code for ROS interfaces[0m
[  3%] [34m[1mGenerating C++ code for ROS interfaces[0m
[  3%] Built target drive_base_msgs__cpp
[  5%] [34m[1mGenerating C++ type support for eProsima Micro XRCE-DDS[0m
[  8%] [32mBuilding C object CMakeFiles/drive_base_msgs__rosidl_generator_c.dir/rosidl_generator_c/drive_base_msgs/msg/detail/command_status__description.c.o[0m
[ 10%] [32mBuilding C object CMakeFiles/drive_base_msgs__rosidl_generator_c.dir/rosidl_generator_c/drive_base_msgs/msg/detail/command_header__description.c.o[0m
[ 11%] [32mBuilding C object CMakeFiles/drive_base_msgs__rosidl_generator_c.dir/rosidl_generator_c/drive_base_msgs/msg/detail/command_status__functions.c.o[0m
[  8%] [32mBuilding C object CMakeFiles/drive_base_msgs__rosidl_generator_c.dir/rosidl_generator_c/drive_base_msgs/msg/detail/command_header__type_support.c.o[0m
[ 11%] [32mBuilding C object CMakeFiles/drive_base_msgs__rosidl_generator_c.dir/rosidl_generator_c/drive_base_msgs/msg/detail/base_info__type_support.c.o[0m
[ 14%] [32mBuilding C object CMakeFiles/drive_base_msgs__rosidl_generator_c.dir/rosidl_generator_c/drive_base_msgs/msg/detail/base_info__description.c.o[0m
[ 15%] [32mBuilding C object CMakeFiles/drive_base_msgs__rosidl_generator_c.dir/rosidl_generator_c/drive_base_msgs/msg/detail/command_header__functions.c.o[0m
[ 15%] [32mBuilding C object CMakeFiles/drive_base_msgs__rosidl_generator_c.dir/rosidl_generator_c/drive_base_msgs/msg/detail/base_info__functions.c.o[0m
[ 16%] [32mBuilding C object CMakeFiles/drive_base_msgs__rosidl_generator_c.dir/rosidl_generator_c/drive_base_msgs/msg/detail/command_status__type_support.c.o[0m
[ 17%] [32mBuilding C object CMakeFiles/drive_base_msgs__rosidl_generator_c.dir/rosidl_generator_c/drive_base_msgs/msg/detail/trv_command__description.c.o[0m
[ 19%] [32mBuilding C object CMakeFiles/drive_base_msgs__rosidl_generator_c.dir/rosidl_generator_c/drive_base_msgs/msg/detail/trv_command__functions.c.o[0m
[ 20%] [32mBuilding C object CMakeFiles/drive_base_msgs__rosidl_generator_c.dir/rosidl_generator_c/drive_base_msgs/msg/detail/trv_command__type_support.c.o[0m
[ 21%] [32m[1mLinking C shared library libdrive_base_msgs__rosidl_generator_c.so[0m
[ 21%] Built target drive_base_msgs__rosidl_generator_c
[ 28%] [34m[1mGenerating C++ type support dispatch for ROS interfaces[0m
[ 28%] [34m[1mGenerating C type support for eProsima Fast-RTPS[0m
[ 28%] [34m[1mGenerating C++ type support for eProsima Fast-RTPS[0m
[ 28%] [34m[1mGenerating C type support for eProsima Micro XRCE-DDS[0m
[ 28%] [34m[1mGenerating C introspection for ROS interfaces[0m
[ 29%] [34m[1mGenerating C type support dispatch for ROS interfaces[0m
[ 30%] [34m[1mGenerating C++ introspection for ROS interfaces[0m
[ 32%] [32mBuilding CXX object CMakeFiles/drive_base_msgs__rosidl_typesupport_microxrcedds_cpp.dir/rosidl_typesupport_microxrcedds_cpp/drive_base_msgs/msg/detail/microxrcedds/command_header__type_support_cpp.cpp.o[0m
[ 33%] [32mBuilding CXX object CMakeFiles/drive_base_msgs__rosidl_typesupport_microxrcedds_cpp.dir/rosidl_typesupport_microxrcedds_cpp/drive_base_msgs/msg/detail/microxrcedds/base_info__type_support_cpp.cpp.o[0m
[ 34%] [32mBuilding CXX object CMakeFiles/drive_base_msgs__rosidl_typesupport_microxrcedds_cpp.dir/rosidl_typesupport_microxrcedds_cpp/drive_base_msgs/msg/detail/microxrcedds/trv_command__type_support_cpp.cpp.o[0m
[ 35%] [32mBuilding CXX object CMakeFiles/drive_base_msgs__rosidl_typesupport_microxrcedds_cpp.dir/rosidl_typesupport_microxrcedds_cpp/drive_base_msgs/msg/detail/microxrcedds/command_status__type_support_cpp.cpp.o[0m
[ 37%] [32mBuilding CXX object CMakeFiles/drive_base_msgs__rosidl_typesupport_cpp.dir/rosidl_typesupport_cpp/drive_base_msgs/msg/command_header__type_support.cpp.o[0m
[ 38%] [32mBuilding CXX object CMakeFiles/drive_base_msgs__rosidl_typesupport_cpp.dir/rosidl_typesupport_cpp/drive_base_msgs/msg/base_info__type_support.cpp.o[0m
[ 39%] [32mBuilding CXX object CMakeFiles/drive_base_msgs__rosidl_typesupport_introspection_cpp.dir/rosidl_typesupport_introspection_cpp/drive_base_msgs/msg/detail/command_header__type_support.cpp.o[0m
[ 41%] [32mBuilding CXX object CMakeFiles/drive_base_msgs__rosidl_typesupport_c.dir/rosidl_typesupport_c/drive_base_msgs/msg/command_header__type_support.cpp.o[0m
[ 42%] [32mBuilding C object CMakeFiles/drive_base_msgs__rosidl_typesupport_introspection_c.dir/rosidl_typesupport_introspection_c/drive_base_msgs/msg/detail/command_header__type_support.c.o[0m
[ 43%] [32mBuilding CXX object CMakeFiles/drive_base_msgs__rosidl_typesupport_fastrtps_c.dir/rosidl_typesupport_fastrtps_c/drive_base_msgs/msg/detail/command_header__type_support_c.cpp.o[0m
[ 44%] [32mBuilding CXX object CMakeFiles/drive_base_msgs__rosidl_typesupport_c.dir/rosidl_typesupport_c/drive_base_msgs/msg/base_info__type_support.cpp.o[0m
[ 46%] [32mBuilding C object CMakeFiles/drive_base_msgs__rosidl_typesupport_introspection_c.dir/rosidl_typesupport_introspection_c/drive_base_msgs/msg/detail/base_info__type_support.c.o[0m
[ 47%] [32mBuilding CXX object CMakeFiles/drive_base_msgs__rosidl_typesupport_c.dir/rosidl_typesupport_c/drive_base_msgs/msg/command_status__type_support.cpp.o[0m
[ 48%] [32mBuilding C object CMakeFiles/drive_base_msgs__rosidl_typesupport_introspection_c.dir/rosidl_typesupport_introspection_c/drive_base_msgs/msg/detail/command_status__type_support.c.o[0m
[ 50%] [32mBuilding CXX object CMakeFiles/drive_base_msgs__rosidl_typesupport_c.dir/rosidl_typesupport_c/drive_base_msgs/msg/trv_command__type_support.cpp.o[0m
[ 51%] [32mBuilding C object CMakeFiles/drive_base_msgs__rosidl_typesupport_microxrcedds_c.dir/rosidl_typesupport_microxrcedds_c/drive_base_msgs/msg/detail/microxrcedds/command_header__type_support_c.c.o[0m
[ 52%] [32mBuilding C object CMakeFiles/drive_base_msgs__rosidl_typesupport_introspection_c.dir/rosidl_typesupport_introspection_c/drive_base_msgs/msg/detail/trv_command__type_support.c.o[0m
[ 53%] [32mBuilding CXX object CMakeFiles/drive_base_msgs__rosidl_typesupport_introspection_cpp.dir/rosidl_typesupport_introspection_cpp/drive_base_msgs/msg/detail/base_info__type_support.cpp.o[0m
[ 55%] [32m[1mLinking CXX shared library libdrive_base_msgs__rosidl_typesupport_c.so[0m
[ 56%] [32mBuilding CXX object CMakeFiles/drive_base_msgs__rosidl_typesupport_fastrtps_cpp.dir/rosidl_typesupport_fastrtps_cpp/drive_base_msgs/msg/detail/dds_fastrtps/command_header__type_support.cpp.o[0m
[ 57%] [32mBuilding CXX object CMakeFiles/drive_base_msgs__rosidl_typesupport_introspection_cpp.dir/rosidl_typesupport_introspection_cpp/drive_base_msgs/msg/detail/command_status__type_support.cpp.o[0m
[ 58%] [32mBuilding CXX object CMakeFiles/drive_base_msgs__rosidl_typesupport_cpp.dir/rosidl_typesupport_cpp/drive_base_msgs/msg/command_status__type_support.cpp.o[0m
[ 60%] [32mBuilding CXX object CMakeFiles/drive_base_msgs__rosidl_typesupport_fastrtps_c.dir/rosidl_typesupport_fastrtps_c/drive_base_msgs/msg/detail/base_info__type_support_c.cpp.o[0m
[ 61%] [32mBuilding C object CMakeFiles/drive_base_msgs__rosidl_typesupport_microxrcedds_c.dir/rosidl_typesupport_microxrcedds_c/drive_base_msgs/msg/detail/microxrcedds/base_info__type_support_c.c.o[0m
[ 62%] [32m[1mLinking CXX shared library libdrive_base_msgs__rosidl_typesupport_microxrcedds_cpp.so[0m
[ 64%] [32mBuilding CXX object CMakeFiles/drive_base_msgs__rosidl_typesupport_cpp.dir/rosidl_typesupport_cpp/drive_base_msgs/msg/trv_command__type_support.cpp.o[0m
[ 65%] [32m[1mLinking C shared library libdrive_base_msgs__rosidl_typesupport_introspection_c.so[0m
[ 65%] Built target drive_base_msgs__rosidl_typesupport_c
[ 66%] [32mBuilding CXX object CMakeFiles/drive_base_msgs__rosidl_typesupport_introspection_cpp.dir/rosidl_typesupport_introspection_cpp/drive_base_msgs/msg/detail/trv_command__type_support.cpp.o[0m
[ 67%] [32mBuilding CXX object CMakeFiles/drive_base_msgs__rosidl_typesupport_fastrtps_c.dir/rosidl_typesupport_fastrtps_c/drive_base_msgs/msg/detail/command_status__type_support_c.cpp.o[0m
[ 69%] [32mBuilding C object CMakeFiles/drive_base_msgs__rosidl_typesupport_microxrcedds_c.dir/rosidl_typesupport_microxrcedds_c/drive_base_msgs/msg/detail/microxrcedds/command_status__type_support_c.c.o[0m
[ 69%] Built target drive_base_msgs__rosidl_typesupport_introspection_c
[ 70%] [32mBuilding CXX object CMakeFiles/drive_base_msgs__rosidl_typesupport_fastrtps_cpp.dir/rosidl_typesupport_fastrtps_cpp/drive_base_msgs/msg/detail/dds_fastrtps/base_info__type_support.cpp.o[0m
[ 70%] Built target drive_base_msgs__rosidl_typesupport_microxrcedds_cpp
[ 71%] [32mBuilding CXX object CMakeFiles/drive_base_msgs__rosidl_typesupport_fastrtps_cpp.dir/rosidl_typesupport_fastrtps_cpp/drive_base_msgs/msg/detail/dds_fastrtps/command_status__type_support.cpp.o[0m
[ 73%] [32mBuilding C object CMakeFiles/drive_base_msgs__rosidl_typesupport_microxrcedds_c.dir/rosidl_typesupport_microxrcedds_c/drive_base_msgs/msg/detail/microxrcedds/trv_command__type_support_c.c.o[0m
[ 74%] [32m[1mLinking C shared library libdrive_base_msgs__rosidl_typesupport_microxrcedds_c.so[0m
[ 74%] Built target drive_base_msgs__rosidl_typesupport_microxrcedds_c
[ 75%] [32mBuilding CXX object CMakeFiles/drive_base_msgs__rosidl_typesupport_fastrtps_c.dir/rosidl_typesupport_fastrtps_c/drive_base_msgs/msg/detail/trv_command__type_support_c.cpp.o[0m
[ 76%] [32mBuilding CXX object CMakeFiles/drive_base_msgs__rosidl_typesupport_fastrtps_cpp.dir/rosidl_typesupport_fastrtps_cpp/drive_base_msgs/msg/detail/dds_fastrtps/trv_command__type_support.cpp.o[0m
[ 78%] [32m[1mLinking CXX shared library libdrive_base_msgs__rosidl_typesupport_cpp.so[0m
[ 79%] [32m[1mLinking CXX shared library libdrive_base_msgs__rosidl_typesupport_introspection_cpp.so[0m
[ 79%] Built target drive_base_msgs__rosidl_typesupport_cpp
[ 79%] Built target drive_base_msgs__rosidl_typesupport_introspection_cpp
[ 80%] [32m[1mLinking CXX shared library libdrive_base_msgs__rosidl_typesupport_fastrtps_c.so[0m
[ 82%] [32m[1mLinking CXX shared library libdrive_base_msgs__rosidl_typesupport_fastrtps_cpp.so[0m
[ 82%] Built target drive_base_msgs__rosidl_typesupport_fastrtps_c
[ 82%] Built target drive_base_msgs__rosidl_typesupport_fastrtps_cpp
[ 82%] Built target drive_base_msgs
[ 83%] [34m[1mGenerating Python code for ROS interfaces[0m
[ 83%] Built target drive_base_msgs__py
[ 88%] [32mBuilding C object CMakeFiles/drive_base_msgs__rosidl_generator_py.dir/rosidl_generator_py/drive_base_msgs/msg/_base_info_s.c.o[0m
[ 88%] [32mBuilding C object CMakeFiles/drive_base_msgs__rosidl_generator_py.dir/rosidl_generator_py/drive_base_msgs/msg/_command_status_s.c.o[0m
[ 88%] [32mBuilding C object CMakeFiles/drive_base_msgs__rosidl_generator_py.dir/rosidl_generator_py/drive_base_msgs/msg/_trv_command_s.c.o[0m
[ 88%] [32mBuilding C object CMakeFiles/drive_base_msgs__rosidl_generator_py.dir/rosidl_generator_py/drive_base_msgs/msg/_command_header_s.c.o[0m
[ 89%] [32m[1mLinking C shared library libdrive_base_msgs__rosidl_generator_py.so[0m
[ 89%] Built target drive_base_msgs__rosidl_generator_py
[ 94%] [32mBuilding C object CMakeFiles/drive_base_msgs_s__rosidl_typesupport_microxrcedds_c.dir/rosidl_generator_py/drive_base_msgs/_drive_base_msgs_s.ep.rosidl_typesupport_microxrcedds_c.c.o[0m
[ 94%] [32mBuilding C object CMakeFiles/drive_base_msgs_s__rosidl_typesupport_introspection_c.dir/rosidl_generator_py/drive_base_msgs/_drive_base_msgs_s.ep.rosidl_typesupport_introspection_c.c.o[0m
[ 94%] [32mBuilding C object CMakeFiles/drive_base_msgs_s__rosidl_typesupport_fastrtps_c.dir/rosidl_generator_py/drive_base_msgs/_drive_base_msgs_s.ep.rosidl_typesupport_fastrtps_c.c.o[0m
[ 94%] [32mBuilding C object CMakeFiles/drive_base_msgs_s__rosidl_typesupport_c.dir/rosidl_generator_py/drive_base_msgs/_drive_base_msgs_s.ep.rosidl_typesupport_c.c.o[0m
[ 97%] [32m[1mLinking C shared module rosidl_generator_py/drive_base_msgs/drive_base_msgs_s__rosidl_typesupport_introspection_c.so[0m
[ 97%] [32m[1mLinking C shared module rosidl_generator_py/drive_base_msgs/drive_base_msgs_s__rosidl_typesupport_c.so[0m
[ 98%] [32m[1mLinking C shared module rosidl_generator_py/drive_base_msgs/drive_base_msgs_s__rosidl_typesupport_fastrtps_c.so[0m
[100%] [32m[1mLinking C shared module rosidl_generator_py/drive_base_msgs/drive_base_msgs_s__rosidl_typesupport_microxrcedds_c.so[0m
[100%] Built target drive_base_msgs_s__rosidl_typesupport_c
[100%] Built target drive_base_msgs_s__rosidl_typesupport_introspection_c
[100%] Built target drive_base_msgs_s__rosidl_typesupport_fastrtps_c
[100%] Built target drive_base_msgs_s__rosidl_typesupport_microxrcedds_c
-- Install configuration: ""
-- Installing: /home/nava/microros_ws/install/drive_base_msgs/share/ament_index/resource_index/rosidl_interfaces/drive_base_msgs
-- Installing: /home/nava/microros_ws/install/drive_base_msgs/share/drive_base_msgs/msg/CommandHeader.json
-- Installing: /home/nava/microros_ws/install/drive_base_msgs/share/drive_base_msgs/msg/BaseInfo.json
-- Installing: /home/nava/microros_ws/install/drive_base_msgs/share/drive_base_msgs/msg/CommandStatus.json
-- Installing: /home/nava/microros_ws/install/drive_base_msgs/share/drive_base_msgs/msg/TRVCommand.json
-- Installing: /home/nava/microros_ws/install/drive_base_msgs/include/drive_base_msgs/drive_base_msgs
-- Installing: /home/nava/microros_ws/install/drive_base_msgs/include/drive_base_msgs/drive_base_msgs/msg
-- Installing: /home/nava/microros_ws/install/drive_base_msgs/include/drive_base_msgs/drive_base_msgs/msg/base_info.h
-- Installing: /home/nava/microros_ws/install/drive_base_msgs/include/drive_base_msgs/drive_base_msgs/msg/detail
-- Installing: /home/nava/microros_ws/install/drive_base_msgs/include/drive_base_msgs/drive_base_msgs/msg/detail/base_info__type_support.c
-- Installing: /home/nava/microros_ws/install/drive_base_msgs/include/drive_base_msgs/drive_base_msgs/msg/detail/trv_command__description.c
-- Installing: /home/nava/microros_ws/install/drive_base_msgs/include/drive_base_msgs/drive_base_msgs/msg/detail/trv_command__functions.h
-- Installing: /home/nava/microros_ws/install/drive_base_msgs/include/drive_base_msgs/drive_base_msgs/msg/detail/command_header__struct.h
-- Installing: /home/nava/microros_ws/install/drive_base_msgs/include/drive_base_msgs/drive_base_msgs/msg/detail/trv_command__type_support.h
-- Installing: /home/nava/microros_ws/install/drive_base_msgs/include/drive_base_msgs/drive_base_msgs/msg/detail/base_info__functions.c
-- Installing: /home/nava/microros_ws/install/drive_base_msgs/include/drive_base_msgs/drive_base_msgs/msg/detail/command_header__description.c
-- Installing: /home/nava/microros_ws/install/drive_base_msgs/include/drive_base_msgs/drive_base_msgs/msg/detail/command_status__functions.c
-- Installing: /home/nava/microros_ws/install/drive_base_msgs/include/drive_base_msgs/drive_base_msgs/msg/detail/trv_command__functions.c
-- Installing: /home/nava/microros_ws/install/drive_base_msgs/include/drive_base_msgs/drive_base_msgs/msg/detail/command_status__type_support.h
-- Installing: /home/nava/microros_ws/install/drive_base_msgs/include/drive_base_msgs/drive_base_msgs/msg/detail/base_info__description.c
-- Installing: /home/nava/microros_ws/install/drive_base_msgs/include/drive_base_msgs/drive_base_msgs/msg/detail/command_status__type_support.c
-- Installing: /home/nava/microros_ws/install/drive_base_msgs/include/drive_base_msgs/drive_base_msgs/msg/detail/trv_command__struct.h
-- Installing: /home/nava/microros_ws/install/drive_base_msgs/include/drive_base_msgs/drive_base_msgs/msg/detail/base_info__type_support.h
-- Installing: /home/nava/microros_ws/install/drive_base_msgs/include/drive_base_msgs/drive_base_msgs/msg/detail/base_info__struct.h
-- Installing: /home/nava/microros_ws/install/drive_base_msgs/include/drive_base_msgs/drive_base_msgs/msg/detail/command_status__description.c
-- Installing: /home/nava/microros_ws/install/drive_base_msgs/include/drive_base_msgs/drive_base_msgs/msg/detail/command_header__type_support.h
-- Installing: /home/nava/microros_ws/install/drive_base_msgs/include/drive_base_msgs/drive_base_msgs/msg/detail/command_status__struct.h
-- Installing: /home/nava/microros_ws/install/drive_base_msgs/include/drive_base_msgs/drive_base_msgs/msg/detail/base_info__functions.h
-- Installing: /home/nava/microros_ws/install/drive_base_msgs/include/drive_base_msgs/drive_base_msgs/msg/detail/trv_command__type_support.c
-- Installing: /home/nava/microros_ws/install/drive_base_msgs/include/drive_base_msgs/drive_base_msgs/msg/detail/command_header__functions.c
-- Installing: /home/nava/microros_ws/install/drive_base_msgs/include/drive_base_msgs/drive_base_msgs/msg/detail/command_status__functions.h
-- Installing: /home/nava/microros_ws/install/drive_base_msgs/include/drive_base_msgs/drive_base_msgs/msg/detail/command_header__type_support.c
-- Installing: /home/nava/microros_ws/install/drive_base_msgs/include/drive_base_msgs/drive_base_msgs/msg/detail/command_header__functions.h
-- Installing: /home/nava/microros_ws/install/drive_base_msgs/include/drive_base_msgs/drive_base_msgs/msg/command_header.h
-- Installing: /home/nava/microros_ws/install/drive_base_msgs/include/drive_base_msgs/drive_base_msgs/msg/rosidl_generator_c__visibility_control.h
-- Installing: /home/nava/microros_ws/install/drive_base_msgs/include/drive_base_msgs/drive_base_msgs/msg/trv_command.h
-- Installing: /home/nava/microros_ws/install/drive_base_msgs/include/drive_base_msgs/drive_base_msgs/msg/command_status.h
-- Installing: /home/nava/microros_ws/install/drive_base_msgs/share/drive_base_msgs/environment/library_path.sh
-- Installing: /home/nava/microros_ws/install/drive_base_msgs/share/drive_base_msgs/environment/library_path.dsv
-- Installing: /home/nava/microros_ws/install/drive_base_msgs/lib/libdrive_base_msgs__rosidl_generator_c.so
-- Set non-toolchain portion of runtime path of "/home/nava/microros_ws/install/drive_base_msgs/lib/libdrive_base_msgs__rosidl_generator_c.so" to ""
-- Up-to-date: /home/nava/microros_ws/install/drive_base_msgs/include/drive_base_msgs/drive_base_msgs
-- Up-to-date: /home/nava/microros_ws/install/drive_base_msgs/include/drive_base_msgs/drive_base_msgs/msg
-- Up-to-date: /home/nava/microros_ws/install/drive_base_msgs/include/drive_base_msgs/drive_base_msgs/msg/detail
-- Installing: /home/nava/microros_ws/install/drive_base_msgs/include/drive_base_msgs/drive_base_msgs/msg/detail/trv_command__rosidl_typesupport_fastrtps_c.h
-- Installing: /home/nava/microros_ws/install/drive_base_msgs/include/drive_base_msgs/drive_base_msgs/msg/detail/command_header__rosidl_typesupport_fastrtps_c.h
-- Installing: /home/nava/microros_ws/install/drive_base_msgs/include/drive_base_msgs/drive_base_msgs/msg/detail/command_status__rosidl_typesupport_fastrtps_c.h
-- Installing: /home/nava/microros_ws/install/drive_base_msgs/include/drive_base_msgs/drive_base_msgs/msg/detail/base_info__rosidl_typesupport_fastrtps_c.h
-- Installing: /home/nava/microros_ws/install/drive_base_msgs/include/drive_base_msgs/drive_base_msgs/msg/rosidl_typesupport_fastrtps_c__visibility_control.h
-- Installing: /home/nava/microros_ws/install/drive_base_msgs/lib/libdrive_base_msgs__rosidl_typesupport_fastrtps_c.so
-- Set non-toolchain portion of runtime path of "/home/nava/microros_ws/install/drive_base_msgs/lib/libdrive_base_msgs__rosidl_typesupport_fastrtps_c.so" to ""
-- Up-to-date: /home/nava/microros_ws/install/drive_base_msgs/include/drive_base_msgs/drive_base_msgs
-- Up-to-date: /home/nava/microros_ws/install/drive_base_msgs/include/drive_base_msgs/drive_base_msgs/msg
-- Up-to-date: /home/nava/microros_ws/install/drive_base_msgs/include/drive_base_msgs/drive_base_msgs/msg/detail
-- Installing: /home/nava/microros_ws/install/drive_base_msgs/include/drive_base_msgs/drive_base_msgs/msg/detail/trv_command__traits.hpp
-- Installing: /home/nava/microros_ws/install/drive_base_msgs/include/drive_base_msgs/drive_base_msgs/msg/detail/command_header__builder.hpp
-- Installing: /home/nava/microros_ws/install/drive_base_msgs/include/drive_base_msgs/drive_base_msgs/msg/detail/command_header__type_support.hpp
-- Installing: /home/nava/microros_ws/install/drive_base_msgs/include/drive_base_msgs/drive_base_msgs/msg/detail/command_status__traits.hpp
-- Installing: /home/nava/microros_ws/install/drive_base_msgs/include/drive_base_msgs/drive_base_msgs/msg/detail/command_header__traits.hpp
-- Installing: /home/nava/microros_ws/install/drive_base_msgs/include/drive_base_msgs/drive_base_msgs/msg/detail/base_info__traits.hpp
-- Installing: /home/nava/microros_ws/install/drive_base_msgs/include/drive_base_msgs/drive_base_msgs/msg/detail/trv_command__builder.hpp
-- Installing: /home/nava/microros_ws/install/drive_base_msgs/include/drive_base_msgs/drive_base_msgs/msg/detail/base_info__struct.hpp
-- Installing: /home/nava/microros_ws/install/drive_base_msgs/include/drive_base_msgs/drive_base_msgs/msg/detail/command_status__struct.hpp
-- Installing: /home/nava/microros_ws/install/drive_base_msgs/include/drive_base_msgs/drive_base_msgs/msg/detail/base_info__builder.hpp
-- Installing: /home/nava/microros_ws/install/drive_base_msgs/include/drive_base_msgs/drive_base_msgs/msg/detail/command_status__builder.hpp
-- Installing: /home/nava/microros_ws/install/drive_base_msgs/include/drive_base_msgs/drive_base_msgs/msg/detail/trv_command__type_support.hpp
-- Installing: /home/nava/microros_ws/install/drive_base_msgs/include/drive_base_msgs/drive_base_msgs/msg/detail/command_status__type_support.hpp
-- Installing: /home/nava/microros_ws/install/drive_base_msgs/include/drive_base_msgs/drive_base_msgs/msg/detail/base_info__type_support.hpp
-- Installing: /home/nava/microros_ws/install/drive_base_msgs/include/drive_base_msgs/drive_base_msgs/msg/detail/trv_command__struct.hpp
-- Installing: /home/nava/microros_ws/install/drive_base_msgs/include/drive_base_msgs/drive_base_msgs/msg/detail/command_header__struct.hpp
-- Installing: /home/nava/microros_ws/install/drive_base_msgs/include/drive_base_msgs/drive_base_msgs/msg/command_header.hpp
-- Installing: /home/nava/microros_ws/install/drive_base_msgs/include/drive_base_msgs/drive_base_msgs/msg/base_info.hpp
-- Installing: /home/nava/microros_ws/install/drive_base_msgs/include/drive_base_msgs/drive_base_msgs/msg/command_status.hpp
-- Installing: /home/nava/microros_ws/install/drive_base_msgs/include/drive_base_msgs/drive_base_msgs/msg/rosidl_generator_cpp__visibility_control.hpp
-- Installing: /home/nava/microros_ws/install/drive_base_msgs/include/drive_base_msgs/drive_base_msgs/msg/trv_command.hpp
-- Up-to-date: /home/nava/microros_ws/install/drive_base_msgs/include/drive_base_msgs/drive_base_msgs
-- Up-to-date: /home/nava/microros_ws/install/drive_base_msgs/include/drive_base_msgs/drive_base_msgs/msg
-- Up-to-date: /home/nava/microros_ws/install/drive_base_msgs/include/drive_base_msgs/drive_base_msgs/msg/detail
-- Installing: /home/nava/microros_ws/install/drive_base_msgs/include/drive_base_msgs/drive_base_msgs/msg/detail/command_header__rosidl_typesupport_fastrtps_cpp.hpp
-- Installing: /home/nava/microros_ws/install/drive_base_msgs/include/drive_base_msgs/drive_base_msgs/msg/detail/trv_command__rosidl_typesupport_fastrtps_cpp.hpp
-- Installing: /home/nava/microros_ws/install/drive_base_msgs/include/drive_base_msgs/drive_base_msgs/msg/detail/command_status__rosidl_typesupport_fastrtps_cpp.hpp
-- Installing: /home/nava/microros_ws/install/drive_base_msgs/include/drive_base_msgs/drive_base_msgs/msg/detail/dds_fastrtps
-- Installing: /home/nava/microros_ws/install/drive_base_msgs/include/drive_base_msgs/drive_base_msgs/msg/detail/base_info__rosidl_typesupport_fastrtps_cpp.hpp
-- Installing: /home/nava/microros_ws/install/drive_base_msgs/include/drive_base_msgs/drive_base_msgs/msg/rosidl_typesupport_fastrtps_cpp__visibility_control.h
-- Installing: /home/nava/microros_ws/install/drive_base_msgs/lib/libdrive_base_msgs__rosidl_typesupport_fastrtps_cpp.so
-- Set non-toolchain portion of runtime path of "/home/nava/microros_ws/install/drive_base_msgs/lib/libdrive_base_msgs__rosidl_typesupport_fastrtps_cpp.so" to ""
-- Up-to-date: /home/nava/microros_ws/install/drive_base_msgs/include/drive_base_msgs
-- Installing: /home/nava/microros_ws/install/drive_base_msgs/include/drive_base_msgs/msg
-- Installing: /home/nava/microros_ws/install/drive_base_msgs/include/drive_base_msgs/msg/detail
-- Installing: /home/nava/microros_ws/install/drive_base_msgs/include/drive_base_msgs/msg/detail/microxrcedds
-- Installing: /home/nava/microros_ws/install/drive_base_msgs/include/drive_base_msgs/msg/detail/base_info__rosidl_typesupport_microxrcedds_c.h
-- Installing: /home/nava/microros_ws/install/drive_base_msgs/include/drive_base_msgs/msg/detail/trv_command__rosidl_typesupport_microxrcedds_c.h
-- Installing: /home/nava/microros_ws/install/drive_base_msgs/include/drive_base_msgs/msg/detail/command_header__rosidl_typesupport_microxrcedds_c.h
-- Installing: /home/nava/microros_ws/install/drive_base_msgs/include/drive_base_msgs/msg/detail/command_status__rosidl_typesupport_microxrcedds_c.h
-- Installing: /home/nava/microros_ws/install/drive_base_msgs/include/drive_base_msgs/msg/rosidl_typesupport_microxrcedds_c__visibility_control.h
-- Installing: /home/nava/microros_ws/install/drive_base_msgs/lib/libdrive_base_msgs__rosidl_typesupport_microxrcedds_c.so
-- Set non-toolchain portion of runtime path of "/home/nava/microros_ws/install/drive_base_msgs/lib/libdrive_base_msgs__rosidl_typesupport_microxrcedds_c.so" to ""
-- Up-to-date: /home/nava/microros_ws/install/drive_base_msgs/include/drive_base_msgs/drive_base_msgs
-- Up-to-date: /home/nava/microros_ws/install/drive_base_msgs/include/drive_base_msgs/drive_base_msgs/msg
-- Up-to-date: /home/nava/microros_ws/install/drive_base_msgs/include/drive_base_msgs/drive_base_msgs/msg/detail
-- Installing: /home/nava/microros_ws/install/drive_base_msgs/include/drive_base_msgs/drive_base_msgs/msg/detail/base_info__type_support.c
-- Installing: /home/nava/microros_ws/install/drive_base_msgs/include/drive_base_msgs/drive_base_msgs/msg/detail/base_info__rosidl_typesupport_introspection_c.h
-- Installing: /home/nava/microros_ws/install/drive_base_msgs/include/drive_base_msgs/drive_base_msgs/msg/detail/command_status__type_support.c
-- Installing: /home/nava/microros_ws/install/drive_base_msgs/include/drive_base_msgs/drive_base_msgs/msg/detail/command_header__rosidl_typesupport_introspection_c.h
-- Installing: /home/nava/microros_ws/install/drive_base_msgs/include/drive_base_msgs/drive_base_msgs/msg/detail/trv_command__rosidl_typesupport_introspection_c.h
-- Installing: /home/nava/microros_ws/install/drive_base_msgs/include/drive_base_msgs/drive_base_msgs/msg/detail/command_status__rosidl_typesupport_introspection_c.h
-- Installing: /home/nava/microros_ws/install/drive_base_msgs/include/drive_base_msgs/drive_base_msgs/msg/detail/trv_command__type_support.c
-- Installing: /home/nava/microros_ws/install/drive_base_msgs/include/drive_base_msgs/drive_base_msgs/msg/detail/command_header__type_support.c
-- Installing: /home/nava/microros_ws/install/drive_base_msgs/include/drive_base_msgs/drive_base_msgs/msg/rosidl_typesupport_introspection_c__visibility_control.h
-- Installing: /home/nava/microros_ws/install/drive_base_msgs/lib/libdrive_base_msgs__rosidl_typesupport_introspection_c.so
-- Set non-toolchain portion of runtime path of "/home/nava/microros_ws/install/drive_base_msgs/lib/libdrive_base_msgs__rosidl_typesupport_introspection_c.so" to ""
-- Installing: /home/nava/microros_ws/install/drive_base_msgs/lib/libdrive_base_msgs__rosidl_typesupport_c.so
-- Set non-toolchain portion of runtime path of "/home/nava/microros_ws/install/drive_base_msgs/lib/libdrive_base_msgs__rosidl_typesupport_c.so" to ""
-- Up-to-date: /home/nava/microros_ws/install/drive_base_msgs/include/drive_base_msgs
-- Up-to-date: /home/nava/microros_ws/install/drive_base_msgs/include/drive_base_msgs/msg
-- Up-to-date: /home/nava/microros_ws/install/drive_base_msgs/include/drive_base_msgs/msg/detail
-- Installing: /home/nava/microros_ws/install/drive_base_msgs/include/drive_base_msgs/msg/detail/trv_command__rosidl_typesupport_microxrcedds_cpp.hpp
-- Installing: /home/nava/microros_ws/install/drive_base_msgs/include/drive_base_msgs/msg/detail/command_status__rosidl_typesupport_microxrcedds_cpp.hpp
-- Installing: /home/nava/microros_ws/install/drive_base_msgs/include/drive_base_msgs/msg/detail/command_header__rosidl_typesupport_microxrcedds_cpp.hpp
-- Up-to-date: /home/nava/microros_ws/install/drive_base_msgs/include/drive_base_msgs/msg/detail/microxrcedds
-- Installing: /home/nava/microros_ws/install/drive_base_msgs/include/drive_base_msgs/msg/detail/microxrcedds/command_status__type_support_cpp.cpp
-- Installing: /home/nava/microros_ws/install/drive_base_msgs/include/drive_base_msgs/msg/detail/microxrcedds/trv_command__type_support_cpp.cpp
-- Installing: /home/nava/microros_ws/install/drive_base_msgs/include/drive_base_msgs/msg/detail/microxrcedds/base_info__type_support_cpp.cpp
-- Installing: /home/nava/microros_ws/install/drive_base_msgs/include/drive_base_msgs/msg/detail/microxrcedds/command_header__type_support_cpp.cpp
-- Installing: /home/nava/microros_ws/install/drive_base_msgs/include/drive_base_msgs/msg/detail/base_info__rosidl_typesupport_microxrcedds_cpp.hpp
-- Installing: /home/nava/microros_ws/install/drive_base_msgs/include/drive_base_msgs/msg/rosidl_typesupport_microxrcedds_cpp__visibility_control.h
-- Installing: /home/nava/microros_ws/install/drive_base_msgs/lib/libdrive_base_msgs__rosidl_typesupport_microxrcedds_cpp.so
-- Set non-toolchain portion of runtime path of "/home/nava/microros_ws/install/drive_base_msgs/lib/libdrive_base_msgs__rosidl_typesupport_microxrcedds_cpp.so" to ""
-- Up-to-date: /home/nava/microros_ws/install/drive_base_msgs/include/drive_base_msgs/drive_base_msgs
-- Up-to-date: /home/nava/microros_ws/install/drive_base_msgs/include/drive_base_msgs/drive_base_msgs/msg
-- Up-to-date: /home/nava/microros_ws/install/drive_base_msgs/include/drive_base_msgs/drive_base_msgs/msg/detail
-- Installing: /home/nava/microros_ws/install/drive_base_msgs/include/drive_base_msgs/drive_base_msgs/msg/detail/command_status__rosidl_typesupport_introspection_cpp.hpp
-- Installing: /home/nava/microros_ws/install/drive_base_msgs/include/drive_base_msgs/drive_base_msgs/msg/detail/command_header__rosidl_typesupport_introspection_cpp.hpp
-- Installing: /home/nava/microros_ws/install/drive_base_msgs/include/drive_base_msgs/drive_base_msgs/msg/detail/base_info__rosidl_typesupport_introspection_cpp.hpp
-- Installing: /home/nava/microros_ws/install/drive_base_msgs/include/drive_base_msgs/drive_base_msgs/msg/detail/command_header__type_support.cpp
-- Installing: /home/nava/microros_ws/install/drive_base_msgs/include/drive_base_msgs/drive_base_msgs/msg/detail/base_info__type_support.cpp
-- Installing: /home/nava/microros_ws/install/drive_base_msgs/include/drive_base_msgs/drive_base_msgs/msg/detail/trv_command__type_support.cpp
-- Installing: /home/nava/microros_ws/install/drive_base_msgs/include/drive_base_msgs/drive_base_msgs/msg/detail/trv_command__rosidl_typesupport_introspection_cpp.hpp
-- Installing: /home/nava/microros_ws/install/drive_base_msgs/include/drive_base_msgs/drive_base_msgs/msg/detail/command_status__type_support.cpp
-- Installing: /home/nava/microros_ws/install/drive_base_msgs/lib/libdrive_base_msgs__rosidl_typesupport_introspection_cpp.so
-- Set non-toolchain portion of runtime path of "/home/nava/microros_ws/install/drive_base_msgs/lib/libdrive_base_msgs__rosidl_typesupport_introspection_cpp.so" to ""
-- Installing: /home/nava/microros_ws/install/drive_base_msgs/lib/libdrive_base_msgs__rosidl_typesupport_cpp.so
-- Set non-toolchain portion of runtime path of "/home/nava/microros_ws/install/drive_base_msgs/lib/libdrive_base_msgs__rosidl_typesupport_cpp.so" to ""
-- Installing: /home/nava/microros_ws/install/drive_base_msgs/share/drive_base_msgs/environment/pythonpath.sh
-- Installing: /home/nava/microros_ws/install/drive_base_msgs/share/drive_base_msgs/environment/pythonpath.dsv
-- Installing: /home/nava/microros_ws/install/drive_base_msgs/lib/python3.12/site-packages/drive_base_msgs-0.0.0-py3.12.egg-info
-- Installing: /home/nava/microros_ws/install/drive_base_msgs/lib/python3.12/site-packages/drive_base_msgs-0.0.0-py3.12.egg-info/dependency_links.txt
-- Installing: /home/nava/microros_ws/install/drive_base_msgs/lib/python3.12/site-packages/drive_base_msgs-0.0.0-py3.12.egg-info/top_level.txt
-- Installing: /home/nava/microros_ws/install/drive_base_msgs/lib/python3.12/site-packages/drive_base_msgs-0.0.0-py3.12.egg-info/SOURCES.txt
-- Installing: /home/nava/microros_ws/install/drive_base_msgs/lib/python3.12/site-packages/drive_base_msgs-0.0.0-py3.12.egg-info/PKG-INFO
-- Installing: /home/nava/microros_ws/install/drive_base_msgs/lib/python3.12/site-packages/drive_base_msgs
-- Installing: /home/nava/microros_ws/install/drive_base_msgs/lib/python3.12/site-packages/drive_base_msgs/_drive_base_msgs_s.ep.rosidl_typesupport_microxrcedds_c.c
-- Installing: /home/nava/microros_ws/install/drive_base_msgs/lib/python3.12/site-packages/drive_base_msgs/drive_base_msgs_s__rosidl_typesupport_fastrtps_c.so
-- Installing: /home/nava/microros_ws/install/drive_base_msgs/lib/python3.12/site-packages/drive_base_msgs/drive_base_msgs_s__rosidl_typesupport_c.so
-- Installing: /home/nava/microros_ws/install/drive_base_msgs/lib/python3.12/site-packages/drive_base_msgs/drive_base_msgs_s__rosidl_typesupport_introspection_c.so
-- Installing: /home/nava/microros_ws/install/drive_base_msgs/lib/python3.12/site-packages/drive_base_msgs/__init__.py
-- Installing: /home/nava/microros_ws/install/drive_base_msgs/lib/python3.12/site-packages/drive_base_msgs/_drive_base_msgs_s.ep.rosidl_typesupport_c.c
-- Installing: /home/nava/microros_ws/install/drive_base_msgs/lib/python3.12/site-packages/drive_base_msgs/_drive_base_msgs_s.ep.rosidl_typesupport_introspection_c.c
-- Installing: /home/nava/microros_ws/install/drive_base_msgs/lib/python3.12/site-packages/drive_base_msgs/_drive_base_msgs_s.ep.rosidl_typesupport_fastrtps_c.c
-- Installing: /home/nava/microros_ws/install/drive_base_msgs/lib/python3.12/site-packages/drive_base_msgs/msg
-- Installing: /home/nava/microros_ws/install/drive_base_msgs/lib/python3.12/site-packages/drive_base_msgs/msg/__init__.py
-- Installing: /home/nava/microros_ws/install/drive_base_msgs/lib/python3.12/site-packages/drive_base_msgs/msg/_command_status.py
-- Installing: /home/nava/microros_ws/install/drive_base_msgs/lib/python3.12/site-packages/drive_base_msgs/msg/_base_info_s.c
-- Installing: /home/nava/microros_ws/install/drive_base_msgs/lib/python3.12/site-packages/drive_base_msgs/msg/_command_status_s.c
-- Installing: /home/nava/microros_ws/install/drive_base_msgs/lib/python3.12/site-packages/drive_base_msgs/msg/_base_info.py
-- Installing: /home/nava/microros_ws/install/drive_base_msgs/lib/python3.12/site-packages/drive_base_msgs/msg/_command_header.py
-- Installing: /home/nava/microros_ws/install/drive_base_msgs/lib/python3.12/site-packages/drive_base_msgs/msg/_command_header_s.c
-- Installing: /home/nava/microros_ws/install/drive_base_msgs/lib/python3.12/site-packages/drive_base_msgs/msg/_trv_command_s.c
-- Installing: /home/nava/microros_ws/install/drive_base_msgs/lib/python3.12/site-packages/drive_base_msgs/msg/_trv_command.py
-- Installing: /home/nava/microros_ws/install/drive_base_msgs/lib/python3.12/site-packages/drive_base_msgs/drive_base_msgs_s__rosidl_typesupport_microxrcedds_c.so
Listing '/home/nava/microros_ws/install/drive_base_msgs/lib/python3.12/site-packages/drive_base_msgs'...
Compiling '/home/nava/microros_ws/install/drive_base_msgs/lib/python3.12/site-packages/drive_base_msgs/__init__.py'...
Listing '/home/nava/microros_ws/install/drive_base_msgs/lib/python3.12/site-packages/drive_base_msgs/msg'...
Compiling '/home/nava/microros_ws/install/drive_base_msgs/lib/python3.12/site-packages/drive_base_msgs/msg/__init__.py'...
Compiling '/home/nava/microros_ws/install/drive_base_msgs/lib/python3.12/site-packages/drive_base_msgs/msg/_base_info.py'...
Compiling '/home/nava/microros_ws/install/drive_base_msgs/lib/python3.12/site-packages/drive_base_msgs/msg/_command_header.py'...
Compiling '/home/nava/microros_ws/install/drive_base_msgs/lib/python3.12/site-packages/drive_base_msgs/msg/_command_status.py'...
Compiling '/home/nava/microros_ws/install/drive_base_msgs/lib/python3.12/site-packages/drive_base_msgs/msg/_trv_command.py'...
-- Installing: /home/nava/microros_ws/install/drive_base_msgs/lib/python3.12/site-packages/drive_base_msgs/drive_base_msgs_s__rosidl_typesupport_microxrcedds_c.so
-- Set non-toolchain portion of runtime path of "/home/nava/microros_ws/install/drive_base_msgs/lib/python3.12/site-packages/drive_base_msgs/drive_base_msgs_s__rosidl_typesupport_microxrcedds_c.so" to ""
-- Installing: /home/nava/microros_ws/install/drive_base_msgs/lib/python3.12/site-packages/drive_base_msgs/drive_base_msgs_s__rosidl_typesupport_fastrtps_c.so
-- Set non-toolchain portion of runtime path of "/home/nava/microros_ws/install/drive_base_msgs/lib/python3.12/site-packages/drive_base_msgs/drive_base_msgs_s__rosidl_typesupport_fastrtps_c.so" to ""
-- Installing: /home/nava/microros_ws/install/drive_base_msgs/lib/python3.12/site-packages/drive_base_msgs/drive_base_msgs_s__rosidl_typesupport_introspection_c.so
-- Set non-toolchain portion of runtime path of "/home/nava/microros_ws/install/drive_base_msgs/lib/python3.12/site-packages/drive_base_msgs/drive_base_msgs_s__rosidl_typesupport_introspection_c.so" to ""
-- Installing: /home/nava/microros_ws/install/drive_base_msgs/lib/python3.12/site-packages/drive_base_msgs/drive_base_msgs_s__rosidl_typesupport_c.so
-- Set non-toolchain portion of runtime path of "/home/nava/microros_ws/install/drive_base_msgs/lib/python3.12/site-packages/drive_base_msgs/drive_base_msgs_s__rosidl_typesupport_c.so" to ""
-- Installing: /home/nava/microros_ws/install/drive_base_msgs/lib/libdrive_base_msgs__rosidl_generator_py.so
-- Set non-toolchain portion of runtime path of "/home/nava/microros_ws/install/drive_base_msgs/lib/libdrive_base_msgs__rosidl_generator_py.so" to ""
-- Installing: /home/nava/microros_ws/install/drive_base_msgs/share/drive_base_msgs/msg/CommandHeader.idl
-- Installing: /home/nava/microros_ws/install/drive_base_msgs/share/drive_base_msgs/msg/BaseInfo.idl
-- Installing: /home/nava/microros_ws/install/drive_base_msgs/share/drive_base_msgs/msg/CommandStatus.idl
-- Installing: /home/nava/microros_ws/install/drive_base_msgs/share/drive_base_msgs/msg/TRVCommand.idl
-- Installing: /home/nava/microros_ws/install/drive_base_msgs/share/drive_base_msgs/msg/CommandHeader.msg
-- Installing: /home/nava/microros_ws/install/drive_base_msgs/share/drive_base_msgs/msg/BaseInfo.msg
-- Installing: /home/nava/microros_ws/install/drive_base_msgs/share/drive_base_msgs/msg/CommandStatus.msg
-- Installing: /home/nava/microros_ws/install/drive_base_msgs/share/drive_base_msgs/msg/TRVCommand.msg
-- Installing: /home/nava/microros_ws/install/drive_base_msgs/share/ament_index/resource_index/package_run_dependencies/drive_base_msgs
-- Installing: /home/nava/microros_ws/install/drive_base_msgs/share/ament_index/resource_index/parent_prefix_path/drive_base_msgs
-- Installing: /home/nava/microros_ws/install/drive_base_msgs/share/drive_base_msgs/environment/ament_prefix_path.sh
-- Installing: /home/nava/microros_ws/install/drive_base_msgs/share/drive_base_msgs/environment/ament_prefix_path.dsv
-- Installing: /home/nava/microros_ws/install/drive_base_msgs/share/drive_base_msgs/environment/path.sh
-- Installing: /home/nava/microros_ws/install/drive_base_msgs/share/drive_base_msgs/environment/path.dsv
-- Installing: /home/nava/microros_ws/install/drive_base_msgs/share/drive_base_msgs/local_setup.bash
-- Installing: /home/nava/microros_ws/install/drive_base_msgs/share/drive_base_msgs/local_setup.sh
-- Installing: /home/nava/microros_ws/install/drive_base_msgs/share/drive_base_msgs/local_setup.zsh
-- Installing: /home/nava/microros_ws/install/drive_base_msgs/share/drive_base_msgs/local_setup.dsv
-- Installing: /home/nava/microros_ws/install/drive_base_msgs/share/drive_base_msgs/package.dsv
-- Installing: /home/nava/microros_ws/install/drive_base_msgs/share/ament_index/resource_index/packages/drive_base_msgs
-- Installing: /home/nava/microros_ws/install/drive_base_msgs/share/drive_base_msgs/cmake/export_drive_base_msgs__rosidl_generator_cExport.cmake
-- Installing: /home/nava/microros_ws/install/drive_base_msgs/share/drive_base_msgs/cmake/export_drive_base_msgs__rosidl_generator_cExport-noconfig.cmake
-- Installing: /home/nava/microros_ws/install/drive_base_msgs/share/drive_base_msgs/cmake/export_drive_base_msgs__rosidl_typesupport_fastrtps_cExport.cmake
-- Installing: /home/nava/microros_ws/install/drive_base_msgs/share/drive_base_msgs/cmake/export_drive_base_msgs__rosidl_typesupport_fastrtps_cExport-noconfig.cmake
-- Installing: /home/nava/microros_ws/install/drive_base_msgs/share/drive_base_msgs/cmake/export_drive_base_msgs__rosidl_generator_cppExport.cmake
-- Installing: /home/nava/microros_ws/install/drive_base_msgs/share/drive_base_msgs/cmake/export_drive_base_msgs__rosidl_typesupport_fastrtps_cppExport.cmake
-- Installing: /home/nava/microros_ws/install/drive_base_msgs/share/drive_base_msgs/cmake/export_drive_base_msgs__rosidl_typesupport_fastrtps_cppExport-noconfig.cmake
-- Installing: /home/nava/microros_ws/install/drive_base_msgs/share/drive_base_msgs/cmake/drive_base_msgs__rosidl_typesupport_introspection_cExport.cmake
-- Installing: /home/nava/microros_ws/install/drive_base_msgs/share/drive_base_msgs/cmake/drive_base_msgs__rosidl_typesupport_introspection_cExport-noconfig.cmake
-- Installing: /home/nava/microros_ws/install/drive_base_msgs/share/drive_base_msgs/cmake/drive_base_msgs__rosidl_typesupport_cExport.cmake
-- Installing: /home/nava/microros_ws/install/drive_base_msgs/share/drive_base_msgs/cmake/drive_base_msgs__rosidl_typesupport_cExport-noconfig.cmake
-- Installing: /home/nava/microros_ws/install/drive_base_msgs/share/drive_base_msgs/cmake/drive_base_msgs__rosidl_typesupport_introspection_cppExport.cmake
-- Installing: /home/nava/microros_ws/install/drive_base_msgs/share/drive_base_msgs/cmake/drive_base_msgs__rosidl_typesupport_introspection_cppExport-noconfig.cmake
-- Installing: /home/nava/microros_ws/install/drive_base_msgs/share/drive_base_msgs/cmake/drive_base_msgs__rosidl_typesupport_cppExport.cmake
-- Installing: /home/nava/microros_ws/install/drive_base_msgs/share/drive_base_msgs/cmake/drive_base_msgs__rosidl_typesupport_cppExport-noconfig.cmake
-- Installing: /home/nava/microros_ws/install/drive_base_msgs/share/drive_base_msgs/cmake/export_drive_base_msgs__rosidl_generator_pyExport.cmake
-- Installing: /home/nava/microros_ws/install/drive_base_msgs/share/drive_base_msgs/cmake/export_drive_base_msgs__rosidl_generator_pyExport-noconfig.cmake
-- Installing: /home/nava/microros_ws/install/drive_base_msgs/share/drive_base_msgs/cmake/rosidl_cmake-extras.cmake
-- Installing: /home/nava/microros_ws/install/drive_base_msgs/share/drive_base_msgs/cmake/ament_cmake_export_dependencies-extras.cmake
-- Installing: /home/nava/microros_ws/install/drive_base_msgs/share/drive_base_msgs/cmake/ament_cmake_export_include_directories-extras.cmake
-- Installing: /home/nava/microros_ws/install/drive_base_msgs/share/drive_base_msgs/cmake/ament_cmake_export_libraries-extras.cmake
-- Installing: /home/nava/microros_ws/install/drive_base_msgs/share/drive_base_msgs/cmake/ament_cmake_export_targets-extras.cmake
-- Installing: /home/nava/microros_ws/install/drive_base_msgs/share/drive_base_msgs/cmake/rosidl_cmake_export_typesupport_targets-extras.cmake
-- Installing: /home/nava/microros_ws/install/drive_base_msgs/share/drive_base_msgs/cmake/rosidl_cmake_export_typesupport_libraries-extras.cmake
-- Installing: /home/nava/microros_ws/install/drive_base_msgs/share/drive_base_msgs/cmake/drive_base_msgsConfig.cmake
-- Installing: /home/nava/microros_ws/install/drive_base_msgs/share/drive_base_msgs/cmake/drive_base_msgsConfig-version.cmake
-- Installing: /home/nava/microros_ws/install/drive_base_msgs/share/drive_base_msgs/package.xml
