[0.014s] Invoking command in '/home/nava/microros_ws/build/builtin_interfaces': CMAKE_PREFIX_PATH=${CMAKE_PREFIX_PATH}:/home/nava/microros_ws/install/sensor_msgs_py:/opt/ros/jazzy DEBUGINFOD_URLS=https://debuginfod.ubuntu.com /usr/bin/cmake /home/nava/microros_ws/src/ros2/rcl_interfaces/builtin_interfaces -DUAGENT_BUILD_EXECUTABLE=OFF -DUAGENT_P2P_PROFILE=OFF --no-warn-unused-cli -DCMAKE_INSTALL_PREFIX=/home/nava/microros_ws/install/builtin_interfaces
[0.023s] Not searching for unused variables given on the command line.
[0.027s] -- Found ament_cmake: 2.5.4 (/opt/ros/jazzy/share/ament_cmake/cmake)
[0.053s] -- Found Python3: /usr/bin/python3 (found version "3.12.3") found components: Interpreter 
[0.131s] -- Found rosidl_core_generators: 0.2.0 (/opt/ros/jazzy/share/rosidl_core_generators/cmake)
[0.138s] -- Using all available rosidl_typesupport_c: rosidl_typesupport_microxrcedds_c;rosidl_typesupport_fastrtps_c;rosidl_typesupport_introspection_c
[0.161s] -- Found rosidl_adapter: 4.6.5 (/opt/ros/jazzy/share/rosidl_adapter/cmake)
[0.180s] -- Using all available rosidl_typesupport_cpp: rosidl_typesupport_microxrcedds_cpp;rosidl_typesupport_fastrtps_cpp;rosidl_typesupport_introspection_cpp
[0.431s] -- Found ament_cmake_ros: 0.12.0 (/opt/ros/jazzy/share/ament_cmake_ros/cmake)
[0.543s] -- Using all available rosidl_typesupport_c: rosidl_typesupport_microxrcedds_c;rosidl_typesupport_fastrtps_c;rosidl_typesupport_introspection_c
[0.678s] -- Using all available rosidl_typesupport_cpp: rosidl_typesupport_microxrcedds_cpp;rosidl_typesupport_fastrtps_cpp;rosidl_typesupport_introspection_cpp
[0.679s] -- Found python_cmake_module: 0.11.1 (/opt/ros/jazzy/share/python_cmake_module/cmake)
[0.925s] -- Found Python3: /usr/bin/python3 (found version "3.12.3") found components: Interpreter Development NumPy Development.Module Development.Embed 
[0.942s] -- Configuring done (0.9s)
[0.970s] -- Generating done (0.0s)
[0.981s] -- Build files have been written to: /home/nava/microros_ws/build/builtin_interfaces
[0.987s] Invoked command in '/home/nava/microros_ws/build/builtin_interfaces' returned '0': CMAKE_PREFIX_PATH=${CMAKE_PREFIX_PATH}:/home/nava/microros_ws/install/sensor_msgs_py:/opt/ros/jazzy DEBUGINFOD_URLS=https://debuginfod.ubuntu.com /usr/bin/cmake /home/nava/microros_ws/src/ros2/rcl_interfaces/builtin_interfaces -DUAGENT_BUILD_EXECUTABLE=OFF -DUAGENT_P2P_PROFILE=OFF --no-warn-unused-cli -DCMAKE_INSTALL_PREFIX=/home/nava/microros_ws/install/builtin_interfaces
[0.988s] Invoking command in '/home/nava/microros_ws/build/builtin_interfaces': CMAKE_PREFIX_PATH=${CMAKE_PREFIX_PATH}:/home/nava/microros_ws/install/sensor_msgs_py:/opt/ros/jazzy DEBUGINFOD_URLS=https://debuginfod.ubuntu.com /usr/bin/cmake --build /home/nava/microros_ws/build/builtin_interfaces -- -j12 -l12
[1.038s] [  1%] Built target builtin_interfaces__rosidl_generator_type_description
[1.048s] [  1%] Built target ament_cmake_python_copy_builtin_interfaces
[1.058s] [  3%] Built target builtin_interfaces__cpp
[1.060s] [ 18%] Built target builtin_interfaces__rosidl_generator_c
[1.111s] [ 25%] Built target builtin_interfaces__rosidl_typesupport_fastrtps_c
[1.113s] [ 38%] Built target builtin_interfaces__rosidl_typesupport_microxrcedds_cpp
[1.114s] [ 42%] Built target builtin_interfaces__rosidl_typesupport_introspection_cpp
[1.117s] [ 50%] Built target builtin_interfaces__rosidl_typesupport_c
[1.117s] [ 59%] Built target builtin_interfaces__rosidl_typesupport_cpp
[1.117s] [ 62%] Built target builtin_interfaces__rosidl_typesupport_introspection_c
[1.119s] [ 70%] Built target builtin_interfaces__rosidl_typesupport_microxrcedds_c
[1.121s] [ 77%] Built target builtin_interfaces__rosidl_typesupport_fastrtps_cpp
[1.141s] [ 77%] Built target builtin_interfaces
[1.162s] [ 79%] Built target builtin_interfaces__py
[1.185s] [ 85%] Built target builtin_interfaces__rosidl_generator_py
[1.214s] [ 88%] Built target builtin_interfaces_s__rosidl_typesupport_introspection_c
[1.218s] [ 96%] Built target builtin_interfaces_s__rosidl_typesupport_fastrtps_c
[1.218s] [ 96%] Built target builtin_interfaces_s__rosidl_typesupport_c
[1.219s] [100%] Built target builtin_interfaces_s__rosidl_typesupport_microxrcedds_c
[1.300s] running egg_info
[1.320s] writing builtin_interfaces.egg-info/PKG-INFO
[1.321s] writing dependency_links to builtin_interfaces.egg-info/dependency_links.txt
[1.321s] writing top-level names to builtin_interfaces.egg-info/top_level.txt
[1.376s] reading manifest file 'builtin_interfaces.egg-info/SOURCES.txt'
[1.377s] writing manifest file 'builtin_interfaces.egg-info/SOURCES.txt'
[1.402s] [100%] Built target ament_cmake_python_build_builtin_interfaces_egg
[1.422s] Invoked command in '/home/nava/microros_ws/build/builtin_interfaces' returned '0': CMAKE_PREFIX_PATH=${CMAKE_PREFIX_PATH}:/home/nava/microros_ws/install/sensor_msgs_py:/opt/ros/jazzy DEBUGINFOD_URLS=https://debuginfod.ubuntu.com /usr/bin/cmake --build /home/nava/microros_ws/build/builtin_interfaces -- -j12 -l12
[1.422s] Invoking command in '/home/nava/microros_ws/build/builtin_interfaces': CMAKE_PREFIX_PATH=${CMAKE_PREFIX_PATH}:/home/nava/microros_ws/install/sensor_msgs_py:/opt/ros/jazzy DEBUGINFOD_URLS=https://debuginfod.ubuntu.com /usr/bin/cmake --install /home/nava/microros_ws/build/builtin_interfaces
[1.433s] -- Install configuration: ""
[1.434s] -- Up-to-date: /home/nava/microros_ws/install/builtin_interfaces/share/ament_index/resource_index/rosidl_interfaces/builtin_interfaces
[1.434s] -- Up-to-date: /home/nava/microros_ws/install/builtin_interfaces/share/builtin_interfaces/msg/Duration.json
[1.434s] -- Up-to-date: /home/nava/microros_ws/install/builtin_interfaces/share/builtin_interfaces/msg/Time.json
[1.434s] -- Up-to-date: /home/nava/microros_ws/install/builtin_interfaces/include/builtin_interfaces/builtin_interfaces
[1.435s] -- Up-to-date: /home/nava/microros_ws/install/builtin_interfaces/include/builtin_interfaces/builtin_interfaces/msg
[1.435s] -- Up-to-date: /home/nava/microros_ws/install/builtin_interfaces/include/builtin_interfaces/builtin_interfaces/msg/time.h
[1.435s] -- Up-to-date: /home/nava/microros_ws/install/builtin_interfaces/include/builtin_interfaces/builtin_interfaces/msg/detail
[1.435s] -- Up-to-date: /home/nava/microros_ws/install/builtin_interfaces/include/builtin_interfaces/builtin_interfaces/msg/detail/duration__functions.h
[1.435s] -- Up-to-date: /home/nava/microros_ws/install/builtin_interfaces/include/builtin_interfaces/builtin_interfaces/msg/detail/time__functions.c
[1.435s] -- Up-to-date: /home/nava/microros_ws/install/builtin_interfaces/include/builtin_interfaces/builtin_interfaces/msg/detail/time__type_support.h
[1.435s] -- Up-to-date: /home/nava/microros_ws/install/builtin_interfaces/include/builtin_interfaces/builtin_interfaces/msg/detail/time__struct.h
[1.435s] -- Installing: /home/nava/microros_ws/install/builtin_interfaces/include/builtin_interfaces/builtin_interfaces/msg/detail/time__type_support.c
[1.435s] -- Up-to-date: /home/nava/microros_ws/install/builtin_interfaces/include/builtin_interfaces/builtin_interfaces/msg/detail/duration__type_support.h
[1.435s] -- Up-to-date: /home/nava/microros_ws/install/builtin_interfaces/include/builtin_interfaces/builtin_interfaces/msg/detail/time__description.c
[1.435s] -- Up-to-date: /home/nava/microros_ws/install/builtin_interfaces/include/builtin_interfaces/builtin_interfaces/msg/detail/duration__description.c
[1.435s] -- Up-to-date: /home/nava/microros_ws/install/builtin_interfaces/include/builtin_interfaces/builtin_interfaces/msg/detail/duration__struct.h
[1.435s] -- Up-to-date: /home/nava/microros_ws/install/builtin_interfaces/include/builtin_interfaces/builtin_interfaces/msg/detail/duration__functions.c
[1.435s] -- Up-to-date: /home/nava/microros_ws/install/builtin_interfaces/include/builtin_interfaces/builtin_interfaces/msg/detail/time__functions.h
[1.435s] -- Installing: /home/nava/microros_ws/install/builtin_interfaces/include/builtin_interfaces/builtin_interfaces/msg/detail/duration__type_support.c
[1.435s] -- Up-to-date: /home/nava/microros_ws/install/builtin_interfaces/include/builtin_interfaces/builtin_interfaces/msg/rosidl_generator_c__visibility_control.h
[1.436s] -- Up-to-date: /home/nava/microros_ws/install/builtin_interfaces/include/builtin_interfaces/builtin_interfaces/msg/duration.h
[1.436s] -- Up-to-date: /home/nava/microros_ws/install/builtin_interfaces/share/builtin_interfaces/environment/library_path.sh
[1.436s] -- Up-to-date: /home/nava/microros_ws/install/builtin_interfaces/share/builtin_interfaces/environment/library_path.dsv
[1.436s] -- Up-to-date: /home/nava/microros_ws/install/builtin_interfaces/lib/libbuiltin_interfaces__rosidl_generator_c.so
[1.436s] -- Up-to-date: /home/nava/microros_ws/install/builtin_interfaces/include/builtin_interfaces
[1.436s] -- Up-to-date: /home/nava/microros_ws/install/builtin_interfaces/include/builtin_interfaces/msg
[1.436s] -- Up-to-date: /home/nava/microros_ws/install/builtin_interfaces/include/builtin_interfaces/msg/detail
[1.436s] -- Up-to-date: /home/nava/microros_ws/install/builtin_interfaces/include/builtin_interfaces/msg/detail/duration__rosidl_typesupport_microxrcedds_c.h
[1.436s] -- Up-to-date: /home/nava/microros_ws/install/builtin_interfaces/include/builtin_interfaces/msg/detail/microxrcedds
[1.436s] -- Up-to-date: /home/nava/microros_ws/install/builtin_interfaces/include/builtin_interfaces/msg/detail/time__rosidl_typesupport_microxrcedds_c.h
[1.437s] -- Up-to-date: /home/nava/microros_ws/install/builtin_interfaces/include/builtin_interfaces/msg/rosidl_typesupport_microxrcedds_c__visibility_control.h
[1.437s] -- Up-to-date: /home/nava/microros_ws/install/builtin_interfaces/lib/libbuiltin_interfaces__rosidl_typesupport_microxrcedds_c.so
[1.437s] -- Up-to-date: /home/nava/microros_ws/install/builtin_interfaces/include/builtin_interfaces/builtin_interfaces
[1.437s] -- Up-to-date: /home/nava/microros_ws/install/builtin_interfaces/include/builtin_interfaces/builtin_interfaces/msg
[1.437s] -- Up-to-date: /home/nava/microros_ws/install/builtin_interfaces/include/builtin_interfaces/builtin_interfaces/msg/detail
[1.437s] -- Up-to-date: /home/nava/microros_ws/install/builtin_interfaces/include/builtin_interfaces/builtin_interfaces/msg/detail/time__rosidl_typesupport_fastrtps_c.h
[1.437s] -- Up-to-date: /home/nava/microros_ws/install/builtin_interfaces/include/builtin_interfaces/builtin_interfaces/msg/detail/duration__rosidl_typesupport_fastrtps_c.h
[1.437s] -- Up-to-date: /home/nava/microros_ws/install/builtin_interfaces/include/builtin_interfaces/builtin_interfaces/msg/rosidl_typesupport_fastrtps_c__visibility_control.h
[1.438s] -- Up-to-date: /home/nava/microros_ws/install/builtin_interfaces/lib/libbuiltin_interfaces__rosidl_typesupport_fastrtps_c.so
[1.438s] -- Up-to-date: /home/nava/microros_ws/install/builtin_interfaces/include/builtin_interfaces/builtin_interfaces
[1.438s] -- Up-to-date: /home/nava/microros_ws/install/builtin_interfaces/include/builtin_interfaces/builtin_interfaces/msg
[1.438s] -- Up-to-date: /home/nava/microros_ws/install/builtin_interfaces/include/builtin_interfaces/builtin_interfaces/msg/detail
[1.438s] -- Up-to-date: /home/nava/microros_ws/install/builtin_interfaces/include/builtin_interfaces/builtin_interfaces/msg/detail/duration__rosidl_typesupport_introspection_c.h
[1.438s] -- Up-to-date: /home/nava/microros_ws/install/builtin_interfaces/include/builtin_interfaces/builtin_interfaces/msg/detail/time__rosidl_typesupport_introspection_c.h
[1.438s] -- Installing: /home/nava/microros_ws/install/builtin_interfaces/include/builtin_interfaces/builtin_interfaces/msg/detail/time__type_support.c
[1.438s] -- Installing: /home/nava/microros_ws/install/builtin_interfaces/include/builtin_interfaces/builtin_interfaces/msg/detail/duration__type_support.c
[1.438s] -- Up-to-date: /home/nava/microros_ws/install/builtin_interfaces/include/builtin_interfaces/builtin_interfaces/msg/rosidl_typesupport_introspection_c__visibility_control.h
[1.438s] -- Up-to-date: /home/nava/microros_ws/install/builtin_interfaces/lib/libbuiltin_interfaces__rosidl_typesupport_introspection_c.so
[1.438s] -- Up-to-date: /home/nava/microros_ws/install/builtin_interfaces/lib/libbuiltin_interfaces__rosidl_typesupport_c.so
[1.440s] -- Up-to-date: /home/nava/microros_ws/install/builtin_interfaces/include/builtin_interfaces/builtin_interfaces
[1.440s] -- Up-to-date: /home/nava/microros_ws/install/builtin_interfaces/include/builtin_interfaces/builtin_interfaces/msg
[1.440s] -- Up-to-date: /home/nava/microros_ws/install/builtin_interfaces/include/builtin_interfaces/builtin_interfaces/msg/detail
[1.440s] -- Up-to-date: /home/nava/microros_ws/install/builtin_interfaces/include/builtin_interfaces/builtin_interfaces/msg/detail/duration__type_support.hpp
[1.440s] -- Up-to-date: /home/nava/microros_ws/install/builtin_interfaces/include/builtin_interfaces/builtin_interfaces/msg/detail/duration__struct.hpp
[1.440s] -- Up-to-date: /home/nava/microros_ws/install/builtin_interfaces/include/builtin_interfaces/builtin_interfaces/msg/detail/time__struct.hpp
[1.440s] -- Up-to-date: /home/nava/microros_ws/install/builtin_interfaces/include/builtin_interfaces/builtin_interfaces/msg/detail/time__builder.hpp
[1.441s] -- Up-to-date: /home/nava/microros_ws/install/builtin_interfaces/include/builtin_interfaces/builtin_interfaces/msg/detail/time__traits.hpp
[1.441s] -- Up-to-date: /home/nava/microros_ws/install/builtin_interfaces/include/builtin_interfaces/builtin_interfaces/msg/detail/duration__traits.hpp
[1.441s] -- Up-to-date: /home/nava/microros_ws/install/builtin_interfaces/include/builtin_interfaces/builtin_interfaces/msg/detail/time__type_support.hpp
[1.441s] -- Up-to-date: /home/nava/microros_ws/install/builtin_interfaces/include/builtin_interfaces/builtin_interfaces/msg/detail/duration__builder.hpp
[1.441s] -- Up-to-date: /home/nava/microros_ws/install/builtin_interfaces/include/builtin_interfaces/builtin_interfaces/msg/time.hpp
[1.441s] -- Up-to-date: /home/nava/microros_ws/install/builtin_interfaces/include/builtin_interfaces/builtin_interfaces/msg/duration.hpp
[1.441s] -- Up-to-date: /home/nava/microros_ws/install/builtin_interfaces/include/builtin_interfaces/builtin_interfaces/msg/rosidl_generator_cpp__visibility_control.hpp
[1.441s] -- Up-to-date: /home/nava/microros_ws/install/builtin_interfaces/include/builtin_interfaces
[1.441s] -- Up-to-date: /home/nava/microros_ws/install/builtin_interfaces/include/builtin_interfaces/msg
[1.441s] -- Up-to-date: /home/nava/microros_ws/install/builtin_interfaces/include/builtin_interfaces/msg/detail
[1.441s] -- Up-to-date: /home/nava/microros_ws/install/builtin_interfaces/include/builtin_interfaces/msg/detail/time__rosidl_typesupport_microxrcedds_cpp.hpp
[1.441s] -- Up-to-date: /home/nava/microros_ws/install/builtin_interfaces/include/builtin_interfaces/msg/detail/microxrcedds
[1.441s] -- Up-to-date: /home/nava/microros_ws/install/builtin_interfaces/include/builtin_interfaces/msg/detail/microxrcedds/time__type_support_cpp.cpp
[1.441s] -- Up-to-date: /home/nava/microros_ws/install/builtin_interfaces/include/builtin_interfaces/msg/detail/microxrcedds/duration__type_support_cpp.cpp
[1.441s] -- Up-to-date: /home/nava/microros_ws/install/builtin_interfaces/include/builtin_interfaces/msg/detail/duration__rosidl_typesupport_microxrcedds_cpp.hpp
[1.441s] -- Up-to-date: /home/nava/microros_ws/install/builtin_interfaces/include/builtin_interfaces/msg/rosidl_typesupport_microxrcedds_cpp__visibility_control.h
[1.442s] -- Up-to-date: /home/nava/microros_ws/install/builtin_interfaces/lib/libbuiltin_interfaces__rosidl_typesupport_microxrcedds_cpp.so
[1.442s] -- Up-to-date: /home/nava/microros_ws/install/builtin_interfaces/include/builtin_interfaces/builtin_interfaces
[1.442s] -- Up-to-date: /home/nava/microros_ws/install/builtin_interfaces/include/builtin_interfaces/builtin_interfaces/msg
[1.442s] -- Up-to-date: /home/nava/microros_ws/install/builtin_interfaces/include/builtin_interfaces/builtin_interfaces/msg/detail
[1.442s] -- Up-to-date: /home/nava/microros_ws/install/builtin_interfaces/include/builtin_interfaces/builtin_interfaces/msg/detail/duration__rosidl_typesupport_fastrtps_cpp.hpp
[1.442s] -- Up-to-date: /home/nava/microros_ws/install/builtin_interfaces/include/builtin_interfaces/builtin_interfaces/msg/detail/dds_fastrtps
[1.442s] -- Up-to-date: /home/nava/microros_ws/install/builtin_interfaces/include/builtin_interfaces/builtin_interfaces/msg/detail/time__rosidl_typesupport_fastrtps_cpp.hpp
[1.442s] -- Up-to-date: /home/nava/microros_ws/install/builtin_interfaces/include/builtin_interfaces/builtin_interfaces/msg/rosidl_typesupport_fastrtps_cpp__visibility_control.h
[1.442s] -- Up-to-date: /home/nava/microros_ws/install/builtin_interfaces/lib/libbuiltin_interfaces__rosidl_typesupport_fastrtps_cpp.so
[1.443s] -- Up-to-date: /home/nava/microros_ws/install/builtin_interfaces/include/builtin_interfaces/builtin_interfaces
[1.443s] -- Up-to-date: /home/nava/microros_ws/install/builtin_interfaces/include/builtin_interfaces/builtin_interfaces/msg
[1.443s] -- Up-to-date: /home/nava/microros_ws/install/builtin_interfaces/include/builtin_interfaces/builtin_interfaces/msg/detail
[1.443s] -- Up-to-date: /home/nava/microros_ws/install/builtin_interfaces/include/builtin_interfaces/builtin_interfaces/msg/detail/time__type_support.cpp
[1.443s] -- Up-to-date: /home/nava/microros_ws/install/builtin_interfaces/include/builtin_interfaces/builtin_interfaces/msg/detail/time__rosidl_typesupport_introspection_cpp.hpp
[1.443s] -- Up-to-date: /home/nava/microros_ws/install/builtin_interfaces/include/builtin_interfaces/builtin_interfaces/msg/detail/duration__type_support.cpp
[1.443s] -- Up-to-date: /home/nava/microros_ws/install/builtin_interfaces/include/builtin_interfaces/builtin_interfaces/msg/detail/duration__rosidl_typesupport_introspection_cpp.hpp
[1.443s] -- Up-to-date: /home/nava/microros_ws/install/builtin_interfaces/lib/libbuiltin_interfaces__rosidl_typesupport_introspection_cpp.so
[1.444s] -- Up-to-date: /home/nava/microros_ws/install/builtin_interfaces/lib/libbuiltin_interfaces__rosidl_typesupport_cpp.so
[1.444s] -- Up-to-date: /home/nava/microros_ws/install/builtin_interfaces/share/builtin_interfaces/environment/pythonpath.sh
[1.444s] -- Up-to-date: /home/nava/microros_ws/install/builtin_interfaces/share/builtin_interfaces/environment/pythonpath.dsv
[1.444s] -- Up-to-date: /home/nava/microros_ws/install/builtin_interfaces/lib/python3.12/site-packages/builtin_interfaces-2.0.2-py3.12.egg-info
[1.444s] -- Installing: /home/nava/microros_ws/install/builtin_interfaces/lib/python3.12/site-packages/builtin_interfaces-2.0.2-py3.12.egg-info/dependency_links.txt
[1.444s] -- Installing: /home/nava/microros_ws/install/builtin_interfaces/lib/python3.12/site-packages/builtin_interfaces-2.0.2-py3.12.egg-info/top_level.txt
[1.444s] -- Installing: /home/nava/microros_ws/install/builtin_interfaces/lib/python3.12/site-packages/builtin_interfaces-2.0.2-py3.12.egg-info/SOURCES.txt
[1.444s] -- Installing: /home/nava/microros_ws/install/builtin_interfaces/lib/python3.12/site-packages/builtin_interfaces-2.0.2-py3.12.egg-info/PKG-INFO
[1.444s] -- Up-to-date: /home/nava/microros_ws/install/builtin_interfaces/lib/python3.12/site-packages/builtin_interfaces
[1.444s] -- Installing: /home/nava/microros_ws/install/builtin_interfaces/lib/python3.12/site-packages/builtin_interfaces/__init__.py
[1.444s] -- Up-to-date: /home/nava/microros_ws/install/builtin_interfaces/lib/python3.12/site-packages/builtin_interfaces/builtin_interfaces_s__rosidl_typesupport_fastrtps_c.so
[1.444s] -- Up-to-date: /home/nava/microros_ws/install/builtin_interfaces/lib/python3.12/site-packages/builtin_interfaces/_builtin_interfaces_s.ep.rosidl_typesupport_fastrtps_c.c
[1.444s] -- Up-to-date: /home/nava/microros_ws/install/builtin_interfaces/lib/python3.12/site-packages/builtin_interfaces/_builtin_interfaces_s.ep.rosidl_typesupport_introspection_c.c
[1.444s] -- Up-to-date: /home/nava/microros_ws/install/builtin_interfaces/lib/python3.12/site-packages/builtin_interfaces/builtin_interfaces_s__rosidl_typesupport_microxrcedds_c.so
[1.444s] -- Up-to-date: /home/nava/microros_ws/install/builtin_interfaces/lib/python3.12/site-packages/builtin_interfaces/_builtin_interfaces_s.ep.rosidl_typesupport_c.c
[1.444s] -- Up-to-date: /home/nava/microros_ws/install/builtin_interfaces/lib/python3.12/site-packages/builtin_interfaces/builtin_interfaces_s__rosidl_typesupport_c.so
[1.444s] -- Up-to-date: /home/nava/microros_ws/install/builtin_interfaces/lib/python3.12/site-packages/builtin_interfaces/msg
[1.444s] -- Up-to-date: /home/nava/microros_ws/install/builtin_interfaces/lib/python3.12/site-packages/builtin_interfaces/msg/_duration_s.c
[1.445s] -- Up-to-date: /home/nava/microros_ws/install/builtin_interfaces/lib/python3.12/site-packages/builtin_interfaces/msg/__init__.py
[1.445s] -- Up-to-date: /home/nava/microros_ws/install/builtin_interfaces/lib/python3.12/site-packages/builtin_interfaces/msg/_duration.py
[1.445s] -- Up-to-date: /home/nava/microros_ws/install/builtin_interfaces/lib/python3.12/site-packages/builtin_interfaces/msg/_time_s.c
[1.445s] -- Up-to-date: /home/nava/microros_ws/install/builtin_interfaces/lib/python3.12/site-packages/builtin_interfaces/msg/_time.py
[1.445s] -- Up-to-date: /home/nava/microros_ws/install/builtin_interfaces/lib/python3.12/site-packages/builtin_interfaces/_builtin_interfaces_s.ep.rosidl_typesupport_microxrcedds_c.c
[1.445s] -- Up-to-date: /home/nava/microros_ws/install/builtin_interfaces/lib/python3.12/site-packages/builtin_interfaces/builtin_interfaces_s__rosidl_typesupport_introspection_c.so
[1.471s] Listing '/home/nava/microros_ws/install/builtin_interfaces/lib/python3.12/site-packages/builtin_interfaces'...
[1.471s] Compiling '/home/nava/microros_ws/install/builtin_interfaces/lib/python3.12/site-packages/builtin_interfaces/__init__.py'...
[1.471s] Listing '/home/nava/microros_ws/install/builtin_interfaces/lib/python3.12/site-packages/builtin_interfaces/msg'...
[1.476s] -- Up-to-date: /home/nava/microros_ws/install/builtin_interfaces/lib/python3.12/site-packages/builtin_interfaces/builtin_interfaces_s__rosidl_typesupport_microxrcedds_c.so
[1.476s] -- Up-to-date: /home/nava/microros_ws/install/builtin_interfaces/lib/python3.12/site-packages/builtin_interfaces/builtin_interfaces_s__rosidl_typesupport_fastrtps_c.so
[1.476s] -- Up-to-date: /home/nava/microros_ws/install/builtin_interfaces/lib/python3.12/site-packages/builtin_interfaces/builtin_interfaces_s__rosidl_typesupport_introspection_c.so
[1.478s] -- Up-to-date: /home/nava/microros_ws/install/builtin_interfaces/lib/python3.12/site-packages/builtin_interfaces/builtin_interfaces_s__rosidl_typesupport_c.so
[1.479s] -- Up-to-date: /home/nava/microros_ws/install/builtin_interfaces/lib/libbuiltin_interfaces__rosidl_generator_py.so
[1.479s] -- Up-to-date: /home/nava/microros_ws/install/builtin_interfaces/share/builtin_interfaces/msg/Duration.idl
[1.479s] -- Up-to-date: /home/nava/microros_ws/install/builtin_interfaces/share/builtin_interfaces/msg/Time.idl
[1.479s] -- Up-to-date: /home/nava/microros_ws/install/builtin_interfaces/share/builtin_interfaces/msg/Duration.msg
[1.479s] -- Up-to-date: /home/nava/microros_ws/install/builtin_interfaces/share/builtin_interfaces/msg/Time.msg
[1.479s] -- Up-to-date: /home/nava/microros_ws/install/builtin_interfaces/share/ament_index/resource_index/package_run_dependencies/builtin_interfaces
[1.479s] -- Installing: /home/nava/microros_ws/install/builtin_interfaces/share/ament_index/resource_index/parent_prefix_path/builtin_interfaces
[1.479s] -- Up-to-date: /home/nava/microros_ws/install/builtin_interfaces/share/builtin_interfaces/environment/ament_prefix_path.sh
[1.479s] -- Up-to-date: /home/nava/microros_ws/install/builtin_interfaces/share/builtin_interfaces/environment/ament_prefix_path.dsv
[1.479s] -- Up-to-date: /home/nava/microros_ws/install/builtin_interfaces/share/builtin_interfaces/environment/path.sh
[1.479s] -- Up-to-date: /home/nava/microros_ws/install/builtin_interfaces/share/builtin_interfaces/environment/path.dsv
[1.479s] -- Up-to-date: /home/nava/microros_ws/install/builtin_interfaces/share/builtin_interfaces/local_setup.bash
[1.479s] -- Up-to-date: /home/nava/microros_ws/install/builtin_interfaces/share/builtin_interfaces/local_setup.sh
[1.479s] -- Up-to-date: /home/nava/microros_ws/install/builtin_interfaces/share/builtin_interfaces/local_setup.zsh
[1.479s] -- Up-to-date: /home/nava/microros_ws/install/builtin_interfaces/share/builtin_interfaces/local_setup.dsv
[1.480s] -- Installing: /home/nava/microros_ws/install/builtin_interfaces/share/builtin_interfaces/package.dsv
[1.480s] -- Up-to-date: /home/nava/microros_ws/install/builtin_interfaces/share/ament_index/resource_index/packages/builtin_interfaces
[1.480s] -- Up-to-date: /home/nava/microros_ws/install/builtin_interfaces/share/builtin_interfaces/cmake/export_builtin_interfaces__rosidl_generator_cExport.cmake
[1.480s] -- Up-to-date: /home/nava/microros_ws/install/builtin_interfaces/share/builtin_interfaces/cmake/export_builtin_interfaces__rosidl_generator_cExport-noconfig.cmake
[1.480s] -- Up-to-date: /home/nava/microros_ws/install/builtin_interfaces/share/builtin_interfaces/cmake/export_builtin_interfaces__rosidl_typesupport_fastrtps_cExport.cmake
[1.480s] -- Up-to-date: /home/nava/microros_ws/install/builtin_interfaces/share/builtin_interfaces/cmake/export_builtin_interfaces__rosidl_typesupport_fastrtps_cExport-noconfig.cmake
[1.480s] -- Up-to-date: /home/nava/microros_ws/install/builtin_interfaces/share/builtin_interfaces/cmake/builtin_interfaces__rosidl_typesupport_introspection_cExport.cmake
[1.480s] -- Up-to-date: /home/nava/microros_ws/install/builtin_interfaces/share/builtin_interfaces/cmake/builtin_interfaces__rosidl_typesupport_introspection_cExport-noconfig.cmake
[1.481s] -- Up-to-date: /home/nava/microros_ws/install/builtin_interfaces/share/builtin_interfaces/cmake/builtin_interfaces__rosidl_typesupport_cExport.cmake
[1.481s] -- Up-to-date: /home/nava/microros_ws/install/builtin_interfaces/share/builtin_interfaces/cmake/builtin_interfaces__rosidl_typesupport_cExport-noconfig.cmake
[1.482s] -- Up-to-date: /home/nava/microros_ws/install/builtin_interfaces/share/builtin_interfaces/cmake/export_builtin_interfaces__rosidl_generator_cppExport.cmake
[1.482s] -- Up-to-date: /home/nava/microros_ws/install/builtin_interfaces/share/builtin_interfaces/cmake/export_builtin_interfaces__rosidl_typesupport_fastrtps_cppExport.cmake
[1.482s] -- Up-to-date: /home/nava/microros_ws/install/builtin_interfaces/share/builtin_interfaces/cmake/export_builtin_interfaces__rosidl_typesupport_fastrtps_cppExport-noconfig.cmake
[1.482s] -- Up-to-date: /home/nava/microros_ws/install/builtin_interfaces/share/builtin_interfaces/cmake/builtin_interfaces__rosidl_typesupport_introspection_cppExport.cmake
[1.482s] -- Up-to-date: /home/nava/microros_ws/install/builtin_interfaces/share/builtin_interfaces/cmake/builtin_interfaces__rosidl_typesupport_introspection_cppExport-noconfig.cmake
[1.482s] -- Up-to-date: /home/nava/microros_ws/install/builtin_interfaces/share/builtin_interfaces/cmake/builtin_interfaces__rosidl_typesupport_cppExport.cmake
[1.482s] -- Up-to-date: /home/nava/microros_ws/install/builtin_interfaces/share/builtin_interfaces/cmake/builtin_interfaces__rosidl_typesupport_cppExport-noconfig.cmake
[1.482s] -- Up-to-date: /home/nava/microros_ws/install/builtin_interfaces/share/builtin_interfaces/cmake/export_builtin_interfaces__rosidl_generator_pyExport.cmake
[1.482s] -- Up-to-date: /home/nava/microros_ws/install/builtin_interfaces/share/builtin_interfaces/cmake/export_builtin_interfaces__rosidl_generator_pyExport-noconfig.cmake
[1.482s] -- Up-to-date: /home/nava/microros_ws/install/builtin_interfaces/share/builtin_interfaces/cmake/rosidl_cmake-extras.cmake
[1.482s] -- Up-to-date: /home/nava/microros_ws/install/builtin_interfaces/share/builtin_interfaces/cmake/ament_cmake_export_include_directories-extras.cmake
[1.482s] -- Up-to-date: /home/nava/microros_ws/install/builtin_interfaces/share/builtin_interfaces/cmake/ament_cmake_export_libraries-extras.cmake
[1.482s] -- Up-to-date: /home/nava/microros_ws/install/builtin_interfaces/share/builtin_interfaces/cmake/ament_cmake_export_targets-extras.cmake
[1.482s] -- Up-to-date: /home/nava/microros_ws/install/builtin_interfaces/share/builtin_interfaces/cmake/rosidl_cmake_export_typesupport_targets-extras.cmake
[1.482s] -- Up-to-date: /home/nava/microros_ws/install/builtin_interfaces/share/builtin_interfaces/cmake/ament_cmake_export_dependencies-extras.cmake
[1.482s] -- Up-to-date: /home/nava/microros_ws/install/builtin_interfaces/share/builtin_interfaces/cmake/rosidl_cmake_export_typesupport_libraries-extras.cmake
[1.482s] -- Up-to-date: /home/nava/microros_ws/install/builtin_interfaces/share/builtin_interfaces/cmake/builtin_interfacesConfig.cmake
[1.483s] -- Up-to-date: /home/nava/microros_ws/install/builtin_interfaces/share/builtin_interfaces/cmake/builtin_interfacesConfig-version.cmake
[1.483s] -- Up-to-date: /home/nava/microros_ws/install/builtin_interfaces/share/builtin_interfaces/package.xml
[1.500s] Invoked command in '/home/nava/microros_ws/build/builtin_interfaces' returned '0': CMAKE_PREFIX_PATH=${CMAKE_PREFIX_PATH}:/home/nava/microros_ws/install/sensor_msgs_py:/opt/ros/jazzy DEBUGINFOD_URLS=https://debuginfod.ubuntu.com /usr/bin/cmake --install /home/nava/microros_ws/build/builtin_interfaces
