[0.030s] Invoking command in '/home/nava/microros_ws/build/micro_ros_utilities': CMAKE_PREFIX_PATH=${CMAKE_PREFIX_PATH}:/opt/ros/jazzy DEBUGINFOD_URLS=https://debuginfod.ubuntu.com /usr/bin/cmake /home/nava/microros_ws/src/uros/micro_ros_utilities -DBUILD_TESTING=OFF -DBUILD_SHARED_LIBS=ON -DCMAKE_INSTALL_PREFIX=/home/nava/microros_ws/install/micro_ros_utilities
[0.116s] -- The C compiler identification is GNU 13.3.0
[0.201s] -- The CXX compiler identification is GNU 13.3.0
[0.216s] -- Detecting C compiler ABI info
[0.317s] -- Detecting C compiler ABI info - done
[0.331s] -- Check for working C compiler: /usr/bin/cc - skipped
[0.332s] -- Detecting C compile features
[0.332s] -- Detecting C compile features - done
[0.341s] -- Detecting CXX compiler ABI info
[0.446s] -- Detecting CXX compiler ABI info - done
[0.456s] -- Check for working CXX compiler: /usr/bin/c++ - skipped
[0.456s] -- Detecting CXX compile features
[0.456s] -- Detecting CXX compile features - done
[0.460s] -- Found ament_cmake: 2.5.4 (/opt/ros/jazzy/share/ament_cmake/cmake)
[0.687s] -- Found Python3: /usr/bin/python3 (found version "3.12.3") found components: Interpreter 
[0.859s] -- Found rosidl_typesupport_introspection_c: 4.6.5 (/opt/ros/jazzy/share/rosidl_typesupport_introspection_c/cmake)
[1.040s] -- Configuring done (1.0s)
[1.045s] -- Generating done (0.0s)
[1.047s] -- Build files have been written to: /home/nava/microros_ws/build/micro_ros_utilities
[1.058s] Invoked command in '/home/nava/microros_ws/build/micro_ros_utilities' returned '0': CMAKE_PREFIX_PATH=${CMAKE_PREFIX_PATH}:/opt/ros/jazzy DEBUGINFOD_URLS=https://debuginfod.ubuntu.com /usr/bin/cmake /home/nava/microros_ws/src/uros/micro_ros_utilities -DBUILD_TESTING=OFF -DBUILD_SHARED_LIBS=ON -DCMAKE_INSTALL_PREFIX=/home/nava/microros_ws/install/micro_ros_utilities
[1.081s] Invoking command in '/home/nava/microros_ws/build/micro_ros_utilities': CMAKE_PREFIX_PATH=${CMAKE_PREFIX_PATH}:/opt/ros/jazzy DEBUGINFOD_URLS=https://debuginfod.ubuntu.com /usr/bin/cmake --build /home/nava/microros_ws/build/micro_ros_utilities -- -j12 -l12
[1.121s] [ 33%] [32mBuilding C object CMakeFiles/micro_ros_utilities.dir/src/type_utilities.c.o[0m
[1.121s] [ 66%] [32mBuilding C object CMakeFiles/micro_ros_utilities.dir/src/string_utilities.c.o[0m
[1.289s] [100%] [32m[1mLinking C shared library libmicro_ros_utilities.so[0m
[1.401s] [100%] Built target micro_ros_utilities
[1.532s] Invoked command in '/home/nava/microros_ws/build/micro_ros_utilities' returned '0': CMAKE_PREFIX_PATH=${CMAKE_PREFIX_PATH}:/opt/ros/jazzy DEBUGINFOD_URLS=https://debuginfod.ubuntu.com /usr/bin/cmake --build /home/nava/microros_ws/build/micro_ros_utilities -- -j12 -l12
[1.533s] Invoking command in '/home/nava/microros_ws/build/micro_ros_utilities': CMAKE_PREFIX_PATH=${CMAKE_PREFIX_PATH}:/opt/ros/jazzy DEBUGINFOD_URLS=https://debuginfod.ubuntu.com /usr/bin/cmake --install /home/nava/microros_ws/build/micro_ros_utilities
[1.569s] -- Install configuration: ""
[1.569s] -- Installing: /home/nava/microros_ws/install/micro_ros_utilities/include
[1.569s] -- Installing: /home/nava/microros_ws/install/micro_ros_utilities/include/micro_ros_utilities
[1.569s] -- Installing: /home/nava/microros_ws/install/micro_ros_utilities/include/micro_ros_utilities/type_utilities.h
[1.573s] -- Installing: /home/nava/microros_ws/install/micro_ros_utilities/include/micro_ros_utilities/string_utilities.h
[1.575s] -- Installing: /home/nava/microros_ws/install/micro_ros_utilities/include/micro_ros_utilities/visibility_control.h
[1.575s] -- Installing: /home/nava/microros_ws/install/micro_ros_utilities/lib/libmicro_ros_utilities.so
[1.575s] -- Set non-toolchain portion of runtime path of "/home/nava/microros_ws/install/micro_ros_utilities/lib/libmicro_ros_utilities.so" to ""
[1.576s] -- Installing: /home/nava/microros_ws/install/micro_ros_utilities/share/micro_ros_utilities/environment/library_path.sh
[1.576s] -- Installing: /home/nava/microros_ws/install/micro_ros_utilities/share/micro_ros_utilities/environment/library_path.dsv
[1.576s] -- Installing: /home/nava/microros_ws/install/micro_ros_utilities/share/ament_index/resource_index/package_run_dependencies/micro_ros_utilities
[1.576s] -- Installing: /home/nava/microros_ws/install/micro_ros_utilities/share/ament_index/resource_index/parent_prefix_path/micro_ros_utilities
[1.576s] -- Installing: /home/nava/microros_ws/install/micro_ros_utilities/share/micro_ros_utilities/environment/ament_prefix_path.sh
[1.576s] -- Installing: /home/nava/microros_ws/install/micro_ros_utilities/share/micro_ros_utilities/environment/ament_prefix_path.dsv
[1.576s] -- Installing: /home/nava/microros_ws/install/micro_ros_utilities/share/micro_ros_utilities/environment/path.sh
[1.576s] -- Installing: /home/nava/microros_ws/install/micro_ros_utilities/share/micro_ros_utilities/environment/path.dsv
[1.577s] -- Installing: /home/nava/microros_ws/install/micro_ros_utilities/share/micro_ros_utilities/local_setup.bash
[1.578s] -- Installing: /home/nava/microros_ws/install/micro_ros_utilities/share/micro_ros_utilities/local_setup.sh
[1.578s] -- Installing: /home/nava/microros_ws/install/micro_ros_utilities/share/micro_ros_utilities/local_setup.zsh
[1.578s] -- Installing: /home/nava/microros_ws/install/micro_ros_utilities/share/micro_ros_utilities/local_setup.dsv
[1.578s] -- Installing: /home/nava/microros_ws/install/micro_ros_utilities/share/micro_ros_utilities/package.dsv
[1.579s] -- Installing: /home/nava/microros_ws/install/micro_ros_utilities/share/ament_index/resource_index/packages/micro_ros_utilities
[1.580s] -- Installing: /home/nava/microros_ws/install/micro_ros_utilities/share/micro_ros_utilities/cmake/ament_cmake_export_include_directories-extras.cmake
[1.580s] -- Installing: /home/nava/microros_ws/install/micro_ros_utilities/share/micro_ros_utilities/cmake/ament_cmake_export_libraries-extras.cmake
[1.580s] -- Installing: /home/nava/microros_ws/install/micro_ros_utilities/share/micro_ros_utilities/cmake/ament_cmake_export_dependencies-extras.cmake
[1.580s] -- Installing: /home/nava/microros_ws/install/micro_ros_utilities/share/micro_ros_utilities/cmake/micro_ros_utilitiesConfig.cmake
[1.580s] -- Installing: /home/nava/microros_ws/install/micro_ros_utilities/share/micro_ros_utilities/cmake/micro_ros_utilitiesConfig-version.cmake
[1.580s] -- Installing: /home/nava/microros_ws/install/micro_ros_utilities/share/micro_ros_utilities/package.xml
[1.585s] Invoked command in '/home/nava/microros_ws/build/micro_ros_utilities' returned '0': CMAKE_PREFIX_PATH=${CMAKE_PREFIX_PATH}:/opt/ros/jazzy DEBUGINFOD_URLS=https://debuginfod.ubuntu.com /usr/bin/cmake --install /home/nava/microros_ws/build/micro_ros_utilities
