-- Found ament_cmake: 2.5.4 (/opt/ros/jazzy/share/ament_cmake/cmake)
-- Configuring done (0.6s)
-- Generating done (0.0s)
-- Build files have been written to: /home/nava/microros_ws/build/micro_ros_demos_rclc
[  1%] [34m[1mPerforming build step for 'graph_visualizer'[0m
[  2%] [34m[1mPerforming build step for 'int32_subscriber'[0m
[  2%] [34m[1mPerforming build step for 'subscription_count'[0m
[  3%] [34m[1mPerforming build step for 'configured_publisher'[0m
[  3%] [34m[1mPerforming build step for 'fibonacci_action_client'[0m
[  3%] [34m[1mPerforming build step for 'publisher_count'[0m
[  5%] [34m[1mPerforming build step for 'int32_multinode'[0m
[  5%] [34m[1mPerforming build step for 'configured_subscriber'[0m
[  5%] [34m[1mPerforming build step for 'int32_publisher'[0m
[  6%] [34m[1mPerforming build step for 'fibonacci_action_server'[0m
[  6%] [34m[1mPerforming build step for 'addtwoints_client'[0m
[  6%] [34m[1mPerforming build step for 'addtwoints_server'[0m
[100%] Built target int32_subscriber
[100%] Built target configured_subscriber
[100%] Built target subscription_count
[100%] Built target fibonacci_action_client
[100%] Built target graph_visualizer
[100%] Built target configured_publisher
[100%] Built target publisher_count
[100%] Built target int32_multinode
[100%] Built target addtwoints_client
[100%] Built target fibonacci_action_server
[  6%] [34m[1mPerforming install step for 'int32_subscriber'[0m
[100%] Built target addtwoints_server
[100%] Built target int32_publisher
[  6%] [34m[1mPerforming install step for 'configured_subscriber'[0m
[  6%] [34m[1mPerforming install step for 'int32_multinode'[0m
[  6%] [34m[1mPerforming install step for 'subscription_count'[0m
[  6%] [34m[1mPerforming install step for 'fibonacci_action_client'[0m
[  6%] [34m[1mPerforming install step for 'graph_visualizer'[0m
[  7%] [34m[1mPerforming install step for 'addtwoints_client'[0m
[  7%] [34m[1mPerforming install step for 'configured_publisher'[0m
[  8%] [34m[1mPerforming install step for 'publisher_count'[0m
[  8%] [34m[1mPerforming install step for 'fibonacci_action_server'[0m
[  9%] [34m[1mPerforming install step for 'addtwoints_server'[0m
[ 10%] [34m[1mPerforming install step for 'int32_publisher'[0m
[100%] Built target int32_subscriber
[100%] Built target configured_subscriber
[100%] Built target int32_multinode
[100%] Built target graph_visualizer
[100%] Built target fibonacci_action_client
[100%] Built target publisher_count
[100%] Built target subscription_count
[36mInstall the project...[0m
[100%] Built target fibonacci_action_server
[100%] Built target configured_publisher
[100%] Built target addtwoints_client
[100%] Built target addtwoints_server
-- Install configuration: ""
-- Up-to-date: /home/nava/microros_ws/build/micro_ros_demos_rclc/temp_install/int32_subscriber/int32_subscriber
[100%] Built target int32_publisher
[36mInstall the project...[0m
[36mInstall the project...[0m
[36mInstall the project...[0m
[36mInstall the project...[0m
[36mInstall the project...[0m
[36mInstall the project...[0m
[ 10%] [34m[1mCompleted 'int32_subscriber'[0m
-- Install configuration: ""
-- Up-to-date: /home/nava/microros_ws/build/micro_ros_demos_rclc/temp_install/configured_subscriber/configured_subscriber
[36mInstall the project...[0m
[36mInstall the project...[0m
-- Install configuration: ""
[36mInstall the project...[0m
-- Install configuration: ""
-- Up-to-date: /home/nava/microros_ws/build/micro_ros_demos_rclc/temp_install/fibonacci_action_client/fibonacci_action_client
-- Install configuration: ""
-- Install configuration: ""
-- Up-to-date: /home/nava/microros_ws/build/micro_ros_demos_rclc/temp_install/graph_visualizer/graph_visualizer
[36mInstall the project...[0m
-- Up-to-date: /home/nava/microros_ws/build/micro_ros_demos_rclc/temp_install/int32_multinode/int32_multinode
-- Up-to-date: /home/nava/microros_ws/build/micro_ros_demos_rclc/temp_install/publisher_count/publisher_count
-- Install configuration: ""
[36mInstall the project...[0m
-- Up-to-date: /home/nava/microros_ws/build/micro_ros_demos_rclc/temp_install/fibonacci_action_server/fibonacci_action_server
-- Install configuration: ""
-- Install configuration: ""
-- Install configuration: ""
-- Up-to-date: /home/nava/microros_ws/build/micro_ros_demos_rclc/temp_install/addtwoints_server/addtwoints_server
-- Up-to-date: /home/nava/microros_ws/build/micro_ros_demos_rclc/temp_install/subscription_count/subscription_count
-- Up-to-date: /home/nava/microros_ws/build/micro_ros_demos_rclc/temp_install/addtwoints_client/addtwoints_client
[ 11%] [34m[1mCompleted 'fibonacci_action_client'[0m
[ 11%] [34m[1mCompleted 'configured_subscriber'[0m
-- Install configuration: ""
[ 11%] [34m[1mCompleted 'graph_visualizer'[0m
-- Up-to-date: /home/nava/microros_ws/build/micro_ros_demos_rclc/temp_install/configured_publisher/configured_publisher
[ 11%] [34m[1mCompleted 'int32_multinode'[0m
-- Install configuration: ""
-- Up-to-date: /home/nava/microros_ws/build/micro_ros_demos_rclc/temp_install/int32_publisher/int32_publisher
[ 12%] [34m[1mCompleted 'publisher_count'[0m
[ 12%] [34m[1mCompleted 'fibonacci_action_server'[0m
[ 13%] [34m[1mCompleted 'addtwoints_server'[0m
[ 14%] [34m[1mCompleted 'addtwoints_client'[0m
[ 14%] [34m[1mCompleted 'subscription_count'[0m
[ 14%] [34m[1mCompleted 'configured_publisher'[0m
[ 15%] [34m[1mCompleted 'int32_publisher'[0m
[ 17%] Built target int32_subscriber
[ 20%] Built target fibonacci_action_client
[ 23%] Built target graph_visualizer
[ 25%] Built target configured_subscriber
[ 27%] Built target int32_multinode
[ 30%] Built target fibonacci_action_server
[ 33%] Built target subscription_count
[ 35%] Built target addtwoints_server
[ 36%] [34m[1mPerforming build step for 'int32_publisher_subscriber'[0m
[ 37%] Built target publisher_count
[ 39%] Built target addtwoints_client
[ 43%] Built target configured_publisher
[ 44%] Built target int32_publisher
[ 45%] [34m[1mPerforming build step for 'ping_pong'[0m
[ 46%] [34m[1mPerforming build step for 'ping_uros_agent'[0m
[ 46%] [34m[1mPerforming build step for 'fragmented_publication'[0m
[ 46%] [34m[1mPerforming build step for 'fragmented_subscription'[0m
[ 47%] [34m[1mPerforming build step for 'complex_msg_publisher'[0m
[ 47%] [34m[1mPerforming build step for 'complex_msg_subscriber'[0m
[ 47%] [34m[1mPerforming build step for 'string_subscriber'[0m
[ 48%] [34m[1mPerforming build step for 'string_publisher'[0m
[ 49%] [34m[1mPerforming build step for 'timer'[0m
[ 50%] [34m[1mPerforming build step for 'autodiscover_agent'[0m
[ 51%] [34m[1mPerforming build step for 'static_type_handling'[0m
[100%] Built target int32_publisher_subscriber
[100%] Built target ping_pong
[100%] Built target fragmented_subscription
[100%] Built target fragmented_publication
[100%] Built target ping_uros_agent
[ 51%] [34m[1mPerforming install step for 'int32_publisher_subscriber'[0m
[100%] Built target string_publisher
[100%] Built target complex_msg_subscriber
[100%] Built target complex_msg_publisher
[100%] Built target timer
[100%] Built target string_subscriber
[100%] Built target autodiscover_agent
[ 51%] [34m[1mPerforming install step for 'ping_pong'[0m
[100%] Built target static_type_handling
[ 53%] [34m[1mPerforming install step for 'ping_uros_agent'[0m
[ 53%] [34m[1mPerforming install step for 'fragmented_subscription'[0m
[ 54%] [34m[1mPerforming install step for 'string_publisher'[0m
[ 54%] [34m[1mPerforming install step for 'fragmented_publication'[0m
[ 55%] [34m[1mPerforming install step for 'complex_msg_subscriber'[0m
[ 55%] [34m[1mPerforming install step for 'timer'[0m
[ 56%] [34m[1mPerforming install step for 'complex_msg_publisher'[0m
[ 57%] [34m[1mPerforming install step for 'string_subscriber'[0m
[ 57%] [34m[1mPerforming install step for 'autodiscover_agent'[0m
[ 57%] [34m[1mPerforming install step for 'static_type_handling'[0m
[100%] Built target int32_publisher_subscriber
[100%] Built target ping_pong
[36mInstall the project...[0m
[100%] Built target complex_msg_subscriber
[100%] Built target string_publisher
[100%] Built target ping_uros_agent
[100%] Built target fragmented_subscription
[100%] Built target fragmented_publication
[100%] Built target timer
[100%] Built target complex_msg_publisher
[100%] Built target string_subscriber
-- Install configuration: ""
-- Up-to-date: /home/nava/microros_ws/build/micro_ros_demos_rclc/temp_install/int32_publisher_subscriber/int32_publisher_subscriber
[100%] Built target autodiscover_agent
[36mInstall the project...[0m
[100%] Built target static_type_handling
[36mInstall the project...[0m
[36mInstall the project...[0m
[36mInstall the project...[0m
[36mInstall the project...[0m
[ 58%] [34m[1mCompleted 'int32_publisher_subscriber'[0m
[36mInstall the project...[0m
-- Install configuration: ""
[36mInstall the project...[0m
-- Up-to-date: /home/nava/microros_ws/build/micro_ros_demos_rclc/temp_install/ping_pong/ping_pong
[36mInstall the project...[0m
[36mInstall the project...[0m
-- Install configuration: ""
-- Install configuration: ""
-- Install configuration: ""
-- Install configuration: ""
-- Up-to-date: /home/nava/microros_ws/build/micro_ros_demos_rclc/temp_install/complex_msg_subscriber/complex_msg_subscriber
-- Up-to-date: /home/nava/microros_ws/build/micro_ros_demos_rclc/temp_install/string_publisher/string_publisher
-- Up-to-date: /home/nava/microros_ws/build/micro_ros_demos_rclc/temp_install/ping_uros_agent/ping_uros_agent
-- Up-to-date: /home/nava/microros_ws/build/micro_ros_demos_rclc/temp_install/fragmented_subscription/fragmented_subscription
[36mInstall the project...[0m
-- Install configuration: ""
-- Up-to-date: /home/nava/microros_ws/build/micro_ros_demos_rclc/temp_install/fragmented_publication/fragmented_publication
-- Install configuration: ""
-- Up-to-date: /home/nava/microros_ws/build/micro_ros_demos_rclc/temp_install/timer/timer
[ 58%] [34m[1mCompleted 'ping_pong'[0m
[36mInstall the project...[0m
-- Install configuration: ""
-- Install configuration: ""
-- Up-to-date: /home/nava/microros_ws/build/micro_ros_demos_rclc/temp_install/string_subscriber/string_subscriber
-- Up-to-date: /home/nava/microros_ws/build/micro_ros_demos_rclc/temp_install/complex_msg_publisher/complex_msg_publisher
[ 59%] [34m[1mCompleted 'complex_msg_subscriber'[0m
[ 59%] [34m[1mCompleted 'ping_uros_agent'[0m
[ 60%] [34m[1mCompleted 'string_publisher'[0m
[ 60%] [34m[1mCompleted 'fragmented_subscription'[0m
-- Install configuration: ""
-- Up-to-date: /home/nava/microros_ws/build/micro_ros_demos_rclc/temp_install/autodiscover_agent/autodiscover_agent
[ 60%] [34m[1mCompleted 'fragmented_publication'[0m
[ 60%] [34m[1mCompleted 'timer'[0m
-- Install configuration: ""
[ 61%] [34m[1mCompleted 'string_subscriber'[0m
-- Up-to-date: /home/nava/microros_ws/build/micro_ros_demos_rclc/temp_install/static_type_handling/static_type_handling
[ 61%] [34m[1mCompleted 'complex_msg_publisher'[0m
[ 61%] [34m[1mCompleted 'autodiscover_agent'[0m
[ 64%] Built target int32_publisher_subscriber
[ 64%] [34m[1mCompleted 'static_type_handling'[0m
[ 67%] Built target ping_pong
[ 69%] Built target ping_uros_agent
[ 70%] Built target string_publisher
[ 72%] Built target complex_msg_subscriber
[ 74%] Built target fragmented_subscription
[ 74%] [34m[1mPerforming build step for 'epoch_synchronization'[0m
[ 76%] Built target fragmented_publication
[ 78%] Built target string_subscriber
[ 81%] Built target timer
[ 82%] Built target complex_msg_publisher
[ 85%] Built target autodiscover_agent
[ 88%] Built target static_type_handling
[ 88%] [34m[1mPerforming build step for 'parameter_server'[0m
[ 88%] [34m[1mPerforming build step for 'multithread_publisher_subscriber'[0m
[100%] Built target epoch_synchronization
[100%] Built target parameter_server
[100%] Built target multithread_publisher_subscriber
[ 89%] [34m[1mPerforming install step for 'epoch_synchronization'[0m
[ 89%] [34m[1mPerforming install step for 'parameter_server'[0m
[ 90%] [34m[1mPerforming install step for 'multithread_publisher_subscriber'[0m
[100%] Built target epoch_synchronization
[100%] Built target multithread_publisher_subscriber
[100%] Built target parameter_server
[36mInstall the project...[0m
-- Install configuration: ""
-- Up-to-date: /home/nava/microros_ws/build/micro_ros_demos_rclc/temp_install/epoch_synchronization/epoch_synchronization
[36mInstall the project...[0m
[36mInstall the project...[0m
[ 91%] [34m[1mCompleted 'epoch_synchronization'[0m
-- Install configuration: ""
-- Install configuration: ""
-- Up-to-date: /home/nava/microros_ws/build/micro_ros_demos_rclc/temp_install/parameter_server/parameter_server
-- Up-to-date: /home/nava/microros_ws/build/micro_ros_demos_rclc/temp_install/multithread_publisher_subscriber/multithread_publisher_subscriber
[ 93%] [34m[1mCompleted 'parameter_server'[0m
[ 93%] [34m[1mCompleted 'multithread_publisher_subscriber'[0m
[ 95%] Built target epoch_synchronization
[100%] Built target multithread_publisher_subscriber
[100%] Built target parameter_server
-- Install configuration: ""
-- Up-to-date: /home/nava/microros_ws/install/micro_ros_demos_rclc/lib/micro_ros_demos_rclc
-- Up-to-date: /home/nava/microros_ws/install/micro_ros_demos_rclc/lib/micro_ros_demos_rclc/complex_msg_publisher
-- Up-to-date: /home/nava/microros_ws/install/micro_ros_demos_rclc/lib/micro_ros_demos_rclc/complex_msg_publisher/complex_msg_publisher
-- Up-to-date: /home/nava/microros_ws/install/micro_ros_demos_rclc/lib/micro_ros_demos_rclc/fragmented_publication
-- Up-to-date: /home/nava/microros_ws/install/micro_ros_demos_rclc/lib/micro_ros_demos_rclc/fragmented_publication/fragmented_publication
-- Up-to-date: /home/nava/microros_ws/install/micro_ros_demos_rclc/lib/micro_ros_demos_rclc/int32_publisher
-- Up-to-date: /home/nava/microros_ws/install/micro_ros_demos_rclc/lib/micro_ros_demos_rclc/int32_publisher/int32_publisher
-- Up-to-date: /home/nava/microros_ws/install/micro_ros_demos_rclc/lib/micro_ros_demos_rclc/fragmented_subscription
-- Up-to-date: /home/nava/microros_ws/install/micro_ros_demos_rclc/lib/micro_ros_demos_rclc/fragmented_subscription/fragmented_subscription
-- Up-to-date: /home/nava/microros_ws/install/micro_ros_demos_rclc/lib/micro_ros_demos_rclc/int32_multinode
-- Up-to-date: /home/nava/microros_ws/install/micro_ros_demos_rclc/lib/micro_ros_demos_rclc/int32_multinode/int32_multinode
-- Up-to-date: /home/nava/microros_ws/install/micro_ros_demos_rclc/lib/micro_ros_demos_rclc/epoch_synchronization
-- Up-to-date: /home/nava/microros_ws/install/micro_ros_demos_rclc/lib/micro_ros_demos_rclc/epoch_synchronization/epoch_synchronization
-- Up-to-date: /home/nava/microros_ws/install/micro_ros_demos_rclc/lib/micro_ros_demos_rclc/autodiscover_agent
-- Up-to-date: /home/nava/microros_ws/install/micro_ros_demos_rclc/lib/micro_ros_demos_rclc/autodiscover_agent/autodiscover_agent
-- Up-to-date: /home/nava/microros_ws/install/micro_ros_demos_rclc/lib/micro_ros_demos_rclc/configured_subscriber
-- Up-to-date: /home/nava/microros_ws/install/micro_ros_demos_rclc/lib/micro_ros_demos_rclc/configured_subscriber/configured_subscriber
-- Up-to-date: /home/nava/microros_ws/install/micro_ros_demos_rclc/lib/micro_ros_demos_rclc/int32_subscriber
-- Up-to-date: /home/nava/microros_ws/install/micro_ros_demos_rclc/lib/micro_ros_demos_rclc/int32_subscriber/int32_subscriber
-- Up-to-date: /home/nava/microros_ws/install/micro_ros_demos_rclc/lib/micro_ros_demos_rclc/addtwoints_server
-- Up-to-date: /home/nava/microros_ws/install/micro_ros_demos_rclc/lib/micro_ros_demos_rclc/addtwoints_server/addtwoints_server
-- Up-to-date: /home/nava/microros_ws/install/micro_ros_demos_rclc/lib/micro_ros_demos_rclc/parameter_server
-- Up-to-date: /home/nava/microros_ws/install/micro_ros_demos_rclc/lib/micro_ros_demos_rclc/parameter_server/parameter_server
-- Up-to-date: /home/nava/microros_ws/install/micro_ros_demos_rclc/lib/micro_ros_demos_rclc/ping_uros_agent
-- Up-to-date: /home/nava/microros_ws/install/micro_ros_demos_rclc/lib/micro_ros_demos_rclc/ping_uros_agent/ping_uros_agent
-- Up-to-date: /home/nava/microros_ws/install/micro_ros_demos_rclc/lib/micro_ros_demos_rclc/fibonacci_action_client
-- Up-to-date: /home/nava/microros_ws/install/micro_ros_demos_rclc/lib/micro_ros_demos_rclc/fibonacci_action_client/fibonacci_action_client
-- Up-to-date: /home/nava/microros_ws/install/micro_ros_demos_rclc/lib/micro_ros_demos_rclc/timer
-- Up-to-date: /home/nava/microros_ws/install/micro_ros_demos_rclc/lib/micro_ros_demos_rclc/timer/timer
-- Up-to-date: /home/nava/microros_ws/install/micro_ros_demos_rclc/lib/micro_ros_demos_rclc/ping_pong
-- Up-to-date: /home/nava/microros_ws/install/micro_ros_demos_rclc/lib/micro_ros_demos_rclc/ping_pong/ping_pong
-- Up-to-date: /home/nava/microros_ws/install/micro_ros_demos_rclc/lib/micro_ros_demos_rclc/int32_publisher_subscriber
-- Up-to-date: /home/nava/microros_ws/install/micro_ros_demos_rclc/lib/micro_ros_demos_rclc/int32_publisher_subscriber/int32_publisher_subscriber
-- Up-to-date: /home/nava/microros_ws/install/micro_ros_demos_rclc/lib/micro_ros_demos_rclc/configured_publisher
-- Up-to-date: /home/nava/microros_ws/install/micro_ros_demos_rclc/lib/micro_ros_demos_rclc/configured_publisher/configured_publisher
-- Up-to-date: /home/nava/microros_ws/install/micro_ros_demos_rclc/lib/micro_ros_demos_rclc/string_publisher
-- Up-to-date: /home/nava/microros_ws/install/micro_ros_demos_rclc/lib/micro_ros_demos_rclc/string_publisher/string_publisher
-- Up-to-date: /home/nava/microros_ws/install/micro_ros_demos_rclc/lib/micro_ros_demos_rclc/static_type_handling
-- Up-to-date: /home/nava/microros_ws/install/micro_ros_demos_rclc/lib/micro_ros_demos_rclc/static_type_handling/static_type_handling
-- Up-to-date: /home/nava/microros_ws/install/micro_ros_demos_rclc/lib/micro_ros_demos_rclc/fibonacci_action_server
-- Up-to-date: /home/nava/microros_ws/install/micro_ros_demos_rclc/lib/micro_ros_demos_rclc/fibonacci_action_server/fibonacci_action_server
-- Up-to-date: /home/nava/microros_ws/install/micro_ros_demos_rclc/lib/micro_ros_demos_rclc/subscription_count
-- Up-to-date: /home/nava/microros_ws/install/micro_ros_demos_rclc/lib/micro_ros_demos_rclc/subscription_count/subscription_count
-- Up-to-date: /home/nava/microros_ws/install/micro_ros_demos_rclc/lib/micro_ros_demos_rclc/publisher_count
-- Up-to-date: /home/nava/microros_ws/install/micro_ros_demos_rclc/lib/micro_ros_demos_rclc/publisher_count/publisher_count
-- Up-to-date: /home/nava/microros_ws/install/micro_ros_demos_rclc/lib/micro_ros_demos_rclc/multithread_publisher_subscriber
-- Up-to-date: /home/nava/microros_ws/install/micro_ros_demos_rclc/lib/micro_ros_demos_rclc/multithread_publisher_subscriber/multithread_publisher_subscriber
-- Up-to-date: /home/nava/microros_ws/install/micro_ros_demos_rclc/lib/micro_ros_demos_rclc/addtwoints_client
-- Up-to-date: /home/nava/microros_ws/install/micro_ros_demos_rclc/lib/micro_ros_demos_rclc/addtwoints_client/addtwoints_client
-- Up-to-date: /home/nava/microros_ws/install/micro_ros_demos_rclc/lib/micro_ros_demos_rclc/graph_visualizer
-- Up-to-date: /home/nava/microros_ws/install/micro_ros_demos_rclc/lib/micro_ros_demos_rclc/graph_visualizer/graph_visualizer
-- Up-to-date: /home/nava/microros_ws/install/micro_ros_demos_rclc/lib/micro_ros_demos_rclc/complex_msg_subscriber
-- Up-to-date: /home/nava/microros_ws/install/micro_ros_demos_rclc/lib/micro_ros_demos_rclc/complex_msg_subscriber/complex_msg_subscriber
-- Up-to-date: /home/nava/microros_ws/install/micro_ros_demos_rclc/lib/micro_ros_demos_rclc/string_subscriber
-- Up-to-date: /home/nava/microros_ws/install/micro_ros_demos_rclc/lib/micro_ros_demos_rclc/string_subscriber/string_subscriber
-- Up-to-date: /home/nava/microros_ws/install/micro_ros_demos_rclc/share/ament_index/resource_index/package_run_dependencies/micro_ros_demos_rclc
-- Installing: /home/nava/microros_ws/install/micro_ros_demos_rclc/share/ament_index/resource_index/parent_prefix_path/micro_ros_demos_rclc
-- Up-to-date: /home/nava/microros_ws/install/micro_ros_demos_rclc/share/micro_ros_demos_rclc/environment/ament_prefix_path.sh
-- Up-to-date: /home/nava/microros_ws/install/micro_ros_demos_rclc/share/micro_ros_demos_rclc/environment/ament_prefix_path.dsv
-- Up-to-date: /home/nava/microros_ws/install/micro_ros_demos_rclc/share/micro_ros_demos_rclc/environment/path.sh
-- Up-to-date: /home/nava/microros_ws/install/micro_ros_demos_rclc/share/micro_ros_demos_rclc/environment/path.dsv
-- Up-to-date: /home/nava/microros_ws/install/micro_ros_demos_rclc/share/micro_ros_demos_rclc/local_setup.bash
-- Up-to-date: /home/nava/microros_ws/install/micro_ros_demos_rclc/share/micro_ros_demos_rclc/local_setup.sh
-- Up-to-date: /home/nava/microros_ws/install/micro_ros_demos_rclc/share/micro_ros_demos_rclc/local_setup.zsh
-- Up-to-date: /home/nava/microros_ws/install/micro_ros_demos_rclc/share/micro_ros_demos_rclc/local_setup.dsv
-- Installing: /home/nava/microros_ws/install/micro_ros_demos_rclc/share/micro_ros_demos_rclc/package.dsv
-- Up-to-date: /home/nava/microros_ws/install/micro_ros_demos_rclc/share/ament_index/resource_index/packages/micro_ros_demos_rclc
-- Up-to-date: /home/nava/microros_ws/install/micro_ros_demos_rclc/share/micro_ros_demos_rclc/cmake/micro_ros_demos_rclcConfig.cmake
-- Up-to-date: /home/nava/microros_ws/install/micro_ros_demos_rclc/share/micro_ros_demos_rclc/cmake/micro_ros_demos_rclcConfig-version.cmake
-- Up-to-date: /home/nava/microros_ws/install/micro_ros_demos_rclc/share/micro_ros_demos_rclc/package.xml
