[0.054s] Invoking command in '/home/nava/microros_ws/build/micro_ros_demos_rclc': CMAKE_PREFIX_PATH=/home/nava/microros_ws/install/visualization_msgs:/home/nava/microros_ws/install/sensor_msgs:/home/nava/microros_ws/install/rmw_microxrcedds:/home/nava/microros_ws/install/rclc_parameter:/home/nava/microros_ws/install/rosidl_typesupport_microxrcedds_cpp:/home/nava/microros_ws/install/rclc:/home/nava/microros_ws/install/geometry_msgs:/home/nava/microros_ws/install/test_msgs:/home/nava/microros_ws/install/std_msgs:/home/nava/microros_ws/install/rosidl_typesupport_microxrcedds_c:/home/nava/microros_ws/install/rcl_interfaces:/home/nava/microros_ws/install/microxrcedds_client:/home/nava/microros_ws/install/complex_msgs:/home/nava/microros_ws/install/test_interface_files:/home/nava/microros_ws/install/microcdr:/home/nava/microros_ws/install/micro_ros_utilities:/home/nava/microros_ws/install/micro_ros_msgs:/home/nava/microros_ws/install/example_interfaces:/home/nava/microros_ws/install/builtin_interfaces:/home/nava/microros_ws/install/micro_ros_demos_rclc:/home/nava/microros_ws/install/common_interfaces:/home/nava/microros_ws/install/action_msgs:/home/nava/microros_ws/install/unique_identifier_msgs:/home/nava/microros_ws/install/type_description_interfaces:/home/nava/microros_ws/install/trajectory_msgs:/home/nava/microros_ws/install/stereo_msgs:/home/nava/microros_ws/install/std_srvs:/home/nava/microros_ws/install/shape_msgs:/home/nava/microros_ws/install/nav_msgs:/home/nava/microros_ws/install/diagnostic_msgs:/home/nava/microros_ws/install/actionlib_msgs:/home/nava/microros_ws/install/statistics_msgs:/home/nava/microros_ws/install/service_msgs:/home/nava/microros_ws/install/rosidl_typesupport_microxrcedds_test_msg:/home/nava/microros_ws/install/rosidl_typesupport_microxrcedds_cpp_tests:/home/nava/microros_ws/install/rosidl_typesupport_microxrcedds_c_tests:/home/nava/microros_ws/install/rosgraph_msgs:/home/nava/microros_ws/install/composition_interfaces:/home/nava/microros_ws/install/micro_ros_setup:/home/nava/microros_ws/install/micro_ros_agent:/home/nava/microros_ws/install/lifecycle_msgs:/opt/ros/jazzy/opt/gz_sim_vendor:/opt/ros/jazzy/opt/gz_sensors_vendor:/opt/ros/jazzy/opt/gz_physics_vendor:/opt/ros/jazzy/opt/sdformat_vendor:/opt/ros/jazzy/opt/gz_gui_vendor:/opt/ros/jazzy/opt/gz_transport_vendor:/opt/ros/jazzy/opt/gz_rendering_vendor:/opt/ros/jazzy/opt/gz_plugin_vendor:/opt/ros/jazzy/opt/gz_fuel_tools_vendor:/opt/ros/jazzy/opt/gz_msgs_vendor:/opt/ros/jazzy/opt/gz_common_vendor:/opt/ros/jazzy/opt/gz_math_vendor:/opt/ros/jazzy/opt/gz_utils_vendor:/opt/ros/jazzy/opt/gz_tools_vendor:/opt/ros/jazzy/opt/gz_ogre_next_vendor:/opt/ros/jazzy/opt/gz_dartsim_vendor:/opt/ros/jazzy/opt/gz_cmake_vendor:/home/nava/microros_ws/install/sensor_msgs_py:/opt/ros/jazzy DEBUGINFOD_URLS=https://debuginfod.ubuntu.com LD_LIBRARY_PATH=/home/nava/microros_ws/install/visualization_msgs/lib:/home/nava/microros_ws/install/sensor_msgs/lib:/home/nava/microros_ws/install/rmw_microxrcedds/lib:/home/nava/microros_ws/install/rclc_parameter/lib:/home/nava/microros_ws/install/rosidl_typesupport_microxrcedds_cpp/lib:/home/nava/microros_ws/install/rclc/lib:/home/nava/microros_ws/install/geometry_msgs/lib:/home/nava/microros_ws/install/test_msgs/lib:/home/nava/microros_ws/install/std_msgs/lib:/home/nava/microros_ws/install/rosidl_typesupport_microxrcedds_c/lib:/home/nava/microros_ws/install/rcl_interfaces/lib:/home/nava/microros_ws/install/microxrcedds_client/lib:/home/nava/microros_ws/install/complex_msgs/lib:/home/nava/microros_ws/install/microcdr/lib:/home/nava/microros_ws/install/micro_ros_utilities/lib:/home/nava/microros_ws/install/micro_ros_msgs/lib:/home/nava/microros_ws/install/example_interfaces/lib:/home/nava/microros_ws/install/builtin_interfaces/lib:/home/nava/microros_ws/install/action_msgs/lib:/home/nava/microros_ws/install/unique_identifier_msgs/lib:/home/nava/microros_ws/install/type_description_interfaces/lib:/home/nava/microros_ws/install/trajectory_msgs/lib:/home/nava/microros_ws/install/stereo_msgs/lib:/home/nava/microros_ws/install/std_srvs/lib:/home/nava/microros_ws/install/shape_msgs/lib:/home/nava/microros_ws/install/nav_msgs/lib:/home/nava/microros_ws/install/diagnostic_msgs/lib:/home/nava/microros_ws/install/actionlib_msgs/lib:/home/nava/microros_ws/install/statistics_msgs/lib:/home/nava/microros_ws/install/service_msgs/lib:/home/nava/microros_ws/install/rosgraph_msgs/lib:/home/nava/microros_ws/install/composition_interfaces/lib:/home/nava/microros_ws/install/micro_ros_agent/lib:/home/nava/microros_ws/install/lifecycle_msgs/lib:/opt/ros/jazzy/opt/gz_sim_vendor/lib:/opt/ros/jazzy/opt/gz_sensors_vendor/lib:/opt/ros/jazzy/opt/gz_physics_vendor/lib:/opt/ros/jazzy/opt/sdformat_vendor/lib:/opt/ros/jazzy/opt/rviz_ogre_vendor/lib:/opt/ros/jazzy/lib/x86_64-linux-gnu:/opt/ros/jazzy/opt/gz_gui_vendor/lib:/opt/ros/jazzy/opt/gz_transport_vendor/lib:/opt/ros/jazzy/opt/gz_rendering_vendor/lib:/opt/ros/jazzy/opt/gz_plugin_vendor/lib:/opt/ros/jazzy/opt/gz_fuel_tools_vendor/lib:/opt/ros/jazzy/opt/gz_msgs_vendor/lib:/opt/ros/jazzy/opt/gz_common_vendor/lib:/opt/ros/jazzy/opt/gz_math_vendor/lib:/opt/ros/jazzy/opt/gz_utils_vendor/lib:/opt/ros/jazzy/opt/gz_tools_vendor/lib:/opt/ros/jazzy/opt/gz_ogre_next_vendor/lib:/opt/ros/jazzy/opt/gz_dartsim_vendor/lib:/opt/ros/jazzy/opt/gz_cmake_vendor/lib:/opt/ros/jazzy/lib PYTHONPATH=/home/nava/microros_ws/install/visualization_msgs/lib/python3.12/site-packages:/home/nava/microros_ws/install/sensor_msgs/lib/python3.12/site-packages:/home/nava/microros_ws/install/rosidl_typesupport_microxrcedds_cpp/lib/python3.12/site-packages:/home/nava/microros_ws/install/geometry_msgs/lib/python3.12/site-packages:/home/nava/microros_ws/install/test_msgs/lib/python3.12/site-packages:/home/nava/microros_ws/install/std_msgs/lib/python3.12/site-packages:/home/nava/microros_ws/install/rosidl_typesupport_microxrcedds_c/lib/python3.12/site-packages:/home/nava/microros_ws/install/rcl_interfaces/lib/python3.12/site-packages:/home/nava/microros_ws/install/complex_msgs/lib/python3.12/site-packages:/home/nava/microros_ws/install/micro_ros_msgs/lib/python3.12/site-packages:/home/nava/microros_ws/install/example_interfaces/lib/python3.12/site-packages:/home/nava/microros_ws/install/builtin_interfaces/lib/python3.12/site-packages:/home/nava/microros_ws/install/action_msgs/lib/python3.12/site-packages:/home/nava/microros_ws/install/unique_identifier_msgs/lib/python3.12/site-packages:/home/nava/microros_ws/install/type_description_interfaces/lib/python3.12/site-packages:/home/nava/microros_ws/install/trajectory_msgs/lib/python3.12/site-packages:/home/nava/microros_ws/install/stereo_msgs/lib/python3.12/site-packages:/home/nava/microros_ws/install/std_srvs/lib/python3.12/site-packages:/home/nava/microros_ws/install/shape_msgs/lib/python3.12/site-packages:/home/nava/microros_ws/install/sensor_msgs_py/lib/python3.12/site-packages:/home/nava/microros_ws/install/nav_msgs/lib/python3.12/site-packages:/home/nava/microros_ws/install/diagnostic_msgs/lib/python3.12/site-packages:/home/nava/microros_ws/install/actionlib_msgs/lib/python3.12/site-packages:/home/nava/microros_ws/install/statistics_msgs/lib/python3.12/site-packages:/home/nava/microros_ws/install/service_msgs/lib/python3.12/site-packages:/home/nava/microros_ws/install/rosgraph_msgs/lib/python3.12/site-packages:/home/nava/microros_ws/install/composition_interfaces/lib/python3.12/site-packages:/home/nava/microros_ws/install/lifecycle_msgs/lib/python3.12/site-packages:/opt/ros/jazzy/lib/python3.12/site-packages /usr/bin/cmake /home/nava/microros_ws/src/uros/micro-ROS-demos/rclc -DCMAKE_INSTALL_PREFIX=/home/nava/microros_ws/install/micro_ros_demos_rclc
[0.066s] -- Found ament_cmake: 2.5.4 (/opt/ros/jazzy/share/ament_cmake/cmake)
[0.626s] -- Configuring done (0.6s)
[0.678s] -- Generating done (0.0s)
[0.686s] -- Build files have been written to: /home/nava/microros_ws/build/micro_ros_demos_rclc
[0.693s] Invoked command in '/home/nava/microros_ws/build/micro_ros_demos_rclc' returned '0': CMAKE_PREFIX_PATH=/home/nava/microros_ws/install/visualization_msgs:/home/nava/microros_ws/install/sensor_msgs:/home/nava/microros_ws/install/rmw_microxrcedds:/home/nava/microros_ws/install/rclc_parameter:/home/nava/microros_ws/install/rosidl_typesupport_microxrcedds_cpp:/home/nava/microros_ws/install/rclc:/home/nava/microros_ws/install/geometry_msgs:/home/nava/microros_ws/install/test_msgs:/home/nava/microros_ws/install/std_msgs:/home/nava/microros_ws/install/rosidl_typesupport_microxrcedds_c:/home/nava/microros_ws/install/rcl_interfaces:/home/nava/microros_ws/install/microxrcedds_client:/home/nava/microros_ws/install/complex_msgs:/home/nava/microros_ws/install/test_interface_files:/home/nava/microros_ws/install/microcdr:/home/nava/microros_ws/install/micro_ros_utilities:/home/nava/microros_ws/install/micro_ros_msgs:/home/nava/microros_ws/install/example_interfaces:/home/nava/microros_ws/install/builtin_interfaces:/home/nava/microros_ws/install/micro_ros_demos_rclc:/home/nava/microros_ws/install/common_interfaces:/home/nava/microros_ws/install/action_msgs:/home/nava/microros_ws/install/unique_identifier_msgs:/home/nava/microros_ws/install/type_description_interfaces:/home/nava/microros_ws/install/trajectory_msgs:/home/nava/microros_ws/install/stereo_msgs:/home/nava/microros_ws/install/std_srvs:/home/nava/microros_ws/install/shape_msgs:/home/nava/microros_ws/install/nav_msgs:/home/nava/microros_ws/install/diagnostic_msgs:/home/nava/microros_ws/install/actionlib_msgs:/home/nava/microros_ws/install/statistics_msgs:/home/nava/microros_ws/install/service_msgs:/home/nava/microros_ws/install/rosidl_typesupport_microxrcedds_test_msg:/home/nava/microros_ws/install/rosidl_typesupport_microxrcedds_cpp_tests:/home/nava/microros_ws/install/rosidl_typesupport_microxrcedds_c_tests:/home/nava/microros_ws/install/rosgraph_msgs:/home/nava/microros_ws/install/composition_interfaces:/home/nava/microros_ws/install/micro_ros_setup:/home/nava/microros_ws/install/micro_ros_agent:/home/nava/microros_ws/install/lifecycle_msgs:/opt/ros/jazzy/opt/gz_sim_vendor:/opt/ros/jazzy/opt/gz_sensors_vendor:/opt/ros/jazzy/opt/gz_physics_vendor:/opt/ros/jazzy/opt/sdformat_vendor:/opt/ros/jazzy/opt/gz_gui_vendor:/opt/ros/jazzy/opt/gz_transport_vendor:/opt/ros/jazzy/opt/gz_rendering_vendor:/opt/ros/jazzy/opt/gz_plugin_vendor:/opt/ros/jazzy/opt/gz_fuel_tools_vendor:/opt/ros/jazzy/opt/gz_msgs_vendor:/opt/ros/jazzy/opt/gz_common_vendor:/opt/ros/jazzy/opt/gz_math_vendor:/opt/ros/jazzy/opt/gz_utils_vendor:/opt/ros/jazzy/opt/gz_tools_vendor:/opt/ros/jazzy/opt/gz_ogre_next_vendor:/opt/ros/jazzy/opt/gz_dartsim_vendor:/opt/ros/jazzy/opt/gz_cmake_vendor:/home/nava/microros_ws/install/sensor_msgs_py:/opt/ros/jazzy DEBUGINFOD_URLS=https://debuginfod.ubuntu.com LD_LIBRARY_PATH=/home/nava/microros_ws/install/visualization_msgs/lib:/home/nava/microros_ws/install/sensor_msgs/lib:/home/nava/microros_ws/install/rmw_microxrcedds/lib:/home/nava/microros_ws/install/rclc_parameter/lib:/home/nava/microros_ws/install/rosidl_typesupport_microxrcedds_cpp/lib:/home/nava/microros_ws/install/rclc/lib:/home/nava/microros_ws/install/geometry_msgs/lib:/home/nava/microros_ws/install/test_msgs/lib:/home/nava/microros_ws/install/std_msgs/lib:/home/nava/microros_ws/install/rosidl_typesupport_microxrcedds_c/lib:/home/nava/microros_ws/install/rcl_interfaces/lib:/home/nava/microros_ws/install/microxrcedds_client/lib:/home/nava/microros_ws/install/complex_msgs/lib:/home/nava/microros_ws/install/microcdr/lib:/home/nava/microros_ws/install/micro_ros_utilities/lib:/home/nava/microros_ws/install/micro_ros_msgs/lib:/home/nava/microros_ws/install/example_interfaces/lib:/home/nava/microros_ws/install/builtin_interfaces/lib:/home/nava/microros_ws/install/action_msgs/lib:/home/nava/microros_ws/install/unique_identifier_msgs/lib:/home/nava/microros_ws/install/type_description_interfaces/lib:/home/nava/microros_ws/install/trajectory_msgs/lib:/home/nava/microros_ws/install/stereo_msgs/lib:/home/nava/microros_ws/install/std_srvs/lib:/home/nava/microros_ws/install/shape_msgs/lib:/home/nava/microros_ws/install/nav_msgs/lib:/home/nava/microros_ws/install/diagnostic_msgs/lib:/home/nava/microros_ws/install/actionlib_msgs/lib:/home/nava/microros_ws/install/statistics_msgs/lib:/home/nava/microros_ws/install/service_msgs/lib:/home/nava/microros_ws/install/rosgraph_msgs/lib:/home/nava/microros_ws/install/composition_interfaces/lib:/home/nava/microros_ws/install/micro_ros_agent/lib:/home/nava/microros_ws/install/lifecycle_msgs/lib:/opt/ros/jazzy/opt/gz_sim_vendor/lib:/opt/ros/jazzy/opt/gz_sensors_vendor/lib:/opt/ros/jazzy/opt/gz_physics_vendor/lib:/opt/ros/jazzy/opt/sdformat_vendor/lib:/opt/ros/jazzy/opt/rviz_ogre_vendor/lib:/opt/ros/jazzy/lib/x86_64-linux-gnu:/opt/ros/jazzy/opt/gz_gui_vendor/lib:/opt/ros/jazzy/opt/gz_transport_vendor/lib:/opt/ros/jazzy/opt/gz_rendering_vendor/lib:/opt/ros/jazzy/opt/gz_plugin_vendor/lib:/opt/ros/jazzy/opt/gz_fuel_tools_vendor/lib:/opt/ros/jazzy/opt/gz_msgs_vendor/lib:/opt/ros/jazzy/opt/gz_common_vendor/lib:/opt/ros/jazzy/opt/gz_math_vendor/lib:/opt/ros/jazzy/opt/gz_utils_vendor/lib:/opt/ros/jazzy/opt/gz_tools_vendor/lib:/opt/ros/jazzy/opt/gz_ogre_next_vendor/lib:/opt/ros/jazzy/opt/gz_dartsim_vendor/lib:/opt/ros/jazzy/opt/gz_cmake_vendor/lib:/opt/ros/jazzy/lib PYTHONPATH=/home/nava/microros_ws/install/visualization_msgs/lib/python3.12/site-packages:/home/nava/microros_ws/install/sensor_msgs/lib/python3.12/site-packages:/home/nava/microros_ws/install/rosidl_typesupport_microxrcedds_cpp/lib/python3.12/site-packages:/home/nava/microros_ws/install/geometry_msgs/lib/python3.12/site-packages:/home/nava/microros_ws/install/test_msgs/lib/python3.12/site-packages:/home/nava/microros_ws/install/std_msgs/lib/python3.12/site-packages:/home/nava/microros_ws/install/rosidl_typesupport_microxrcedds_c/lib/python3.12/site-packages:/home/nava/microros_ws/install/rcl_interfaces/lib/python3.12/site-packages:/home/nava/microros_ws/install/complex_msgs/lib/python3.12/site-packages:/home/nava/microros_ws/install/micro_ros_msgs/lib/python3.12/site-packages:/home/nava/microros_ws/install/example_interfaces/lib/python3.12/site-packages:/home/nava/microros_ws/install/builtin_interfaces/lib/python3.12/site-packages:/home/nava/microros_ws/install/action_msgs/lib/python3.12/site-packages:/home/nava/microros_ws/install/unique_identifier_msgs/lib/python3.12/site-packages:/home/nava/microros_ws/install/type_description_interfaces/lib/python3.12/site-packages:/home/nava/microros_ws/install/trajectory_msgs/lib/python3.12/site-packages:/home/nava/microros_ws/install/stereo_msgs/lib/python3.12/site-packages:/home/nava/microros_ws/install/std_srvs/lib/python3.12/site-packages:/home/nava/microros_ws/install/shape_msgs/lib/python3.12/site-packages:/home/nava/microros_ws/install/sensor_msgs_py/lib/python3.12/site-packages:/home/nava/microros_ws/install/nav_msgs/lib/python3.12/site-packages:/home/nava/microros_ws/install/diagnostic_msgs/lib/python3.12/site-packages:/home/nava/microros_ws/install/actionlib_msgs/lib/python3.12/site-packages:/home/nava/microros_ws/install/statistics_msgs/lib/python3.12/site-packages:/home/nava/microros_ws/install/service_msgs/lib/python3.12/site-packages:/home/nava/microros_ws/install/rosgraph_msgs/lib/python3.12/site-packages:/home/nava/microros_ws/install/composition_interfaces/lib/python3.12/site-packages:/home/nava/microros_ws/install/lifecycle_msgs/lib/python3.12/site-packages:/opt/ros/jazzy/lib/python3.12/site-packages /usr/bin/cmake /home/nava/microros_ws/src/uros/micro-ROS-demos/rclc -DCMAKE_INSTALL_PREFIX=/home/nava/microros_ws/install/micro_ros_demos_rclc
[0.693s] Invoking command in '/home/nava/microros_ws/build/micro_ros_demos_rclc': CMAKE_PREFIX_PATH=/home/nava/microros_ws/install/visualization_msgs:/home/nava/microros_ws/install/sensor_msgs:/home/nava/microros_ws/install/rmw_microxrcedds:/home/nava/microros_ws/install/rclc_parameter:/home/nava/microros_ws/install/rosidl_typesupport_microxrcedds_cpp:/home/nava/microros_ws/install/rclc:/home/nava/microros_ws/install/geometry_msgs:/home/nava/microros_ws/install/test_msgs:/home/nava/microros_ws/install/std_msgs:/home/nava/microros_ws/install/rosidl_typesupport_microxrcedds_c:/home/nava/microros_ws/install/rcl_interfaces:/home/nava/microros_ws/install/microxrcedds_client:/home/nava/microros_ws/install/complex_msgs:/home/nava/microros_ws/install/test_interface_files:/home/nava/microros_ws/install/microcdr:/home/nava/microros_ws/install/micro_ros_utilities:/home/nava/microros_ws/install/micro_ros_msgs:/home/nava/microros_ws/install/example_interfaces:/home/nava/microros_ws/install/builtin_interfaces:/home/nava/microros_ws/install/micro_ros_demos_rclc:/home/nava/microros_ws/install/common_interfaces:/home/nava/microros_ws/install/action_msgs:/home/nava/microros_ws/install/unique_identifier_msgs:/home/nava/microros_ws/install/type_description_interfaces:/home/nava/microros_ws/install/trajectory_msgs:/home/nava/microros_ws/install/stereo_msgs:/home/nava/microros_ws/install/std_srvs:/home/nava/microros_ws/install/shape_msgs:/home/nava/microros_ws/install/nav_msgs:/home/nava/microros_ws/install/diagnostic_msgs:/home/nava/microros_ws/install/actionlib_msgs:/home/nava/microros_ws/install/statistics_msgs:/home/nava/microros_ws/install/service_msgs:/home/nava/microros_ws/install/rosidl_typesupport_microxrcedds_test_msg:/home/nava/microros_ws/install/rosidl_typesupport_microxrcedds_cpp_tests:/home/nava/microros_ws/install/rosidl_typesupport_microxrcedds_c_tests:/home/nava/microros_ws/install/rosgraph_msgs:/home/nava/microros_ws/install/composition_interfaces:/home/nava/microros_ws/install/micro_ros_setup:/home/nava/microros_ws/install/micro_ros_agent:/home/nava/microros_ws/install/lifecycle_msgs:/opt/ros/jazzy/opt/gz_sim_vendor:/opt/ros/jazzy/opt/gz_sensors_vendor:/opt/ros/jazzy/opt/gz_physics_vendor:/opt/ros/jazzy/opt/sdformat_vendor:/opt/ros/jazzy/opt/gz_gui_vendor:/opt/ros/jazzy/opt/gz_transport_vendor:/opt/ros/jazzy/opt/gz_rendering_vendor:/opt/ros/jazzy/opt/gz_plugin_vendor:/opt/ros/jazzy/opt/gz_fuel_tools_vendor:/opt/ros/jazzy/opt/gz_msgs_vendor:/opt/ros/jazzy/opt/gz_common_vendor:/opt/ros/jazzy/opt/gz_math_vendor:/opt/ros/jazzy/opt/gz_utils_vendor:/opt/ros/jazzy/opt/gz_tools_vendor:/opt/ros/jazzy/opt/gz_ogre_next_vendor:/opt/ros/jazzy/opt/gz_dartsim_vendor:/opt/ros/jazzy/opt/gz_cmake_vendor:/home/nava/microros_ws/install/sensor_msgs_py:/opt/ros/jazzy DEBUGINFOD_URLS=https://debuginfod.ubuntu.com LD_LIBRARY_PATH=/home/nava/microros_ws/install/visualization_msgs/lib:/home/nava/microros_ws/install/sensor_msgs/lib:/home/nava/microros_ws/install/rmw_microxrcedds/lib:/home/nava/microros_ws/install/rclc_parameter/lib:/home/nava/microros_ws/install/rosidl_typesupport_microxrcedds_cpp/lib:/home/nava/microros_ws/install/rclc/lib:/home/nava/microros_ws/install/geometry_msgs/lib:/home/nava/microros_ws/install/test_msgs/lib:/home/nava/microros_ws/install/std_msgs/lib:/home/nava/microros_ws/install/rosidl_typesupport_microxrcedds_c/lib:/home/nava/microros_ws/install/rcl_interfaces/lib:/home/nava/microros_ws/install/microxrcedds_client/lib:/home/nava/microros_ws/install/complex_msgs/lib:/home/nava/microros_ws/install/microcdr/lib:/home/nava/microros_ws/install/micro_ros_utilities/lib:/home/nava/microros_ws/install/micro_ros_msgs/lib:/home/nava/microros_ws/install/example_interfaces/lib:/home/nava/microros_ws/install/builtin_interfaces/lib:/home/nava/microros_ws/install/action_msgs/lib:/home/nava/microros_ws/install/unique_identifier_msgs/lib:/home/nava/microros_ws/install/type_description_interfaces/lib:/home/nava/microros_ws/install/trajectory_msgs/lib:/home/nava/microros_ws/install/stereo_msgs/lib:/home/nava/microros_ws/install/std_srvs/lib:/home/nava/microros_ws/install/shape_msgs/lib:/home/nava/microros_ws/install/nav_msgs/lib:/home/nava/microros_ws/install/diagnostic_msgs/lib:/home/nava/microros_ws/install/actionlib_msgs/lib:/home/nava/microros_ws/install/statistics_msgs/lib:/home/nava/microros_ws/install/service_msgs/lib:/home/nava/microros_ws/install/rosgraph_msgs/lib:/home/nava/microros_ws/install/composition_interfaces/lib:/home/nava/microros_ws/install/micro_ros_agent/lib:/home/nava/microros_ws/install/lifecycle_msgs/lib:/opt/ros/jazzy/opt/gz_sim_vendor/lib:/opt/ros/jazzy/opt/gz_sensors_vendor/lib:/opt/ros/jazzy/opt/gz_physics_vendor/lib:/opt/ros/jazzy/opt/sdformat_vendor/lib:/opt/ros/jazzy/opt/rviz_ogre_vendor/lib:/opt/ros/jazzy/lib/x86_64-linux-gnu:/opt/ros/jazzy/opt/gz_gui_vendor/lib:/opt/ros/jazzy/opt/gz_transport_vendor/lib:/opt/ros/jazzy/opt/gz_rendering_vendor/lib:/opt/ros/jazzy/opt/gz_plugin_vendor/lib:/opt/ros/jazzy/opt/gz_fuel_tools_vendor/lib:/opt/ros/jazzy/opt/gz_msgs_vendor/lib:/opt/ros/jazzy/opt/gz_common_vendor/lib:/opt/ros/jazzy/opt/gz_math_vendor/lib:/opt/ros/jazzy/opt/gz_utils_vendor/lib:/opt/ros/jazzy/opt/gz_tools_vendor/lib:/opt/ros/jazzy/opt/gz_ogre_next_vendor/lib:/opt/ros/jazzy/opt/gz_dartsim_vendor/lib:/opt/ros/jazzy/opt/gz_cmake_vendor/lib:/opt/ros/jazzy/lib PYTHONPATH=/home/nava/microros_ws/install/visualization_msgs/lib/python3.12/site-packages:/home/nava/microros_ws/install/sensor_msgs/lib/python3.12/site-packages:/home/nava/microros_ws/install/rosidl_typesupport_microxrcedds_cpp/lib/python3.12/site-packages:/home/nava/microros_ws/install/geometry_msgs/lib/python3.12/site-packages:/home/nava/microros_ws/install/test_msgs/lib/python3.12/site-packages:/home/nava/microros_ws/install/std_msgs/lib/python3.12/site-packages:/home/nava/microros_ws/install/rosidl_typesupport_microxrcedds_c/lib/python3.12/site-packages:/home/nava/microros_ws/install/rcl_interfaces/lib/python3.12/site-packages:/home/nava/microros_ws/install/complex_msgs/lib/python3.12/site-packages:/home/nava/microros_ws/install/micro_ros_msgs/lib/python3.12/site-packages:/home/nava/microros_ws/install/example_interfaces/lib/python3.12/site-packages:/home/nava/microros_ws/install/builtin_interfaces/lib/python3.12/site-packages:/home/nava/microros_ws/install/action_msgs/lib/python3.12/site-packages:/home/nava/microros_ws/install/unique_identifier_msgs/lib/python3.12/site-packages:/home/nava/microros_ws/install/type_description_interfaces/lib/python3.12/site-packages:/home/nava/microros_ws/install/trajectory_msgs/lib/python3.12/site-packages:/home/nava/microros_ws/install/stereo_msgs/lib/python3.12/site-packages:/home/nava/microros_ws/install/std_srvs/lib/python3.12/site-packages:/home/nava/microros_ws/install/shape_msgs/lib/python3.12/site-packages:/home/nava/microros_ws/install/sensor_msgs_py/lib/python3.12/site-packages:/home/nava/microros_ws/install/nav_msgs/lib/python3.12/site-packages:/home/nava/microros_ws/install/diagnostic_msgs/lib/python3.12/site-packages:/home/nava/microros_ws/install/actionlib_msgs/lib/python3.12/site-packages:/home/nava/microros_ws/install/statistics_msgs/lib/python3.12/site-packages:/home/nava/microros_ws/install/service_msgs/lib/python3.12/site-packages:/home/nava/microros_ws/install/rosgraph_msgs/lib/python3.12/site-packages:/home/nava/microros_ws/install/composition_interfaces/lib/python3.12/site-packages:/home/nava/microros_ws/install/lifecycle_msgs/lib/python3.12/site-packages:/opt/ros/jazzy/lib/python3.12/site-packages /usr/bin/cmake --build /home/nava/microros_ws/build/micro_ros_demos_rclc -- -j12 -l12
[0.767s] [  1%] [34m[1mPerforming build step for 'graph_visualizer'[0m
[0.767s] [  2%] [34m[1mPerforming build step for 'int32_subscriber'[0m
[0.768s] [  2%] [34m[1mPerforming build step for 'subscription_count'[0m
[0.768s] [  3%] [34m[1mPerforming build step for 'configured_publisher'[0m
[0.768s] [  3%] [34m[1mPerforming build step for 'fibonacci_action_client'[0m
[0.770s] [  3%] [34m[1mPerforming build step for 'publisher_count'[0m
[0.770s] [  5%] [34m[1mPerforming build step for 'int32_multinode'[0m
[0.770s] [  5%] [34m[1mPerforming build step for 'configured_subscriber'[0m
[0.774s] [  5%] [34m[1mPerforming build step for 'int32_publisher'[0m
[0.776s] [  6%] [34m[1mPerforming build step for 'fibonacci_action_server'[0m
[0.776s] [  6%] [34m[1mPerforming build step for 'addtwoints_client'[0m
[0.780s] [  6%] [34m[1mPerforming build step for 'addtwoints_server'[0m
[0.852s] [100%] Built target int32_subscriber
[0.864s] [100%] Built target configured_subscriber
[0.864s] [100%] Built target subscription_count
[0.871s] [100%] Built target fibonacci_action_client
[0.871s] [100%] Built target graph_visualizer
[0.871s] [100%] Built target configured_publisher
[0.871s] [100%] Built target publisher_count
[0.871s] [100%] Built target int32_multinode
[0.878s] [100%] Built target addtwoints_client
[0.880s] [100%] Built target fibonacci_action_server
[0.889s] [  6%] [34m[1mPerforming install step for 'int32_subscriber'[0m
[0.891s] [100%] Built target addtwoints_server
[0.892s] [100%] Built target int32_publisher
[0.895s] [  6%] [34m[1mPerforming install step for 'configured_subscriber'[0m
[0.902s] [  6%] [34m[1mPerforming install step for 'int32_multinode'[0m
[0.903s] [  6%] [34m[1mPerforming install step for 'subscription_count'[0m
[0.903s] [  6%] [34m[1mPerforming install step for 'fibonacci_action_client'[0m
[0.904s] [  6%] [34m[1mPerforming install step for 'graph_visualizer'[0m
[0.908s] [  7%] [34m[1mPerforming install step for 'addtwoints_client'[0m
[0.911s] [  7%] [34m[1mPerforming install step for 'configured_publisher'[0m
[0.912s] [  8%] [34m[1mPerforming install step for 'publisher_count'[0m
[0.920s] [  8%] [34m[1mPerforming install step for 'fibonacci_action_server'[0m
[0.920s] [  9%] [34m[1mPerforming install step for 'addtwoints_server'[0m
[0.928s] [ 10%] [34m[1mPerforming install step for 'int32_publisher'[0m
[0.965s] [100%] Built target int32_subscriber
[0.982s] [100%] Built target configured_subscriber
[0.989s] [100%] Built target int32_multinode
[0.992s] [100%] Built target graph_visualizer
[0.992s] [100%] Built target fibonacci_action_client
[0.996s] [100%] Built target publisher_count
[1.000s] [100%] Built target subscription_count
[1.000s] [36mInstall the project...[0m
[1.002s] [100%] Built target fibonacci_action_server
[1.011s] [100%] Built target configured_publisher
[1.013s] [100%] Built target addtwoints_client
[1.013s] [100%] Built target addtwoints_server
[1.020s] -- Install configuration: ""
[1.025s] -- Up-to-date: /home/nava/microros_ws/build/micro_ros_demos_rclc/temp_install/int32_subscriber/int32_subscriber
[1.025s] [100%] Built target int32_publisher
[1.028s] [36mInstall the project...[0m
[1.029s] [36mInstall the project...[0m
[1.030s] [36mInstall the project...[0m
[1.032s] [36mInstall the project...[0m
[1.033s] [36mInstall the project...[0m
[1.041s] [36mInstall the project...[0m
[1.041s] [ 10%] [34m[1mCompleted 'int32_subscriber'[0m
[1.043s] -- Install configuration: ""
[1.044s] -- Up-to-date: /home/nava/microros_ws/build/micro_ros_demos_rclc/temp_install/configured_subscriber/configured_subscriber
[1.045s] [36mInstall the project...[0m
[1.045s] [36mInstall the project...[0m
[1.046s] -- Install configuration: ""
[1.046s] [36mInstall the project...[0m
[1.046s] -- Install configuration: ""
[1.047s] -- Up-to-date: /home/nava/microros_ws/build/micro_ros_demos_rclc/temp_install/fibonacci_action_client/fibonacci_action_client
[1.051s] -- Install configuration: ""
[1.051s] -- Install configuration: ""
[1.052s] -- Up-to-date: /home/nava/microros_ws/build/micro_ros_demos_rclc/temp_install/graph_visualizer/graph_visualizer
[1.052s] [36mInstall the project...[0m
[1.052s] -- Up-to-date: /home/nava/microros_ws/build/micro_ros_demos_rclc/temp_install/int32_multinode/int32_multinode
[1.052s] -- Up-to-date: /home/nava/microros_ws/build/micro_ros_demos_rclc/temp_install/publisher_count/publisher_count
[1.060s] -- Install configuration: ""
[1.060s] [36mInstall the project...[0m
[1.060s] -- Up-to-date: /home/nava/microros_ws/build/micro_ros_demos_rclc/temp_install/fibonacci_action_server/fibonacci_action_server
[1.062s] -- Install configuration: ""
[1.065s] -- Install configuration: ""
[1.065s] -- Install configuration: ""
[1.066s] -- Up-to-date: /home/nava/microros_ws/build/micro_ros_demos_rclc/temp_install/addtwoints_server/addtwoints_server
[1.066s] -- Up-to-date: /home/nava/microros_ws/build/micro_ros_demos_rclc/temp_install/subscription_count/subscription_count
[1.067s] -- Up-to-date: /home/nava/microros_ws/build/micro_ros_demos_rclc/temp_install/addtwoints_client/addtwoints_client
[1.067s] [ 11%] [34m[1mCompleted 'fibonacci_action_client'[0m
[1.067s] [ 11%] [34m[1mCompleted 'configured_subscriber'[0m
[1.067s] -- Install configuration: ""
[1.067s] [ 11%] [34m[1mCompleted 'graph_visualizer'[0m
[1.069s] -- Up-to-date: /home/nava/microros_ws/build/micro_ros_demos_rclc/temp_install/configured_publisher/configured_publisher
[1.069s] [ 11%] [34m[1mCompleted 'int32_multinode'[0m
[1.076s] -- Install configuration: ""
[1.077s] -- Up-to-date: /home/nava/microros_ws/build/micro_ros_demos_rclc/temp_install/int32_publisher/int32_publisher
[1.078s] [ 12%] [34m[1mCompleted 'publisher_count'[0m
[1.080s] [ 12%] [34m[1mCompleted 'fibonacci_action_server'[0m
[1.083s] [ 13%] [34m[1mCompleted 'addtwoints_server'[0m
[1.083s] [ 14%] [34m[1mCompleted 'addtwoints_client'[0m
[1.083s] [ 14%] [34m[1mCompleted 'subscription_count'[0m
[1.087s] [ 14%] [34m[1mCompleted 'configured_publisher'[0m
[1.096s] [ 15%] [34m[1mCompleted 'int32_publisher'[0m
[1.103s] [ 17%] Built target int32_subscriber
[1.126s] [ 20%] Built target fibonacci_action_client
[1.128s] [ 23%] Built target graph_visualizer
[1.128s] [ 25%] Built target configured_subscriber
[1.139s] [ 27%] Built target int32_multinode
[1.142s] [ 30%] Built target fibonacci_action_server
[1.144s] [ 33%] Built target subscription_count
[1.144s] [ 35%] Built target addtwoints_server
[1.144s] [ 36%] [34m[1mPerforming build step for 'int32_publisher_subscriber'[0m
[1.144s] [ 37%] Built target publisher_count
[1.146s] [ 39%] Built target addtwoints_client
[1.161s] [ 43%] Built target configured_publisher
[1.161s] [ 44%] Built target int32_publisher
[1.162s] [ 45%] [34m[1mPerforming build step for 'ping_pong'[0m
[1.164s] [ 46%] [34m[1mPerforming build step for 'ping_uros_agent'[0m
[1.168s] [ 46%] [34m[1mPerforming build step for 'fragmented_publication'[0m
[1.175s] [ 46%] [34m[1mPerforming build step for 'fragmented_subscription'[0m
[1.180s] [ 47%] [34m[1mPerforming build step for 'complex_msg_publisher'[0m
[1.181s] [ 47%] [34m[1mPerforming build step for 'complex_msg_subscriber'[0m
[1.181s] [ 47%] [34m[1mPerforming build step for 'string_subscriber'[0m
[1.182s] [ 48%] [34m[1mPerforming build step for 'string_publisher'[0m
[1.183s] [ 49%] [34m[1mPerforming build step for 'timer'[0m
[1.198s] [ 50%] [34m[1mPerforming build step for 'autodiscover_agent'[0m
[1.198s] [ 51%] [34m[1mPerforming build step for 'static_type_handling'[0m
[1.230s] [100%] Built target int32_publisher_subscriber
[1.252s] [100%] Built target ping_pong
[1.259s] [100%] Built target fragmented_subscription
[1.259s] [100%] Built target fragmented_publication
[1.259s] [100%] Built target ping_uros_agent
[1.261s] [ 51%] [34m[1mPerforming install step for 'int32_publisher_subscriber'[0m
[1.265s] [100%] Built target string_publisher
[1.265s] [100%] Built target complex_msg_subscriber
[1.266s] [100%] Built target complex_msg_publisher
[1.269s] [100%] Built target timer
[1.270s] [100%] Built target string_subscriber
[1.279s] [100%] Built target autodiscover_agent
[1.284s] [ 51%] [34m[1mPerforming install step for 'ping_pong'[0m
[1.287s] [100%] Built target static_type_handling
[1.293s] [ 53%] [34m[1mPerforming install step for 'ping_uros_agent'[0m
[1.293s] [ 53%] [34m[1mPerforming install step for 'fragmented_subscription'[0m
[1.298s] [ 54%] [34m[1mPerforming install step for 'string_publisher'[0m
[1.298s] [ 54%] [34m[1mPerforming install step for 'fragmented_publication'[0m
[1.298s] [ 55%] [34m[1mPerforming install step for 'complex_msg_subscriber'[0m
[1.301s] [ 55%] [34m[1mPerforming install step for 'timer'[0m
[1.306s] [ 56%] [34m[1mPerforming install step for 'complex_msg_publisher'[0m
[1.307s] [ 57%] [34m[1mPerforming install step for 'string_subscriber'[0m
[1.315s] [ 57%] [34m[1mPerforming install step for 'autodiscover_agent'[0m
[1.323s] [ 57%] [34m[1mPerforming install step for 'static_type_handling'[0m
[1.343s] [100%] Built target int32_publisher_subscriber
[1.368s] [100%] Built target ping_pong
[1.373s] [36mInstall the project...[0m
[1.374s] [100%] Built target complex_msg_subscriber
[1.374s] [100%] Built target string_publisher
[1.374s] [100%] Built target ping_uros_agent
[1.374s] [100%] Built target fragmented_subscription
[1.375s] [100%] Built target fragmented_publication
[1.384s] [100%] Built target timer
[1.390s] [100%] Built target complex_msg_publisher
[1.390s] [100%] Built target string_subscriber
[1.390s] -- Install configuration: ""
[1.391s] -- Up-to-date: /home/nava/microros_ws/build/micro_ros_demos_rclc/temp_install/int32_publisher_subscriber/int32_publisher_subscriber
[1.395s] [100%] Built target autodiscover_agent
[1.401s] [36mInstall the project...[0m
[1.405s] [100%] Built target static_type_handling
[1.409s] [36mInstall the project...[0m
[1.409s] [36mInstall the project...[0m
[1.410s] [36mInstall the project...[0m
[1.410s] [36mInstall the project...[0m
[1.410s] [ 58%] [34m[1mCompleted 'int32_publisher_subscriber'[0m
[1.410s] [36mInstall the project...[0m
[1.418s] -- Install configuration: ""
[1.418s] [36mInstall the project...[0m
[1.419s] -- Up-to-date: /home/nava/microros_ws/build/micro_ros_demos_rclc/temp_install/ping_pong/ping_pong
[1.424s] [36mInstall the project...[0m
[1.424s] [36mInstall the project...[0m
[1.424s] -- Install configuration: ""
[1.425s] -- Install configuration: ""
[1.425s] -- Install configuration: ""
[1.425s] -- Install configuration: ""
[1.425s] -- Up-to-date: /home/nava/microros_ws/build/micro_ros_demos_rclc/temp_install/complex_msg_subscriber/complex_msg_subscriber
[1.427s] -- Up-to-date: /home/nava/microros_ws/build/micro_ros_demos_rclc/temp_install/string_publisher/string_publisher
[1.427s] -- Up-to-date: /home/nava/microros_ws/build/micro_ros_demos_rclc/temp_install/ping_uros_agent/ping_uros_agent
[1.427s] -- Up-to-date: /home/nava/microros_ws/build/micro_ros_demos_rclc/temp_install/fragmented_subscription/fragmented_subscription
[1.427s] [36mInstall the project...[0m
[1.428s] -- Install configuration: ""
[1.429s] -- Up-to-date: /home/nava/microros_ws/build/micro_ros_demos_rclc/temp_install/fragmented_publication/fragmented_publication
[1.436s] -- Install configuration: ""
[1.437s] -- Up-to-date: /home/nava/microros_ws/build/micro_ros_demos_rclc/temp_install/timer/timer
[1.439s] [ 58%] [34m[1mCompleted 'ping_pong'[0m
[1.440s] [36mInstall the project...[0m
[1.440s] -- Install configuration: ""
[1.440s] -- Install configuration: ""
[1.442s] -- Up-to-date: /home/nava/microros_ws/build/micro_ros_demos_rclc/temp_install/string_subscriber/string_subscriber
[1.442s] -- Up-to-date: /home/nava/microros_ws/build/micro_ros_demos_rclc/temp_install/complex_msg_publisher/complex_msg_publisher
[1.443s] [ 59%] [34m[1mCompleted 'complex_msg_subscriber'[0m
[1.444s] [ 59%] [34m[1mCompleted 'ping_uros_agent'[0m
[1.444s] [ 60%] [34m[1mCompleted 'string_publisher'[0m
[1.444s] [ 60%] [34m[1mCompleted 'fragmented_subscription'[0m
[1.444s] -- Install configuration: ""
[1.449s] -- Up-to-date: /home/nava/microros_ws/build/micro_ros_demos_rclc/temp_install/autodiscover_agent/autodiscover_agent
[1.449s] [ 60%] [34m[1mCompleted 'fragmented_publication'[0m
[1.454s] [ 60%] [34m[1mCompleted 'timer'[0m
[1.457s] -- Install configuration: ""
[1.457s] [ 61%] [34m[1mCompleted 'string_subscriber'[0m
[1.460s] -- Up-to-date: /home/nava/microros_ws/build/micro_ros_demos_rclc/temp_install/static_type_handling/static_type_handling
[1.461s] [ 61%] [34m[1mCompleted 'complex_msg_publisher'[0m
[1.463s] [ 61%] [34m[1mCompleted 'autodiscover_agent'[0m
[1.473s] [ 64%] Built target int32_publisher_subscriber
[1.474s] [ 64%] [34m[1mCompleted 'static_type_handling'[0m
[1.503s] [ 67%] Built target ping_pong
[1.503s] [ 69%] Built target ping_uros_agent
[1.503s] [ 70%] Built target string_publisher
[1.503s] [ 72%] Built target complex_msg_subscriber
[1.506s] [ 74%] Built target fragmented_subscription
[1.506s] [ 74%] [34m[1mPerforming build step for 'epoch_synchronization'[0m
[1.508s] [ 76%] Built target fragmented_publication
[1.514s] [ 78%] Built target string_subscriber
[1.516s] [ 81%] Built target timer
[1.521s] [ 82%] Built target complex_msg_publisher
[1.521s] [ 85%] Built target autodiscover_agent
[1.527s] [ 88%] Built target static_type_handling
[1.529s] [ 88%] [34m[1mPerforming build step for 'parameter_server'[0m
[1.532s] [ 88%] [34m[1mPerforming build step for 'multithread_publisher_subscriber'[0m
[1.567s] [100%] Built target epoch_synchronization
[1.582s] [100%] Built target parameter_server
[1.584s] [100%] Built target multithread_publisher_subscriber
[1.585s] [ 89%] [34m[1mPerforming install step for 'epoch_synchronization'[0m
[1.601s] [ 89%] [34m[1mPerforming install step for 'parameter_server'[0m
[1.602s] [ 90%] [34m[1mPerforming install step for 'multithread_publisher_subscriber'[0m
[1.633s] [100%] Built target epoch_synchronization
[1.648s] [100%] Built target multithread_publisher_subscriber
[1.648s] [100%] Built target parameter_server
[1.652s] [36mInstall the project...[0m
[1.661s] -- Install configuration: ""
[1.662s] -- Up-to-date: /home/nava/microros_ws/build/micro_ros_demos_rclc/temp_install/epoch_synchronization/epoch_synchronization
[1.668s] [36mInstall the project...[0m
[1.668s] [36mInstall the project...[0m
[1.672s] [ 91%] [34m[1mCompleted 'epoch_synchronization'[0m
[1.677s] -- Install configuration: ""
[1.677s] -- Install configuration: ""
[1.678s] -- Up-to-date: /home/nava/microros_ws/build/micro_ros_demos_rclc/temp_install/parameter_server/parameter_server
[1.678s] -- Up-to-date: /home/nava/microros_ws/build/micro_ros_demos_rclc/temp_install/multithread_publisher_subscriber/multithread_publisher_subscriber
[1.688s] [ 93%] [34m[1mCompleted 'parameter_server'[0m
[1.688s] [ 93%] [34m[1mCompleted 'multithread_publisher_subscriber'[0m
[1.707s] [ 95%] Built target epoch_synchronization
[1.725s] [100%] Built target multithread_publisher_subscriber
[1.725s] [100%] Built target parameter_server
[1.737s] Invoked command in '/home/nava/microros_ws/build/micro_ros_demos_rclc' returned '0': CMAKE_PREFIX_PATH=/home/nava/microros_ws/install/visualization_msgs:/home/nava/microros_ws/install/sensor_msgs:/home/nava/microros_ws/install/rmw_microxrcedds:/home/nava/microros_ws/install/rclc_parameter:/home/nava/microros_ws/install/rosidl_typesupport_microxrcedds_cpp:/home/nava/microros_ws/install/rclc:/home/nava/microros_ws/install/geometry_msgs:/home/nava/microros_ws/install/test_msgs:/home/nava/microros_ws/install/std_msgs:/home/nava/microros_ws/install/rosidl_typesupport_microxrcedds_c:/home/nava/microros_ws/install/rcl_interfaces:/home/nava/microros_ws/install/microxrcedds_client:/home/nava/microros_ws/install/complex_msgs:/home/nava/microros_ws/install/test_interface_files:/home/nava/microros_ws/install/microcdr:/home/nava/microros_ws/install/micro_ros_utilities:/home/nava/microros_ws/install/micro_ros_msgs:/home/nava/microros_ws/install/example_interfaces:/home/nava/microros_ws/install/builtin_interfaces:/home/nava/microros_ws/install/micro_ros_demos_rclc:/home/nava/microros_ws/install/common_interfaces:/home/nava/microros_ws/install/action_msgs:/home/nava/microros_ws/install/unique_identifier_msgs:/home/nava/microros_ws/install/type_description_interfaces:/home/nava/microros_ws/install/trajectory_msgs:/home/nava/microros_ws/install/stereo_msgs:/home/nava/microros_ws/install/std_srvs:/home/nava/microros_ws/install/shape_msgs:/home/nava/microros_ws/install/nav_msgs:/home/nava/microros_ws/install/diagnostic_msgs:/home/nava/microros_ws/install/actionlib_msgs:/home/nava/microros_ws/install/statistics_msgs:/home/nava/microros_ws/install/service_msgs:/home/nava/microros_ws/install/rosidl_typesupport_microxrcedds_test_msg:/home/nava/microros_ws/install/rosidl_typesupport_microxrcedds_cpp_tests:/home/nava/microros_ws/install/rosidl_typesupport_microxrcedds_c_tests:/home/nava/microros_ws/install/rosgraph_msgs:/home/nava/microros_ws/install/composition_interfaces:/home/nava/microros_ws/install/micro_ros_setup:/home/nava/microros_ws/install/micro_ros_agent:/home/nava/microros_ws/install/lifecycle_msgs:/opt/ros/jazzy/opt/gz_sim_vendor:/opt/ros/jazzy/opt/gz_sensors_vendor:/opt/ros/jazzy/opt/gz_physics_vendor:/opt/ros/jazzy/opt/sdformat_vendor:/opt/ros/jazzy/opt/gz_gui_vendor:/opt/ros/jazzy/opt/gz_transport_vendor:/opt/ros/jazzy/opt/gz_rendering_vendor:/opt/ros/jazzy/opt/gz_plugin_vendor:/opt/ros/jazzy/opt/gz_fuel_tools_vendor:/opt/ros/jazzy/opt/gz_msgs_vendor:/opt/ros/jazzy/opt/gz_common_vendor:/opt/ros/jazzy/opt/gz_math_vendor:/opt/ros/jazzy/opt/gz_utils_vendor:/opt/ros/jazzy/opt/gz_tools_vendor:/opt/ros/jazzy/opt/gz_ogre_next_vendor:/opt/ros/jazzy/opt/gz_dartsim_vendor:/opt/ros/jazzy/opt/gz_cmake_vendor:/home/nava/microros_ws/install/sensor_msgs_py:/opt/ros/jazzy DEBUGINFOD_URLS=https://debuginfod.ubuntu.com LD_LIBRARY_PATH=/home/nava/microros_ws/install/visualization_msgs/lib:/home/nava/microros_ws/install/sensor_msgs/lib:/home/nava/microros_ws/install/rmw_microxrcedds/lib:/home/nava/microros_ws/install/rclc_parameter/lib:/home/nava/microros_ws/install/rosidl_typesupport_microxrcedds_cpp/lib:/home/nava/microros_ws/install/rclc/lib:/home/nava/microros_ws/install/geometry_msgs/lib:/home/nava/microros_ws/install/test_msgs/lib:/home/nava/microros_ws/install/std_msgs/lib:/home/nava/microros_ws/install/rosidl_typesupport_microxrcedds_c/lib:/home/nava/microros_ws/install/rcl_interfaces/lib:/home/nava/microros_ws/install/microxrcedds_client/lib:/home/nava/microros_ws/install/complex_msgs/lib:/home/nava/microros_ws/install/microcdr/lib:/home/nava/microros_ws/install/micro_ros_utilities/lib:/home/nava/microros_ws/install/micro_ros_msgs/lib:/home/nava/microros_ws/install/example_interfaces/lib:/home/nava/microros_ws/install/builtin_interfaces/lib:/home/nava/microros_ws/install/action_msgs/lib:/home/nava/microros_ws/install/unique_identifier_msgs/lib:/home/nava/microros_ws/install/type_description_interfaces/lib:/home/nava/microros_ws/install/trajectory_msgs/lib:/home/nava/microros_ws/install/stereo_msgs/lib:/home/nava/microros_ws/install/std_srvs/lib:/home/nava/microros_ws/install/shape_msgs/lib:/home/nava/microros_ws/install/nav_msgs/lib:/home/nava/microros_ws/install/diagnostic_msgs/lib:/home/nava/microros_ws/install/actionlib_msgs/lib:/home/nava/microros_ws/install/statistics_msgs/lib:/home/nava/microros_ws/install/service_msgs/lib:/home/nava/microros_ws/install/rosgraph_msgs/lib:/home/nava/microros_ws/install/composition_interfaces/lib:/home/nava/microros_ws/install/micro_ros_agent/lib:/home/nava/microros_ws/install/lifecycle_msgs/lib:/opt/ros/jazzy/opt/gz_sim_vendor/lib:/opt/ros/jazzy/opt/gz_sensors_vendor/lib:/opt/ros/jazzy/opt/gz_physics_vendor/lib:/opt/ros/jazzy/opt/sdformat_vendor/lib:/opt/ros/jazzy/opt/rviz_ogre_vendor/lib:/opt/ros/jazzy/lib/x86_64-linux-gnu:/opt/ros/jazzy/opt/gz_gui_vendor/lib:/opt/ros/jazzy/opt/gz_transport_vendor/lib:/opt/ros/jazzy/opt/gz_rendering_vendor/lib:/opt/ros/jazzy/opt/gz_plugin_vendor/lib:/opt/ros/jazzy/opt/gz_fuel_tools_vendor/lib:/opt/ros/jazzy/opt/gz_msgs_vendor/lib:/opt/ros/jazzy/opt/gz_common_vendor/lib:/opt/ros/jazzy/opt/gz_math_vendor/lib:/opt/ros/jazzy/opt/gz_utils_vendor/lib:/opt/ros/jazzy/opt/gz_tools_vendor/lib:/opt/ros/jazzy/opt/gz_ogre_next_vendor/lib:/opt/ros/jazzy/opt/gz_dartsim_vendor/lib:/opt/ros/jazzy/opt/gz_cmake_vendor/lib:/opt/ros/jazzy/lib PYTHONPATH=/home/nava/microros_ws/install/visualization_msgs/lib/python3.12/site-packages:/home/nava/microros_ws/install/sensor_msgs/lib/python3.12/site-packages:/home/nava/microros_ws/install/rosidl_typesupport_microxrcedds_cpp/lib/python3.12/site-packages:/home/nava/microros_ws/install/geometry_msgs/lib/python3.12/site-packages:/home/nava/microros_ws/install/test_msgs/lib/python3.12/site-packages:/home/nava/microros_ws/install/std_msgs/lib/python3.12/site-packages:/home/nava/microros_ws/install/rosidl_typesupport_microxrcedds_c/lib/python3.12/site-packages:/home/nava/microros_ws/install/rcl_interfaces/lib/python3.12/site-packages:/home/nava/microros_ws/install/complex_msgs/lib/python3.12/site-packages:/home/nava/microros_ws/install/micro_ros_msgs/lib/python3.12/site-packages:/home/nava/microros_ws/install/example_interfaces/lib/python3.12/site-packages:/home/nava/microros_ws/install/builtin_interfaces/lib/python3.12/site-packages:/home/nava/microros_ws/install/action_msgs/lib/python3.12/site-packages:/home/nava/microros_ws/install/unique_identifier_msgs/lib/python3.12/site-packages:/home/nava/microros_ws/install/type_description_interfaces/lib/python3.12/site-packages:/home/nava/microros_ws/install/trajectory_msgs/lib/python3.12/site-packages:/home/nava/microros_ws/install/stereo_msgs/lib/python3.12/site-packages:/home/nava/microros_ws/install/std_srvs/lib/python3.12/site-packages:/home/nava/microros_ws/install/shape_msgs/lib/python3.12/site-packages:/home/nava/microros_ws/install/sensor_msgs_py/lib/python3.12/site-packages:/home/nava/microros_ws/install/nav_msgs/lib/python3.12/site-packages:/home/nava/microros_ws/install/diagnostic_msgs/lib/python3.12/site-packages:/home/nava/microros_ws/install/actionlib_msgs/lib/python3.12/site-packages:/home/nava/microros_ws/install/statistics_msgs/lib/python3.12/site-packages:/home/nava/microros_ws/install/service_msgs/lib/python3.12/site-packages:/home/nava/microros_ws/install/rosgraph_msgs/lib/python3.12/site-packages:/home/nava/microros_ws/install/composition_interfaces/lib/python3.12/site-packages:/home/nava/microros_ws/install/lifecycle_msgs/lib/python3.12/site-packages:/opt/ros/jazzy/lib/python3.12/site-packages /usr/bin/cmake --build /home/nava/microros_ws/build/micro_ros_demos_rclc -- -j12 -l12
[1.738s] Invoking command in '/home/nava/microros_ws/build/micro_ros_demos_rclc': CMAKE_PREFIX_PATH=/home/nava/microros_ws/install/visualization_msgs:/home/nava/microros_ws/install/sensor_msgs:/home/nava/microros_ws/install/rmw_microxrcedds:/home/nava/microros_ws/install/rclc_parameter:/home/nava/microros_ws/install/rosidl_typesupport_microxrcedds_cpp:/home/nava/microros_ws/install/rclc:/home/nava/microros_ws/install/geometry_msgs:/home/nava/microros_ws/install/test_msgs:/home/nava/microros_ws/install/std_msgs:/home/nava/microros_ws/install/rosidl_typesupport_microxrcedds_c:/home/nava/microros_ws/install/rcl_interfaces:/home/nava/microros_ws/install/microxrcedds_client:/home/nava/microros_ws/install/complex_msgs:/home/nava/microros_ws/install/test_interface_files:/home/nava/microros_ws/install/microcdr:/home/nava/microros_ws/install/micro_ros_utilities:/home/nava/microros_ws/install/micro_ros_msgs:/home/nava/microros_ws/install/example_interfaces:/home/nava/microros_ws/install/builtin_interfaces:/home/nava/microros_ws/install/micro_ros_demos_rclc:/home/nava/microros_ws/install/common_interfaces:/home/nava/microros_ws/install/action_msgs:/home/nava/microros_ws/install/unique_identifier_msgs:/home/nava/microros_ws/install/type_description_interfaces:/home/nava/microros_ws/install/trajectory_msgs:/home/nava/microros_ws/install/stereo_msgs:/home/nava/microros_ws/install/std_srvs:/home/nava/microros_ws/install/shape_msgs:/home/nava/microros_ws/install/nav_msgs:/home/nava/microros_ws/install/diagnostic_msgs:/home/nava/microros_ws/install/actionlib_msgs:/home/nava/microros_ws/install/statistics_msgs:/home/nava/microros_ws/install/service_msgs:/home/nava/microros_ws/install/rosidl_typesupport_microxrcedds_test_msg:/home/nava/microros_ws/install/rosidl_typesupport_microxrcedds_cpp_tests:/home/nava/microros_ws/install/rosidl_typesupport_microxrcedds_c_tests:/home/nava/microros_ws/install/rosgraph_msgs:/home/nava/microros_ws/install/composition_interfaces:/home/nava/microros_ws/install/micro_ros_setup:/home/nava/microros_ws/install/micro_ros_agent:/home/nava/microros_ws/install/lifecycle_msgs:/opt/ros/jazzy/opt/gz_sim_vendor:/opt/ros/jazzy/opt/gz_sensors_vendor:/opt/ros/jazzy/opt/gz_physics_vendor:/opt/ros/jazzy/opt/sdformat_vendor:/opt/ros/jazzy/opt/gz_gui_vendor:/opt/ros/jazzy/opt/gz_transport_vendor:/opt/ros/jazzy/opt/gz_rendering_vendor:/opt/ros/jazzy/opt/gz_plugin_vendor:/opt/ros/jazzy/opt/gz_fuel_tools_vendor:/opt/ros/jazzy/opt/gz_msgs_vendor:/opt/ros/jazzy/opt/gz_common_vendor:/opt/ros/jazzy/opt/gz_math_vendor:/opt/ros/jazzy/opt/gz_utils_vendor:/opt/ros/jazzy/opt/gz_tools_vendor:/opt/ros/jazzy/opt/gz_ogre_next_vendor:/opt/ros/jazzy/opt/gz_dartsim_vendor:/opt/ros/jazzy/opt/gz_cmake_vendor:/home/nava/microros_ws/install/sensor_msgs_py:/opt/ros/jazzy DEBUGINFOD_URLS=https://debuginfod.ubuntu.com LD_LIBRARY_PATH=/home/nava/microros_ws/install/visualization_msgs/lib:/home/nava/microros_ws/install/sensor_msgs/lib:/home/nava/microros_ws/install/rmw_microxrcedds/lib:/home/nava/microros_ws/install/rclc_parameter/lib:/home/nava/microros_ws/install/rosidl_typesupport_microxrcedds_cpp/lib:/home/nava/microros_ws/install/rclc/lib:/home/nava/microros_ws/install/geometry_msgs/lib:/home/nava/microros_ws/install/test_msgs/lib:/home/nava/microros_ws/install/std_msgs/lib:/home/nava/microros_ws/install/rosidl_typesupport_microxrcedds_c/lib:/home/nava/microros_ws/install/rcl_interfaces/lib:/home/nava/microros_ws/install/microxrcedds_client/lib:/home/nava/microros_ws/install/complex_msgs/lib:/home/nava/microros_ws/install/microcdr/lib:/home/nava/microros_ws/install/micro_ros_utilities/lib:/home/nava/microros_ws/install/micro_ros_msgs/lib:/home/nava/microros_ws/install/example_interfaces/lib:/home/nava/microros_ws/install/builtin_interfaces/lib:/home/nava/microros_ws/install/action_msgs/lib:/home/nava/microros_ws/install/unique_identifier_msgs/lib:/home/nava/microros_ws/install/type_description_interfaces/lib:/home/nava/microros_ws/install/trajectory_msgs/lib:/home/nava/microros_ws/install/stereo_msgs/lib:/home/nava/microros_ws/install/std_srvs/lib:/home/nava/microros_ws/install/shape_msgs/lib:/home/nava/microros_ws/install/nav_msgs/lib:/home/nava/microros_ws/install/diagnostic_msgs/lib:/home/nava/microros_ws/install/actionlib_msgs/lib:/home/nava/microros_ws/install/statistics_msgs/lib:/home/nava/microros_ws/install/service_msgs/lib:/home/nava/microros_ws/install/rosgraph_msgs/lib:/home/nava/microros_ws/install/composition_interfaces/lib:/home/nava/microros_ws/install/micro_ros_agent/lib:/home/nava/microros_ws/install/lifecycle_msgs/lib:/opt/ros/jazzy/opt/gz_sim_vendor/lib:/opt/ros/jazzy/opt/gz_sensors_vendor/lib:/opt/ros/jazzy/opt/gz_physics_vendor/lib:/opt/ros/jazzy/opt/sdformat_vendor/lib:/opt/ros/jazzy/opt/rviz_ogre_vendor/lib:/opt/ros/jazzy/lib/x86_64-linux-gnu:/opt/ros/jazzy/opt/gz_gui_vendor/lib:/opt/ros/jazzy/opt/gz_transport_vendor/lib:/opt/ros/jazzy/opt/gz_rendering_vendor/lib:/opt/ros/jazzy/opt/gz_plugin_vendor/lib:/opt/ros/jazzy/opt/gz_fuel_tools_vendor/lib:/opt/ros/jazzy/opt/gz_msgs_vendor/lib:/opt/ros/jazzy/opt/gz_common_vendor/lib:/opt/ros/jazzy/opt/gz_math_vendor/lib:/opt/ros/jazzy/opt/gz_utils_vendor/lib:/opt/ros/jazzy/opt/gz_tools_vendor/lib:/opt/ros/jazzy/opt/gz_ogre_next_vendor/lib:/opt/ros/jazzy/opt/gz_dartsim_vendor/lib:/opt/ros/jazzy/opt/gz_cmake_vendor/lib:/opt/ros/jazzy/lib PYTHONPATH=/home/nava/microros_ws/install/visualization_msgs/lib/python3.12/site-packages:/home/nava/microros_ws/install/sensor_msgs/lib/python3.12/site-packages:/home/nava/microros_ws/install/rosidl_typesupport_microxrcedds_cpp/lib/python3.12/site-packages:/home/nava/microros_ws/install/geometry_msgs/lib/python3.12/site-packages:/home/nava/microros_ws/install/test_msgs/lib/python3.12/site-packages:/home/nava/microros_ws/install/std_msgs/lib/python3.12/site-packages:/home/nava/microros_ws/install/rosidl_typesupport_microxrcedds_c/lib/python3.12/site-packages:/home/nava/microros_ws/install/rcl_interfaces/lib/python3.12/site-packages:/home/nava/microros_ws/install/complex_msgs/lib/python3.12/site-packages:/home/nava/microros_ws/install/micro_ros_msgs/lib/python3.12/site-packages:/home/nava/microros_ws/install/example_interfaces/lib/python3.12/site-packages:/home/nava/microros_ws/install/builtin_interfaces/lib/python3.12/site-packages:/home/nava/microros_ws/install/action_msgs/lib/python3.12/site-packages:/home/nava/microros_ws/install/unique_identifier_msgs/lib/python3.12/site-packages:/home/nava/microros_ws/install/type_description_interfaces/lib/python3.12/site-packages:/home/nava/microros_ws/install/trajectory_msgs/lib/python3.12/site-packages:/home/nava/microros_ws/install/stereo_msgs/lib/python3.12/site-packages:/home/nava/microros_ws/install/std_srvs/lib/python3.12/site-packages:/home/nava/microros_ws/install/shape_msgs/lib/python3.12/site-packages:/home/nava/microros_ws/install/sensor_msgs_py/lib/python3.12/site-packages:/home/nava/microros_ws/install/nav_msgs/lib/python3.12/site-packages:/home/nava/microros_ws/install/diagnostic_msgs/lib/python3.12/site-packages:/home/nava/microros_ws/install/actionlib_msgs/lib/python3.12/site-packages:/home/nava/microros_ws/install/statistics_msgs/lib/python3.12/site-packages:/home/nava/microros_ws/install/service_msgs/lib/python3.12/site-packages:/home/nava/microros_ws/install/rosgraph_msgs/lib/python3.12/site-packages:/home/nava/microros_ws/install/composition_interfaces/lib/python3.12/site-packages:/home/nava/microros_ws/install/lifecycle_msgs/lib/python3.12/site-packages:/opt/ros/jazzy/lib/python3.12/site-packages /usr/bin/cmake --install /home/nava/microros_ws/build/micro_ros_demos_rclc
[1.746s] -- Install configuration: ""
[1.746s] -- Up-to-date: /home/nava/microros_ws/install/micro_ros_demos_rclc/lib/micro_ros_demos_rclc
[1.746s] -- Up-to-date: /home/nava/microros_ws/install/micro_ros_demos_rclc/lib/micro_ros_demos_rclc/complex_msg_publisher
[1.747s] -- Up-to-date: /home/nava/microros_ws/install/micro_ros_demos_rclc/lib/micro_ros_demos_rclc/complex_msg_publisher/complex_msg_publisher
[1.747s] -- Up-to-date: /home/nava/microros_ws/install/micro_ros_demos_rclc/lib/micro_ros_demos_rclc/fragmented_publication
[1.747s] -- Up-to-date: /home/nava/microros_ws/install/micro_ros_demos_rclc/lib/micro_ros_demos_rclc/fragmented_publication/fragmented_publication
[1.747s] -- Up-to-date: /home/nava/microros_ws/install/micro_ros_demos_rclc/lib/micro_ros_demos_rclc/int32_publisher
[1.747s] -- Up-to-date: /home/nava/microros_ws/install/micro_ros_demos_rclc/lib/micro_ros_demos_rclc/int32_publisher/int32_publisher
[1.747s] -- Up-to-date: /home/nava/microros_ws/install/micro_ros_demos_rclc/lib/micro_ros_demos_rclc/fragmented_subscription
[1.747s] -- Up-to-date: /home/nava/microros_ws/install/micro_ros_demos_rclc/lib/micro_ros_demos_rclc/fragmented_subscription/fragmented_subscription
[1.747s] -- Up-to-date: /home/nava/microros_ws/install/micro_ros_demos_rclc/lib/micro_ros_demos_rclc/int32_multinode
[1.747s] -- Up-to-date: /home/nava/microros_ws/install/micro_ros_demos_rclc/lib/micro_ros_demos_rclc/int32_multinode/int32_multinode
[1.747s] -- Up-to-date: /home/nava/microros_ws/install/micro_ros_demos_rclc/lib/micro_ros_demos_rclc/epoch_synchronization
[1.748s] -- Up-to-date: /home/nava/microros_ws/install/micro_ros_demos_rclc/lib/micro_ros_demos_rclc/epoch_synchronization/epoch_synchronization
[1.748s] -- Up-to-date: /home/nava/microros_ws/install/micro_ros_demos_rclc/lib/micro_ros_demos_rclc/autodiscover_agent
[1.748s] -- Up-to-date: /home/nava/microros_ws/install/micro_ros_demos_rclc/lib/micro_ros_demos_rclc/autodiscover_agent/autodiscover_agent
[1.748s] -- Up-to-date: /home/nava/microros_ws/install/micro_ros_demos_rclc/lib/micro_ros_demos_rclc/configured_subscriber
[1.748s] -- Up-to-date: /home/nava/microros_ws/install/micro_ros_demos_rclc/lib/micro_ros_demos_rclc/configured_subscriber/configured_subscriber
[1.748s] -- Up-to-date: /home/nava/microros_ws/install/micro_ros_demos_rclc/lib/micro_ros_demos_rclc/int32_subscriber
[1.748s] -- Up-to-date: /home/nava/microros_ws/install/micro_ros_demos_rclc/lib/micro_ros_demos_rclc/int32_subscriber/int32_subscriber
[1.748s] -- Up-to-date: /home/nava/microros_ws/install/micro_ros_demos_rclc/lib/micro_ros_demos_rclc/addtwoints_server
[1.748s] -- Up-to-date: /home/nava/microros_ws/install/micro_ros_demos_rclc/lib/micro_ros_demos_rclc/addtwoints_server/addtwoints_server
[1.748s] -- Up-to-date: /home/nava/microros_ws/install/micro_ros_demos_rclc/lib/micro_ros_demos_rclc/parameter_server
[1.748s] -- Up-to-date: /home/nava/microros_ws/install/micro_ros_demos_rclc/lib/micro_ros_demos_rclc/parameter_server/parameter_server
[1.748s] -- Up-to-date: /home/nava/microros_ws/install/micro_ros_demos_rclc/lib/micro_ros_demos_rclc/ping_uros_agent
[1.749s] -- Up-to-date: /home/nava/microros_ws/install/micro_ros_demos_rclc/lib/micro_ros_demos_rclc/ping_uros_agent/ping_uros_agent
[1.749s] -- Up-to-date: /home/nava/microros_ws/install/micro_ros_demos_rclc/lib/micro_ros_demos_rclc/fibonacci_action_client
[1.749s] -- Up-to-date: /home/nava/microros_ws/install/micro_ros_demos_rclc/lib/micro_ros_demos_rclc/fibonacci_action_client/fibonacci_action_client
[1.749s] -- Up-to-date: /home/nava/microros_ws/install/micro_ros_demos_rclc/lib/micro_ros_demos_rclc/timer
[1.749s] -- Up-to-date: /home/nava/microros_ws/install/micro_ros_demos_rclc/lib/micro_ros_demos_rclc/timer/timer
[1.749s] -- Up-to-date: /home/nava/microros_ws/install/micro_ros_demos_rclc/lib/micro_ros_demos_rclc/ping_pong
[1.749s] -- Up-to-date: /home/nava/microros_ws/install/micro_ros_demos_rclc/lib/micro_ros_demos_rclc/ping_pong/ping_pong
[1.749s] -- Up-to-date: /home/nava/microros_ws/install/micro_ros_demos_rclc/lib/micro_ros_demos_rclc/int32_publisher_subscriber
[1.749s] -- Up-to-date: /home/nava/microros_ws/install/micro_ros_demos_rclc/lib/micro_ros_demos_rclc/int32_publisher_subscriber/int32_publisher_subscriber
[1.749s] -- Up-to-date: /home/nava/microros_ws/install/micro_ros_demos_rclc/lib/micro_ros_demos_rclc/configured_publisher
[1.749s] -- Up-to-date: /home/nava/microros_ws/install/micro_ros_demos_rclc/lib/micro_ros_demos_rclc/configured_publisher/configured_publisher
[1.749s] -- Up-to-date: /home/nava/microros_ws/install/micro_ros_demos_rclc/lib/micro_ros_demos_rclc/string_publisher
[1.749s] -- Up-to-date: /home/nava/microros_ws/install/micro_ros_demos_rclc/lib/micro_ros_demos_rclc/string_publisher/string_publisher
[1.749s] -- Up-to-date: /home/nava/microros_ws/install/micro_ros_demos_rclc/lib/micro_ros_demos_rclc/static_type_handling
[1.749s] -- Up-to-date: /home/nava/microros_ws/install/micro_ros_demos_rclc/lib/micro_ros_demos_rclc/static_type_handling/static_type_handling
[1.749s] -- Up-to-date: /home/nava/microros_ws/install/micro_ros_demos_rclc/lib/micro_ros_demos_rclc/fibonacci_action_server
[1.750s] -- Up-to-date: /home/nava/microros_ws/install/micro_ros_demos_rclc/lib/micro_ros_demos_rclc/fibonacci_action_server/fibonacci_action_server
[1.750s] -- Up-to-date: /home/nava/microros_ws/install/micro_ros_demos_rclc/lib/micro_ros_demos_rclc/subscription_count
[1.750s] -- Up-to-date: /home/nava/microros_ws/install/micro_ros_demos_rclc/lib/micro_ros_demos_rclc/subscription_count/subscription_count
[1.750s] -- Up-to-date: /home/nava/microros_ws/install/micro_ros_demos_rclc/lib/micro_ros_demos_rclc/publisher_count
[1.750s] -- Up-to-date: /home/nava/microros_ws/install/micro_ros_demos_rclc/lib/micro_ros_demos_rclc/publisher_count/publisher_count
[1.750s] -- Up-to-date: /home/nava/microros_ws/install/micro_ros_demos_rclc/lib/micro_ros_demos_rclc/multithread_publisher_subscriber
[1.750s] -- Up-to-date: /home/nava/microros_ws/install/micro_ros_demos_rclc/lib/micro_ros_demos_rclc/multithread_publisher_subscriber/multithread_publisher_subscriber
[1.750s] -- Up-to-date: /home/nava/microros_ws/install/micro_ros_demos_rclc/lib/micro_ros_demos_rclc/addtwoints_client
[1.750s] -- Up-to-date: /home/nava/microros_ws/install/micro_ros_demos_rclc/lib/micro_ros_demos_rclc/addtwoints_client/addtwoints_client
[1.750s] -- Up-to-date: /home/nava/microros_ws/install/micro_ros_demos_rclc/lib/micro_ros_demos_rclc/graph_visualizer
[1.750s] -- Up-to-date: /home/nava/microros_ws/install/micro_ros_demos_rclc/lib/micro_ros_demos_rclc/graph_visualizer/graph_visualizer
[1.750s] -- Up-to-date: /home/nava/microros_ws/install/micro_ros_demos_rclc/lib/micro_ros_demos_rclc/complex_msg_subscriber
[1.750s] -- Up-to-date: /home/nava/microros_ws/install/micro_ros_demos_rclc/lib/micro_ros_demos_rclc/complex_msg_subscriber/complex_msg_subscriber
[1.750s] -- Up-to-date: /home/nava/microros_ws/install/micro_ros_demos_rclc/lib/micro_ros_demos_rclc/string_subscriber
[1.750s] -- Up-to-date: /home/nava/microros_ws/install/micro_ros_demos_rclc/lib/micro_ros_demos_rclc/string_subscriber/string_subscriber
[1.750s] -- Up-to-date: /home/nava/microros_ws/install/micro_ros_demos_rclc/share/ament_index/resource_index/package_run_dependencies/micro_ros_demos_rclc
[1.751s] -- Installing: /home/nava/microros_ws/install/micro_ros_demos_rclc/share/ament_index/resource_index/parent_prefix_path/micro_ros_demos_rclc
[1.751s] -- Up-to-date: /home/nava/microros_ws/install/micro_ros_demos_rclc/share/micro_ros_demos_rclc/environment/ament_prefix_path.sh
[1.751s] -- Up-to-date: /home/nava/microros_ws/install/micro_ros_demos_rclc/share/micro_ros_demos_rclc/environment/ament_prefix_path.dsv
[1.751s] -- Up-to-date: /home/nava/microros_ws/install/micro_ros_demos_rclc/share/micro_ros_demos_rclc/environment/path.sh
[1.751s] -- Up-to-date: /home/nava/microros_ws/install/micro_ros_demos_rclc/share/micro_ros_demos_rclc/environment/path.dsv
[1.751s] -- Up-to-date: /home/nava/microros_ws/install/micro_ros_demos_rclc/share/micro_ros_demos_rclc/local_setup.bash
[1.751s] -- Up-to-date: /home/nava/microros_ws/install/micro_ros_demos_rclc/share/micro_ros_demos_rclc/local_setup.sh
[1.751s] -- Up-to-date: /home/nava/microros_ws/install/micro_ros_demos_rclc/share/micro_ros_demos_rclc/local_setup.zsh
[1.751s] -- Up-to-date: /home/nava/microros_ws/install/micro_ros_demos_rclc/share/micro_ros_demos_rclc/local_setup.dsv
[1.751s] -- Installing: /home/nava/microros_ws/install/micro_ros_demos_rclc/share/micro_ros_demos_rclc/package.dsv
[1.751s] -- Up-to-date: /home/nava/microros_ws/install/micro_ros_demos_rclc/share/ament_index/resource_index/packages/micro_ros_demos_rclc
[1.751s] -- Up-to-date: /home/nava/microros_ws/install/micro_ros_demos_rclc/share/micro_ros_demos_rclc/cmake/micro_ros_demos_rclcConfig.cmake
[1.751s] -- Up-to-date: /home/nava/microros_ws/install/micro_ros_demos_rclc/share/micro_ros_demos_rclc/cmake/micro_ros_demos_rclcConfig-version.cmake
[1.751s] -- Up-to-date: /home/nava/microros_ws/install/micro_ros_demos_rclc/share/micro_ros_demos_rclc/package.xml
[1.752s] Invoked command in '/home/nava/microros_ws/build/micro_ros_demos_rclc' returned '0': CMAKE_PREFIX_PATH=/home/nava/microros_ws/install/visualization_msgs:/home/nava/microros_ws/install/sensor_msgs:/home/nava/microros_ws/install/rmw_microxrcedds:/home/nava/microros_ws/install/rclc_parameter:/home/nava/microros_ws/install/rosidl_typesupport_microxrcedds_cpp:/home/nava/microros_ws/install/rclc:/home/nava/microros_ws/install/geometry_msgs:/home/nava/microros_ws/install/test_msgs:/home/nava/microros_ws/install/std_msgs:/home/nava/microros_ws/install/rosidl_typesupport_microxrcedds_c:/home/nava/microros_ws/install/rcl_interfaces:/home/nava/microros_ws/install/microxrcedds_client:/home/nava/microros_ws/install/complex_msgs:/home/nava/microros_ws/install/test_interface_files:/home/nava/microros_ws/install/microcdr:/home/nava/microros_ws/install/micro_ros_utilities:/home/nava/microros_ws/install/micro_ros_msgs:/home/nava/microros_ws/install/example_interfaces:/home/nava/microros_ws/install/builtin_interfaces:/home/nava/microros_ws/install/micro_ros_demos_rclc:/home/nava/microros_ws/install/common_interfaces:/home/nava/microros_ws/install/action_msgs:/home/nava/microros_ws/install/unique_identifier_msgs:/home/nava/microros_ws/install/type_description_interfaces:/home/nava/microros_ws/install/trajectory_msgs:/home/nava/microros_ws/install/stereo_msgs:/home/nava/microros_ws/install/std_srvs:/home/nava/microros_ws/install/shape_msgs:/home/nava/microros_ws/install/nav_msgs:/home/nava/microros_ws/install/diagnostic_msgs:/home/nava/microros_ws/install/actionlib_msgs:/home/nava/microros_ws/install/statistics_msgs:/home/nava/microros_ws/install/service_msgs:/home/nava/microros_ws/install/rosidl_typesupport_microxrcedds_test_msg:/home/nava/microros_ws/install/rosidl_typesupport_microxrcedds_cpp_tests:/home/nava/microros_ws/install/rosidl_typesupport_microxrcedds_c_tests:/home/nava/microros_ws/install/rosgraph_msgs:/home/nava/microros_ws/install/composition_interfaces:/home/nava/microros_ws/install/micro_ros_setup:/home/nava/microros_ws/install/micro_ros_agent:/home/nava/microros_ws/install/lifecycle_msgs:/opt/ros/jazzy/opt/gz_sim_vendor:/opt/ros/jazzy/opt/gz_sensors_vendor:/opt/ros/jazzy/opt/gz_physics_vendor:/opt/ros/jazzy/opt/sdformat_vendor:/opt/ros/jazzy/opt/gz_gui_vendor:/opt/ros/jazzy/opt/gz_transport_vendor:/opt/ros/jazzy/opt/gz_rendering_vendor:/opt/ros/jazzy/opt/gz_plugin_vendor:/opt/ros/jazzy/opt/gz_fuel_tools_vendor:/opt/ros/jazzy/opt/gz_msgs_vendor:/opt/ros/jazzy/opt/gz_common_vendor:/opt/ros/jazzy/opt/gz_math_vendor:/opt/ros/jazzy/opt/gz_utils_vendor:/opt/ros/jazzy/opt/gz_tools_vendor:/opt/ros/jazzy/opt/gz_ogre_next_vendor:/opt/ros/jazzy/opt/gz_dartsim_vendor:/opt/ros/jazzy/opt/gz_cmake_vendor:/home/nava/microros_ws/install/sensor_msgs_py:/opt/ros/jazzy DEBUGINFOD_URLS=https://debuginfod.ubuntu.com LD_LIBRARY_PATH=/home/nava/microros_ws/install/visualization_msgs/lib:/home/nava/microros_ws/install/sensor_msgs/lib:/home/nava/microros_ws/install/rmw_microxrcedds/lib:/home/nava/microros_ws/install/rclc_parameter/lib:/home/nava/microros_ws/install/rosidl_typesupport_microxrcedds_cpp/lib:/home/nava/microros_ws/install/rclc/lib:/home/nava/microros_ws/install/geometry_msgs/lib:/home/nava/microros_ws/install/test_msgs/lib:/home/nava/microros_ws/install/std_msgs/lib:/home/nava/microros_ws/install/rosidl_typesupport_microxrcedds_c/lib:/home/nava/microros_ws/install/rcl_interfaces/lib:/home/nava/microros_ws/install/microxrcedds_client/lib:/home/nava/microros_ws/install/complex_msgs/lib:/home/nava/microros_ws/install/microcdr/lib:/home/nava/microros_ws/install/micro_ros_utilities/lib:/home/nava/microros_ws/install/micro_ros_msgs/lib:/home/nava/microros_ws/install/example_interfaces/lib:/home/nava/microros_ws/install/builtin_interfaces/lib:/home/nava/microros_ws/install/action_msgs/lib:/home/nava/microros_ws/install/unique_identifier_msgs/lib:/home/nava/microros_ws/install/type_description_interfaces/lib:/home/nava/microros_ws/install/trajectory_msgs/lib:/home/nava/microros_ws/install/stereo_msgs/lib:/home/nava/microros_ws/install/std_srvs/lib:/home/nava/microros_ws/install/shape_msgs/lib:/home/nava/microros_ws/install/nav_msgs/lib:/home/nava/microros_ws/install/diagnostic_msgs/lib:/home/nava/microros_ws/install/actionlib_msgs/lib:/home/nava/microros_ws/install/statistics_msgs/lib:/home/nava/microros_ws/install/service_msgs/lib:/home/nava/microros_ws/install/rosgraph_msgs/lib:/home/nava/microros_ws/install/composition_interfaces/lib:/home/nava/microros_ws/install/micro_ros_agent/lib:/home/nava/microros_ws/install/lifecycle_msgs/lib:/opt/ros/jazzy/opt/gz_sim_vendor/lib:/opt/ros/jazzy/opt/gz_sensors_vendor/lib:/opt/ros/jazzy/opt/gz_physics_vendor/lib:/opt/ros/jazzy/opt/sdformat_vendor/lib:/opt/ros/jazzy/opt/rviz_ogre_vendor/lib:/opt/ros/jazzy/lib/x86_64-linux-gnu:/opt/ros/jazzy/opt/gz_gui_vendor/lib:/opt/ros/jazzy/opt/gz_transport_vendor/lib:/opt/ros/jazzy/opt/gz_rendering_vendor/lib:/opt/ros/jazzy/opt/gz_plugin_vendor/lib:/opt/ros/jazzy/opt/gz_fuel_tools_vendor/lib:/opt/ros/jazzy/opt/gz_msgs_vendor/lib:/opt/ros/jazzy/opt/gz_common_vendor/lib:/opt/ros/jazzy/opt/gz_math_vendor/lib:/opt/ros/jazzy/opt/gz_utils_vendor/lib:/opt/ros/jazzy/opt/gz_tools_vendor/lib:/opt/ros/jazzy/opt/gz_ogre_next_vendor/lib:/opt/ros/jazzy/opt/gz_dartsim_vendor/lib:/opt/ros/jazzy/opt/gz_cmake_vendor/lib:/opt/ros/jazzy/lib PYTHONPATH=/home/nava/microros_ws/install/visualization_msgs/lib/python3.12/site-packages:/home/nava/microros_ws/install/sensor_msgs/lib/python3.12/site-packages:/home/nava/microros_ws/install/rosidl_typesupport_microxrcedds_cpp/lib/python3.12/site-packages:/home/nava/microros_ws/install/geometry_msgs/lib/python3.12/site-packages:/home/nava/microros_ws/install/test_msgs/lib/python3.12/site-packages:/home/nava/microros_ws/install/std_msgs/lib/python3.12/site-packages:/home/nava/microros_ws/install/rosidl_typesupport_microxrcedds_c/lib/python3.12/site-packages:/home/nava/microros_ws/install/rcl_interfaces/lib/python3.12/site-packages:/home/nava/microros_ws/install/complex_msgs/lib/python3.12/site-packages:/home/nava/microros_ws/install/micro_ros_msgs/lib/python3.12/site-packages:/home/nava/microros_ws/install/example_interfaces/lib/python3.12/site-packages:/home/nava/microros_ws/install/builtin_interfaces/lib/python3.12/site-packages:/home/nava/microros_ws/install/action_msgs/lib/python3.12/site-packages:/home/nava/microros_ws/install/unique_identifier_msgs/lib/python3.12/site-packages:/home/nava/microros_ws/install/type_description_interfaces/lib/python3.12/site-packages:/home/nava/microros_ws/install/trajectory_msgs/lib/python3.12/site-packages:/home/nava/microros_ws/install/stereo_msgs/lib/python3.12/site-packages:/home/nava/microros_ws/install/std_srvs/lib/python3.12/site-packages:/home/nava/microros_ws/install/shape_msgs/lib/python3.12/site-packages:/home/nava/microros_ws/install/sensor_msgs_py/lib/python3.12/site-packages:/home/nava/microros_ws/install/nav_msgs/lib/python3.12/site-packages:/home/nava/microros_ws/install/diagnostic_msgs/lib/python3.12/site-packages:/home/nava/microros_ws/install/actionlib_msgs/lib/python3.12/site-packages:/home/nava/microros_ws/install/statistics_msgs/lib/python3.12/site-packages:/home/nava/microros_ws/install/service_msgs/lib/python3.12/site-packages:/home/nava/microros_ws/install/rosgraph_msgs/lib/python3.12/site-packages:/home/nava/microros_ws/install/composition_interfaces/lib/python3.12/site-packages:/home/nava/microros_ws/install/lifecycle_msgs/lib/python3.12/site-packages:/opt/ros/jazzy/lib/python3.12/site-packages /usr/bin/cmake --install /home/nava/microros_ws/build/micro_ros_demos_rclc
