[0.015s] Invoking command in '/home/nava/ros2_ws/build/modelo_robot': CMAKE_PREFIX_PATH=${CMAKE_PREFIX_PATH}:/opt/ros/jazzy DEBUGINFOD_URLS=https://debuginfod.ubuntu.com /usr/bin/cmake --build /home/nava/ros2_ws/build/modelo_robot -- -j12 -l12
[0.144s] Invoked command in '/home/nava/ros2_ws/build/modelo_robot' returned '0': CMAKE_PREFIX_PATH=${CMAKE_PREFIX_PATH}:/opt/ros/jazzy DEBUGINFOD_URLS=https://debuginfod.ubuntu.com /usr/bin/cmake --build /home/nava/ros2_ws/build/modelo_robot -- -j12 -l12
[0.183s] Invoking command in '/home/nava/ros2_ws/build/modelo_robot': CMAKE_PREFIX_PATH=${CMAKE_PREFIX_PATH}:/opt/ros/jazzy DEBUGINFOD_URLS=https://debuginfod.ubuntu.com /usr/bin/cmake --install /home/nava/ros2_ws/build/modelo_robot
[0.216s] -- Install configuration: ""
[0.218s] -- Up-to-date: /home/nava/ros2_ws/install/modelo_robot/share/modelo_robot/urdf
[0.219s] -- Up-to-date: /home/nava/ros2_ws/install/modelo_robot/share/modelo_robot/urdf/final.sdf
[0.220s] -- Up-to-date: /home/nava/ros2_ws/install/modelo_robot/share/modelo_robot/urdf/mimundo.sdf
[0.220s] -- Up-to-date: /home/nava/ros2_ws/install/modelo_robot/share/modelo_robot/urdf/final.urdf
[0.220s] -- Up-to-date: /home/nava/ros2_ws/install/modelo_robot/share/modelo_robot/launch
[0.221s] -- Up-to-date: /home/nava/ros2_ws/install/modelo_robot/share/modelo_robot/launch/display.launch.py
[0.221s] -- Up-to-date: /home/nava/ros2_ws/install/modelo_robot/share/modelo_robot/launch/robot_simulation_launch.py
[0.222s] -- Up-to-date: /home/nava/ros2_ws/install/modelo_robot/share/modelo_robot/launch/world.launch.py
[0.222s] -- Up-to-date: /home/nava/ros2_ws/install/modelo_robot/share/ament_index/resource_index/package_run_dependencies/modelo_robot
[0.223s] -- Up-to-date: /home/nava/ros2_ws/install/modelo_robot/share/ament_index/resource_index/parent_prefix_path/modelo_robot
[0.223s] -- Up-to-date: /home/nava/ros2_ws/install/modelo_robot/share/modelo_robot/environment/ament_prefix_path.sh
[0.223s] -- Up-to-date: /home/nava/ros2_ws/install/modelo_robot/share/modelo_robot/environment/ament_prefix_path.dsv
[0.224s] -- Up-to-date: /home/nava/ros2_ws/install/modelo_robot/share/modelo_robot/environment/path.sh
[0.224s] -- Up-to-date: /home/nava/ros2_ws/install/modelo_robot/share/modelo_robot/environment/path.dsv
[0.224s] -- Up-to-date: /home/nava/ros2_ws/install/modelo_robot/share/modelo_robot/local_setup.bash
[0.225s] -- Up-to-date: /home/nava/ros2_ws/install/modelo_robot/share/modelo_robot/local_setup.sh
[0.225s] -- Up-to-date: /home/nava/ros2_ws/install/modelo_robot/share/modelo_robot/local_setup.zsh
[0.225s] -- Up-to-date: /home/nava/ros2_ws/install/modelo_robot/share/modelo_robot/local_setup.dsv
[0.226s] -- Installing: /home/nava/ros2_ws/install/modelo_robot/share/modelo_robot/package.dsv
[0.226s] -- Up-to-date: /home/nava/ros2_ws/install/modelo_robot/share/ament_index/resource_index/packages/modelo_robot
[0.226s] -- Up-to-date: /home/nava/ros2_ws/install/modelo_robot/share/modelo_robot/cmake/modelo_robotConfig.cmake
[0.226s] -- Up-to-date: /home/nava/ros2_ws/install/modelo_robot/share/modelo_robot/cmake/modelo_robotConfig-version.cmake
[0.227s] -- Up-to-date: /home/nava/ros2_ws/install/modelo_robot/share/modelo_robot/package.xml
[0.229s] Invoked command in '/home/nava/ros2_ws/build/modelo_robot' returned '0': CMAKE_PREFIX_PATH=${CMAKE_PREFIX_PATH}:/opt/ros/jazzy DEBUGINFOD_URLS=https://debuginfod.ubuntu.com /usr/bin/cmake --install /home/nava/ros2_ws/build/modelo_robot
