[0.008s] Invoking command in '/home/nava/ros2_ws/build/modelo_robot': CMAKE_PREFIX_PATH=${CMAKE_PREFIX_PATH}:/opt/ros/jazzy DEBUGINFOD_URLS=https://debuginfod.ubuntu.com /usr/bin/cmake --build /home/nava/ros2_ws/build/modelo_robot -- -j12 -l12
[0.029s] -- Found ament_cmake: 2.5.4 (/opt/ros/jazzy/share/ament_cmake/cmake)
[0.197s] -- Found rclcpp: 28.1.9 (/opt/ros/jazzy/share/rclcpp/cmake)
[0.220s] -- Found rosidl_generator_c: 4.6.5 (/opt/ros/jazzy/share/rosidl_generator_c/cmake)
[0.228s] -- Found rosidl_generator_cpp: 4.6.5 (/opt/ros/jazzy/share/rosidl_generator_cpp/cmake)
[0.237s] -- Using all available rosidl_typesupport_c: rosidl_typesupport_fastrtps_c;rosidl_typesupport_introspection_c
[0.249s] -- Using all available rosidl_typesupport_cpp: rosidl_typesupport_fastrtps_cpp;rosidl_typesupport_introspection_cpp
[0.303s] -- Found rmw_implementation_cmake: 7.3.2 (/opt/ros/jazzy/share/rmw_implementation_cmake/cmake)
[0.304s] -- Found rmw_fastrtps_cpp: 8.4.2 (/opt/ros/jazzy/share/rmw_fastrtps_cpp/cmake)
[0.356s] -- Using RMW implementation 'rmw_fastrtps_cpp' as default
[0.412s] -- Found robot_state_publisher: 3.3.3 (/opt/ros/jazzy/share/robot_state_publisher/cmake)
[0.572s] -- Found ros_gz_sim: 1.0.11 (/opt/ros/jazzy/share/ros_gz_sim/cmake)
[0.573s] -- Found ament_lint_auto: 0.17.2 (/opt/ros/jazzy/share/ament_lint_auto/cmake)
[0.648s] -- Added test 'flake8' to check Python code syntax and style conventions
[0.648s] -- Configured 'flake8' exclude dirs and/or files: 
[0.648s] -- Added test 'lint_cmake' to check CMake code style
[0.648s] -- Added test 'pep257' to check Python code against some of the docstring style conventions in PEP 257
[0.649s] -- Added test 'xmllint' to check XML markup files
[0.650s] -- Configuring done (0.6s)
[0.654s] -- Generating done (0.0s)
[0.656s] -- Build files have been written to: /home/nava/ros2_ws/build/modelo_robot
[0.677s] Invoked command in '/home/nava/ros2_ws/build/modelo_robot' returned '0': CMAKE_PREFIX_PATH=${CMAKE_PREFIX_PATH}:/opt/ros/jazzy DEBUGINFOD_URLS=https://debuginfod.ubuntu.com /usr/bin/cmake --build /home/nava/ros2_ws/build/modelo_robot -- -j12 -l12
[0.684s] Invoking command in '/home/nava/ros2_ws/build/modelo_robot': CMAKE_PREFIX_PATH=${CMAKE_PREFIX_PATH}:/opt/ros/jazzy DEBUGINFOD_URLS=https://debuginfod.ubuntu.com /usr/bin/cmake --install /home/nava/ros2_ws/build/modelo_robot
[0.690s] -- Install configuration: ""
[0.690s] -- Up-to-date: /home/nava/ros2_ws/install/modelo_robot/share/modelo_robot/urdf
[0.691s] -- Up-to-date: /home/nava/ros2_ws/install/modelo_robot/share/modelo_robot/urdf/final.sdf
[0.691s] -- Up-to-date: /home/nava/ros2_ws/install/modelo_robot/share/modelo_robot/urdf/mimundo.sdf
[0.691s] -- Up-to-date: /home/nava/ros2_ws/install/modelo_robot/share/modelo_robot/urdf/final.urdf
[0.691s] -- Installing: /home/nava/ros2_ws/install/modelo_robot/share/modelo_robot/launch
[0.691s] -- Installing: /home/nava/ros2_ws/install/modelo_robot/share/modelo_robot/launch/display.launch.py
[0.691s] -- Installing: /home/nava/ros2_ws/install/modelo_robot/share/modelo_robot/launch/robot_simulation_launch.py
[0.691s] -- Installing: /home/nava/ros2_ws/install/modelo_robot/share/modelo_robot/launch/world.launch.py
[0.691s] -- Up-to-date: /home/nava/ros2_ws/install/modelo_robot/share/ament_index/resource_index/package_run_dependencies/modelo_robot
[0.691s] -- Installing: /home/nava/ros2_ws/install/modelo_robot/share/ament_index/resource_index/parent_prefix_path/modelo_robot
[0.691s] -- Up-to-date: /home/nava/ros2_ws/install/modelo_robot/share/modelo_robot/environment/ament_prefix_path.sh
[0.691s] -- Up-to-date: /home/nava/ros2_ws/install/modelo_robot/share/modelo_robot/environment/ament_prefix_path.dsv
[0.691s] -- Up-to-date: /home/nava/ros2_ws/install/modelo_robot/share/modelo_robot/environment/path.sh
[0.691s] -- Up-to-date: /home/nava/ros2_ws/install/modelo_robot/share/modelo_robot/environment/path.dsv
[0.691s] -- Up-to-date: /home/nava/ros2_ws/install/modelo_robot/share/modelo_robot/local_setup.bash
[0.691s] -- Up-to-date: /home/nava/ros2_ws/install/modelo_robot/share/modelo_robot/local_setup.sh
[0.692s] -- Up-to-date: /home/nava/ros2_ws/install/modelo_robot/share/modelo_robot/local_setup.zsh
[0.692s] -- Up-to-date: /home/nava/ros2_ws/install/modelo_robot/share/modelo_robot/local_setup.dsv
[0.692s] -- Installing: /home/nava/ros2_ws/install/modelo_robot/share/modelo_robot/package.dsv
[0.692s] -- Up-to-date: /home/nava/ros2_ws/install/modelo_robot/share/ament_index/resource_index/packages/modelo_robot
[0.692s] -- Up-to-date: /home/nava/ros2_ws/install/modelo_robot/share/modelo_robot/cmake/modelo_robotConfig.cmake
[0.692s] -- Up-to-date: /home/nava/ros2_ws/install/modelo_robot/share/modelo_robot/cmake/modelo_robotConfig-version.cmake
[0.692s] -- Up-to-date: /home/nava/ros2_ws/install/modelo_robot/share/modelo_robot/package.xml
[0.692s] Invoked command in '/home/nava/ros2_ws/build/modelo_robot' returned '0': CMAKE_PREFIX_PATH=${CMAKE_PREFIX_PATH}:/opt/ros/jazzy DEBUGINFOD_URLS=https://debuginfod.ubuntu.com /usr/bin/cmake --install /home/nava/ros2_ws/build/modelo_robot
