-- Install configuration: ""
-- Up-to-date: /home/nava/ros2_ws/install/modelo_robot/share/modelo_robot/urdf
-- Installing: /home/nava/ros2_ws/install/modelo_robot/share/modelo_robot/urdf/final.sdf
-- Up-to-date: /home/nava/ros2_ws/install/modelo_robot/share/modelo_robot/urdf/mimundo.sdf
-- Up-to-date: /home/nava/ros2_ws/install/modelo_robot/share/modelo_robot/urdf/final.urdf
-- Up-to-date: /home/nava/ros2_ws/install/modelo_robot/share/modelo_robot/launch
-- Up-to-date: /home/nava/ros2_ws/install/modelo_robot/share/modelo_robot/launch/display.launch.py
-- Installing: /home/nava/ros2_ws/install/modelo_robot/share/modelo_robot/launch/robot_simulation_launch.py
-- Up-to-date: /home/nava/ros2_ws/install/modelo_robot/share/modelo_robot/launch/world.launch.py
-- Up-to-date: /home/nava/ros2_ws/install/modelo_robot/share/ament_index/resource_index/package_run_dependencies/modelo_robot
-- Up-to-date: /home/nava/ros2_ws/install/modelo_robot/share/ament_index/resource_index/parent_prefix_path/modelo_robot
-- Up-to-date: /home/nava/ros2_ws/install/modelo_robot/share/modelo_robot/environment/ament_prefix_path.sh
-- Up-to-date: /home/nava/ros2_ws/install/modelo_robot/share/modelo_robot/environment/ament_prefix_path.dsv
-- Up-to-date: /home/nava/ros2_ws/install/modelo_robot/share/modelo_robot/environment/path.sh
-- Up-to-date: /home/nava/ros2_ws/install/modelo_robot/share/modelo_robot/environment/path.dsv
-- Up-to-date: /home/nava/ros2_ws/install/modelo_robot/share/modelo_robot/local_setup.bash
-- Up-to-date: /home/nava/ros2_ws/install/modelo_robot/share/modelo_robot/local_setup.sh
-- Up-to-date: /home/nava/ros2_ws/install/modelo_robot/share/modelo_robot/local_setup.zsh
-- Up-to-date: /home/nava/ros2_ws/install/modelo_robot/share/modelo_robot/local_setup.dsv
-- Installing: /home/nava/ros2_ws/install/modelo_robot/share/modelo_robot/package.dsv
-- Up-to-date: /home/nava/ros2_ws/install/modelo_robot/share/ament_index/resource_index/packages/modelo_robot
-- Up-to-date: /home/nava/ros2_ws/install/modelo_robot/share/modelo_robot/cmake/modelo_robotConfig.cmake
-- Up-to-date: /home/nava/ros2_ws/install/modelo_robot/share/modelo_robot/cmake/modelo_robotConfig-version.cmake
-- Up-to-date: /home/nava/ros2_ws/install/modelo_robot/share/modelo_robot/package.xml
