-- The C compiler identification is GNU 13.3.0
-- The CXX compiler identification is GNU 13.3.0
-- Detecting C compiler ABI info
-- Detecting C compiler ABI info - done
-- Check for working C compiler: /usr/bin/cc - skipped
-- Detecting C compile features
-- Detecting C compile features - done
-- Detecting CXX compiler ABI info
-- Detecting CXX compiler ABI info - done
-- Check for working CXX compiler: /usr/bin/c++ - skipped
-- Detecting CXX compile features
-- Detecting CXX compile features - done
-- Found ament_cmake: 2.5.4 (/opt/ros/jazzy/share/ament_cmake/cmake)
-- Found Python3: /usr/bin/python3 (found version "3.12.3") found components: Interpreter 
-- Configuring done (0.8s)
-- Generating done (0.0s)
-- Build files have been written to: /home/nava/microros_ws/build/micro_ros_demos_rclc
[  5%] [34m[1mCreating directories for 'graph_visualizer'[0m
[  3%] [34m[1mCreating directories for 'addtwoints_server'[0m
[  5%] [34m[1mCreating directories for 'addtwoints_client'[0m
[  5%] [34m[1mCreating directories for 'configured_subscriber'[0m
[  7%] [34m[1mCreating directories for 'fibonacci_action_client'[0m
[  7%] [34m[1mCreating directories for 'fibonacci_action_server'[0m
[  7%] [34m[1mCreating directories for 'int32_multinode'[0m
[  3%] [34m[1mCreating directories for 'int32_subscriber'[0m
[  3%] [34m[1mCreating directories for 'publisher_count'[0m
[  3%] [34m[1mCreating directories for 'subscription_count'[0m
[  5%] [34m[1mCreating directories for 'int32_publisher'[0m
[  5%] [34m[1mCreating directories for 'configured_publisher'[0m
[ 10%] [34m[1mNo download step for 'fibonacci_action_client'[0m
[ 10%] [34m[1mNo download step for 'addtwoints_server'[0m
[ 10%] [34m[1mNo download step for 'fibonacci_action_server'[0m
[ 10%] [34m[1mNo download step for 'addtwoints_client'[0m
[ 10%] [34m[1mNo download step for 'int32_multinode'[0m
[ 10%] [34m[1mNo download step for 'configured_subscriber'[0m
[ 13%] [34m[1mNo download step for 'subscription_count'[0m
[ 13%] [34m[1mNo download step for 'configured_publisher'[0m
[ 13%] [34m[1mNo download step for 'int32_subscriber'[0m
[ 14%] [34m[1mNo download step for 'graph_visualizer'[0m
[ 14%] [34m[1mNo download step for 'publisher_count'[0m
[ 14%] [34m[1mNo download step for 'int32_publisher'[0m
[ 14%] [34m[1mNo update step for 'addtwoints_client'[0m
[ 19%] [34m[1mNo update step for 'configured_subscriber'[0m
[ 19%] [34m[1mNo update step for 'fibonacci_action_client'[0m
[ 19%] [34m[1mNo update step for 'fibonacci_action_server'[0m
[ 19%] [34m[1mNo update step for 'publisher_count'[0m
[ 19%] [34m[1mNo update step for 'int32_publisher'[0m
[ 19%] [34m[1mNo update step for 'configured_publisher'[0m
[ 19%] [34m[1mNo update step for 'int32_subscriber'[0m
[ 20%] [34m[1mNo update step for 'graph_visualizer'[0m
[ 20%] [34m[1mNo update step for 'addtwoints_server'[0m
[ 20%] [34m[1mNo update step for 'subscription_count'[0m
[ 20%] [34m[1mNo update step for 'int32_multinode'[0m
[ 21%] [34m[1mNo patch step for 'int32_multinode'[0m
[ 21%] [34m[1mNo patch step for 'subscription_count'[0m
[ 21%] [34m[1mNo patch step for 'configured_subscriber'[0m
[ 22%] [34m[1mNo patch step for 'publisher_count'[0m
[ 22%] [34m[1mNo patch step for 'fibonacci_action_client'[0m
[ 23%] [34m[1mNo patch step for 'int32_publisher'[0m
[ 23%] [34m[1mNo patch step for 'addtwoints_server'[0m
[ 23%] [34m[1mNo patch step for 'graph_visualizer'[0m
[ 23%] [34m[1mNo patch step for 'int32_subscriber'[0m
[ 24%] [34m[1mNo patch step for 'addtwoints_client'[0m
[ 24%] [34m[1mNo patch step for 'configured_publisher'[0m
[ 24%] [34m[1mNo patch step for 'fibonacci_action_server'[0m
[ 29%] [34m[1mPerforming configure step for 'int32_subscriber'[0m
[ 29%] [34m[1mPerforming configure step for 'fibonacci_action_client'[0m
[ 29%] [34m[1mPerforming configure step for 'configured_publisher'[0m
[ 29%] [34m[1mPerforming configure step for 'addtwoints_server'[0m
[ 29%] [34m[1mPerforming configure step for 'int32_publisher'[0m
[ 29%] [34m[1mPerforming configure step for 'graph_visualizer'[0m
[ 29%] [34m[1mPerforming configure step for 'subscription_count'[0m
[ 29%] [34m[1mPerforming configure step for 'int32_multinode'[0m
[ 29%] [34m[1mPerforming configure step for 'publisher_count'[0m
[ 29%] [34m[1mPerforming configure step for 'addtwoints_client'[0m
[ 29%] [34m[1mPerforming configure step for 'configured_subscriber'[0m
[ 29%] [34m[1mPerforming configure step for 'fibonacci_action_server'[0m
loading initial cache file /home/nava/microros_ws/build/micro_ros_demos_rclc/graph_introspection/publisher_count/tmp/publisher_count-cache-.cmake
loading initial cache file /home/nava/microros_ws/build/micro_ros_demos_rclc/configuration_example/configured_publisher/tmp/configured_publisher-cache-.cmake
loading initial cache file /home/nava/microros_ws/build/micro_ros_demos_rclc/graph_introspection/graph_visualizer/tmp/graph_visualizer-cache-.cmake
loading initial cache file /home/nava/microros_ws/build/micro_ros_demos_rclc/int32_publisher/tmp/int32_publisher-cache-.cmake
loading initial cache file /home/nava/microros_ws/build/micro_ros_demos_rclc/configuration_example/configured_subscriber/tmp/configured_subscriber-cache-.cmake
loading initial cache file /home/nava/microros_ws/build/micro_ros_demos_rclc/addtwoints_server/tmp/addtwoints_server-cache-.cmake
loading initial cache file /home/nava/microros_ws/build/micro_ros_demos_rclc/addtwoints_client/tmp/addtwoints_client-cache-.cmake
loading initial cache file /home/nava/microros_ws/build/micro_ros_demos_rclc/int32_multinode/tmp/int32_multinode-cache-.cmake
loading initial cache file /home/nava/microros_ws/build/micro_ros_demos_rclc/graph_introspection/subscription_count/tmp/subscription_count-cache-.cmake
loading initial cache file /home/nava/microros_ws/build/micro_ros_demos_rclc/fibonacci_action_client/tmp/fibonacci_action_client-cache-.cmake
loading initial cache file /home/nava/microros_ws/build/micro_ros_demos_rclc/int32_subscriber/tmp/int32_subscriber-cache-.cmake
loading initial cache file /home/nava/microros_ws/build/micro_ros_demos_rclc/fibonacci_action_server/tmp/fibonacci_action_server-cache-.cmake
-- The C compiler identification is GNU 13.3.0
-- The C compiler identification is GNU 13.3.0
-- The C compiler identification is GNU 13.3.0
-- The C compiler identification is GNU 13.3.0
-- The C compiler identification is GNU 13.3.0
-- The C compiler identification is GNU 13.3.0
-- The C compiler identification is GNU 13.3.0
-- The C compiler identification is GNU 13.3.0
-- The C compiler identification is GNU 13.3.0
-- The C compiler identification is GNU 13.3.0
-- The C compiler identification is GNU 13.3.0
-- The C compiler identification is GNU 13.3.0
-- Detecting C compiler ABI info
-- Detecting C compiler ABI info
-- Detecting C compiler ABI info
-- Detecting C compiler ABI info
-- Detecting C compiler ABI info
-- Detecting C compiler ABI info
-- Detecting C compiler ABI info
-- Detecting C compiler ABI info
-- Detecting C compiler ABI info
-- Detecting C compiler ABI info
-- Detecting C compiler ABI info
-- Detecting C compiler ABI info
-- Detecting C compiler ABI info - done
-- Detecting C compiler ABI info - done
-- Detecting C compiler ABI info - done
-- Detecting C compiler ABI info - done
-- Detecting C compiler ABI info - done
-- Detecting C compiler ABI info - done
-- Detecting C compiler ABI info - done
-- Detecting C compiler ABI info - done
-- Detecting C compiler ABI info - done
-- Detecting C compiler ABI info - done
-- Detecting C compiler ABI info - done
-- Detecting C compiler ABI info - done
-- Check for working C compiler: /usr/bin/cc - skipped
-- Detecting C compile features
-- Detecting C compile features - done
-- Check for working C compiler: /usr/bin/cc - skipped
-- Detecting C compile features
-- Check for working C compiler: /usr/bin/cc - skipped
-- Check for working C compiler: /usr/bin/cc - skipped
-- Detecting C compile features - done
-- Detecting C compile features
-- Detecting C compile features
-- Detecting C compile features - done
-- Detecting C compile features - done
-- Check for working C compiler: /usr/bin/cc - skipped
-- Check for working C compiler: /usr/bin/cc - skipped
-- Detecting C compile features
-- Check for working C compiler: /usr/bin/cc - skipped
-- Found ament_cmake: 2.5.4 (/opt/ros/jazzy/share/ament_cmake/cmake)
-- Detecting C compile features
-- Detecting C compile features
-- Detecting C compile features - done
-- Detecting C compile features - done
-- Check for working C compiler: /usr/bin/cc - skipped
-- Check for working C compiler: /usr/bin/cc - skipped
-- Detecting C compile features - done
-- Detecting C compile features
-- Detecting C compile features
-- Check for working C compiler: /usr/bin/cc - skipped
-- Detecting C compile features - done
-- Detecting C compile features - done
-- Detecting C compile features
-- Found ament_cmake: 2.5.4 (/opt/ros/jazzy/share/ament_cmake/cmake)
-- Check for working C compiler: /usr/bin/cc - skipped
-- Detecting C compile features
-- Detecting C compile features - done
-- Found ament_cmake: 2.5.4 (/opt/ros/jazzy/share/ament_cmake/cmake)
-- Found ament_cmake: 2.5.4 (/opt/ros/jazzy/share/ament_cmake/cmake)
-- Detecting C compile features - done
-- Found ament_cmake: 2.5.4 (/opt/ros/jazzy/share/ament_cmake/cmake)
-- Found ament_cmake: 2.5.4 (/opt/ros/jazzy/share/ament_cmake/cmake)
-- Found ament_cmake: 2.5.4 (/opt/ros/jazzy/share/ament_cmake/cmake)
-- Found ament_cmake: 2.5.4 (/opt/ros/jazzy/share/ament_cmake/cmake)
-- Found ament_cmake: 2.5.4 (/opt/ros/jazzy/share/ament_cmake/cmake)
-- Found ament_cmake: 2.5.4 (/opt/ros/jazzy/share/ament_cmake/cmake)
-- Found ament_cmake: 2.5.4 (/opt/ros/jazzy/share/ament_cmake/cmake)
-- Check for working C compiler: /usr/bin/cc - skipped
-- Detecting C compile features
-- Detecting C compile features - done
-- Found ament_cmake: 2.5.4 (/opt/ros/jazzy/share/ament_cmake/cmake)
-- Found Python3: /usr/bin/python3 (found version "3.12.3") found components: Interpreter 
-- Found Python3: /usr/bin/python3 (found version "3.12.3") found components: Interpreter 
-- Found Python3: /usr/bin/python3 (found version "3.12.3") found components: Interpreter 
-- Found Python3: /usr/bin/python3 (found version "3.12.3") found components: Interpreter 
-- Found Python3: /usr/bin/python3 (found version "3.12.3") found components: Interpreter 
-- Found Python3: /usr/bin/python3 (found version "3.12.3") found components: Interpreter 
-- Found Python3: /usr/bin/python3 (found version "3.12.3") found components: Interpreter 
-- Found Python3: /usr/bin/python3 (found version "3.12.3") found components: Interpreter 
-- Found Python3: /usr/bin/python3 (found version "3.12.3") found components: Interpreter 
-- Found Python3: /usr/bin/python3 (found version "3.12.3") found components: Interpreter 
-- Found Python3: /usr/bin/python3 (found version "3.12.3") found components: Interpreter 
-- Found Python3: /usr/bin/python3 (found version "3.12.3") found components: Interpreter 
-- Found rcl: 9.2.6 (/opt/ros/jazzy/share/rcl/cmake)
-- Found rcl: 9.2.6 (/opt/ros/jazzy/share/rcl/cmake)
-- Found rcl: 9.2.6 (/opt/ros/jazzy/share/rcl/cmake)
-- Found rcl: 9.2.6 (/opt/ros/jazzy/share/rcl/cmake)
-- Found rcl: 9.2.6 (/opt/ros/jazzy/share/rcl/cmake)
-- Found rcl: 9.2.6 (/opt/ros/jazzy/share/rcl/cmake)
-- Found rcl: 9.2.6 (/opt/ros/jazzy/share/rcl/cmake)
-- Found rcl: 9.2.6 (/opt/ros/jazzy/share/rcl/cmake)
-- Found rcl: 9.2.6 (/opt/ros/jazzy/share/rcl/cmake)
-- Found rcl: 9.2.6 (/opt/ros/jazzy/share/rcl/cmake)
-- Found rcl: 9.2.6 (/opt/ros/jazzy/share/rcl/cmake)
-- Found rcl: 9.2.6 (/opt/ros/jazzy/share/rcl/cmake)
-- Found rosidl_generator_c: 4.6.5 (/opt/ros/jazzy/share/rosidl_generator_c/cmake)
-- Found rosidl_generator_c: 4.6.5 (/opt/ros/jazzy/share/rosidl_generator_c/cmake)
-- Found rosidl_generator_c: 4.6.5 (/opt/ros/jazzy/share/rosidl_generator_c/cmake)
-- Found rosidl_generator_c: 4.6.5 (/opt/ros/jazzy/share/rosidl_generator_c/cmake)
-- Found rosidl_generator_c: 4.6.5 (/opt/ros/jazzy/share/rosidl_generator_c/cmake)
-- Found rosidl_generator_c: 4.6.5 (/opt/ros/jazzy/share/rosidl_generator_c/cmake)
-- Found rosidl_generator_c: 4.6.5 (/opt/ros/jazzy/share/rosidl_generator_c/cmake)
-- Found rosidl_generator_c: 4.6.5 (/opt/ros/jazzy/share/rosidl_generator_c/cmake)
-- Found rosidl_generator_c: 4.6.5 (/opt/ros/jazzy/share/rosidl_generator_c/cmake)
-- Found rosidl_generator_c: 4.6.5 (/opt/ros/jazzy/share/rosidl_generator_c/cmake)
-- Found rosidl_generator_cpp: 4.6.5 (/opt/ros/jazzy/share/rosidl_generator_cpp/cmake)
-- Found rosidl_generator_cpp: 4.6.5 (/opt/ros/jazzy/share/rosidl_generator_cpp/cmake)
-- Found rosidl_generator_cpp: 4.6.5 (/opt/ros/jazzy/share/rosidl_generator_cpp/cmake)
-- Found rosidl_generator_c: 4.6.5 (/opt/ros/jazzy/share/rosidl_generator_c/cmake)
-- Found rosidl_generator_c: 4.6.5 (/opt/ros/jazzy/share/rosidl_generator_c/cmake)
-- Found rosidl_generator_cpp: 4.6.5 (/opt/ros/jazzy/share/rosidl_generator_cpp/cmake)
-- Found rosidl_generator_cpp: 4.6.5 (/opt/ros/jazzy/share/rosidl_generator_cpp/cmake)
-- Found rosidl_generator_cpp: 4.6.5 (/opt/ros/jazzy/share/rosidl_generator_cpp/cmake)
-- Found rosidl_generator_cpp: 4.6.5 (/opt/ros/jazzy/share/rosidl_generator_cpp/cmake)
-- Found rosidl_generator_cpp: 4.6.5 (/opt/ros/jazzy/share/rosidl_generator_cpp/cmake)
-- Found rosidl_generator_cpp: 4.6.5 (/opt/ros/jazzy/share/rosidl_generator_cpp/cmake)
-- Found rosidl_generator_cpp: 4.6.5 (/opt/ros/jazzy/share/rosidl_generator_cpp/cmake)
-- Found rosidl_generator_cpp: 4.6.5 (/opt/ros/jazzy/share/rosidl_generator_cpp/cmake)
-- Using all available rosidl_typesupport_c: rosidl_typesupport_microxrcedds_c;rosidl_typesupport_fastrtps_c;rosidl_typesupport_introspection_c
-- Using all available rosidl_typesupport_c: rosidl_typesupport_microxrcedds_c;rosidl_typesupport_fastrtps_c;rosidl_typesupport_introspection_c
-- Using all available rosidl_typesupport_c: rosidl_typesupport_microxrcedds_c;rosidl_typesupport_fastrtps_c;rosidl_typesupport_introspection_c
-- Found rosidl_generator_cpp: 4.6.5 (/opt/ros/jazzy/share/rosidl_generator_cpp/cmake)
-- Found rosidl_adapter: 4.6.5 (/opt/ros/jazzy/share/rosidl_adapter/cmake)
-- Found rosidl_adapter: 4.6.5 (/opt/ros/jazzy/share/rosidl_adapter/cmake)
-- Using all available rosidl_typesupport_c: rosidl_typesupport_microxrcedds_c;rosidl_typesupport_fastrtps_c;rosidl_typesupport_introspection_c
-- Found rosidl_adapter: 4.6.5 (/opt/ros/jazzy/share/rosidl_adapter/cmake)
-- Using all available rosidl_typesupport_c: rosidl_typesupport_microxrcedds_c;rosidl_typesupport_fastrtps_c;rosidl_typesupport_introspection_c
-- Using all available rosidl_typesupport_c: rosidl_typesupport_microxrcedds_c;rosidl_typesupport_fastrtps_c;rosidl_typesupport_introspection_c
-- Using all available rosidl_typesupport_c: rosidl_typesupport_microxrcedds_c;rosidl_typesupport_fastrtps_c;rosidl_typesupport_introspection_c
-- Using all available rosidl_typesupport_c: rosidl_typesupport_microxrcedds_c;rosidl_typesupport_fastrtps_c;rosidl_typesupport_introspection_c
-- Using all available rosidl_typesupport_c: rosidl_typesupport_microxrcedds_c;rosidl_typesupport_fastrtps_c;rosidl_typesupport_introspection_c
-- Using all available rosidl_typesupport_c: rosidl_typesupport_microxrcedds_c;rosidl_typesupport_fastrtps_c;rosidl_typesupport_introspection_c
-- Found rosidl_adapter: 4.6.5 (/opt/ros/jazzy/share/rosidl_adapter/cmake)
-- Using all available rosidl_typesupport_c: rosidl_typesupport_microxrcedds_c;rosidl_typesupport_fastrtps_c;rosidl_typesupport_introspection_c
-- Found rosidl_adapter: 4.6.5 (/opt/ros/jazzy/share/rosidl_adapter/cmake)
-- Found rosidl_adapter: 4.6.5 (/opt/ros/jazzy/share/rosidl_adapter/cmake)
-- Found rosidl_adapter: 4.6.5 (/opt/ros/jazzy/share/rosidl_adapter/cmake)
-- Using all available rosidl_typesupport_c: rosidl_typesupport_microxrcedds_c;rosidl_typesupport_fastrtps_c;rosidl_typesupport_introspection_c
-- Found rosidl_adapter: 4.6.5 (/opt/ros/jazzy/share/rosidl_adapter/cmake)
-- Found rosidl_adapter: 4.6.5 (/opt/ros/jazzy/share/rosidl_adapter/cmake)
-- Found rosidl_adapter: 4.6.5 (/opt/ros/jazzy/share/rosidl_adapter/cmake)
-- Found rosidl_adapter: 4.6.5 (/opt/ros/jazzy/share/rosidl_adapter/cmake)
-- Found rosidl_adapter: 4.6.5 (/opt/ros/jazzy/share/rosidl_adapter/cmake)
-- Using all available rosidl_typesupport_cpp: rosidl_typesupport_microxrcedds_cpp;rosidl_typesupport_fastrtps_cpp;rosidl_typesupport_introspection_cpp
-- Using all available rosidl_typesupport_cpp: rosidl_typesupport_microxrcedds_cpp;rosidl_typesupport_fastrtps_cpp;rosidl_typesupport_introspection_cpp
-- Using all available rosidl_typesupport_cpp: rosidl_typesupport_microxrcedds_cpp;rosidl_typesupport_fastrtps_cpp;rosidl_typesupport_introspection_cpp
-- Using all available rosidl_typesupport_cpp: rosidl_typesupport_microxrcedds_cpp;rosidl_typesupport_fastrtps_cpp;rosidl_typesupport_introspection_cpp
-- Using all available rosidl_typesupport_cpp: rosidl_typesupport_microxrcedds_cpp;rosidl_typesupport_fastrtps_cpp;rosidl_typesupport_introspection_cpp
-- Using all available rosidl_typesupport_cpp: rosidl_typesupport_microxrcedds_cpp;rosidl_typesupport_fastrtps_cpp;rosidl_typesupport_introspection_cpp
-- Using all available rosidl_typesupport_cpp: rosidl_typesupport_microxrcedds_cpp;rosidl_typesupport_fastrtps_cpp;rosidl_typesupport_introspection_cpp
-- Using all available rosidl_typesupport_cpp: rosidl_typesupport_microxrcedds_cpp;rosidl_typesupport_fastrtps_cpp;rosidl_typesupport_introspection_cpp
-- Using all available rosidl_typesupport_cpp: rosidl_typesupport_microxrcedds_cpp;rosidl_typesupport_fastrtps_cpp;rosidl_typesupport_introspection_cpp
-- Using all available rosidl_typesupport_cpp: rosidl_typesupport_microxrcedds_cpp;rosidl_typesupport_fastrtps_cpp;rosidl_typesupport_introspection_cpp
-- Using all available rosidl_typesupport_cpp: rosidl_typesupport_microxrcedds_cpp;rosidl_typesupport_fastrtps_cpp;rosidl_typesupport_introspection_cpp
-- Using all available rosidl_typesupport_cpp: rosidl_typesupport_microxrcedds_cpp;rosidl_typesupport_fastrtps_cpp;rosidl_typesupport_introspection_cpp
-- Found rmw_implementation_cmake: 7.3.2 (/opt/ros/jazzy/share/rmw_implementation_cmake/cmake)
-- Found rmw_implementation_cmake: 7.3.2 (/opt/ros/jazzy/share/rmw_implementation_cmake/cmake)
-- Found rmw_implementation_cmake: 7.3.2 (/opt/ros/jazzy/share/rmw_implementation_cmake/cmake)
-- Found rmw_fastrtps_cpp: 8.4.2 (/opt/ros/jazzy/share/rmw_fastrtps_cpp/cmake)
-- Found rmw_fastrtps_cpp: 8.4.2 (/opt/ros/jazzy/share/rmw_fastrtps_cpp/cmake)
-- Found rmw_fastrtps_cpp: 8.4.2 (/opt/ros/jazzy/share/rmw_fastrtps_cpp/cmake)
-- Found rmw_implementation_cmake: 7.3.2 (/opt/ros/jazzy/share/rmw_implementation_cmake/cmake)
-- Found rmw_implementation_cmake: 7.3.2 (/opt/ros/jazzy/share/rmw_implementation_cmake/cmake)
-- Found rmw_implementation_cmake: 7.3.2 (/opt/ros/jazzy/share/rmw_implementation_cmake/cmake)
-- Found rmw_fastrtps_cpp: 8.4.2 (/opt/ros/jazzy/share/rmw_fastrtps_cpp/cmake)
-- Found rmw_fastrtps_cpp: 8.4.2 (/opt/ros/jazzy/share/rmw_fastrtps_cpp/cmake)
-- Found rmw_implementation_cmake: 7.3.2 (/opt/ros/jazzy/share/rmw_implementation_cmake/cmake)
-- Found rmw_implementation_cmake: 7.3.2 (/opt/ros/jazzy/share/rmw_implementation_cmake/cmake)
-- Found rmw_implementation_cmake: 7.3.2 (/opt/ros/jazzy/share/rmw_implementation_cmake/cmake)
-- Found rmw_fastrtps_cpp: 8.4.2 (/opt/ros/jazzy/share/rmw_fastrtps_cpp/cmake)
-- Found rmw_implementation_cmake: 7.3.2 (/opt/ros/jazzy/share/rmw_implementation_cmake/cmake)
-- Found rmw_fastrtps_cpp: 8.4.2 (/opt/ros/jazzy/share/rmw_fastrtps_cpp/cmake)
-- Found rmw_fastrtps_cpp: 8.4.2 (/opt/ros/jazzy/share/rmw_fastrtps_cpp/cmake)
-- Found rmw_fastrtps_cpp: 8.4.2 (/opt/ros/jazzy/share/rmw_fastrtps_cpp/cmake)
-- Found rmw_implementation_cmake: 7.3.2 (/opt/ros/jazzy/share/rmw_implementation_cmake/cmake)
-- Found rmw_fastrtps_cpp: 8.4.2 (/opt/ros/jazzy/share/rmw_fastrtps_cpp/cmake)
-- Found rmw_fastrtps_cpp: 8.4.2 (/opt/ros/jazzy/share/rmw_fastrtps_cpp/cmake)
-- Found rmw_implementation_cmake: 7.3.2 (/opt/ros/jazzy/share/rmw_implementation_cmake/cmake)
-- Found rmw_fastrtps_cpp: 8.4.2 (/opt/ros/jazzy/share/rmw_fastrtps_cpp/cmake)
-- Found OpenSSL: /usr/lib/x86_64-linux-gnu/libcrypto.so (found version "3.0.13")  
-- Found OpenSSL: /usr/lib/x86_64-linux-gnu/libcrypto.so (found version "3.0.13")  
-- Found OpenSSL: /usr/lib/x86_64-linux-gnu/libcrypto.so (found version "3.0.13")  
-- Found OpenSSL: /usr/lib/x86_64-linux-gnu/libcrypto.so (found version "3.0.13")  
-- Found OpenSSL: /usr/lib/x86_64-linux-gnu/libcrypto.so (found version "3.0.13")  
-- Found OpenSSL: /usr/lib/x86_64-linux-gnu/libcrypto.so (found version "3.0.13")  
-- Found OpenSSL: /usr/lib/x86_64-linux-gnu/libcrypto.so (found version "3.0.13")  
-- Found OpenSSL: /usr/lib/x86_64-linux-gnu/libcrypto.so (found version "3.0.13")  
-- Found OpenSSL: /usr/lib/x86_64-linux-gnu/libcrypto.so (found version "3.0.13")  
-- Found OpenSSL: /usr/lib/x86_64-linux-gnu/libcrypto.so (found version "3.0.13")  
-- Found OpenSSL: /usr/lib/x86_64-linux-gnu/libcrypto.so (found version "3.0.13")  
-- Found FastRTPS: /opt/ros/jazzy/include (Required is at least version "2.13") 
-- Found FastRTPS: /opt/ros/jazzy/include (Required is at least version "2.13") 
-- Found FastRTPS: /opt/ros/jazzy/include (Required is at least version "2.13") 
-- Found OpenSSL: /usr/lib/x86_64-linux-gnu/libcrypto.so (found version "3.0.13")  
-- Found FastRTPS: /opt/ros/jazzy/include (Required is at least version "2.13") 
-- Found FastRTPS: /opt/ros/jazzy/include (Required is at least version "2.13") 
-- Found FastRTPS: /opt/ros/jazzy/include (Required is at least version "2.13") 
-- Found FastRTPS: /opt/ros/jazzy/include (Required is at least version "2.13") 
-- Found FastRTPS: /opt/ros/jazzy/include (Required is at least version "2.13") 
-- Found FastRTPS: /opt/ros/jazzy/include (Required is at least version "2.13") 
-- Found FastRTPS: /opt/ros/jazzy/include (Required is at least version "2.13") 
-- Found FastRTPS: /opt/ros/jazzy/include (Required is at least version "2.13") 
-- Using RMW implementation 'rmw_fastrtps_cpp' as default
-- Using RMW implementation 'rmw_fastrtps_cpp' as default
-- Using RMW implementation 'rmw_fastrtps_cpp' as default
-- Found FastRTPS: /opt/ros/jazzy/include (Required is at least version "2.13") 
-- Using RMW implementation 'rmw_fastrtps_cpp' as default
-- Using RMW implementation 'rmw_fastrtps_cpp' as default
-- Using RMW implementation 'rmw_fastrtps_cpp' as default
-- Using RMW implementation 'rmw_fastrtps_cpp' as default
-- Using RMW implementation 'rmw_fastrtps_cpp' as default
-- Using RMW implementation 'rmw_fastrtps_cpp' as default
-- Using RMW implementation 'rmw_fastrtps_cpp' as default
-- Using RMW implementation 'rmw_fastrtps_cpp' as default
-- Found rclc: 6.1.0 (/home/nava/microros_ws/install/rclc/share/rclc/cmake)
-- Found rclc: 6.1.0 (/home/nava/microros_ws/install/rclc/share/rclc/cmake)
-- Found rclc: 6.1.0 (/home/nava/microros_ws/install/rclc/share/rclc/cmake)
-- Using RMW implementation 'rmw_fastrtps_cpp' as default
-- Found rclc: 6.1.0 (/home/nava/microros_ws/install/rclc/share/rclc/cmake)
-- Found rclc: 6.1.0 (/home/nava/microros_ws/install/rclc/share/rclc/cmake)
-- Found rclc: 6.1.0 (/home/nava/microros_ws/install/rclc/share/rclc/cmake)
-- Found rclc: 6.1.0 (/home/nava/microros_ws/install/rclc/share/rclc/cmake)
-- Found rclc: 6.1.0 (/home/nava/microros_ws/install/rclc/share/rclc/cmake)
-- Found rclc: 6.1.0 (/home/nava/microros_ws/install/rclc/share/rclc/cmake)
-- Found rclc: 6.1.0 (/home/nava/microros_ws/install/rclc/share/rclc/cmake)
-- Found rclc: 6.1.0 (/home/nava/microros_ws/install/rclc/share/rclc/cmake)
-- Found rclc: 6.1.0 (/home/nava/microros_ws/install/rclc/share/rclc/cmake)
-- Found std_msgs: 5.3.6 (/home/nava/microros_ws/install/std_msgs/share/std_msgs/cmake)
-- Found std_msgs: 5.3.6 (/home/nava/microros_ws/install/std_msgs/share/std_msgs/cmake)
-- Found rmw_microxrcedds: 5.0.1 (/home/nava/microros_ws/install/rmw_microxrcedds/share/rmw_microxrcedds/cmake)
-- Found example_interfaces: 0.12.0 (/home/nava/microros_ws/install/example_interfaces/share/example_interfaces/cmake)
-- Found std_msgs: 5.3.6 (/home/nava/microros_ws/install/std_msgs/share/std_msgs/cmake)
-- Found std_msgs: 5.3.6 (/home/nava/microros_ws/install/std_msgs/share/std_msgs/cmake)
-- Configuring done (1.9s)
-- Found example_interfaces: 0.12.0 (/home/nava/microros_ws/install/example_interfaces/share/example_interfaces/cmake)
-- Found std_msgs: 5.3.6 (/home/nava/microros_ws/install/std_msgs/share/std_msgs/cmake)
-- Found rmw_microxrcedds: 5.0.1 (/home/nava/microros_ws/install/rmw_microxrcedds/share/rmw_microxrcedds/cmake)
-- Found rmw_microxrcedds: 5.0.1 (/home/nava/microros_ws/install/rmw_microxrcedds/share/rmw_microxrcedds/cmake)
-- Found example_interfaces: 0.12.0 (/home/nava/microros_ws/install/example_interfaces/share/example_interfaces/cmake)
-- Found std_msgs: 5.3.6 (/home/nava/microros_ws/install/std_msgs/share/std_msgs/cmake)
-- Found rmw_microxrcedds: 5.0.1 (/home/nava/microros_ws/install/rmw_microxrcedds/share/rmw_microxrcedds/cmake)
-- Generating done (0.0s)
-- Build files have been written to: /home/nava/microros_ws/build/micro_ros_demos_rclc/graph_introspection/subscription_count/src/subscription_count-build
-- Configuring done (2.0s)
-- Configuring done (2.0s)
-- Configuring done (2.0s)
-- Found rmw_microxrcedds: 5.0.1 (/home/nava/microros_ws/install/rmw_microxrcedds/share/rmw_microxrcedds/cmake)
-- Found example_interfaces: 0.12.0 (/home/nava/microros_ws/install/example_interfaces/share/example_interfaces/cmake)
-- Generating done (0.0s)
-- Performing Test CMAKE_HAVE_LIBC_PTHREAD
-- Build files have been written to: /home/nava/microros_ws/build/micro_ros_demos_rclc/graph_introspection/publisher_count/src/publisher_count-build
-- Configuring done (2.0s)
-- Generating done (0.0s)
-- Build files have been written to: /home/nava/microros_ws/build/micro_ros_demos_rclc/int32_subscriber/src/int32_subscriber-build
-- Found rmw_microxrcedds: 5.0.1 (/home/nava/microros_ws/install/rmw_microxrcedds/share/rmw_microxrcedds/cmake)
-- Generating done (0.0s)
-- Found rmw_microxrcedds: 5.0.1 (/home/nava/microros_ws/install/rmw_microxrcedds/share/rmw_microxrcedds/cmake)
-- Configuring done (2.0s)
-- Build files have been written to: /home/nava/microros_ws/build/micro_ros_demos_rclc/graph_introspection/graph_visualizer/src/graph_visualizer-build
-- Configuring done (2.0s)
-- Generating done (0.0s)
-- Build files have been written to: /home/nava/microros_ws/build/micro_ros_demos_rclc/int32_multinode/src/int32_multinode-build
-- Configuring done (2.0s)
-- Configuring done (2.0s)
-- Configuring done (2.0s)
-- Generating done (0.0s)
[ 29%] [34m[1mPerforming build step for 'subscription_count'[0m
-- Build files have been written to: /home/nava/microros_ws/build/micro_ros_demos_rclc/int32_publisher/src/int32_publisher-build
-- Generating done (0.0s)
-- Build files have been written to: /home/nava/microros_ws/build/micro_ros_demos_rclc/addtwoints_server/src/addtwoints_server-build
-- Generating done (0.0s)
-- Build files have been written to: /home/nava/microros_ws/build/micro_ros_demos_rclc/addtwoints_client/src/addtwoints_client-build
-- Generating done (0.0s)
-- Build files have been written to: /home/nava/microros_ws/build/micro_ros_demos_rclc/configuration_example/configured_publisher/src/configured_publisher-build
-- Performing Test CMAKE_HAVE_LIBC_PTHREAD
-- Generating done (0.0s)
-- Build files have been written to: /home/nava/microros_ws/build/micro_ros_demos_rclc/configuration_example/configured_subscriber/src/configured_subscriber-build
[ 29%] [34m[1mPerforming build step for 'publisher_count'[0m
[ 30%] [34m[1mPerforming build step for 'int32_subscriber'[0m
[ 31%] [34m[1mPerforming build step for 'graph_visualizer'[0m
[ 32%] [34m[1mPerforming build step for 'int32_multinode'[0m
[ 32%] [34m[1mPerforming build step for 'int32_publisher'[0m
[ 32%] [34m[1mPerforming build step for 'addtwoints_server'[0m
[ 32%] [34m[1mPerforming build step for 'addtwoints_client'[0m
[ 33%] [34m[1mPerforming build step for 'configured_publisher'[0m
[ 34%] [34m[1mPerforming build step for 'configured_subscriber'[0m
[ 50%] [32mBuilding C object CMakeFiles/subscription_count.dir/main.c.o[0m
[ 50%] [32mBuilding C object CMakeFiles/publisher_count.dir/main.c.o[0m
[ 50%] [32mBuilding C object CMakeFiles/int32_subscriber.dir/main.c.o[0m
[ 50%] [32mBuilding C object CMakeFiles/graph_visualizer.dir/main.c.o[0m
[ 50%] [32mBuilding C object CMakeFiles/int32_multinode.dir/main.c.o[0m
-- Performing Test CMAKE_HAVE_LIBC_PTHREAD - Success
-- Found Threads: TRUE  
-- Configuring done (2.1s)
[ 50%] [32mBuilding C object CMakeFiles/addtwoints_server.dir/main.c.o[0m
[ 50%] [32mBuilding C object CMakeFiles/addtwoints_client.dir/main.c.o[0m
[ 50%] [32mBuilding C object CMakeFiles/int32_publisher.dir/main.c.o[0m
-- Generating done (0.0s)
[ 50%] [32mBuilding C object CMakeFiles/configured_publisher.dir/main.c.o[0m
-- Build files have been written to: /home/nava/microros_ws/build/micro_ros_demos_rclc/fibonacci_action_client/src/fibonacci_action_client-build
[ 50%] [32mBuilding C object CMakeFiles/configured_subscriber.dir/main.c.o[0m
-- Performing Test CMAKE_HAVE_LIBC_PTHREAD - Success
-- Found Threads: TRUE  
-- Configuring done (2.2s)
[ 34%] [34m[1mPerforming build step for 'fibonacci_action_client'[0m
-- Generating done (0.0s)
-- Build files have been written to: /home/nava/microros_ws/build/micro_ros_demos_rclc/fibonacci_action_server/src/fibonacci_action_server-build
[100%] [32m[1mLinking C executable subscription_count[0m
[100%] [32m[1mLinking C executable publisher_count[0m
[100%] [32m[1mLinking C executable int32_subscriber[0m
[ 35%] [34m[1mPerforming build step for 'fibonacci_action_server'[0m
[100%] [32m[1mLinking C executable graph_visualizer[0m
[100%] [32m[1mLinking C executable int32_multinode[0m
[ 50%] [32mBuilding C object CMakeFiles/fibonacci_action_client.dir/main.c.o[0m
[100%] [32m[1mLinking C executable addtwoints_server[0m
[100%] [32m[1mLinking C executable addtwoints_client[0m
[100%] [32m[1mLinking C executable int32_publisher[0m
[100%] [32m[1mLinking C executable configured_subscriber[0m
[100%] [32m[1mLinking C executable configured_publisher[0m
[ 50%] [32mBuilding C object CMakeFiles/fibonacci_action_server.dir/main.c.o[0m
[100%] Built target subscription_count
[100%] [32m[1mLinking C executable fibonacci_action_client[0m
[100%] Built target publisher_count
[100%] Built target int32_subscriber
[ 35%] [34m[1mPerforming install step for 'subscription_count'[0m
[100%] Built target graph_visualizer
[ 36%] [34m[1mPerforming install step for 'publisher_count'[0m
[100%] Built target int32_multinode
[100%] [32m[1mLinking C executable fibonacci_action_server[0m
[ 36%] [34m[1mPerforming install step for 'int32_subscriber'[0m
[100%] Built target int32_publisher
[ 36%] [34m[1mPerforming install step for 'graph_visualizer'[0m
[100%] Built target addtwoints_client
[100%] Built target addtwoints_server
[100%] Built target configured_subscriber
[100%] Built target configured_publisher
[ 36%] [34m[1mPerforming install step for 'int32_multinode'[0m
[ 37%] [34m[1mPerforming install step for 'int32_publisher'[0m
[ 38%] [34m[1mPerforming install step for 'addtwoints_client'[0m
[ 38%] [34m[1mPerforming install step for 'configured_subscriber'[0m
[ 39%] [34m[1mPerforming install step for 'addtwoints_server'[0m
[ 39%] [34m[1mPerforming install step for 'configured_publisher'[0m
[100%] Built target subscription_count
[100%] Built target publisher_count
[100%] Built target int32_subscriber
[100%] Built target graph_visualizer
[36mInstall the project...[0m
[36mInstall the project...[0m
[100%] Built target int32_multinode
-- Install configuration: ""
-- Installing: /home/nava/microros_ws/build/micro_ros_demos_rclc/temp_install/subscription_count/subscription_count
-- Set non-toolchain portion of runtime path of "/home/nava/microros_ws/build/micro_ros_demos_rclc/temp_install/subscription_count/subscription_count" to ""
[100%] Built target fibonacci_action_client
[36mInstall the project...[0m
[36mInstall the project...[0m
-- Install configuration: ""
-- Installing: /home/nava/microros_ws/build/micro_ros_demos_rclc/temp_install/publisher_count/publisher_count
-- Set non-toolchain portion of runtime path of "/home/nava/microros_ws/build/micro_ros_demos_rclc/temp_install/publisher_count/publisher_count" to ""
[100%] Built target int32_publisher
[ 40%] [34m[1mCompleted 'subscription_count'[0m
-- Install configuration: ""
-- Installing: /home/nava/microros_ws/build/micro_ros_demos_rclc/temp_install/int32_subscriber/int32_subscriber
[100%] Built target addtwoints_client
-- Set non-toolchain portion of runtime path of "/home/nava/microros_ws/build/micro_ros_demos_rclc/temp_install/int32_subscriber/int32_subscriber" to ""
[100%] Built target addtwoints_server
-- Install configuration: ""
-- Installing: /home/nava/microros_ws/build/micro_ros_demos_rclc/temp_install/graph_visualizer/graph_visualizer
-- Set non-toolchain portion of runtime path of "/home/nava/microros_ws/build/micro_ros_demos_rclc/temp_install/graph_visualizer/graph_visualizer" to ""
[ 41%] [34m[1mCompleted 'publisher_count'[0m
[36mInstall the project...[0m
[100%] Built target configured_publisher
[100%] Built target configured_subscriber
[ 41%] [34m[1mPerforming install step for 'fibonacci_action_client'[0m
[ 41%] [34m[1mCompleted 'int32_subscriber'[0m
-- Install configuration: ""
-- Installing: /home/nava/microros_ws/build/micro_ros_demos_rclc/temp_install/int32_multinode/int32_multinode
-- Set non-toolchain portion of runtime path of "/home/nava/microros_ws/build/micro_ros_demos_rclc/temp_install/int32_multinode/int32_multinode" to ""
[36mInstall the project...[0m
[ 41%] [34m[1mCompleted 'graph_visualizer'[0m
[36mInstall the project...[0m
[36mInstall the project...[0m
-- Install configuration: ""
[ 41%] [34m[1mCompleted 'int32_multinode'[0m
-- Installing: /home/nava/microros_ws/build/micro_ros_demos_rclc/temp_install/int32_publisher/int32_publisher
-- Set non-toolchain portion of runtime path of "/home/nava/microros_ws/build/micro_ros_demos_rclc/temp_install/int32_publisher/int32_publisher" to ""
[36mInstall the project...[0m
[100%] Built target fibonacci_action_server
[36mInstall the project...[0m
-- Install configuration: ""
-- Installing: /home/nava/microros_ws/build/micro_ros_demos_rclc/temp_install/addtwoints_client/addtwoints_client
-- Set non-toolchain portion of runtime path of "/home/nava/microros_ws/build/micro_ros_demos_rclc/temp_install/addtwoints_client/addtwoints_client" to ""
-- Install configuration: ""
-- Installing: /home/nava/microros_ws/build/micro_ros_demos_rclc/temp_install/addtwoints_server/addtwoints_server
-- Set non-toolchain portion of runtime path of "/home/nava/microros_ws/build/micro_ros_demos_rclc/temp_install/addtwoints_server/addtwoints_server" to ""
[ 42%] [34m[1mCompleted 'int32_publisher'[0m
-- Install configuration: ""
-- Installing: /home/nava/microros_ws/build/micro_ros_demos_rclc/temp_install/configured_publisher/configured_publisher
-- Set non-toolchain portion of runtime path of "/home/nava/microros_ws/build/micro_ros_demos_rclc/temp_install/configured_publisher/configured_publisher" to ""
-- Install configuration: ""
[ 42%] Built target subscription_count
-- Installing: /home/nava/microros_ws/build/micro_ros_demos_rclc/temp_install/configured_subscriber/configured_subscriber
-- Set non-toolchain portion of runtime path of "/home/nava/microros_ws/build/micro_ros_demos_rclc/temp_install/configured_subscriber/configured_subscriber" to ""
[ 42%] Built target publisher_count
[ 42%] [34m[1mCompleted 'addtwoints_client'[0m
[ 43%] [34m[1mPerforming install step for 'fibonacci_action_server'[0m
[ 43%] [34m[1mCompleted 'addtwoints_server'[0m
[ 43%] [34m[1mCompleted 'configured_publisher'[0m
[ 43%] Built target int32_subscriber
[ 43%] [34m[1mCompleted 'configured_subscriber'[0m
[ 43%] Built target graph_visualizer
[100%] Built target fibonacci_action_client
[ 44%] [34m[1mCreating directories for 'ping_pong'[0m
[ 45%] [34m[1mCreating directories for 'int32_publisher_subscriber'[0m
[ 45%] Built target int32_multinode
[ 45%] [34m[1mCreating directories for 'ping_uros_agent'[0m
[ 45%] Built target int32_publisher
[ 45%] [34m[1mCreating directories for 'fragmented_publication'[0m
[ 45%] Built target addtwoints_client
[36mInstall the project...[0m
[ 45%] Built target addtwoints_server
[ 45%] Built target configured_publisher
[ 45%] Built target configured_subscriber
[ 45%] [34m[1mCreating directories for 'fragmented_subscription'[0m
-- Install configuration: ""
-- Installing: /home/nava/microros_ws/build/micro_ros_demos_rclc/temp_install/fibonacci_action_client/fibonacci_action_client
[ 46%] [34m[1mNo download step for 'int32_publisher_subscriber'[0m
-- Set non-toolchain portion of runtime path of "/home/nava/microros_ws/build/micro_ros_demos_rclc/temp_install/fibonacci_action_client/fibonacci_action_client" to ""
[ 47%] [34m[1mNo download step for 'ping_pong'[0m
[100%] Built target fibonacci_action_server
[ 47%] [34m[1mCreating directories for 'complex_msg_publisher'[0m
[ 47%] [34m[1mNo download step for 'ping_uros_agent'[0m
[ 47%] [34m[1mCreating directories for 'complex_msg_subscriber'[0m
[ 48%] [34m[1mCreating directories for 'timer'[0m
[ 49%] [34m[1mCompleted 'fibonacci_action_client'[0m
[ 49%] [34m[1mCreating directories for 'string_publisher'[0m
[ 49%] [34m[1mNo download step for 'fragmented_publication'[0m
[ 49%] [34m[1mCreating directories for 'string_subscriber'[0m
[36mInstall the project...[0m
[ 49%] [34m[1mNo download step for 'fragmented_subscription'[0m
[ 50%] [34m[1mNo update step for 'int32_publisher_subscriber'[0m
[ 51%] [34m[1mNo update step for 'ping_pong'[0m
-- Install configuration: ""
-- Installing: /home/nava/microros_ws/build/micro_ros_demos_rclc/temp_install/fibonacci_action_server/fibonacci_action_server
-- Set non-toolchain portion of runtime path of "/home/nava/microros_ws/build/micro_ros_demos_rclc/temp_install/fibonacci_action_server/fibonacci_action_server" to ""
[ 51%] [34m[1mNo download step for 'complex_msg_publisher'[0m
[ 51%] [34m[1mNo update step for 'ping_uros_agent'[0m
[ 51%] [34m[1mNo download step for 'complex_msg_subscriber'[0m
[ 52%] [34m[1mNo download step for 'string_publisher'[0m
[ 53%] [34m[1mCompleted 'fibonacci_action_server'[0m
[ 53%] [34m[1mNo download step for 'timer'[0m
[ 53%] [34m[1mNo update step for 'fragmented_publication'[0m
[ 53%] Built target fibonacci_action_client
[ 54%] [34m[1mNo update step for 'fragmented_subscription'[0m
[ 54%] [34m[1mNo download step for 'string_subscriber'[0m
[ 54%] [34m[1mNo patch step for 'int32_publisher_subscriber'[0m
[ 54%] [34m[1mNo patch step for 'ping_pong'[0m
[ 54%] [34m[1mNo update step for 'complex_msg_publisher'[0m
[ 55%] [34m[1mNo patch step for 'ping_uros_agent'[0m
[ 55%] [34m[1mNo update step for 'string_publisher'[0m
[ 55%] [34m[1mNo update step for 'complex_msg_subscriber'[0m
[ 56%] [34m[1mNo update step for 'timer'[0m
[ 57%] [34m[1mCreating directories for 'autodiscover_agent'[0m
[ 58%] [34m[1mNo patch step for 'fragmented_publication'[0m
[ 58%] [34m[1mNo patch step for 'fragmented_subscription'[0m
[ 58%] [34m[1mPerforming configure step for 'int32_publisher_subscriber'[0m
[ 58%] [34m[1mNo update step for 'string_subscriber'[0m
[ 58%] Built target fibonacci_action_server
[ 58%] [34m[1mPerforming configure step for 'ping_pong'[0m
loading initial cache file /home/nava/microros_ws/build/micro_ros_demos_rclc/int32_publisher_subscriber/tmp/int32_publisher_subscriber-cache-.cmake
[ 59%] [34m[1mNo patch step for 'complex_msg_publisher'[0m
[ 59%] [34m[1mPerforming configure step for 'ping_uros_agent'[0m
[ 60%] [34m[1mNo patch step for 'complex_msg_subscriber'[0m
loading initial cache file /home/nava/microros_ws/build/micro_ros_demos_rclc/ping_pong/tmp/ping_pong-cache-.cmake
[ 61%] [34m[1mNo patch step for 'string_publisher'[0m
[ 62%] [34m[1mNo download step for 'autodiscover_agent'[0m
[ 62%] [34m[1mNo patch step for 'timer'[0m
loading initial cache file /home/nava/microros_ws/build/micro_ros_demos_rclc/ping_uros_agent/tmp/ping_uros_agent-cache-.cmake
[ 63%] [34m[1mCreating directories for 'static_type_handling'[0m
[ 64%] [34m[1mPerforming configure step for 'fragmented_publication'[0m
[ 66%] [34m[1mPerforming configure step for 'fragmented_subscription'[0m
[ 66%] [34m[1mNo patch step for 'string_subscriber'[0m
[ 66%] [34m[1mPerforming configure step for 'complex_msg_publisher'[0m
loading initial cache file /home/nava/microros_ws/build/micro_ros_demos_rclc/fragmented_publication/tmp/fragmented_publication-cache-.cmake
loading initial cache file /home/nava/microros_ws/build/micro_ros_demos_rclc/fragmented_subscription/tmp/fragmented_subscription-cache-.cmake
[ 66%] [34m[1mPerforming configure step for 'string_publisher'[0m
[ 67%] [34m[1mPerforming configure step for 'complex_msg_subscriber'[0m
[ 68%] [34m[1mNo update step for 'autodiscover_agent'[0m
[ 68%] [34m[1mPerforming configure step for 'timer'[0m
loading initial cache file /home/nava/microros_ws/build/micro_ros_demos_rclc/complex_msg_publisher/tmp/complex_msg_publisher-cache-.cmake
[ 69%] [34m[1mNo download step for 'static_type_handling'[0m
loading initial cache file /home/nava/microros_ws/build/micro_ros_demos_rclc/complex_msg_subscriber/tmp/complex_msg_subscriber-cache-.cmake
[ 70%] [34m[1mPerforming configure step for 'string_subscriber'[0m
loading initial cache file /home/nava/microros_ws/build/micro_ros_demos_rclc/timer/tmp/timer-cache-.cmake
loading initial cache file /home/nava/microros_ws/build/micro_ros_demos_rclc/string_publisher/tmp/string_publisher-cache-.cmake
-- The C compiler identification is GNU 13.3.0
-- The C compiler identification is GNU 13.3.0
loading initial cache file /home/nava/microros_ws/build/micro_ros_demos_rclc/string_subscriber/tmp/string_subscriber-cache-.cmake
-- The C compiler identification is GNU 13.3.0
[ 70%] [34m[1mNo patch step for 'autodiscover_agent'[0m
-- Detecting C compiler ABI info
-- Detecting C compiler ABI info
[ 71%] [34m[1mNo update step for 'static_type_handling'[0m
-- Detecting C compiler ABI info
-- The C compiler identification is GNU 13.3.0
-- The C compiler identification is GNU 13.3.0
-- The C compiler identification is GNU 13.3.0
-- Detecting C compiler ABI info
[ 71%] [34m[1mPerforming configure step for 'autodiscover_agent'[0m
-- Detecting C compiler ABI info
-- The C compiler identification is GNU 13.3.0
-- The C compiler identification is GNU 13.3.0
-- The C compiler identification is GNU 13.3.0
[ 71%] [34m[1mNo patch step for 'static_type_handling'[0m
loading initial cache file /home/nava/microros_ws/build/micro_ros_demos_rclc/autodiscover_agent/tmp/autodiscover_agent-cache-.cmake
-- Detecting C compiler ABI info
-- The C compiler identification is GNU 13.3.0
-- Detecting C compiler ABI info
-- Detecting C compiler ABI info
-- Detecting C compiler ABI info
-- Detecting C compiler ABI info
[ 71%] [34m[1mPerforming configure step for 'static_type_handling'[0m
loading initial cache file /home/nava/microros_ws/build/micro_ros_demos_rclc/static_type_handling/tmp/static_type_handling-cache-.cmake
-- The C compiler identification is GNU 13.3.0
-- Detecting C compiler ABI info - done
-- Detecting C compiler ABI info
-- Detecting C compiler ABI info - done
-- Detecting C compiler ABI info - done
-- Check for working C compiler: /usr/bin/cc - skipped
-- Detecting C compile features
-- Detecting C compile features - done
-- Found ament_cmake: 2.5.4 (/opt/ros/jazzy/share/ament_cmake/cmake)
-- Detecting C compiler ABI info - done
-- Check for working C compiler: /usr/bin/cc - skipped
-- Detecting C compile features
-- Detecting C compile features - done
-- Check for working C compiler: /usr/bin/cc - skipped
-- Detecting C compile features
-- Detecting C compile features - done
-- Detecting C compiler ABI info - done
-- Found ament_cmake: 2.5.4 (/opt/ros/jazzy/share/ament_cmake/cmake)
-- Found ament_cmake: 2.5.4 (/opt/ros/jazzy/share/ament_cmake/cmake)
-- Check for working C compiler: /usr/bin/cc - skipped
-- Detecting C compile features
-- Detecting C compile features - done
-- The C compiler identification is GNU 13.3.0
-- Detecting C compiler ABI info - done
-- Found ament_cmake: 2.5.4 (/opt/ros/jazzy/share/ament_cmake/cmake)
-- Check for working C compiler: /usr/bin/cc - skipped
-- Detecting C compile features
-- Detecting C compile features - done
-- Detecting C compiler ABI info - done
-- Found ament_cmake: 2.5.4 (/opt/ros/jazzy/share/ament_cmake/cmake)
-- Detecting C compiler ABI info - done
-- Detecting C compiler ABI info - done
-- Check for working C compiler: /usr/bin/cc - skipped
-- Detecting C compile features
-- Detecting C compile features - done
-- Detecting C compiler ABI info
-- Found ament_cmake: 2.5.4 (/opt/ros/jazzy/share/ament_cmake/cmake)
-- Check for working C compiler: /usr/bin/cc - skipped
-- Detecting C compile features
-- Detecting C compile features - done
-- Detecting C compiler ABI info - done
-- Check for working C compiler: /usr/bin/cc - skipped
-- Detecting C compile features
-- Detecting C compile features - done
-- Found ament_cmake: 2.5.4 (/opt/ros/jazzy/share/ament_cmake/cmake)
-- Check for working C compiler: /usr/bin/cc - skipped
-- Detecting C compile features
-- Detecting C compile features - done
-- Found ament_cmake: 2.5.4 (/opt/ros/jazzy/share/ament_cmake/cmake)
-- Found ament_cmake: 2.5.4 (/opt/ros/jazzy/share/ament_cmake/cmake)
-- Check for working C compiler: /usr/bin/cc - skipped
-- Detecting C compile features
-- Detecting C compile features - done
-- Found ament_cmake: 2.5.4 (/opt/ros/jazzy/share/ament_cmake/cmake)
-- Detecting C compiler ABI info - done
-- Check for working C compiler: /usr/bin/cc - skipped
-- Detecting C compile features
-- Detecting C compile features - done
-- Found ament_cmake: 2.5.4 (/opt/ros/jazzy/share/ament_cmake/cmake)
-- Detecting C compiler ABI info - done
-- Check for working C compiler: /usr/bin/cc - skipped
-- Detecting C compile features
-- Detecting C compile features - done
-- Found ament_cmake: 2.5.4 (/opt/ros/jazzy/share/ament_cmake/cmake)
-- Found Python3: /usr/bin/python3 (found version "3.12.3") found components: Interpreter 
-- Found Python3: /usr/bin/python3 (found version "3.12.3") found components: Interpreter 
-- Found Python3: /usr/bin/python3 (found version "3.12.3") found components: Interpreter 
-- Found Python3: /usr/bin/python3 (found version "3.12.3") found components: Interpreter 
-- Found Python3: /usr/bin/python3 (found version "3.12.3") found components: Interpreter 
-- Found Python3: /usr/bin/python3 (found version "3.12.3") found components: Interpreter 
-- Found Python3: /usr/bin/python3 (found version "3.12.3") found components: Interpreter 
-- Found Python3: /usr/bin/python3 (found version "3.12.3") found components: Interpreter 
-- Found Python3: /usr/bin/python3 (found version "3.12.3") found components: Interpreter 
-- Found Python3: /usr/bin/python3 (found version "3.12.3") found components: Interpreter 
-- Found Python3: /usr/bin/python3 (found version "3.12.3") found components: Interpreter 
-- Found Python3: /usr/bin/python3 (found version "3.12.3") found components: Interpreter 
-- Found rcl: 9.2.6 (/opt/ros/jazzy/share/rcl/cmake)
-- Found rcl: 9.2.6 (/opt/ros/jazzy/share/rcl/cmake)
-- Found rcl: 9.2.6 (/opt/ros/jazzy/share/rcl/cmake)
-- Found rcl: 9.2.6 (/opt/ros/jazzy/share/rcl/cmake)
-- Found rcl: 9.2.6 (/opt/ros/jazzy/share/rcl/cmake)
-- Found rcl: 9.2.6 (/opt/ros/jazzy/share/rcl/cmake)
-- Found rcl: 9.2.6 (/opt/ros/jazzy/share/rcl/cmake)
-- Found rcl: 9.2.6 (/opt/ros/jazzy/share/rcl/cmake)
-- Found rcl: 9.2.6 (/opt/ros/jazzy/share/rcl/cmake)
-- Found rcl: 9.2.6 (/opt/ros/jazzy/share/rcl/cmake)
-- Found rosidl_generator_c: 4.6.5 (/opt/ros/jazzy/share/rosidl_generator_c/cmake)
-- Found rosidl_generator_cpp: 4.6.5 (/opt/ros/jazzy/share/rosidl_generator_cpp/cmake)
-- Found rosidl_generator_c: 4.6.5 (/opt/ros/jazzy/share/rosidl_generator_c/cmake)
-- Found rosidl_generator_c: 4.6.5 (/opt/ros/jazzy/share/rosidl_generator_c/cmake)
-- Found rosidl_generator_c: 4.6.5 (/opt/ros/jazzy/share/rosidl_generator_c/cmake)
-- Found rcl: 9.2.6 (/opt/ros/jazzy/share/rcl/cmake)
-- Found rosidl_generator_c: 4.6.5 (/opt/ros/jazzy/share/rosidl_generator_c/cmake)
-- Found rosidl_generator_c: 4.6.5 (/opt/ros/jazzy/share/rosidl_generator_c/cmake)
-- Using all available rosidl_typesupport_c: rosidl_typesupport_microxrcedds_c;rosidl_typesupport_fastrtps_c;rosidl_typesupport_introspection_c
-- Found rosidl_generator_c: 4.6.5 (/opt/ros/jazzy/share/rosidl_generator_c/cmake)
-- Found rosidl_generator_cpp: 4.6.5 (/opt/ros/jazzy/share/rosidl_generator_cpp/cmake)
-- Found rosidl_generator_c: 4.6.5 (/opt/ros/jazzy/share/rosidl_generator_c/cmake)
-- Found rosidl_generator_c: 4.6.5 (/opt/ros/jazzy/share/rosidl_generator_c/cmake)
-- Found rosidl_generator_cpp: 4.6.5 (/opt/ros/jazzy/share/rosidl_generator_cpp/cmake)
-- Found rosidl_generator_cpp: 4.6.5 (/opt/ros/jazzy/share/rosidl_generator_cpp/cmake)
-- Found rosidl_generator_c: 4.6.5 (/opt/ros/jazzy/share/rosidl_generator_c/cmake)
-- Found rosidl_adapter: 4.6.5 (/opt/ros/jazzy/share/rosidl_adapter/cmake)
-- Found rosidl_generator_cpp: 4.6.5 (/opt/ros/jazzy/share/rosidl_generator_cpp/cmake)
-- Found rosidl_generator_cpp: 4.6.5 (/opt/ros/jazzy/share/rosidl_generator_cpp/cmake)
-- Found rosidl_generator_cpp: 4.6.5 (/opt/ros/jazzy/share/rosidl_generator_cpp/cmake)
-- Found rosidl_generator_cpp: 4.6.5 (/opt/ros/jazzy/share/rosidl_generator_cpp/cmake)
-- Using all available rosidl_typesupport_c: rosidl_typesupport_microxrcedds_c;rosidl_typesupport_fastrtps_c;rosidl_typesupport_introspection_c
-- Found rosidl_generator_cpp: 4.6.5 (/opt/ros/jazzy/share/rosidl_generator_cpp/cmake)
-- Found rosidl_generator_cpp: 4.6.5 (/opt/ros/jazzy/share/rosidl_generator_cpp/cmake)
-- Using all available rosidl_typesupport_c: rosidl_typesupport_microxrcedds_c;rosidl_typesupport_fastrtps_c;rosidl_typesupport_introspection_c
-- Using all available rosidl_typesupport_c: rosidl_typesupport_microxrcedds_c;rosidl_typesupport_fastrtps_c;rosidl_typesupport_introspection_c
-- Found rcl: 9.2.6 (/opt/ros/jazzy/share/rcl/cmake)
-- Using all available rosidl_typesupport_c: rosidl_typesupport_microxrcedds_c;rosidl_typesupport_fastrtps_c;rosidl_typesupport_introspection_c
-- Using all available rosidl_typesupport_c: rosidl_typesupport_microxrcedds_c;rosidl_typesupport_fastrtps_c;rosidl_typesupport_introspection_c
-- Found rosidl_adapter: 4.6.5 (/opt/ros/jazzy/share/rosidl_adapter/cmake)
-- Using all available rosidl_typesupport_cpp: rosidl_typesupport_microxrcedds_cpp;rosidl_typesupport_fastrtps_cpp;rosidl_typesupport_introspection_cpp
-- Found rosidl_adapter: 4.6.5 (/opt/ros/jazzy/share/rosidl_adapter/cmake)
-- Found rosidl_adapter: 4.6.5 (/opt/ros/jazzy/share/rosidl_adapter/cmake)
-- Using all available rosidl_typesupport_c: rosidl_typesupport_microxrcedds_c;rosidl_typesupport_fastrtps_c;rosidl_typesupport_introspection_c
-- Found rosidl_adapter: 4.6.5 (/opt/ros/jazzy/share/rosidl_adapter/cmake)
-- Using all available rosidl_typesupport_c: rosidl_typesupport_microxrcedds_c;rosidl_typesupport_fastrtps_c;rosidl_typesupport_introspection_c
-- Found rosidl_generator_c: 4.6.5 (/opt/ros/jazzy/share/rosidl_generator_c/cmake)
-- Found rosidl_adapter: 4.6.5 (/opt/ros/jazzy/share/rosidl_adapter/cmake)
-- Using all available rosidl_typesupport_c: rosidl_typesupport_microxrcedds_c;rosidl_typesupport_fastrtps_c;rosidl_typesupport_introspection_c
-- Using all available rosidl_typesupport_c: rosidl_typesupport_microxrcedds_c;rosidl_typesupport_fastrtps_c;rosidl_typesupport_introspection_c
-- Found rosidl_adapter: 4.6.5 (/opt/ros/jazzy/share/rosidl_adapter/cmake)
-- Found rosidl_adapter: 4.6.5 (/opt/ros/jazzy/share/rosidl_adapter/cmake)
-- Found rosidl_adapter: 4.6.5 (/opt/ros/jazzy/share/rosidl_adapter/cmake)
-- Found rosidl_adapter: 4.6.5 (/opt/ros/jazzy/share/rosidl_adapter/cmake)
-- Using all available rosidl_typesupport_cpp: rosidl_typesupport_microxrcedds_cpp;rosidl_typesupport_fastrtps_cpp;rosidl_typesupport_introspection_cpp
-- Found rosidl_generator_cpp: 4.6.5 (/opt/ros/jazzy/share/rosidl_generator_cpp/cmake)
-- Using all available rosidl_typesupport_cpp: rosidl_typesupport_microxrcedds_cpp;rosidl_typesupport_fastrtps_cpp;rosidl_typesupport_introspection_cpp
-- Using all available rosidl_typesupport_cpp: rosidl_typesupport_microxrcedds_cpp;rosidl_typesupport_fastrtps_cpp;rosidl_typesupport_introspection_cpp
-- Using all available rosidl_typesupport_cpp: rosidl_typesupport_microxrcedds_cpp;rosidl_typesupport_fastrtps_cpp;rosidl_typesupport_introspection_cpp
-- Using all available rosidl_typesupport_cpp: rosidl_typesupport_microxrcedds_cpp;rosidl_typesupport_fastrtps_cpp;rosidl_typesupport_introspection_cpp
-- Using all available rosidl_typesupport_cpp: rosidl_typesupport_microxrcedds_cpp;rosidl_typesupport_fastrtps_cpp;rosidl_typesupport_introspection_cpp
-- Using all available rosidl_typesupport_cpp: rosidl_typesupport_microxrcedds_cpp;rosidl_typesupport_fastrtps_cpp;rosidl_typesupport_introspection_cpp
-- Using all available rosidl_typesupport_cpp: rosidl_typesupport_microxrcedds_cpp;rosidl_typesupport_fastrtps_cpp;rosidl_typesupport_introspection_cpp
-- Using all available rosidl_typesupport_c: rosidl_typesupport_microxrcedds_c;rosidl_typesupport_fastrtps_c;rosidl_typesupport_introspection_c
-- Found rosidl_generator_c: 4.6.5 (/opt/ros/jazzy/share/rosidl_generator_c/cmake)
-- Using all available rosidl_typesupport_cpp: rosidl_typesupport_microxrcedds_cpp;rosidl_typesupport_fastrtps_cpp;rosidl_typesupport_introspection_cpp
-- Found rosidl_adapter: 4.6.5 (/opt/ros/jazzy/share/rosidl_adapter/cmake)
-- Found rosidl_generator_cpp: 4.6.5 (/opt/ros/jazzy/share/rosidl_generator_cpp/cmake)
-- Found rmw_implementation_cmake: 7.3.2 (/opt/ros/jazzy/share/rmw_implementation_cmake/cmake)
-- Using all available rosidl_typesupport_cpp: rosidl_typesupport_microxrcedds_cpp;rosidl_typesupport_fastrtps_cpp;rosidl_typesupport_introspection_cpp
-- Using all available rosidl_typesupport_c: rosidl_typesupport_microxrcedds_c;rosidl_typesupport_fastrtps_c;rosidl_typesupport_introspection_c
-- Found rmw_fastrtps_cpp: 8.4.2 (/opt/ros/jazzy/share/rmw_fastrtps_cpp/cmake)
-- Found rosidl_adapter: 4.6.5 (/opt/ros/jazzy/share/rosidl_adapter/cmake)
-- Found rmw_implementation_cmake: 7.3.2 (/opt/ros/jazzy/share/rmw_implementation_cmake/cmake)
-- Found rmw_implementation_cmake: 7.3.2 (/opt/ros/jazzy/share/rmw_implementation_cmake/cmake)
-- Found rmw_fastrtps_cpp: 8.4.2 (/opt/ros/jazzy/share/rmw_fastrtps_cpp/cmake)
-- Found rmw_implementation_cmake: 7.3.2 (/opt/ros/jazzy/share/rmw_implementation_cmake/cmake)
-- Found rmw_implementation_cmake: 7.3.2 (/opt/ros/jazzy/share/rmw_implementation_cmake/cmake)
-- Found rmw_fastrtps_cpp: 8.4.2 (/opt/ros/jazzy/share/rmw_fastrtps_cpp/cmake)
-- Found rmw_implementation_cmake: 7.3.2 (/opt/ros/jazzy/share/rmw_implementation_cmake/cmake)
-- Found rmw_fastrtps_cpp: 8.4.2 (/opt/ros/jazzy/share/rmw_fastrtps_cpp/cmake)
-- Found rmw_fastrtps_cpp: 8.4.2 (/opt/ros/jazzy/share/rmw_fastrtps_cpp/cmake)
-- Found rmw_fastrtps_cpp: 8.4.2 (/opt/ros/jazzy/share/rmw_fastrtps_cpp/cmake)
-- Using all available rosidl_typesupport_cpp: rosidl_typesupport_microxrcedds_cpp;rosidl_typesupport_fastrtps_cpp;rosidl_typesupport_introspection_cpp
-- Found rmw_implementation_cmake: 7.3.2 (/opt/ros/jazzy/share/rmw_implementation_cmake/cmake)
-- Found rmw_implementation_cmake: 7.3.2 (/opt/ros/jazzy/share/rmw_implementation_cmake/cmake)
-- Found rmw_fastrtps_cpp: 8.4.2 (/opt/ros/jazzy/share/rmw_fastrtps_cpp/cmake)
-- Found rmw_implementation_cmake: 7.3.2 (/opt/ros/jazzy/share/rmw_implementation_cmake/cmake)
-- Found rmw_implementation_cmake: 7.3.2 (/opt/ros/jazzy/share/rmw_implementation_cmake/cmake)
-- Found rmw_fastrtps_cpp: 8.4.2 (/opt/ros/jazzy/share/rmw_fastrtps_cpp/cmake)
-- Found rmw_fastrtps_cpp: 8.4.2 (/opt/ros/jazzy/share/rmw_fastrtps_cpp/cmake)
-- Found rmw_fastrtps_cpp: 8.4.2 (/opt/ros/jazzy/share/rmw_fastrtps_cpp/cmake)
-- Found OpenSSL: /usr/lib/x86_64-linux-gnu/libcrypto.so (found version "3.0.13")  
-- Found rmw_implementation_cmake: 7.3.2 (/opt/ros/jazzy/share/rmw_implementation_cmake/cmake)
-- Found rmw_fastrtps_cpp: 8.4.2 (/opt/ros/jazzy/share/rmw_fastrtps_cpp/cmake)
-- Found FastRTPS: /opt/ros/jazzy/include (Required is at least version "2.13") 
-- Found OpenSSL: /usr/lib/x86_64-linux-gnu/libcrypto.so (found version "3.0.13")  
-- Found OpenSSL: /usr/lib/x86_64-linux-gnu/libcrypto.so (found version "3.0.13")  
-- Found OpenSSL: /usr/lib/x86_64-linux-gnu/libcrypto.so (found version "3.0.13")  
-- Found OpenSSL: /usr/lib/x86_64-linux-gnu/libcrypto.so (found version "3.0.13")  
-- Found OpenSSL: /usr/lib/x86_64-linux-gnu/libcrypto.so (found version "3.0.13")  
-- Found rmw_implementation_cmake: 7.3.2 (/opt/ros/jazzy/share/rmw_implementation_cmake/cmake)
-- Found OpenSSL: /usr/lib/x86_64-linux-gnu/libcrypto.so (found version "3.0.13")  
-- Found rmw_fastrtps_cpp: 8.4.2 (/opt/ros/jazzy/share/rmw_fastrtps_cpp/cmake)
-- Using RMW implementation 'rmw_fastrtps_cpp' as default
-- Found OpenSSL: /usr/lib/x86_64-linux-gnu/libcrypto.so (found version "3.0.13")  
-- Found FastRTPS: /opt/ros/jazzy/include (Required is at least version "2.13") 
-- Found OpenSSL: /usr/lib/x86_64-linux-gnu/libcrypto.so (found version "3.0.13")  
-- Found FastRTPS: /opt/ros/jazzy/include (Required is at least version "2.13") 
-- Found OpenSSL: /usr/lib/x86_64-linux-gnu/libcrypto.so (found version "3.0.13")  
-- Found FastRTPS: /opt/ros/jazzy/include (Required is at least version "2.13") 
-- Found FastRTPS: /opt/ros/jazzy/include (Required is at least version "2.13") 
-- Found FastRTPS: /opt/ros/jazzy/include (Required is at least version "2.13") 
-- Found FastRTPS: /opt/ros/jazzy/include (Required is at least version "2.13") 
-- Found FastRTPS: /opt/ros/jazzy/include (Required is at least version "2.13") 
-- Found rclc: 6.1.0 (/home/nava/microros_ws/install/rclc/share/rclc/cmake)
-- Using RMW implementation 'rmw_fastrtps_cpp' as default
-- Found FastRTPS: /opt/ros/jazzy/include (Required is at least version "2.13") 
-- Using RMW implementation 'rmw_fastrtps_cpp' as default
-- Found FastRTPS: /opt/ros/jazzy/include (Required is at least version "2.13") 
-- Using RMW implementation 'rmw_fastrtps_cpp' as default
-- Using RMW implementation 'rmw_fastrtps_cpp' as default
-- Using RMW implementation 'rmw_fastrtps_cpp' as default
-- Using RMW implementation 'rmw_fastrtps_cpp' as default
-- Using RMW implementation 'rmw_fastrtps_cpp' as default
-- Using RMW implementation 'rmw_fastrtps_cpp' as default
-- Found OpenSSL: /usr/lib/x86_64-linux-gnu/libcrypto.so (found version "3.0.13")  
-- Found rclc: 6.1.0 (/home/nava/microros_ws/install/rclc/share/rclc/cmake)
-- Using RMW implementation 'rmw_fastrtps_cpp' as default
-- Found rclc: 6.1.0 (/home/nava/microros_ws/install/rclc/share/rclc/cmake)
-- Found rclc: 6.1.0 (/home/nava/microros_ws/install/rclc/share/rclc/cmake)
-- Found rclc: 6.1.0 (/home/nava/microros_ws/install/rclc/share/rclc/cmake)
-- Found rclc: 6.1.0 (/home/nava/microros_ws/install/rclc/share/rclc/cmake)
-- Found rclc: 6.1.0 (/home/nava/microros_ws/install/rclc/share/rclc/cmake)
-- Found FastRTPS: /opt/ros/jazzy/include (Required is at least version "2.13") 
-- Found rclc: 6.1.0 (/home/nava/microros_ws/install/rclc/share/rclc/cmake)
-- Found std_msgs: 5.3.6 (/home/nava/microros_ws/install/std_msgs/share/std_msgs/cmake)
-- Found rclc: 6.1.0 (/home/nava/microros_ws/install/rclc/share/rclc/cmake)
-- Found rclc: 6.1.0 (/home/nava/microros_ws/install/rclc/share/rclc/cmake)
-- Found OpenSSL: /usr/lib/x86_64-linux-gnu/libcrypto.so (found version "3.0.13")  
-- Found rmw_microxrcedds: 5.0.1 (/home/nava/microros_ws/install/rmw_microxrcedds/share/rmw_microxrcedds/cmake)
-- Using RMW implementation 'rmw_fastrtps_cpp' as default
-- Configuring done (1.7s)
-- Found FastRTPS: /opt/ros/jazzy/include (Required is at least version "2.13") 
-- Found std_msgs: 5.3.6 (/home/nava/microros_ws/install/std_msgs/share/std_msgs/cmake)
-- Found std_msgs: 5.3.6 (/home/nava/microros_ws/install/std_msgs/share/std_msgs/cmake)
-- Found rmw_microxrcedds: 5.0.1 (/home/nava/microros_ws/install/rmw_microxrcedds/share/rmw_microxrcedds/cmake)
-- Generating done (0.0s)
-- Build files have been written to: /home/nava/microros_ws/build/micro_ros_demos_rclc/int32_publisher_subscriber/src/int32_publisher_subscriber-build
-- Found std_msgs: 5.3.6 (/home/nava/microros_ws/install/std_msgs/share/std_msgs/cmake)
-- Found std_msgs: 5.3.6 (/home/nava/microros_ws/install/std_msgs/share/std_msgs/cmake)
-- Found complex_msgs: 5.0.1 (/home/nava/microros_ws/install/complex_msgs/share/complex_msgs/cmake)
-- Found std_msgs: 5.3.6 (/home/nava/microros_ws/install/std_msgs/share/std_msgs/cmake)
-- Found rclc: 6.1.0 (/home/nava/microros_ws/install/rclc/share/rclc/cmake)
-- Found rmw_microxrcedds: 5.0.1 (/home/nava/microros_ws/install/rmw_microxrcedds/share/rmw_microxrcedds/cmake)
-- Found std_msgs: 5.3.6 (/home/nava/microros_ws/install/std_msgs/share/std_msgs/cmake)
-- Using RMW implementation 'rmw_fastrtps_cpp' as default
-- Found rmw_microxrcedds: 5.0.1 (/home/nava/microros_ws/install/rmw_microxrcedds/share/rmw_microxrcedds/cmake)
-- Found std_msgs: 5.3.6 (/home/nava/microros_ws/install/std_msgs/share/std_msgs/cmake)
-- Found rmw_microxrcedds: 5.0.1 (/home/nava/microros_ws/install/rmw_microxrcedds/share/rmw_microxrcedds/cmake)
-- Found complex_msgs: 5.0.1 (/home/nava/microros_ws/install/complex_msgs/share/complex_msgs/cmake)
-- Configuring done (1.8s)
[ 71%] [34m[1mPerforming build step for 'int32_publisher_subscriber'[0m
-- Configuring done (1.7s)
-- Configuring done (1.8s)
-- Found rmw_microxrcedds: 5.0.1 (/home/nava/microros_ws/install/rmw_microxrcedds/share/rmw_microxrcedds/cmake)
-- Configuring done (1.8s)
-- Generating done (0.0s)
-- Found rmw_microxrcedds: 5.0.1 (/home/nava/microros_ws/install/rmw_microxrcedds/share/rmw_microxrcedds/cmake)
-- Found rmw_microxrcedds: 5.0.1 (/home/nava/microros_ws/install/rmw_microxrcedds/share/rmw_microxrcedds/cmake)
-- Build files have been written to: /home/nava/microros_ws/build/micro_ros_demos_rclc/ping_pong/src/ping_pong-build
-- Generating done (0.0s)
-- Found rmw_microxrcedds: 5.0.1 (/home/nava/microros_ws/install/rmw_microxrcedds/share/rmw_microxrcedds/cmake)
-- Build files have been written to: /home/nava/microros_ws/build/micro_ros_demos_rclc/fragmented_subscription/src/fragmented_subscription-build
-- Generating done (0.0s)
-- Configuring done (1.7s)
-- Generating done (0.0s)
-- Build files have been written to: /home/nava/microros_ws/build/micro_ros_demos_rclc/ping_uros_agent/src/ping_uros_agent-build
-- Configuring done (1.8s)
-- Build files have been written to: /home/nava/microros_ws/build/micro_ros_demos_rclc/fragmented_publication/src/fragmented_publication-build
-- Found rmw_microxrcedds: 5.0.1 (/home/nava/microros_ws/install/rmw_microxrcedds/share/rmw_microxrcedds/cmake)
-- Configuring done (1.7s)
-- Found rclc: 6.1.0 (/home/nava/microros_ws/install/rclc/share/rclc/cmake)
-- Configuring done (1.7s)
-- Generating done (0.0s)
-- Build files have been written to: /home/nava/microros_ws/build/micro_ros_demos_rclc/timer/src/timer-build
-- Generating done (0.0s)
-- Configuring done (1.8s)
-- Generating done (0.0s)
-- Build files have been written to: /home/nava/microros_ws/build/micro_ros_demos_rclc/complex_msg_publisher/src/complex_msg_publisher-build
-- Build files have been written to: /home/nava/microros_ws/build/micro_ros_demos_rclc/string_publisher/src/string_publisher-build
-- Generating done (0.0s)
-- Build files have been written to: /home/nava/microros_ws/build/micro_ros_demos_rclc/string_subscriber/src/string_subscriber-build
[ 72%] [34m[1mPerforming build step for 'ping_pong'[0m
-- Generating done (0.0s)
-- Build files have been written to: /home/nava/microros_ws/build/micro_ros_demos_rclc/complex_msg_subscriber/src/complex_msg_subscriber-build
-- Found std_msgs: 5.3.6 (/home/nava/microros_ws/install/std_msgs/share/std_msgs/cmake)
[ 72%] [34m[1mPerforming build step for 'fragmented_subscription'[0m
[ 73%] [34m[1mPerforming build step for 'ping_uros_agent'[0m
[ 50%] [32mBuilding C object CMakeFiles/int32_publisher_subscriber.dir/main.c.o[0m
[ 73%] [34m[1mPerforming build step for 'fragmented_publication'[0m
[ 74%] [34m[1mPerforming build step for 'timer'[0m
[ 75%] [34m[1mPerforming build step for 'complex_msg_publisher'[0m
[ 76%] [34m[1mPerforming build step for 'string_publisher'[0m
[ 76%] [34m[1mPerforming build step for 'string_subscriber'[0m
-- Found rmw_microxrcedds: 5.0.1 (/home/nava/microros_ws/install/rmw_microxrcedds/share/rmw_microxrcedds/cmake)
[ 76%] [34m[1mPerforming build step for 'complex_msg_subscriber'[0m
-- Configuring done (1.7s)
-- Found visualization_msgs: 5.3.6 (/home/nava/microros_ws/install/visualization_msgs/share/visualization_msgs/cmake)
[ 50%] [32mBuilding C object CMakeFiles/ping_pong.dir/main.c.o[0m
[ 50%] [32mBuilding C object CMakeFiles/fragmented_subscription.dir/main.c.o[0m
-- Generating done (0.0s)
-- Build files have been written to: /home/nava/microros_ws/build/micro_ros_demos_rclc/autodiscover_agent/src/autodiscover_agent-build
[ 50%] [32mBuilding C object CMakeFiles/ping_uros_agent.dir/main.c.o[0m
[ 50%] [32mBuilding C object CMakeFiles/fragmented_publication.dir/main.c.o[0m
[ 50%] [32mBuilding C object CMakeFiles/string_publisher.dir/main.c.o[0m
[ 50%] [32mBuilding C object CMakeFiles/string_subscriber.dir/main.c.o[0m
[ 50%] [32mBuilding C object CMakeFiles/timer.dir/main.c.o[0m
[ 50%] [32mBuilding C object CMakeFiles/complex_msg_publisher.dir/main.c.o[0m
[ 50%] [32mBuilding C object CMakeFiles/complex_msg_subscriber.dir/main.c.o[0m
[ 77%] [34m[1mPerforming build step for 'autodiscover_agent'[0m
[100%] [32m[1mLinking C executable int32_publisher_subscriber[0m
[ 50%] [32mBuilding C object CMakeFiles/autodiscover_agent.dir/main.c.o[0m
[100%] [32m[1mLinking C executable fragmented_subscription[0m
[100%] [32m[1mLinking C executable ping_pong[0m
[100%] [32m[1mLinking C executable fragmented_publication[0m
[100%] [32m[1mLinking C executable ping_uros_agent[0m
-- Found rmw_microxrcedds: 5.0.1 (/home/nava/microros_ws/install/rmw_microxrcedds/share/rmw_microxrcedds/cmake)
[100%] [32m[1mLinking C executable string_subscriber[0m
-- Found micro_ros_utilities: 5.0.1 (/home/nava/microros_ws/install/micro_ros_utilities/share/micro_ros_utilities/cmake)
[100%] [32m[1mLinking C executable string_publisher[0m
[100%] [32m[1mLinking C executable timer[0m
[100%] [32m[1mLinking C executable complex_msg_subscriber[0m
[100%] [32m[1mLinking C executable complex_msg_publisher[0m
-- Configuring done (1.9s)
-- Generating done (0.0s)
-- Build files have been written to: /home/nava/microros_ws/build/micro_ros_demos_rclc/static_type_handling/src/static_type_handling-build
[100%] Built target int32_publisher_subscriber
[ 77%] [34m[1mPerforming install step for 'int32_publisher_subscriber'[0m
[ 78%] [34m[1mPerforming build step for 'static_type_handling'[0m
[100%] [32m[1mLinking C executable autodiscover_agent[0m
[100%] Built target ping_pong
[100%] Built target fragmented_subscription
[100%] Built target ping_uros_agent
[ 50%] [32mBuilding C object CMakeFiles/static_type_handling.dir/main.c.o[0m
[100%] Built target fragmented_publication
[100%] Built target int32_publisher_subscriber
[100%] Built target string_subscriber
[100%] Built target string_publisher
[ 79%] [34m[1mPerforming install step for 'ping_pong'[0m
[ 79%] [34m[1mPerforming install step for 'fragmented_subscription'[0m
[100%] Built target timer
[ 80%] [34m[1mPerforming install step for 'ping_uros_agent'[0m
[100%] Built target complex_msg_publisher
[ 81%] [34m[1mPerforming install step for 'fragmented_publication'[0m
[36mInstall the project...[0m
[100%] Built target complex_msg_subscriber
[ 82%] [34m[1mPerforming install step for 'string_subscriber'[0m
[ 82%] [34m[1mPerforming install step for 'string_publisher'[0m
-- Install configuration: ""
-- Installing: /home/nava/microros_ws/build/micro_ros_demos_rclc/temp_install/int32_publisher_subscriber/int32_publisher_subscriber
-- Set non-toolchain portion of runtime path of "/home/nava/microros_ws/build/micro_ros_demos_rclc/temp_install/int32_publisher_subscriber/int32_publisher_subscriber" to ""
[ 82%] [34m[1mPerforming install step for 'timer'[0m
[ 83%] [34m[1mPerforming install step for 'complex_msg_publisher'[0m
[ 84%] [34m[1mPerforming install step for 'complex_msg_subscriber'[0m
[ 85%] [34m[1mCompleted 'int32_publisher_subscriber'[0m
[100%] Built target autodiscover_agent
[100%] Built target fragmented_subscription
[100%] Built target ping_pong
[100%] Built target ping_uros_agent
[100%] Built target fragmented_publication
[ 85%] [34m[1mPerforming install step for 'autodiscover_agent'[0m
[100%] Built target string_publisher
[100%] Built target timer
[100%] Built target string_subscriber
[36mInstall the project...[0m
[36mInstall the project...[0m
[ 85%] Built target int32_publisher_subscriber
[100%] Built target complex_msg_publisher
[100%] Built target complex_msg_subscriber
[36mInstall the project...[0m
[36mInstall the project...[0m
-- Install configuration: ""
-- Installing: /home/nava/microros_ws/build/micro_ros_demos_rclc/temp_install/fragmented_subscription/fragmented_subscription
-- Set non-toolchain portion of runtime path of "/home/nava/microros_ws/build/micro_ros_demos_rclc/temp_install/fragmented_subscription/fragmented_subscription" to ""
-- Install configuration: ""
-- Installing: /home/nava/microros_ws/build/micro_ros_demos_rclc/temp_install/ping_pong/ping_pong
-- Set non-toolchain portion of runtime path of "/home/nava/microros_ws/build/micro_ros_demos_rclc/temp_install/ping_pong/ping_pong" to ""
-- Install configuration: ""
-- Install configuration: ""
-- Installing: /home/nava/microros_ws/build/micro_ros_demos_rclc/temp_install/fragmented_publication/fragmented_publication
-- Installing: /home/nava/microros_ws/build/micro_ros_demos_rclc/temp_install/ping_uros_agent/ping_uros_agent
-- Set non-toolchain portion of runtime path of "/home/nava/microros_ws/build/micro_ros_demos_rclc/temp_install/fragmented_publication/fragmented_publication" to ""
-- Set non-toolchain portion of runtime path of "/home/nava/microros_ws/build/micro_ros_demos_rclc/temp_install/ping_uros_agent/ping_uros_agent" to ""
[36mInstall the project...[0m
[36mInstall the project...[0m
[100%] [32m[1mLinking C executable static_type_handling[0m
[36mInstall the project...[0m
[ 86%] [34m[1mCompleted 'ping_pong'[0m
[ 86%] [34m[1mCompleted 'fragmented_subscription'[0m
[ 86%] [34m[1mCreating directories for 'epoch_synchronization'[0m
[36mInstall the project...[0m
[36mInstall the project...[0m
[ 86%] [34m[1mCompleted 'fragmented_publication'[0m
-- Install configuration: ""
-- Installing: /home/nava/microros_ws/build/micro_ros_demos_rclc/temp_install/string_publisher/string_publisher
[ 86%] [34m[1mCompleted 'ping_uros_agent'[0m
-- Set non-toolchain portion of runtime path of "/home/nava/microros_ws/build/micro_ros_demos_rclc/temp_install/string_publisher/string_publisher" to ""
-- Install configuration: ""
-- Installing: /home/nava/microros_ws/build/micro_ros_demos_rclc/temp_install/string_subscriber/string_subscriber
-- Set non-toolchain portion of runtime path of "/home/nava/microros_ws/build/micro_ros_demos_rclc/temp_install/string_subscriber/string_subscriber" to ""
-- Install configuration: ""
-- Installing: /home/nava/microros_ws/build/micro_ros_demos_rclc/temp_install/timer/timer
-- Set non-toolchain portion of runtime path of "/home/nava/microros_ws/build/micro_ros_demos_rclc/temp_install/timer/timer" to ""
-- Install configuration: ""
-- Install configuration: ""
-- Installing: /home/nava/microros_ws/build/micro_ros_demos_rclc/temp_install/complex_msg_subscriber/complex_msg_subscriber
-- Installing: /home/nava/microros_ws/build/micro_ros_demos_rclc/temp_install/complex_msg_publisher/complex_msg_publisher
-- Set non-toolchain portion of runtime path of "/home/nava/microros_ws/build/micro_ros_demos_rclc/temp_install/complex_msg_subscriber/complex_msg_subscriber" to ""
-- Set non-toolchain portion of runtime path of "/home/nava/microros_ws/build/micro_ros_demos_rclc/temp_install/complex_msg_publisher/complex_msg_publisher" to ""
[ 86%] [34m[1mCompleted 'string_publisher'[0m
[ 87%] [34m[1mCompleted 'string_subscriber'[0m
[ 87%] [34m[1mCompleted 'timer'[0m
[100%] Built target autodiscover_agent
[ 88%] [34m[1mCompleted 'complex_msg_subscriber'[0m
[ 88%] [34m[1mCompleted 'complex_msg_publisher'[0m
[ 88%] [34m[1mNo download step for 'epoch_synchronization'[0m
[ 88%] Built target fragmented_subscription
[ 88%] Built target ping_pong
[36mInstall the project...[0m
[ 88%] Built target ping_uros_agent
[ 88%] Built target fragmented_publication
-- Install configuration: ""
-- Installing: /home/nava/microros_ws/build/micro_ros_demos_rclc/temp_install/autodiscover_agent/autodiscover_agent
-- Set non-toolchain portion of runtime path of "/home/nava/microros_ws/build/micro_ros_demos_rclc/temp_install/autodiscover_agent/autodiscover_agent" to ""
[ 88%] [34m[1mCreating directories for 'multithread_publisher_subscriber'[0m
[ 88%] Built target timer
[ 88%] Built target string_publisher
[ 88%] Built target string_subscriber
[ 89%] [34m[1mCreating directories for 'parameter_server'[0m
[ 89%] [34m[1mNo update step for 'epoch_synchronization'[0m
[ 89%] Built target complex_msg_subscriber
[ 89%] [34m[1mCompleted 'autodiscover_agent'[0m
[ 89%] Built target complex_msg_publisher
[ 89%] [34m[1mNo download step for 'multithread_publisher_subscriber'[0m
[ 89%] [34m[1mNo download step for 'parameter_server'[0m
[ 90%] [34m[1mNo patch step for 'epoch_synchronization'[0m
[ 90%] Built target autodiscover_agent
[100%] Built target static_type_handling
[ 91%] [34m[1mNo update step for 'parameter_server'[0m
[ 90%] [34m[1mNo update step for 'multithread_publisher_subscriber'[0m
[ 92%] [34m[1mPerforming configure step for 'epoch_synchronization'[0m
[ 92%] [34m[1mPerforming install step for 'static_type_handling'[0m
loading initial cache file /home/nava/microros_ws/build/micro_ros_demos_rclc/epoch_synchronization/tmp/epoch_synchronization-cache-.cmake
[ 93%] [34m[1mNo patch step for 'parameter_server'[0m
[ 93%] [34m[1mNo patch step for 'multithread_publisher_subscriber'[0m
[ 95%] [34m[1mPerforming configure step for 'parameter_server'[0m
[ 95%] [34m[1mPerforming configure step for 'multithread_publisher_subscriber'[0m
[100%] Built target static_type_handling
-- The C compiler identification is GNU 13.3.0
loading initial cache file /home/nava/microros_ws/build/micro_ros_demos_rclc/parameter_server/tmp/parameter_server-cache-.cmake
loading initial cache file /home/nava/microros_ws/build/micro_ros_demos_rclc/multithread_publisher_subscriber/tmp/multithread_publisher_subscriber-cache-.cmake
-- Detecting C compiler ABI info
[36mInstall the project...[0m
-- Install configuration: ""
-- Installing: /home/nava/microros_ws/build/micro_ros_demos_rclc/temp_install/static_type_handling/static_type_handling
-- Set non-toolchain portion of runtime path of "/home/nava/microros_ws/build/micro_ros_demos_rclc/temp_install/static_type_handling/static_type_handling" to ""
[ 95%] [34m[1mCompleted 'static_type_handling'[0m
-- The C compiler identification is GNU 13.3.0
-- The C compiler identification is GNU 13.3.0
-- Detecting C compiler ABI info
-- Detecting C compiler ABI info
[ 95%] Built target static_type_handling
-- Detecting C compiler ABI info - done
-- Check for working C compiler: /usr/bin/cc - skipped
-- Detecting C compile features
-- Detecting C compile features - done
-- Found ament_cmake: 2.5.4 (/opt/ros/jazzy/share/ament_cmake/cmake)
-- Detecting C compiler ABI info - done
-- Detecting C compiler ABI info - done
-- Check for working C compiler: /usr/bin/cc - skipped
-- Detecting C compile features
-- Detecting C compile features - done
-- Check for working C compiler: /usr/bin/cc - skipped
-- Detecting C compile features
-- Detecting C compile features - done
-- Found ament_cmake: 2.5.4 (/opt/ros/jazzy/share/ament_cmake/cmake)
-- Found ament_cmake: 2.5.4 (/opt/ros/jazzy/share/ament_cmake/cmake)
-- Found Python3: /usr/bin/python3 (found version "3.12.3") found components: Interpreter 
-- Found Python3: /usr/bin/python3 (found version "3.12.3") found components: Interpreter 
-- Found Python3: /usr/bin/python3 (found version "3.12.3") found components: Interpreter 
-- Found rcl: 9.2.6 (/opt/ros/jazzy/share/rcl/cmake)
-- Found rcl: 9.2.6 (/opt/ros/jazzy/share/rcl/cmake)
-- Found rcl: 9.2.6 (/opt/ros/jazzy/share/rcl/cmake)
-- Found rosidl_generator_c: 4.6.5 (/opt/ros/jazzy/share/rosidl_generator_c/cmake)
-- Found rosidl_generator_cpp: 4.6.5 (/opt/ros/jazzy/share/rosidl_generator_cpp/cmake)
-- Found rosidl_generator_c: 4.6.5 (/opt/ros/jazzy/share/rosidl_generator_c/cmake)
-- Found rosidl_generator_cpp: 4.6.5 (/opt/ros/jazzy/share/rosidl_generator_cpp/cmake)
-- Found rosidl_generator_c: 4.6.5 (/opt/ros/jazzy/share/rosidl_generator_c/cmake)
-- Using all available rosidl_typesupport_c: rosidl_typesupport_microxrcedds_c;rosidl_typesupport_fastrtps_c;rosidl_typesupport_introspection_c
-- Found rosidl_adapter: 4.6.5 (/opt/ros/jazzy/share/rosidl_adapter/cmake)
-- Found rosidl_generator_cpp: 4.6.5 (/opt/ros/jazzy/share/rosidl_generator_cpp/cmake)
-- Using all available rosidl_typesupport_c: rosidl_typesupport_microxrcedds_c;rosidl_typesupport_fastrtps_c;rosidl_typesupport_introspection_c
-- Found rosidl_adapter: 4.6.5 (/opt/ros/jazzy/share/rosidl_adapter/cmake)
-- Using all available rosidl_typesupport_cpp: rosidl_typesupport_microxrcedds_cpp;rosidl_typesupport_fastrtps_cpp;rosidl_typesupport_introspection_cpp
-- Using all available rosidl_typesupport_c: rosidl_typesupport_microxrcedds_c;rosidl_typesupport_fastrtps_c;rosidl_typesupport_introspection_c
-- Found rosidl_adapter: 4.6.5 (/opt/ros/jazzy/share/rosidl_adapter/cmake)
-- Using all available rosidl_typesupport_cpp: rosidl_typesupport_microxrcedds_cpp;rosidl_typesupport_fastrtps_cpp;rosidl_typesupport_introspection_cpp
-- Using all available rosidl_typesupport_cpp: rosidl_typesupport_microxrcedds_cpp;rosidl_typesupport_fastrtps_cpp;rosidl_typesupport_introspection_cpp
-- Found rmw_implementation_cmake: 7.3.2 (/opt/ros/jazzy/share/rmw_implementation_cmake/cmake)
-- Found rmw_fastrtps_cpp: 8.4.2 (/opt/ros/jazzy/share/rmw_fastrtps_cpp/cmake)
-- Found rmw_implementation_cmake: 7.3.2 (/opt/ros/jazzy/share/rmw_implementation_cmake/cmake)
-- Found rmw_fastrtps_cpp: 8.4.2 (/opt/ros/jazzy/share/rmw_fastrtps_cpp/cmake)
-- Found rmw_implementation_cmake: 7.3.2 (/opt/ros/jazzy/share/rmw_implementation_cmake/cmake)
-- Found rmw_fastrtps_cpp: 8.4.2 (/opt/ros/jazzy/share/rmw_fastrtps_cpp/cmake)
-- Found OpenSSL: /usr/lib/x86_64-linux-gnu/libcrypto.so (found version "3.0.13")  
-- Found OpenSSL: /usr/lib/x86_64-linux-gnu/libcrypto.so (found version "3.0.13")  
-- Found FastRTPS: /opt/ros/jazzy/include (Required is at least version "2.13") 
-- Found OpenSSL: /usr/lib/x86_64-linux-gnu/libcrypto.so (found version "3.0.13")  
-- Found FastRTPS: /opt/ros/jazzy/include (Required is at least version "2.13") 
-- Using RMW implementation 'rmw_fastrtps_cpp' as default
-- Found FastRTPS: /opt/ros/jazzy/include (Required is at least version "2.13") 
-- Using RMW implementation 'rmw_fastrtps_cpp' as default
-- Found rclc: 6.1.0 (/home/nava/microros_ws/install/rclc/share/rclc/cmake)
-- Using RMW implementation 'rmw_fastrtps_cpp' as default
-- Found rclc: 6.1.0 (/home/nava/microros_ws/install/rclc/share/rclc/cmake)
-- Found rclc: 6.1.0 (/home/nava/microros_ws/install/rclc/share/rclc/cmake)
-- Found std_msgs: 5.3.6 (/home/nava/microros_ws/install/std_msgs/share/std_msgs/cmake)
-- Found std_msgs: 5.3.6 (/home/nava/microros_ws/install/std_msgs/share/std_msgs/cmake)
-- Found rmw_microxrcedds: 5.0.1 (/home/nava/microros_ws/install/rmw_microxrcedds/share/rmw_microxrcedds/cmake)
-- Configuring done (0.9s)
-- Found std_msgs: 5.3.6 (/home/nava/microros_ws/install/std_msgs/share/std_msgs/cmake)
-- Found rmw_microxrcedds: 5.0.1 (/home/nava/microros_ws/install/rmw_microxrcedds/share/rmw_microxrcedds/cmake)
-- Generating done (0.0s)
-- Build files have been written to: /home/nava/microros_ws/build/micro_ros_demos_rclc/epoch_synchronization/src/epoch_synchronization-build
-- Found micro_ros_utilities: 5.0.1 (/home/nava/microros_ws/install/micro_ros_utilities/share/micro_ros_utilities/cmake)
-- Performing Test CMAKE_HAVE_LIBC_PTHREAD
-- Found rclc_parameter: 6.1.0 (/home/nava/microros_ws/install/rclc_parameter/share/rclc_parameter/cmake)
-- Found rmw_microxrcedds: 5.0.1 (/home/nava/microros_ws/install/rmw_microxrcedds/share/rmw_microxrcedds/cmake)
[ 95%] [34m[1mPerforming build step for 'epoch_synchronization'[0m
-- Configuring done (0.9s)
-- Generating done (0.0s)
-- Build files have been written to: /home/nava/microros_ws/build/micro_ros_demos_rclc/parameter_server/src/parameter_server-build
[ 95%] [34m[1mPerforming build step for 'parameter_server'[0m
[ 50%] [32mBuilding C object CMakeFiles/epoch_synchronization.dir/main.c.o[0m
-- Performing Test CMAKE_HAVE_LIBC_PTHREAD - Success
-- Found Threads: TRUE  
-- Configuring done (0.9s)
-- Generating done (0.0s)
-- Build files have been written to: /home/nava/microros_ws/build/micro_ros_demos_rclc/multithread_publisher_subscriber/src/multithread_publisher_subscriber-build
[ 50%] [32mBuilding C object CMakeFiles/parameter_server.dir/main.c.o[0m
[ 95%] [34m[1mPerforming build step for 'multithread_publisher_subscriber'[0m
[100%] [32m[1mLinking C executable epoch_synchronization[0m
[ 50%] [32mBuilding C object CMakeFiles/multithread_publisher_subscriber.dir/main.c.o[0m
[100%] [32m[1mLinking C executable parameter_server[0m
[100%] Built target epoch_synchronization
[ 96%] [34m[1mPerforming install step for 'epoch_synchronization'[0m
[100%] [32m[1mLinking C executable multithread_publisher_subscriber[0m
[100%] Built target parameter_server
[100%] Built target epoch_synchronization
[ 96%] [34m[1mPerforming install step for 'parameter_server'[0m
[36mInstall the project...[0m
-- Install configuration: ""
-- Installing: /home/nava/microros_ws/build/micro_ros_demos_rclc/temp_install/epoch_synchronization/epoch_synchronization
-- Set non-toolchain portion of runtime path of "/home/nava/microros_ws/build/micro_ros_demos_rclc/temp_install/epoch_synchronization/epoch_synchronization" to ""
[ 97%] [34m[1mCompleted 'epoch_synchronization'[0m
[100%] Built target multithread_publisher_subscriber
[100%] Built target parameter_server
[ 98%] [34m[1mPerforming install step for 'multithread_publisher_subscriber'[0m
[ 98%] Built target epoch_synchronization
[36mInstall the project...[0m
-- Install configuration: ""
-- Installing: /home/nava/microros_ws/build/micro_ros_demos_rclc/temp_install/parameter_server/parameter_server
-- Set non-toolchain portion of runtime path of "/home/nava/microros_ws/build/micro_ros_demos_rclc/temp_install/parameter_server/parameter_server" to ""
[ 99%] [34m[1mCompleted 'parameter_server'[0m
[100%] Built target multithread_publisher_subscriber
[36mInstall the project...[0m
[ 99%] Built target parameter_server
-- Install configuration: ""
-- Installing: /home/nava/microros_ws/build/micro_ros_demos_rclc/temp_install/multithread_publisher_subscriber/multithread_publisher_subscriber
-- Set non-toolchain portion of runtime path of "/home/nava/microros_ws/build/micro_ros_demos_rclc/temp_install/multithread_publisher_subscriber/multithread_publisher_subscriber" to ""
[100%] [34m[1mCompleted 'multithread_publisher_subscriber'[0m
[100%] Built target multithread_publisher_subscriber
-- Install configuration: ""
-- Installing: /home/nava/microros_ws/install/micro_ros_demos_rclc/lib/micro_ros_demos_rclc
-- Installing: /home/nava/microros_ws/install/micro_ros_demos_rclc/lib/micro_ros_demos_rclc/complex_msg_publisher
-- Installing: /home/nava/microros_ws/install/micro_ros_demos_rclc/lib/micro_ros_demos_rclc/complex_msg_publisher/complex_msg_publisher
-- Installing: /home/nava/microros_ws/install/micro_ros_demos_rclc/lib/micro_ros_demos_rclc/fragmented_publication
-- Installing: /home/nava/microros_ws/install/micro_ros_demos_rclc/lib/micro_ros_demos_rclc/fragmented_publication/fragmented_publication
-- Installing: /home/nava/microros_ws/install/micro_ros_demos_rclc/lib/micro_ros_demos_rclc/int32_publisher
-- Installing: /home/nava/microros_ws/install/micro_ros_demos_rclc/lib/micro_ros_demos_rclc/int32_publisher/int32_publisher
-- Installing: /home/nava/microros_ws/install/micro_ros_demos_rclc/lib/micro_ros_demos_rclc/fragmented_subscription
-- Installing: /home/nava/microros_ws/install/micro_ros_demos_rclc/lib/micro_ros_demos_rclc/fragmented_subscription/fragmented_subscription
-- Installing: /home/nava/microros_ws/install/micro_ros_demos_rclc/lib/micro_ros_demos_rclc/int32_multinode
-- Installing: /home/nava/microros_ws/install/micro_ros_demos_rclc/lib/micro_ros_demos_rclc/int32_multinode/int32_multinode
-- Installing: /home/nava/microros_ws/install/micro_ros_demos_rclc/lib/micro_ros_demos_rclc/epoch_synchronization
-- Installing: /home/nava/microros_ws/install/micro_ros_demos_rclc/lib/micro_ros_demos_rclc/epoch_synchronization/epoch_synchronization
-- Installing: /home/nava/microros_ws/install/micro_ros_demos_rclc/lib/micro_ros_demos_rclc/autodiscover_agent
-- Installing: /home/nava/microros_ws/install/micro_ros_demos_rclc/lib/micro_ros_demos_rclc/autodiscover_agent/autodiscover_agent
-- Installing: /home/nava/microros_ws/install/micro_ros_demos_rclc/lib/micro_ros_demos_rclc/configured_subscriber
-- Installing: /home/nava/microros_ws/install/micro_ros_demos_rclc/lib/micro_ros_demos_rclc/configured_subscriber/configured_subscriber
-- Installing: /home/nava/microros_ws/install/micro_ros_demos_rclc/lib/micro_ros_demos_rclc/int32_subscriber
-- Installing: /home/nava/microros_ws/install/micro_ros_demos_rclc/lib/micro_ros_demos_rclc/int32_subscriber/int32_subscriber
-- Installing: /home/nava/microros_ws/install/micro_ros_demos_rclc/lib/micro_ros_demos_rclc/addtwoints_server
-- Installing: /home/nava/microros_ws/install/micro_ros_demos_rclc/lib/micro_ros_demos_rclc/addtwoints_server/addtwoints_server
-- Installing: /home/nava/microros_ws/install/micro_ros_demos_rclc/lib/micro_ros_demos_rclc/parameter_server
-- Installing: /home/nava/microros_ws/install/micro_ros_demos_rclc/lib/micro_ros_demos_rclc/parameter_server/parameter_server
-- Installing: /home/nava/microros_ws/install/micro_ros_demos_rclc/lib/micro_ros_demos_rclc/ping_uros_agent
-- Installing: /home/nava/microros_ws/install/micro_ros_demos_rclc/lib/micro_ros_demos_rclc/ping_uros_agent/ping_uros_agent
-- Installing: /home/nava/microros_ws/install/micro_ros_demos_rclc/lib/micro_ros_demos_rclc/fibonacci_action_client
-- Installing: /home/nava/microros_ws/install/micro_ros_demos_rclc/lib/micro_ros_demos_rclc/fibonacci_action_client/fibonacci_action_client
-- Installing: /home/nava/microros_ws/install/micro_ros_demos_rclc/lib/micro_ros_demos_rclc/timer
-- Installing: /home/nava/microros_ws/install/micro_ros_demos_rclc/lib/micro_ros_demos_rclc/timer/timer
-- Installing: /home/nava/microros_ws/install/micro_ros_demos_rclc/lib/micro_ros_demos_rclc/ping_pong
-- Installing: /home/nava/microros_ws/install/micro_ros_demos_rclc/lib/micro_ros_demos_rclc/ping_pong/ping_pong
-- Installing: /home/nava/microros_ws/install/micro_ros_demos_rclc/lib/micro_ros_demos_rclc/int32_publisher_subscriber
-- Installing: /home/nava/microros_ws/install/micro_ros_demos_rclc/lib/micro_ros_demos_rclc/int32_publisher_subscriber/int32_publisher_subscriber
-- Installing: /home/nava/microros_ws/install/micro_ros_demos_rclc/lib/micro_ros_demos_rclc/configured_publisher
-- Installing: /home/nava/microros_ws/install/micro_ros_demos_rclc/lib/micro_ros_demos_rclc/configured_publisher/configured_publisher
-- Installing: /home/nava/microros_ws/install/micro_ros_demos_rclc/lib/micro_ros_demos_rclc/string_publisher
-- Installing: /home/nava/microros_ws/install/micro_ros_demos_rclc/lib/micro_ros_demos_rclc/string_publisher/string_publisher
-- Installing: /home/nava/microros_ws/install/micro_ros_demos_rclc/lib/micro_ros_demos_rclc/static_type_handling
-- Installing: /home/nava/microros_ws/install/micro_ros_demos_rclc/lib/micro_ros_demos_rclc/static_type_handling/static_type_handling
-- Installing: /home/nava/microros_ws/install/micro_ros_demos_rclc/lib/micro_ros_demos_rclc/fibonacci_action_server
-- Installing: /home/nava/microros_ws/install/micro_ros_demos_rclc/lib/micro_ros_demos_rclc/fibonacci_action_server/fibonacci_action_server
-- Installing: /home/nava/microros_ws/install/micro_ros_demos_rclc/lib/micro_ros_demos_rclc/subscription_count
-- Installing: /home/nava/microros_ws/install/micro_ros_demos_rclc/lib/micro_ros_demos_rclc/subscription_count/subscription_count
-- Installing: /home/nava/microros_ws/install/micro_ros_demos_rclc/lib/micro_ros_demos_rclc/publisher_count
-- Installing: /home/nava/microros_ws/install/micro_ros_demos_rclc/lib/micro_ros_demos_rclc/publisher_count/publisher_count
-- Installing: /home/nava/microros_ws/install/micro_ros_demos_rclc/lib/micro_ros_demos_rclc/multithread_publisher_subscriber
-- Installing: /home/nava/microros_ws/install/micro_ros_demos_rclc/lib/micro_ros_demos_rclc/multithread_publisher_subscriber/multithread_publisher_subscriber
-- Installing: /home/nava/microros_ws/install/micro_ros_demos_rclc/lib/micro_ros_demos_rclc/addtwoints_client
-- Installing: /home/nava/microros_ws/install/micro_ros_demos_rclc/lib/micro_ros_demos_rclc/addtwoints_client/addtwoints_client
-- Installing: /home/nava/microros_ws/install/micro_ros_demos_rclc/lib/micro_ros_demos_rclc/graph_visualizer
-- Installing: /home/nava/microros_ws/install/micro_ros_demos_rclc/lib/micro_ros_demos_rclc/graph_visualizer/graph_visualizer
-- Installing: /home/nava/microros_ws/install/micro_ros_demos_rclc/lib/micro_ros_demos_rclc/complex_msg_subscriber
-- Installing: /home/nava/microros_ws/install/micro_ros_demos_rclc/lib/micro_ros_demos_rclc/complex_msg_subscriber/complex_msg_subscriber
-- Installing: /home/nava/microros_ws/install/micro_ros_demos_rclc/lib/micro_ros_demos_rclc/string_subscriber
-- Installing: /home/nava/microros_ws/install/micro_ros_demos_rclc/lib/micro_ros_demos_rclc/string_subscriber/string_subscriber
-- Installing: /home/nava/microros_ws/install/micro_ros_demos_rclc/share/ament_index/resource_index/package_run_dependencies/micro_ros_demos_rclc
-- Installing: /home/nava/microros_ws/install/micro_ros_demos_rclc/share/ament_index/resource_index/parent_prefix_path/micro_ros_demos_rclc
-- Installing: /home/nava/microros_ws/install/micro_ros_demos_rclc/share/micro_ros_demos_rclc/environment/ament_prefix_path.sh
-- Installing: /home/nava/microros_ws/install/micro_ros_demos_rclc/share/micro_ros_demos_rclc/environment/ament_prefix_path.dsv
-- Installing: /home/nava/microros_ws/install/micro_ros_demos_rclc/share/micro_ros_demos_rclc/environment/path.sh
-- Installing: /home/nava/microros_ws/install/micro_ros_demos_rclc/share/micro_ros_demos_rclc/environment/path.dsv
-- Installing: /home/nava/microros_ws/install/micro_ros_demos_rclc/share/micro_ros_demos_rclc/local_setup.bash
-- Installing: /home/nava/microros_ws/install/micro_ros_demos_rclc/share/micro_ros_demos_rclc/local_setup.sh
-- Installing: /home/nava/microros_ws/install/micro_ros_demos_rclc/share/micro_ros_demos_rclc/local_setup.zsh
-- Installing: /home/nava/microros_ws/install/micro_ros_demos_rclc/share/micro_ros_demos_rclc/local_setup.dsv
-- Installing: /home/nava/microros_ws/install/micro_ros_demos_rclc/share/micro_ros_demos_rclc/package.dsv
-- Installing: /home/nava/microros_ws/install/micro_ros_demos_rclc/share/ament_index/resource_index/packages/micro_ros_demos_rclc
-- Installing: /home/nava/microros_ws/install/micro_ros_demos_rclc/share/micro_ros_demos_rclc/cmake/micro_ros_demos_rclcConfig.cmake
-- Installing: /home/nava/microros_ws/install/micro_ros_demos_rclc/share/micro_ros_demos_rclc/cmake/micro_ros_demos_rclcConfig-version.cmake
-- Installing: /home/nava/microros_ws/install/micro_ros_demos_rclc/share/micro_ros_demos_rclc/package.xml
