[0.065s] Invoking command in '/home/nava/microros_ws/build/std_srvs': CMAKE_PREFIX_PATH=${CMAKE_PREFIX_PATH}:/home/nava/microros_ws/install/sensor_msgs_py:/opt/ros/jazzy DEBUGINFOD_URLS=https://debuginfod.ubuntu.com /usr/bin/cmake /home/nava/microros_ws/src/ros2/common_interfaces/std_srvs -DCMAKE_INSTALL_PREFIX=/home/nava/microros_ws/install/std_srvs
[0.147s] -- Found ament_cmake: 2.5.4 (/opt/ros/jazzy/share/ament_cmake/cmake)
[0.190s] -- Found Python3: /usr/bin/python3 (found version "3.12.3") found components: Interpreter 
[0.325s] -- Found rosidl_default_generators: 1.6.0 (/opt/ros/jazzy/share/rosidl_default_generators/cmake)
[0.351s] -- Using all available rosidl_typesupport_c: rosidl_typesupport_microxrcedds_c;rosidl_typesupport_fastrtps_c;rosidl_typesupport_introspection_c
[0.434s] -- Found rosidl_adapter: 4.6.5 (/opt/ros/jazzy/share/rosidl_adapter/cmake)
[0.469s] -- Using all available rosidl_typesupport_cpp: rosidl_typesupport_microxrcedds_cpp;rosidl_typesupport_fastrtps_cpp;rosidl_typesupport_introspection_cpp
[0.892s] -- Found ament_cmake_ros: 0.12.0 (/opt/ros/jazzy/share/ament_cmake_ros/cmake)
[1.055s] -- Using all available rosidl_typesupport_c: rosidl_typesupport_microxrcedds_c;rosidl_typesupport_fastrtps_c;rosidl_typesupport_introspection_c
[1.222s] -- Using all available rosidl_typesupport_cpp: rosidl_typesupport_microxrcedds_cpp;rosidl_typesupport_fastrtps_cpp;rosidl_typesupport_introspection_cpp
[1.223s] -- Found python_cmake_module: 0.11.1 (/opt/ros/jazzy/share/python_cmake_module/cmake)
[1.590s] -- Found Python3: /usr/bin/python3 (found version "3.12.3") found components: Interpreter Development NumPy Development.Module Development.Embed 
[1.625s] -- Configuring done (1.5s)
[1.747s] -- Generating done (0.1s)
[1.771s] -- Build files have been written to: /home/nava/microros_ws/build/std_srvs
[1.794s] Invoked command in '/home/nava/microros_ws/build/std_srvs' returned '0': CMAKE_PREFIX_PATH=${CMAKE_PREFIX_PATH}:/home/nava/microros_ws/install/sensor_msgs_py:/opt/ros/jazzy DEBUGINFOD_URLS=https://debuginfod.ubuntu.com /usr/bin/cmake /home/nava/microros_ws/src/ros2/common_interfaces/std_srvs -DCMAKE_INSTALL_PREFIX=/home/nava/microros_ws/install/std_srvs
[1.795s] Invoking command in '/home/nava/microros_ws/build/std_srvs': CMAKE_PREFIX_PATH=${CMAKE_PREFIX_PATH}:/home/nava/microros_ws/install/sensor_msgs_py:/opt/ros/jazzy DEBUGINFOD_URLS=https://debuginfod.ubuntu.com /usr/bin/cmake --build /home/nava/microros_ws/build/std_srvs -- -j12 -l12
[1.878s] [  1%] Built target std_srvs__rosidl_generator_type_description
[1.921s] [  1%] Built target ament_cmake_python_copy_std_srvs
[1.930s] [  3%] Built target std_srvs__cpp
[1.944s] [ 19%] Built target std_srvs__rosidl_generator_c
[1.989s] [ 27%] Built target std_srvs__rosidl_typesupport_microxrcedds_cpp
[2.018s] [ 34%] Built target std_srvs__rosidl_typesupport_cpp
[2.030s] [ 50%] Built target std_srvs__rosidl_typesupport_introspection_cpp
[2.030s] [ 50%] Built target std_srvs__rosidl_typesupport_introspection_c
[2.040s] [ 57%] Built target std_srvs__rosidl_typesupport_fastrtps_cpp
[2.040s] [ 65%] Built target std_srvs__rosidl_typesupport_c
[2.040s] [ 72%] Built target std_srvs__rosidl_typesupport_microxrcedds_c
[2.053s] [ 80%] Built target std_srvs__rosidl_typesupport_fastrtps_c
[2.112s] [ 80%] Built target std_srvs
[2.147s] [ 81%] Built target std_srvs__py
[2.209s] [ 87%] Built target std_srvs__rosidl_generator_py
[2.268s] [ 90%] Built target std_srvs_s__rosidl_typesupport_fastrtps_c
[2.279s] [ 93%] Built target std_srvs_s__rosidl_typesupport_c
[2.281s] [ 96%] Built target std_srvs_s__rosidl_typesupport_microxrcedds_c
[2.283s] [100%] Built target std_srvs_s__rosidl_typesupport_introspection_c
[2.356s] running egg_info
[2.386s] writing std_srvs.egg-info/PKG-INFO
[2.387s] writing dependency_links to std_srvs.egg-info/dependency_links.txt
[2.387s] writing top-level names to std_srvs.egg-info/top_level.txt
[2.457s] reading manifest file 'std_srvs.egg-info/SOURCES.txt'
[2.464s] writing manifest file 'std_srvs.egg-info/SOURCES.txt'
[2.495s] [100%] Built target ament_cmake_python_build_std_srvs_egg
[2.509s] Invoked command in '/home/nava/microros_ws/build/std_srvs' returned '0': CMAKE_PREFIX_PATH=${CMAKE_PREFIX_PATH}:/home/nava/microros_ws/install/sensor_msgs_py:/opt/ros/jazzy DEBUGINFOD_URLS=https://debuginfod.ubuntu.com /usr/bin/cmake --build /home/nava/microros_ws/build/std_srvs -- -j12 -l12
[2.511s] Invoking command in '/home/nava/microros_ws/build/std_srvs': CMAKE_PREFIX_PATH=${CMAKE_PREFIX_PATH}:/home/nava/microros_ws/install/sensor_msgs_py:/opt/ros/jazzy DEBUGINFOD_URLS=https://debuginfod.ubuntu.com /usr/bin/cmake --install /home/nava/microros_ws/build/std_srvs
[2.520s] -- Install configuration: ""
[2.520s] -- Up-to-date: /home/nava/microros_ws/install/std_srvs/share/ament_index/resource_index/rosidl_interfaces/std_srvs
[2.521s] -- Up-to-date: /home/nava/microros_ws/install/std_srvs/share/std_srvs/srv/Empty.json
[2.521s] -- Up-to-date: /home/nava/microros_ws/install/std_srvs/share/std_srvs/srv/SetBool.json
[2.521s] -- Up-to-date: /home/nava/microros_ws/install/std_srvs/share/std_srvs/srv/Trigger.json
[2.521s] -- Up-to-date: /home/nava/microros_ws/install/std_srvs/include/std_srvs/std_srvs
[2.522s] -- Up-to-date: /home/nava/microros_ws/install/std_srvs/include/std_srvs/std_srvs/msg
[2.522s] -- Up-to-date: /home/nava/microros_ws/install/std_srvs/include/std_srvs/std_srvs/msg/rosidl_generator_c__visibility_control.h
[2.522s] -- Up-to-date: /home/nava/microros_ws/install/std_srvs/include/std_srvs/std_srvs/srv
[2.522s] -- Up-to-date: /home/nava/microros_ws/install/std_srvs/include/std_srvs/std_srvs/srv/detail
[2.522s] -- Up-to-date: /home/nava/microros_ws/install/std_srvs/include/std_srvs/std_srvs/srv/detail/set_bool__description.c
[2.523s] -- Up-to-date: /home/nava/microros_ws/install/std_srvs/include/std_srvs/std_srvs/srv/detail/trigger__functions.h
[2.523s] -- Up-to-date: /home/nava/microros_ws/install/std_srvs/include/std_srvs/std_srvs/srv/detail/set_bool__functions.h
[2.523s] -- Installing: /home/nava/microros_ws/install/std_srvs/include/std_srvs/std_srvs/srv/detail/empty__type_support.c
[2.524s] -- Installing: /home/nava/microros_ws/install/std_srvs/include/std_srvs/std_srvs/srv/detail/trigger__type_support.c
[2.524s] -- Up-to-date: /home/nava/microros_ws/install/std_srvs/include/std_srvs/std_srvs/srv/detail/empty__description.c
[2.524s] -- Up-to-date: /home/nava/microros_ws/install/std_srvs/include/std_srvs/std_srvs/srv/detail/trigger__struct.h
[2.524s] -- Up-to-date: /home/nava/microros_ws/install/std_srvs/include/std_srvs/std_srvs/srv/detail/trigger__type_support.h
[2.525s] -- Up-to-date: /home/nava/microros_ws/install/std_srvs/include/std_srvs/std_srvs/srv/detail/trigger__description.c
[2.525s] -- Up-to-date: /home/nava/microros_ws/install/std_srvs/include/std_srvs/std_srvs/srv/detail/set_bool__functions.c
[2.525s] -- Up-to-date: /home/nava/microros_ws/install/std_srvs/include/std_srvs/std_srvs/srv/detail/trigger__functions.c
[2.525s] -- Installing: /home/nava/microros_ws/install/std_srvs/include/std_srvs/std_srvs/srv/detail/set_bool__type_support.c
[2.525s] -- Up-to-date: /home/nava/microros_ws/install/std_srvs/include/std_srvs/std_srvs/srv/detail/empty__functions.h
[2.525s] -- Up-to-date: /home/nava/microros_ws/install/std_srvs/include/std_srvs/std_srvs/srv/detail/set_bool__type_support.h
[2.525s] -- Up-to-date: /home/nava/microros_ws/install/std_srvs/include/std_srvs/std_srvs/srv/detail/empty__type_support.h
[2.525s] -- Up-to-date: /home/nava/microros_ws/install/std_srvs/include/std_srvs/std_srvs/srv/detail/empty__functions.c
[2.525s] -- Up-to-date: /home/nava/microros_ws/install/std_srvs/include/std_srvs/std_srvs/srv/detail/empty__struct.h
[2.525s] -- Up-to-date: /home/nava/microros_ws/install/std_srvs/include/std_srvs/std_srvs/srv/detail/set_bool__struct.h
[2.525s] -- Up-to-date: /home/nava/microros_ws/install/std_srvs/include/std_srvs/std_srvs/srv/set_bool.h
[2.525s] -- Up-to-date: /home/nava/microros_ws/install/std_srvs/include/std_srvs/std_srvs/srv/empty.h
[2.525s] -- Up-to-date: /home/nava/microros_ws/install/std_srvs/include/std_srvs/std_srvs/srv/trigger.h
[2.526s] -- Up-to-date: /home/nava/microros_ws/install/std_srvs/share/std_srvs/environment/library_path.sh
[2.526s] -- Up-to-date: /home/nava/microros_ws/install/std_srvs/share/std_srvs/environment/library_path.dsv
[2.526s] -- Up-to-date: /home/nava/microros_ws/install/std_srvs/lib/libstd_srvs__rosidl_generator_c.so
[2.526s] -- Up-to-date: /home/nava/microros_ws/install/std_srvs/include/std_srvs
[2.526s] -- Up-to-date: /home/nava/microros_ws/install/std_srvs/include/std_srvs/msg
[2.526s] -- Up-to-date: /home/nava/microros_ws/install/std_srvs/include/std_srvs/msg/rosidl_typesupport_microxrcedds_c__visibility_control.h
[2.526s] -- Up-to-date: /home/nava/microros_ws/install/std_srvs/include/std_srvs/srv
[2.526s] -- Up-to-date: /home/nava/microros_ws/install/std_srvs/include/std_srvs/srv/detail
[2.526s] -- Up-to-date: /home/nava/microros_ws/install/std_srvs/include/std_srvs/srv/detail/trigger__rosidl_typesupport_microxrcedds_c.h
[2.526s] -- Up-to-date: /home/nava/microros_ws/install/std_srvs/include/std_srvs/srv/detail/microxrcedds
[2.526s] -- Up-to-date: /home/nava/microros_ws/install/std_srvs/include/std_srvs/srv/detail/empty__rosidl_typesupport_microxrcedds_c.h
[2.527s] -- Up-to-date: /home/nava/microros_ws/install/std_srvs/include/std_srvs/srv/detail/set_bool__rosidl_typesupport_microxrcedds_c.h
[2.527s] -- Up-to-date: /home/nava/microros_ws/install/std_srvs/lib/libstd_srvs__rosidl_typesupport_microxrcedds_c.so
[2.527s] -- Up-to-date: /home/nava/microros_ws/install/std_srvs/include/std_srvs/std_srvs
[2.528s] -- Up-to-date: /home/nava/microros_ws/install/std_srvs/include/std_srvs/std_srvs/msg
[2.528s] -- Up-to-date: /home/nava/microros_ws/install/std_srvs/include/std_srvs/std_srvs/msg/rosidl_typesupport_fastrtps_c__visibility_control.h
[2.528s] -- Up-to-date: /home/nava/microros_ws/install/std_srvs/include/std_srvs/std_srvs/srv
[2.528s] -- Up-to-date: /home/nava/microros_ws/install/std_srvs/include/std_srvs/std_srvs/srv/detail
[2.528s] -- Up-to-date: /home/nava/microros_ws/install/std_srvs/include/std_srvs/std_srvs/srv/detail/set_bool__rosidl_typesupport_fastrtps_c.h
[2.528s] -- Up-to-date: /home/nava/microros_ws/install/std_srvs/include/std_srvs/std_srvs/srv/detail/trigger__rosidl_typesupport_fastrtps_c.h
[2.528s] -- Up-to-date: /home/nava/microros_ws/install/std_srvs/include/std_srvs/std_srvs/srv/detail/empty__rosidl_typesupport_fastrtps_c.h
[2.529s] -- Up-to-date: /home/nava/microros_ws/install/std_srvs/lib/libstd_srvs__rosidl_typesupport_fastrtps_c.so
[2.529s] -- Up-to-date: /home/nava/microros_ws/install/std_srvs/include/std_srvs/std_srvs
[2.530s] -- Up-to-date: /home/nava/microros_ws/install/std_srvs/include/std_srvs/std_srvs/msg
[2.530s] -- Up-to-date: /home/nava/microros_ws/install/std_srvs/include/std_srvs/std_srvs/msg/rosidl_typesupport_introspection_c__visibility_control.h
[2.530s] -- Up-to-date: /home/nava/microros_ws/install/std_srvs/include/std_srvs/std_srvs/srv
[2.530s] -- Up-to-date: /home/nava/microros_ws/install/std_srvs/include/std_srvs/std_srvs/srv/detail
[2.530s] -- Up-to-date: /home/nava/microros_ws/install/std_srvs/include/std_srvs/std_srvs/srv/detail/empty__rosidl_typesupport_introspection_c.h
[2.530s] -- Installing: /home/nava/microros_ws/install/std_srvs/include/std_srvs/std_srvs/srv/detail/empty__type_support.c
[2.530s] -- Installing: /home/nava/microros_ws/install/std_srvs/include/std_srvs/std_srvs/srv/detail/trigger__type_support.c
[2.531s] -- Up-to-date: /home/nava/microros_ws/install/std_srvs/include/std_srvs/std_srvs/srv/detail/trigger__rosidl_typesupport_introspection_c.h
[2.531s] -- Installing: /home/nava/microros_ws/install/std_srvs/include/std_srvs/std_srvs/srv/detail/set_bool__type_support.c
[2.532s] -- Up-to-date: /home/nava/microros_ws/install/std_srvs/include/std_srvs/std_srvs/srv/detail/set_bool__rosidl_typesupport_introspection_c.h
[2.533s] -- Up-to-date: /home/nava/microros_ws/install/std_srvs/lib/libstd_srvs__rosidl_typesupport_introspection_c.so
[2.534s] -- Up-to-date: /home/nava/microros_ws/install/std_srvs/lib/libstd_srvs__rosidl_typesupport_c.so
[2.535s] -- Up-to-date: /home/nava/microros_ws/install/std_srvs/include/std_srvs/std_srvs
[2.535s] -- Up-to-date: /home/nava/microros_ws/install/std_srvs/include/std_srvs/std_srvs/msg
[2.535s] -- Up-to-date: /home/nava/microros_ws/install/std_srvs/include/std_srvs/std_srvs/msg/rosidl_generator_cpp__visibility_control.hpp
[2.535s] -- Up-to-date: /home/nava/microros_ws/install/std_srvs/include/std_srvs/std_srvs/srv
[2.535s] -- Up-to-date: /home/nava/microros_ws/install/std_srvs/include/std_srvs/std_srvs/srv/set_bool.hpp
[2.535s] -- Up-to-date: /home/nava/microros_ws/install/std_srvs/include/std_srvs/std_srvs/srv/trigger.hpp
[2.535s] -- Up-to-date: /home/nava/microros_ws/install/std_srvs/include/std_srvs/std_srvs/srv/detail
[2.535s] -- Up-to-date: /home/nava/microros_ws/install/std_srvs/include/std_srvs/std_srvs/srv/detail/trigger__type_support.hpp
[2.535s] -- Up-to-date: /home/nava/microros_ws/install/std_srvs/include/std_srvs/std_srvs/srv/detail/empty__type_support.hpp
[2.535s] -- Up-to-date: /home/nava/microros_ws/install/std_srvs/include/std_srvs/std_srvs/srv/detail/set_bool__struct.hpp
[2.535s] -- Up-to-date: /home/nava/microros_ws/install/std_srvs/include/std_srvs/std_srvs/srv/detail/trigger__struct.hpp
[2.535s] -- Up-to-date: /home/nava/microros_ws/install/std_srvs/include/std_srvs/std_srvs/srv/detail/empty__traits.hpp
[2.535s] -- Up-to-date: /home/nava/microros_ws/install/std_srvs/include/std_srvs/std_srvs/srv/detail/set_bool__builder.hpp
[2.535s] -- Up-to-date: /home/nava/microros_ws/install/std_srvs/include/std_srvs/std_srvs/srv/detail/trigger__traits.hpp
[2.535s] -- Up-to-date: /home/nava/microros_ws/install/std_srvs/include/std_srvs/std_srvs/srv/detail/empty__builder.hpp
[2.536s] -- Up-to-date: /home/nava/microros_ws/install/std_srvs/include/std_srvs/std_srvs/srv/detail/empty__struct.hpp
[2.536s] -- Up-to-date: /home/nava/microros_ws/install/std_srvs/include/std_srvs/std_srvs/srv/detail/set_bool__traits.hpp
[2.536s] -- Up-to-date: /home/nava/microros_ws/install/std_srvs/include/std_srvs/std_srvs/srv/detail/set_bool__type_support.hpp
[2.536s] -- Up-to-date: /home/nava/microros_ws/install/std_srvs/include/std_srvs/std_srvs/srv/detail/trigger__builder.hpp
[2.536s] -- Up-to-date: /home/nava/microros_ws/install/std_srvs/include/std_srvs/std_srvs/srv/empty.hpp
[2.536s] -- Up-to-date: /home/nava/microros_ws/install/std_srvs/include/std_srvs
[2.536s] -- Up-to-date: /home/nava/microros_ws/install/std_srvs/include/std_srvs/msg
[2.536s] -- Up-to-date: /home/nava/microros_ws/install/std_srvs/include/std_srvs/msg/rosidl_typesupport_microxrcedds_cpp__visibility_control.h
[2.536s] -- Up-to-date: /home/nava/microros_ws/install/std_srvs/include/std_srvs/srv
[2.536s] -- Up-to-date: /home/nava/microros_ws/install/std_srvs/include/std_srvs/srv/detail
[2.536s] -- Up-to-date: /home/nava/microros_ws/install/std_srvs/include/std_srvs/srv/detail/trigger__rosidl_typesupport_microxrcedds_cpp.hpp
[2.536s] -- Up-to-date: /home/nava/microros_ws/install/std_srvs/include/std_srvs/srv/detail/set_bool__rosidl_typesupport_microxrcedds_cpp.hpp
[2.536s] -- Up-to-date: /home/nava/microros_ws/install/std_srvs/include/std_srvs/srv/detail/empty__rosidl_typesupport_microxrcedds_cpp.hpp
[2.536s] -- Up-to-date: /home/nava/microros_ws/install/std_srvs/include/std_srvs/srv/detail/microxrcedds
[2.536s] -- Up-to-date: /home/nava/microros_ws/install/std_srvs/include/std_srvs/srv/detail/microxrcedds/trigger__type_support_cpp.cpp
[2.537s] -- Up-to-date: /home/nava/microros_ws/install/std_srvs/include/std_srvs/srv/detail/microxrcedds/set_bool__type_support_cpp.cpp
[2.537s] -- Up-to-date: /home/nava/microros_ws/install/std_srvs/include/std_srvs/srv/detail/microxrcedds/empty__type_support_cpp.cpp
[2.537s] -- Up-to-date: /home/nava/microros_ws/install/std_srvs/lib/libstd_srvs__rosidl_typesupport_microxrcedds_cpp.so
[2.537s] -- Up-to-date: /home/nava/microros_ws/install/std_srvs/include/std_srvs/std_srvs
[2.537s] -- Up-to-date: /home/nava/microros_ws/install/std_srvs/include/std_srvs/std_srvs/msg
[2.537s] -- Up-to-date: /home/nava/microros_ws/install/std_srvs/include/std_srvs/std_srvs/msg/rosidl_typesupport_fastrtps_cpp__visibility_control.h
[2.537s] -- Up-to-date: /home/nava/microros_ws/install/std_srvs/include/std_srvs/std_srvs/srv
[2.537s] -- Up-to-date: /home/nava/microros_ws/install/std_srvs/include/std_srvs/std_srvs/srv/detail
[2.537s] -- Up-to-date: /home/nava/microros_ws/install/std_srvs/include/std_srvs/std_srvs/srv/detail/set_bool__rosidl_typesupport_fastrtps_cpp.hpp
[2.537s] -- Up-to-date: /home/nava/microros_ws/install/std_srvs/include/std_srvs/std_srvs/srv/detail/trigger__rosidl_typesupport_fastrtps_cpp.hpp
[2.538s] -- Up-to-date: /home/nava/microros_ws/install/std_srvs/include/std_srvs/std_srvs/srv/detail/empty__rosidl_typesupport_fastrtps_cpp.hpp
[2.538s] -- Up-to-date: /home/nava/microros_ws/install/std_srvs/include/std_srvs/std_srvs/srv/detail/dds_fastrtps
[2.538s] -- Up-to-date: /home/nava/microros_ws/install/std_srvs/lib/libstd_srvs__rosidl_typesupport_fastrtps_cpp.so
[2.538s] -- Up-to-date: /home/nava/microros_ws/install/std_srvs/include/std_srvs/std_srvs
[2.538s] -- Up-to-date: /home/nava/microros_ws/install/std_srvs/include/std_srvs/std_srvs/srv
[2.538s] -- Up-to-date: /home/nava/microros_ws/install/std_srvs/include/std_srvs/std_srvs/srv/detail
[2.538s] -- Up-to-date: /home/nava/microros_ws/install/std_srvs/include/std_srvs/std_srvs/srv/detail/trigger__rosidl_typesupport_introspection_cpp.hpp
[2.539s] -- Up-to-date: /home/nava/microros_ws/install/std_srvs/include/std_srvs/std_srvs/srv/detail/set_bool__rosidl_typesupport_introspection_cpp.hpp
[2.539s] -- Up-to-date: /home/nava/microros_ws/install/std_srvs/include/std_srvs/std_srvs/srv/detail/empty__rosidl_typesupport_introspection_cpp.hpp
[2.539s] -- Up-to-date: /home/nava/microros_ws/install/std_srvs/include/std_srvs/std_srvs/srv/detail/empty__type_support.cpp
[2.539s] -- Up-to-date: /home/nava/microros_ws/install/std_srvs/include/std_srvs/std_srvs/srv/detail/set_bool__type_support.cpp
[2.539s] -- Up-to-date: /home/nava/microros_ws/install/std_srvs/include/std_srvs/std_srvs/srv/detail/trigger__type_support.cpp
[2.539s] -- Up-to-date: /home/nava/microros_ws/install/std_srvs/lib/libstd_srvs__rosidl_typesupport_introspection_cpp.so
[2.541s] -- Up-to-date: /home/nava/microros_ws/install/std_srvs/lib/libstd_srvs__rosidl_typesupport_cpp.so
[2.541s] -- Up-to-date: /home/nava/microros_ws/install/std_srvs/share/std_srvs/environment/pythonpath.sh
[2.541s] -- Up-to-date: /home/nava/microros_ws/install/std_srvs/share/std_srvs/environment/pythonpath.dsv
[2.541s] -- Up-to-date: /home/nava/microros_ws/install/std_srvs/lib/python3.12/site-packages/std_srvs-5.3.6-py3.12.egg-info
[2.541s] -- Installing: /home/nava/microros_ws/install/std_srvs/lib/python3.12/site-packages/std_srvs-5.3.6-py3.12.egg-info/dependency_links.txt
[2.541s] -- Installing: /home/nava/microros_ws/install/std_srvs/lib/python3.12/site-packages/std_srvs-5.3.6-py3.12.egg-info/top_level.txt
[2.541s] -- Installing: /home/nava/microros_ws/install/std_srvs/lib/python3.12/site-packages/std_srvs-5.3.6-py3.12.egg-info/SOURCES.txt
[2.541s] -- Installing: /home/nava/microros_ws/install/std_srvs/lib/python3.12/site-packages/std_srvs-5.3.6-py3.12.egg-info/PKG-INFO
[2.542s] -- Up-to-date: /home/nava/microros_ws/install/std_srvs/lib/python3.12/site-packages/std_srvs
[2.542s] -- Installing: /home/nava/microros_ws/install/std_srvs/lib/python3.12/site-packages/std_srvs/__init__.py
[2.542s] -- Up-to-date: /home/nava/microros_ws/install/std_srvs/lib/python3.12/site-packages/std_srvs/_std_srvs_s.ep.rosidl_typesupport_microxrcedds_c.c
[2.542s] -- Up-to-date: /home/nava/microros_ws/install/std_srvs/lib/python3.12/site-packages/std_srvs/std_srvs_s__rosidl_typesupport_microxrcedds_c.so
[2.542s] -- Up-to-date: /home/nava/microros_ws/install/std_srvs/lib/python3.12/site-packages/std_srvs/_std_srvs_s.ep.rosidl_typesupport_c.c
[2.542s] -- Up-to-date: /home/nava/microros_ws/install/std_srvs/lib/python3.12/site-packages/std_srvs/std_srvs_s__rosidl_typesupport_c.so
[2.542s] -- Up-to-date: /home/nava/microros_ws/install/std_srvs/lib/python3.12/site-packages/std_srvs/_std_srvs_s.ep.rosidl_typesupport_fastrtps_c.c
[2.542s] -- Up-to-date: /home/nava/microros_ws/install/std_srvs/lib/python3.12/site-packages/std_srvs/std_srvs_s__rosidl_typesupport_introspection_c.so
[2.543s] -- Up-to-date: /home/nava/microros_ws/install/std_srvs/lib/python3.12/site-packages/std_srvs/srv
[2.543s] -- Up-to-date: /home/nava/microros_ws/install/std_srvs/lib/python3.12/site-packages/std_srvs/srv/_empty_s.c
[2.543s] -- Up-to-date: /home/nava/microros_ws/install/std_srvs/lib/python3.12/site-packages/std_srvs/srv/__init__.py
[2.543s] -- Up-to-date: /home/nava/microros_ws/install/std_srvs/lib/python3.12/site-packages/std_srvs/srv/_set_bool.py
[2.543s] -- Up-to-date: /home/nava/microros_ws/install/std_srvs/lib/python3.12/site-packages/std_srvs/srv/_set_bool_s.c
[2.543s] -- Up-to-date: /home/nava/microros_ws/install/std_srvs/lib/python3.12/site-packages/std_srvs/srv/_empty.py
[2.543s] -- Up-to-date: /home/nava/microros_ws/install/std_srvs/lib/python3.12/site-packages/std_srvs/srv/_trigger_s.c
[2.543s] -- Up-to-date: /home/nava/microros_ws/install/std_srvs/lib/python3.12/site-packages/std_srvs/srv/_trigger.py
[2.543s] -- Up-to-date: /home/nava/microros_ws/install/std_srvs/lib/python3.12/site-packages/std_srvs/std_srvs_s__rosidl_typesupport_fastrtps_c.so
[2.543s] -- Up-to-date: /home/nava/microros_ws/install/std_srvs/lib/python3.12/site-packages/std_srvs/_std_srvs_s.ep.rosidl_typesupport_introspection_c.c
[2.592s] Listing '/home/nava/microros_ws/install/std_srvs/lib/python3.12/site-packages/std_srvs'...
[2.592s] Compiling '/home/nava/microros_ws/install/std_srvs/lib/python3.12/site-packages/std_srvs/__init__.py'...
[2.592s] Listing '/home/nava/microros_ws/install/std_srvs/lib/python3.12/site-packages/std_srvs/srv'...
[2.600s] -- Up-to-date: /home/nava/microros_ws/install/std_srvs/lib/python3.12/site-packages/std_srvs/std_srvs_s__rosidl_typesupport_microxrcedds_c.so
[2.602s] -- Up-to-date: /home/nava/microros_ws/install/std_srvs/lib/python3.12/site-packages/std_srvs/std_srvs_s__rosidl_typesupport_fastrtps_c.so
[2.604s] -- Up-to-date: /home/nava/microros_ws/install/std_srvs/lib/python3.12/site-packages/std_srvs/std_srvs_s__rosidl_typesupport_introspection_c.so
[2.604s] -- Up-to-date: /home/nava/microros_ws/install/std_srvs/lib/python3.12/site-packages/std_srvs/std_srvs_s__rosidl_typesupport_c.so
[2.606s] -- Up-to-date: /home/nava/microros_ws/install/std_srvs/lib/libstd_srvs__rosidl_generator_py.so
[2.606s] -- Up-to-date: /home/nava/microros_ws/install/std_srvs/share/std_srvs/srv/Empty.idl
[2.606s] -- Up-to-date: /home/nava/microros_ws/install/std_srvs/share/std_srvs/srv/SetBool.idl
[2.606s] -- Up-to-date: /home/nava/microros_ws/install/std_srvs/share/std_srvs/srv/Trigger.idl
[2.606s] -- Up-to-date: /home/nava/microros_ws/install/std_srvs/share/std_srvs/srv/Empty.srv
[2.606s] -- Up-to-date: /home/nava/microros_ws/install/std_srvs/share/std_srvs/srv/SetBool.srv
[2.606s] -- Up-to-date: /home/nava/microros_ws/install/std_srvs/share/std_srvs/srv/Trigger.srv
[2.607s] -- Up-to-date: /home/nava/microros_ws/install/std_srvs/share/ament_index/resource_index/package_run_dependencies/std_srvs
[2.607s] -- Installing: /home/nava/microros_ws/install/std_srvs/share/ament_index/resource_index/parent_prefix_path/std_srvs
[2.608s] -- Up-to-date: /home/nava/microros_ws/install/std_srvs/share/std_srvs/environment/ament_prefix_path.sh
[2.608s] -- Up-to-date: /home/nava/microros_ws/install/std_srvs/share/std_srvs/environment/ament_prefix_path.dsv
[2.608s] -- Up-to-date: /home/nava/microros_ws/install/std_srvs/share/std_srvs/environment/path.sh
[2.608s] -- Up-to-date: /home/nava/microros_ws/install/std_srvs/share/std_srvs/environment/path.dsv
[2.608s] -- Up-to-date: /home/nava/microros_ws/install/std_srvs/share/std_srvs/local_setup.bash
[2.608s] -- Up-to-date: /home/nava/microros_ws/install/std_srvs/share/std_srvs/local_setup.sh
[2.608s] -- Up-to-date: /home/nava/microros_ws/install/std_srvs/share/std_srvs/local_setup.zsh
[2.608s] -- Up-to-date: /home/nava/microros_ws/install/std_srvs/share/std_srvs/local_setup.dsv
[2.609s] -- Installing: /home/nava/microros_ws/install/std_srvs/share/std_srvs/package.dsv
[2.609s] -- Up-to-date: /home/nava/microros_ws/install/std_srvs/share/ament_index/resource_index/packages/std_srvs
[2.609s] -- Up-to-date: /home/nava/microros_ws/install/std_srvs/share/std_srvs/cmake/export_std_srvs__rosidl_generator_cExport.cmake
[2.609s] -- Up-to-date: /home/nava/microros_ws/install/std_srvs/share/std_srvs/cmake/export_std_srvs__rosidl_generator_cExport-noconfig.cmake
[2.610s] -- Up-to-date: /home/nava/microros_ws/install/std_srvs/share/std_srvs/cmake/export_std_srvs__rosidl_typesupport_fastrtps_cExport.cmake
[2.610s] -- Up-to-date: /home/nava/microros_ws/install/std_srvs/share/std_srvs/cmake/export_std_srvs__rosidl_typesupport_fastrtps_cExport-noconfig.cmake
[2.611s] -- Up-to-date: /home/nava/microros_ws/install/std_srvs/share/std_srvs/cmake/std_srvs__rosidl_typesupport_introspection_cExport.cmake
[2.611s] -- Up-to-date: /home/nava/microros_ws/install/std_srvs/share/std_srvs/cmake/std_srvs__rosidl_typesupport_introspection_cExport-noconfig.cmake
[2.611s] -- Up-to-date: /home/nava/microros_ws/install/std_srvs/share/std_srvs/cmake/std_srvs__rosidl_typesupport_cExport.cmake
[2.611s] -- Up-to-date: /home/nava/microros_ws/install/std_srvs/share/std_srvs/cmake/std_srvs__rosidl_typesupport_cExport-noconfig.cmake
[2.612s] -- Up-to-date: /home/nava/microros_ws/install/std_srvs/share/std_srvs/cmake/export_std_srvs__rosidl_generator_cppExport.cmake
[2.613s] -- Up-to-date: /home/nava/microros_ws/install/std_srvs/share/std_srvs/cmake/export_std_srvs__rosidl_typesupport_fastrtps_cppExport.cmake
[2.613s] -- Up-to-date: /home/nava/microros_ws/install/std_srvs/share/std_srvs/cmake/export_std_srvs__rosidl_typesupport_fastrtps_cppExport-noconfig.cmake
[2.615s] -- Up-to-date: /home/nava/microros_ws/install/std_srvs/share/std_srvs/cmake/std_srvs__rosidl_typesupport_introspection_cppExport.cmake
[2.615s] -- Up-to-date: /home/nava/microros_ws/install/std_srvs/share/std_srvs/cmake/std_srvs__rosidl_typesupport_introspection_cppExport-noconfig.cmake
[2.615s] -- Up-to-date: /home/nava/microros_ws/install/std_srvs/share/std_srvs/cmake/std_srvs__rosidl_typesupport_cppExport.cmake
[2.615s] -- Up-to-date: /home/nava/microros_ws/install/std_srvs/share/std_srvs/cmake/std_srvs__rosidl_typesupport_cppExport-noconfig.cmake
[2.615s] -- Up-to-date: /home/nava/microros_ws/install/std_srvs/share/std_srvs/cmake/export_std_srvs__rosidl_generator_pyExport.cmake
[2.615s] -- Up-to-date: /home/nava/microros_ws/install/std_srvs/share/std_srvs/cmake/export_std_srvs__rosidl_generator_pyExport-noconfig.cmake
[2.615s] -- Up-to-date: /home/nava/microros_ws/install/std_srvs/share/std_srvs/cmake/rosidl_cmake-extras.cmake
[2.615s] -- Up-to-date: /home/nava/microros_ws/install/std_srvs/share/std_srvs/cmake/ament_cmake_export_dependencies-extras.cmake
[2.615s] -- Up-to-date: /home/nava/microros_ws/install/std_srvs/share/std_srvs/cmake/ament_cmake_export_include_directories-extras.cmake
[2.615s] -- Up-to-date: /home/nava/microros_ws/install/std_srvs/share/std_srvs/cmake/ament_cmake_export_libraries-extras.cmake
[2.615s] -- Up-to-date: /home/nava/microros_ws/install/std_srvs/share/std_srvs/cmake/ament_cmake_export_targets-extras.cmake
[2.616s] -- Up-to-date: /home/nava/microros_ws/install/std_srvs/share/std_srvs/cmake/rosidl_cmake_export_typesupport_targets-extras.cmake
[2.616s] -- Up-to-date: /home/nava/microros_ws/install/std_srvs/share/std_srvs/cmake/rosidl_cmake_export_typesupport_libraries-extras.cmake
[2.616s] -- Up-to-date: /home/nava/microros_ws/install/std_srvs/share/std_srvs/cmake/std_srvsConfig.cmake
[2.616s] -- Up-to-date: /home/nava/microros_ws/install/std_srvs/share/std_srvs/cmake/std_srvsConfig-version.cmake
[2.616s] -- Up-to-date: /home/nava/microros_ws/install/std_srvs/share/std_srvs/package.xml
[2.670s] Invoked command in '/home/nava/microros_ws/build/std_srvs' returned '0': CMAKE_PREFIX_PATH=${CMAKE_PREFIX_PATH}:/home/nava/microros_ws/install/sensor_msgs_py:/opt/ros/jazzy DEBUGINFOD_URLS=https://debuginfod.ubuntu.com /usr/bin/cmake --install /home/nava/microros_ws/build/std_srvs
