[0.065s] Invoking command in '/home/nava/microros_ws/build/builtin_interfaces': CMAKE_PREFIX_PATH=${CMAKE_PREFIX_PATH}:/home/nava/microros_ws/install/sensor_msgs_py:/opt/ros/jazzy DEBUGINFOD_URLS=https://debuginfod.ubuntu.com /usr/bin/cmake /home/nava/microros_ws/src/ros2/rcl_interfaces/builtin_interfaces -DCMAKE_INSTALL_PREFIX=/home/nava/microros_ws/install/builtin_interfaces
[0.185s] -- Found ament_cmake: 2.5.4 (/opt/ros/jazzy/share/ament_cmake/cmake)
[0.221s] -- Found Python3: /usr/bin/python3 (found version "3.12.3") found components: Interpreter 
[0.358s] -- Found rosidl_core_generators: 0.2.0 (/opt/ros/jazzy/share/rosidl_core_generators/cmake)
[0.389s] -- Using all available rosidl_typesupport_c: rosidl_typesupport_microxrcedds_c;rosidl_typesupport_fastrtps_c;rosidl_typesupport_introspection_c
[0.471s] -- Found rosidl_adapter: 4.6.5 (/opt/ros/jazzy/share/rosidl_adapter/cmake)
[0.510s] -- Using all available rosidl_typesupport_cpp: rosidl_typesupport_microxrcedds_cpp;rosidl_typesupport_fastrtps_cpp;rosidl_typesupport_introspection_cpp
[0.929s] -- Found ament_cmake_ros: 0.12.0 (/opt/ros/jazzy/share/ament_cmake_ros/cmake)
[1.084s] -- Using all available rosidl_typesupport_c: rosidl_typesupport_microxrcedds_c;rosidl_typesupport_fastrtps_c;rosidl_typesupport_introspection_c
[1.263s] -- Using all available rosidl_typesupport_cpp: rosidl_typesupport_microxrcedds_cpp;rosidl_typesupport_fastrtps_cpp;rosidl_typesupport_introspection_cpp
[1.264s] -- Found python_cmake_module: 0.11.1 (/opt/ros/jazzy/share/python_cmake_module/cmake)
[1.612s] -- Found Python3: /usr/bin/python3 (found version "3.12.3") found components: Interpreter Development NumPy Development.Module Development.Embed 
[1.657s] -- Configuring done (1.5s)
[1.774s] -- Generating done (0.1s)
[1.789s] -- Build files have been written to: /home/nava/microros_ws/build/builtin_interfaces
[1.801s] Invoked command in '/home/nava/microros_ws/build/builtin_interfaces' returned '0': CMAKE_PREFIX_PATH=${CMAKE_PREFIX_PATH}:/home/nava/microros_ws/install/sensor_msgs_py:/opt/ros/jazzy DEBUGINFOD_URLS=https://debuginfod.ubuntu.com /usr/bin/cmake /home/nava/microros_ws/src/ros2/rcl_interfaces/builtin_interfaces -DCMAKE_INSTALL_PREFIX=/home/nava/microros_ws/install/builtin_interfaces
[1.804s] Invoking command in '/home/nava/microros_ws/build/builtin_interfaces': CMAKE_PREFIX_PATH=${CMAKE_PREFIX_PATH}:/home/nava/microros_ws/install/sensor_msgs_py:/opt/ros/jazzy DEBUGINFOD_URLS=https://debuginfod.ubuntu.com /usr/bin/cmake --build /home/nava/microros_ws/build/builtin_interfaces -- -j12 -l12
[1.888s] [  1%] Built target builtin_interfaces__rosidl_generator_type_description
[1.907s] [  1%] Built target ament_cmake_python_copy_builtin_interfaces
[1.923s] [  3%] Built target builtin_interfaces__cpp
[1.924s] [ 18%] Built target builtin_interfaces__rosidl_generator_c
[1.981s] [ 25%] Built target builtin_interfaces__rosidl_typesupport_microxrcedds_cpp
[1.983s] [ 33%] Built target builtin_interfaces__rosidl_typesupport_introspection_c
[1.986s] [ 40%] Built target builtin_interfaces__rosidl_typesupport_introspection_cpp
[1.991s] [ 48%] Built target builtin_interfaces__rosidl_typesupport_c
[1.996s] [ 55%] Built target builtin_interfaces__rosidl_typesupport_microxrcedds_c
[1.997s] [ 62%] Built target builtin_interfaces__rosidl_typesupport_fastrtps_c
[1.998s] [ 70%] Built target builtin_interfaces__rosidl_typesupport_fastrtps_cpp
[2.002s] [ 77%] Built target builtin_interfaces__rosidl_typesupport_cpp
[2.074s] [ 77%] Built target builtin_interfaces
[2.127s] [ 79%] Built target builtin_interfaces__py
[2.179s] [ 85%] Built target builtin_interfaces__rosidl_generator_py
[2.234s] [ 88%] Built target builtin_interfaces_s__rosidl_typesupport_introspection_c
[2.247s] [ 92%] Built target builtin_interfaces_s__rosidl_typesupport_c
[2.256s] [ 96%] Built target builtin_interfaces_s__rosidl_typesupport_fastrtps_c
[2.258s] [100%] Built target builtin_interfaces_s__rosidl_typesupport_microxrcedds_c
[2.339s] running egg_info
[2.376s] writing builtin_interfaces.egg-info/PKG-INFO
[2.376s] writing dependency_links to builtin_interfaces.egg-info/dependency_links.txt
[2.376s] writing top-level names to builtin_interfaces.egg-info/top_level.txt
[2.460s] reading manifest file 'builtin_interfaces.egg-info/SOURCES.txt'
[2.461s] writing manifest file 'builtin_interfaces.egg-info/SOURCES.txt'
[2.497s] [100%] Built target ament_cmake_python_build_builtin_interfaces_egg
[2.536s] Invoked command in '/home/nava/microros_ws/build/builtin_interfaces' returned '0': CMAKE_PREFIX_PATH=${CMAKE_PREFIX_PATH}:/home/nava/microros_ws/install/sensor_msgs_py:/opt/ros/jazzy DEBUGINFOD_URLS=https://debuginfod.ubuntu.com /usr/bin/cmake --build /home/nava/microros_ws/build/builtin_interfaces -- -j12 -l12
[2.537s] Invoking command in '/home/nava/microros_ws/build/builtin_interfaces': CMAKE_PREFIX_PATH=${CMAKE_PREFIX_PATH}:/home/nava/microros_ws/install/sensor_msgs_py:/opt/ros/jazzy DEBUGINFOD_URLS=https://debuginfod.ubuntu.com /usr/bin/cmake --install /home/nava/microros_ws/build/builtin_interfaces
[2.548s] -- Install configuration: ""
[2.548s] -- Up-to-date: /home/nava/microros_ws/install/builtin_interfaces/share/ament_index/resource_index/rosidl_interfaces/builtin_interfaces
[2.548s] -- Up-to-date: /home/nava/microros_ws/install/builtin_interfaces/share/builtin_interfaces/msg/Duration.json
[2.549s] -- Up-to-date: /home/nava/microros_ws/install/builtin_interfaces/share/builtin_interfaces/msg/Time.json
[2.549s] -- Up-to-date: /home/nava/microros_ws/install/builtin_interfaces/include/builtin_interfaces/builtin_interfaces
[2.550s] -- Up-to-date: /home/nava/microros_ws/install/builtin_interfaces/include/builtin_interfaces/builtin_interfaces/msg
[2.550s] -- Up-to-date: /home/nava/microros_ws/install/builtin_interfaces/include/builtin_interfaces/builtin_interfaces/msg/time.h
[2.550s] -- Up-to-date: /home/nava/microros_ws/install/builtin_interfaces/include/builtin_interfaces/builtin_interfaces/msg/detail
[2.550s] -- Up-to-date: /home/nava/microros_ws/install/builtin_interfaces/include/builtin_interfaces/builtin_interfaces/msg/detail/duration__functions.h
[2.550s] -- Up-to-date: /home/nava/microros_ws/install/builtin_interfaces/include/builtin_interfaces/builtin_interfaces/msg/detail/time__functions.c
[2.550s] -- Up-to-date: /home/nava/microros_ws/install/builtin_interfaces/include/builtin_interfaces/builtin_interfaces/msg/detail/time__type_support.h
[2.550s] -- Up-to-date: /home/nava/microros_ws/install/builtin_interfaces/include/builtin_interfaces/builtin_interfaces/msg/detail/time__struct.h
[2.550s] -- Installing: /home/nava/microros_ws/install/builtin_interfaces/include/builtin_interfaces/builtin_interfaces/msg/detail/time__type_support.c
[2.550s] -- Up-to-date: /home/nava/microros_ws/install/builtin_interfaces/include/builtin_interfaces/builtin_interfaces/msg/detail/duration__type_support.h
[2.550s] -- Up-to-date: /home/nava/microros_ws/install/builtin_interfaces/include/builtin_interfaces/builtin_interfaces/msg/detail/time__description.c
[2.550s] -- Up-to-date: /home/nava/microros_ws/install/builtin_interfaces/include/builtin_interfaces/builtin_interfaces/msg/detail/duration__description.c
[2.550s] -- Up-to-date: /home/nava/microros_ws/install/builtin_interfaces/include/builtin_interfaces/builtin_interfaces/msg/detail/duration__struct.h
[2.550s] -- Up-to-date: /home/nava/microros_ws/install/builtin_interfaces/include/builtin_interfaces/builtin_interfaces/msg/detail/duration__functions.c
[2.551s] -- Up-to-date: /home/nava/microros_ws/install/builtin_interfaces/include/builtin_interfaces/builtin_interfaces/msg/detail/time__functions.h
[2.551s] -- Installing: /home/nava/microros_ws/install/builtin_interfaces/include/builtin_interfaces/builtin_interfaces/msg/detail/duration__type_support.c
[2.551s] -- Up-to-date: /home/nava/microros_ws/install/builtin_interfaces/include/builtin_interfaces/builtin_interfaces/msg/rosidl_generator_c__visibility_control.h
[2.551s] -- Up-to-date: /home/nava/microros_ws/install/builtin_interfaces/include/builtin_interfaces/builtin_interfaces/msg/duration.h
[2.551s] -- Up-to-date: /home/nava/microros_ws/install/builtin_interfaces/share/builtin_interfaces/environment/library_path.sh
[2.551s] -- Up-to-date: /home/nava/microros_ws/install/builtin_interfaces/share/builtin_interfaces/environment/library_path.dsv
[2.551s] -- Up-to-date: /home/nava/microros_ws/install/builtin_interfaces/lib/libbuiltin_interfaces__rosidl_generator_c.so
[2.551s] -- Up-to-date: /home/nava/microros_ws/install/builtin_interfaces/include/builtin_interfaces
[2.551s] -- Up-to-date: /home/nava/microros_ws/install/builtin_interfaces/include/builtin_interfaces/msg
[2.551s] -- Up-to-date: /home/nava/microros_ws/install/builtin_interfaces/include/builtin_interfaces/msg/detail
[2.551s] -- Up-to-date: /home/nava/microros_ws/install/builtin_interfaces/include/builtin_interfaces/msg/detail/duration__rosidl_typesupport_microxrcedds_c.h
[2.551s] -- Up-to-date: /home/nava/microros_ws/install/builtin_interfaces/include/builtin_interfaces/msg/detail/microxrcedds
[2.552s] -- Up-to-date: /home/nava/microros_ws/install/builtin_interfaces/include/builtin_interfaces/msg/detail/time__rosidl_typesupport_microxrcedds_c.h
[2.552s] -- Up-to-date: /home/nava/microros_ws/install/builtin_interfaces/include/builtin_interfaces/msg/rosidl_typesupport_microxrcedds_c__visibility_control.h
[2.552s] -- Up-to-date: /home/nava/microros_ws/install/builtin_interfaces/lib/libbuiltin_interfaces__rosidl_typesupport_microxrcedds_c.so
[2.552s] -- Up-to-date: /home/nava/microros_ws/install/builtin_interfaces/include/builtin_interfaces/builtin_interfaces
[2.552s] -- Up-to-date: /home/nava/microros_ws/install/builtin_interfaces/include/builtin_interfaces/builtin_interfaces/msg
[2.552s] -- Up-to-date: /home/nava/microros_ws/install/builtin_interfaces/include/builtin_interfaces/builtin_interfaces/msg/detail
[2.552s] -- Up-to-date: /home/nava/microros_ws/install/builtin_interfaces/include/builtin_interfaces/builtin_interfaces/msg/detail/time__rosidl_typesupport_fastrtps_c.h
[2.552s] -- Up-to-date: /home/nava/microros_ws/install/builtin_interfaces/include/builtin_interfaces/builtin_interfaces/msg/detail/duration__rosidl_typesupport_fastrtps_c.h
[2.552s] -- Up-to-date: /home/nava/microros_ws/install/builtin_interfaces/include/builtin_interfaces/builtin_interfaces/msg/rosidl_typesupport_fastrtps_c__visibility_control.h
[2.553s] -- Up-to-date: /home/nava/microros_ws/install/builtin_interfaces/lib/libbuiltin_interfaces__rosidl_typesupport_fastrtps_c.so
[2.553s] -- Up-to-date: /home/nava/microros_ws/install/builtin_interfaces/include/builtin_interfaces/builtin_interfaces
[2.553s] -- Up-to-date: /home/nava/microros_ws/install/builtin_interfaces/include/builtin_interfaces/builtin_interfaces/msg
[2.553s] -- Up-to-date: /home/nava/microros_ws/install/builtin_interfaces/include/builtin_interfaces/builtin_interfaces/msg/detail
[2.553s] -- Up-to-date: /home/nava/microros_ws/install/builtin_interfaces/include/builtin_interfaces/builtin_interfaces/msg/detail/duration__rosidl_typesupport_introspection_c.h
[2.553s] -- Up-to-date: /home/nava/microros_ws/install/builtin_interfaces/include/builtin_interfaces/builtin_interfaces/msg/detail/time__rosidl_typesupport_introspection_c.h
[2.553s] -- Installing: /home/nava/microros_ws/install/builtin_interfaces/include/builtin_interfaces/builtin_interfaces/msg/detail/time__type_support.c
[2.554s] -- Installing: /home/nava/microros_ws/install/builtin_interfaces/include/builtin_interfaces/builtin_interfaces/msg/detail/duration__type_support.c
[2.554s] -- Up-to-date: /home/nava/microros_ws/install/builtin_interfaces/include/builtin_interfaces/builtin_interfaces/msg/rosidl_typesupport_introspection_c__visibility_control.h
[2.554s] -- Up-to-date: /home/nava/microros_ws/install/builtin_interfaces/lib/libbuiltin_interfaces__rosidl_typesupport_introspection_c.so
[2.555s] -- Up-to-date: /home/nava/microros_ws/install/builtin_interfaces/lib/libbuiltin_interfaces__rosidl_typesupport_c.so
[2.555s] -- Up-to-date: /home/nava/microros_ws/install/builtin_interfaces/include/builtin_interfaces/builtin_interfaces
[2.555s] -- Up-to-date: /home/nava/microros_ws/install/builtin_interfaces/include/builtin_interfaces/builtin_interfaces/msg
[2.555s] -- Up-to-date: /home/nava/microros_ws/install/builtin_interfaces/include/builtin_interfaces/builtin_interfaces/msg/detail
[2.556s] -- Up-to-date: /home/nava/microros_ws/install/builtin_interfaces/include/builtin_interfaces/builtin_interfaces/msg/detail/duration__type_support.hpp
[2.556s] -- Up-to-date: /home/nava/microros_ws/install/builtin_interfaces/include/builtin_interfaces/builtin_interfaces/msg/detail/duration__struct.hpp
[2.556s] -- Up-to-date: /home/nava/microros_ws/install/builtin_interfaces/include/builtin_interfaces/builtin_interfaces/msg/detail/time__struct.hpp
[2.556s] -- Up-to-date: /home/nava/microros_ws/install/builtin_interfaces/include/builtin_interfaces/builtin_interfaces/msg/detail/time__builder.hpp
[2.556s] -- Up-to-date: /home/nava/microros_ws/install/builtin_interfaces/include/builtin_interfaces/builtin_interfaces/msg/detail/time__traits.hpp
[2.556s] -- Up-to-date: /home/nava/microros_ws/install/builtin_interfaces/include/builtin_interfaces/builtin_interfaces/msg/detail/duration__traits.hpp
[2.556s] -- Up-to-date: /home/nava/microros_ws/install/builtin_interfaces/include/builtin_interfaces/builtin_interfaces/msg/detail/time__type_support.hpp
[2.556s] -- Up-to-date: /home/nava/microros_ws/install/builtin_interfaces/include/builtin_interfaces/builtin_interfaces/msg/detail/duration__builder.hpp
[2.556s] -- Up-to-date: /home/nava/microros_ws/install/builtin_interfaces/include/builtin_interfaces/builtin_interfaces/msg/time.hpp
[2.556s] -- Up-to-date: /home/nava/microros_ws/install/builtin_interfaces/include/builtin_interfaces/builtin_interfaces/msg/duration.hpp
[2.556s] -- Up-to-date: /home/nava/microros_ws/install/builtin_interfaces/include/builtin_interfaces/builtin_interfaces/msg/rosidl_generator_cpp__visibility_control.hpp
[2.556s] -- Up-to-date: /home/nava/microros_ws/install/builtin_interfaces/include/builtin_interfaces
[2.556s] -- Up-to-date: /home/nava/microros_ws/install/builtin_interfaces/include/builtin_interfaces/msg
[2.556s] -- Up-to-date: /home/nava/microros_ws/install/builtin_interfaces/include/builtin_interfaces/msg/detail
[2.556s] -- Up-to-date: /home/nava/microros_ws/install/builtin_interfaces/include/builtin_interfaces/msg/detail/time__rosidl_typesupport_microxrcedds_cpp.hpp
[2.556s] -- Up-to-date: /home/nava/microros_ws/install/builtin_interfaces/include/builtin_interfaces/msg/detail/microxrcedds
[2.557s] -- Up-to-date: /home/nava/microros_ws/install/builtin_interfaces/include/builtin_interfaces/msg/detail/microxrcedds/time__type_support_cpp.cpp
[2.557s] -- Up-to-date: /home/nava/microros_ws/install/builtin_interfaces/include/builtin_interfaces/msg/detail/microxrcedds/duration__type_support_cpp.cpp
[2.557s] -- Up-to-date: /home/nava/microros_ws/install/builtin_interfaces/include/builtin_interfaces/msg/detail/duration__rosidl_typesupport_microxrcedds_cpp.hpp
[2.557s] -- Up-to-date: /home/nava/microros_ws/install/builtin_interfaces/include/builtin_interfaces/msg/rosidl_typesupport_microxrcedds_cpp__visibility_control.h
[2.557s] -- Up-to-date: /home/nava/microros_ws/install/builtin_interfaces/lib/libbuiltin_interfaces__rosidl_typesupport_microxrcedds_cpp.so
[2.557s] -- Up-to-date: /home/nava/microros_ws/install/builtin_interfaces/include/builtin_interfaces/builtin_interfaces
[2.557s] -- Up-to-date: /home/nava/microros_ws/install/builtin_interfaces/include/builtin_interfaces/builtin_interfaces/msg
[2.557s] -- Up-to-date: /home/nava/microros_ws/install/builtin_interfaces/include/builtin_interfaces/builtin_interfaces/msg/detail
[2.557s] -- Up-to-date: /home/nava/microros_ws/install/builtin_interfaces/include/builtin_interfaces/builtin_interfaces/msg/detail/duration__rosidl_typesupport_fastrtps_cpp.hpp
[2.557s] -- Up-to-date: /home/nava/microros_ws/install/builtin_interfaces/include/builtin_interfaces/builtin_interfaces/msg/detail/dds_fastrtps
[2.557s] -- Up-to-date: /home/nava/microros_ws/install/builtin_interfaces/include/builtin_interfaces/builtin_interfaces/msg/detail/time__rosidl_typesupport_fastrtps_cpp.hpp
[2.557s] -- Up-to-date: /home/nava/microros_ws/install/builtin_interfaces/include/builtin_interfaces/builtin_interfaces/msg/rosidl_typesupport_fastrtps_cpp__visibility_control.h
[2.558s] -- Up-to-date: /home/nava/microros_ws/install/builtin_interfaces/lib/libbuiltin_interfaces__rosidl_typesupport_fastrtps_cpp.so
[2.558s] -- Up-to-date: /home/nava/microros_ws/install/builtin_interfaces/include/builtin_interfaces/builtin_interfaces
[2.558s] -- Up-to-date: /home/nava/microros_ws/install/builtin_interfaces/include/builtin_interfaces/builtin_interfaces/msg
[2.558s] -- Up-to-date: /home/nava/microros_ws/install/builtin_interfaces/include/builtin_interfaces/builtin_interfaces/msg/detail
[2.558s] -- Up-to-date: /home/nava/microros_ws/install/builtin_interfaces/include/builtin_interfaces/builtin_interfaces/msg/detail/time__type_support.cpp
[2.558s] -- Up-to-date: /home/nava/microros_ws/install/builtin_interfaces/include/builtin_interfaces/builtin_interfaces/msg/detail/time__rosidl_typesupport_introspection_cpp.hpp
[2.558s] -- Up-to-date: /home/nava/microros_ws/install/builtin_interfaces/include/builtin_interfaces/builtin_interfaces/msg/detail/duration__type_support.cpp
[2.558s] -- Up-to-date: /home/nava/microros_ws/install/builtin_interfaces/include/builtin_interfaces/builtin_interfaces/msg/detail/duration__rosidl_typesupport_introspection_cpp.hpp
[2.559s] -- Up-to-date: /home/nava/microros_ws/install/builtin_interfaces/lib/libbuiltin_interfaces__rosidl_typesupport_introspection_cpp.so
[2.560s] -- Up-to-date: /home/nava/microros_ws/install/builtin_interfaces/lib/libbuiltin_interfaces__rosidl_typesupport_cpp.so
[2.560s] -- Up-to-date: /home/nava/microros_ws/install/builtin_interfaces/share/builtin_interfaces/environment/pythonpath.sh
[2.560s] -- Up-to-date: /home/nava/microros_ws/install/builtin_interfaces/share/builtin_interfaces/environment/pythonpath.dsv
[2.560s] -- Up-to-date: /home/nava/microros_ws/install/builtin_interfaces/lib/python3.12/site-packages/builtin_interfaces-2.0.2-py3.12.egg-info
[2.560s] -- Installing: /home/nava/microros_ws/install/builtin_interfaces/lib/python3.12/site-packages/builtin_interfaces-2.0.2-py3.12.egg-info/dependency_links.txt
[2.560s] -- Installing: /home/nava/microros_ws/install/builtin_interfaces/lib/python3.12/site-packages/builtin_interfaces-2.0.2-py3.12.egg-info/top_level.txt
[2.561s] -- Installing: /home/nava/microros_ws/install/builtin_interfaces/lib/python3.12/site-packages/builtin_interfaces-2.0.2-py3.12.egg-info/SOURCES.txt
[2.561s] -- Installing: /home/nava/microros_ws/install/builtin_interfaces/lib/python3.12/site-packages/builtin_interfaces-2.0.2-py3.12.egg-info/PKG-INFO
[2.561s] -- Up-to-date: /home/nava/microros_ws/install/builtin_interfaces/lib/python3.12/site-packages/builtin_interfaces
[2.561s] -- Installing: /home/nava/microros_ws/install/builtin_interfaces/lib/python3.12/site-packages/builtin_interfaces/__init__.py
[2.561s] -- Up-to-date: /home/nava/microros_ws/install/builtin_interfaces/lib/python3.12/site-packages/builtin_interfaces/builtin_interfaces_s__rosidl_typesupport_fastrtps_c.so
[2.561s] -- Up-to-date: /home/nava/microros_ws/install/builtin_interfaces/lib/python3.12/site-packages/builtin_interfaces/_builtin_interfaces_s.ep.rosidl_typesupport_fastrtps_c.c
[2.561s] -- Up-to-date: /home/nava/microros_ws/install/builtin_interfaces/lib/python3.12/site-packages/builtin_interfaces/_builtin_interfaces_s.ep.rosidl_typesupport_introspection_c.c
[2.562s] -- Up-to-date: /home/nava/microros_ws/install/builtin_interfaces/lib/python3.12/site-packages/builtin_interfaces/builtin_interfaces_s__rosidl_typesupport_microxrcedds_c.so
[2.562s] -- Up-to-date: /home/nava/microros_ws/install/builtin_interfaces/lib/python3.12/site-packages/builtin_interfaces/_builtin_interfaces_s.ep.rosidl_typesupport_c.c
[2.562s] -- Up-to-date: /home/nava/microros_ws/install/builtin_interfaces/lib/python3.12/site-packages/builtin_interfaces/builtin_interfaces_s__rosidl_typesupport_c.so
[2.562s] -- Up-to-date: /home/nava/microros_ws/install/builtin_interfaces/lib/python3.12/site-packages/builtin_interfaces/msg
[2.562s] -- Up-to-date: /home/nava/microros_ws/install/builtin_interfaces/lib/python3.12/site-packages/builtin_interfaces/msg/_duration_s.c
[2.562s] -- Up-to-date: /home/nava/microros_ws/install/builtin_interfaces/lib/python3.12/site-packages/builtin_interfaces/msg/__init__.py
[2.562s] -- Up-to-date: /home/nava/microros_ws/install/builtin_interfaces/lib/python3.12/site-packages/builtin_interfaces/msg/_duration.py
[2.562s] -- Up-to-date: /home/nava/microros_ws/install/builtin_interfaces/lib/python3.12/site-packages/builtin_interfaces/msg/_time_s.c
[2.562s] -- Up-to-date: /home/nava/microros_ws/install/builtin_interfaces/lib/python3.12/site-packages/builtin_interfaces/msg/_time.py
[2.562s] -- Up-to-date: /home/nava/microros_ws/install/builtin_interfaces/lib/python3.12/site-packages/builtin_interfaces/_builtin_interfaces_s.ep.rosidl_typesupport_microxrcedds_c.c
[2.563s] -- Up-to-date: /home/nava/microros_ws/install/builtin_interfaces/lib/python3.12/site-packages/builtin_interfaces/builtin_interfaces_s__rosidl_typesupport_introspection_c.so
[2.603s] Listing '/home/nava/microros_ws/install/builtin_interfaces/lib/python3.12/site-packages/builtin_interfaces'...
[2.604s] Compiling '/home/nava/microros_ws/install/builtin_interfaces/lib/python3.12/site-packages/builtin_interfaces/__init__.py'...
[2.604s] Listing '/home/nava/microros_ws/install/builtin_interfaces/lib/python3.12/site-packages/builtin_interfaces/msg'...
[2.611s] -- Up-to-date: /home/nava/microros_ws/install/builtin_interfaces/lib/python3.12/site-packages/builtin_interfaces/builtin_interfaces_s__rosidl_typesupport_microxrcedds_c.so
[2.612s] -- Up-to-date: /home/nava/microros_ws/install/builtin_interfaces/lib/python3.12/site-packages/builtin_interfaces/builtin_interfaces_s__rosidl_typesupport_fastrtps_c.so
[2.612s] -- Up-to-date: /home/nava/microros_ws/install/builtin_interfaces/lib/python3.12/site-packages/builtin_interfaces/builtin_interfaces_s__rosidl_typesupport_introspection_c.so
[2.613s] -- Up-to-date: /home/nava/microros_ws/install/builtin_interfaces/lib/python3.12/site-packages/builtin_interfaces/builtin_interfaces_s__rosidl_typesupport_c.so
[2.614s] -- Up-to-date: /home/nava/microros_ws/install/builtin_interfaces/lib/libbuiltin_interfaces__rosidl_generator_py.so
[2.614s] -- Up-to-date: /home/nava/microros_ws/install/builtin_interfaces/share/builtin_interfaces/msg/Duration.idl
[2.614s] -- Up-to-date: /home/nava/microros_ws/install/builtin_interfaces/share/builtin_interfaces/msg/Time.idl
[2.614s] -- Up-to-date: /home/nava/microros_ws/install/builtin_interfaces/share/builtin_interfaces/msg/Duration.msg
[2.614s] -- Up-to-date: /home/nava/microros_ws/install/builtin_interfaces/share/builtin_interfaces/msg/Time.msg
[2.614s] -- Up-to-date: /home/nava/microros_ws/install/builtin_interfaces/share/ament_index/resource_index/package_run_dependencies/builtin_interfaces
[2.615s] -- Installing: /home/nava/microros_ws/install/builtin_interfaces/share/ament_index/resource_index/parent_prefix_path/builtin_interfaces
[2.615s] -- Up-to-date: /home/nava/microros_ws/install/builtin_interfaces/share/builtin_interfaces/environment/ament_prefix_path.sh
[2.615s] -- Up-to-date: /home/nava/microros_ws/install/builtin_interfaces/share/builtin_interfaces/environment/ament_prefix_path.dsv
[2.615s] -- Up-to-date: /home/nava/microros_ws/install/builtin_interfaces/share/builtin_interfaces/environment/path.sh
[2.615s] -- Up-to-date: /home/nava/microros_ws/install/builtin_interfaces/share/builtin_interfaces/environment/path.dsv
[2.615s] -- Up-to-date: /home/nava/microros_ws/install/builtin_interfaces/share/builtin_interfaces/local_setup.bash
[2.615s] -- Up-to-date: /home/nava/microros_ws/install/builtin_interfaces/share/builtin_interfaces/local_setup.sh
[2.616s] -- Up-to-date: /home/nava/microros_ws/install/builtin_interfaces/share/builtin_interfaces/local_setup.zsh
[2.616s] -- Up-to-date: /home/nava/microros_ws/install/builtin_interfaces/share/builtin_interfaces/local_setup.dsv
[2.616s] -- Installing: /home/nava/microros_ws/install/builtin_interfaces/share/builtin_interfaces/package.dsv
[2.619s] -- Up-to-date: /home/nava/microros_ws/install/builtin_interfaces/share/ament_index/resource_index/packages/builtin_interfaces
[2.620s] -- Up-to-date: /home/nava/microros_ws/install/builtin_interfaces/share/builtin_interfaces/cmake/export_builtin_interfaces__rosidl_generator_cExport.cmake
[2.620s] -- Up-to-date: /home/nava/microros_ws/install/builtin_interfaces/share/builtin_interfaces/cmake/export_builtin_interfaces__rosidl_generator_cExport-noconfig.cmake
[2.620s] -- Up-to-date: /home/nava/microros_ws/install/builtin_interfaces/share/builtin_interfaces/cmake/export_builtin_interfaces__rosidl_typesupport_fastrtps_cExport.cmake
[2.620s] -- Up-to-date: /home/nava/microros_ws/install/builtin_interfaces/share/builtin_interfaces/cmake/export_builtin_interfaces__rosidl_typesupport_fastrtps_cExport-noconfig.cmake
[2.620s] -- Up-to-date: /home/nava/microros_ws/install/builtin_interfaces/share/builtin_interfaces/cmake/builtin_interfaces__rosidl_typesupport_introspection_cExport.cmake
[2.620s] -- Up-to-date: /home/nava/microros_ws/install/builtin_interfaces/share/builtin_interfaces/cmake/builtin_interfaces__rosidl_typesupport_introspection_cExport-noconfig.cmake
[2.620s] -- Up-to-date: /home/nava/microros_ws/install/builtin_interfaces/share/builtin_interfaces/cmake/builtin_interfaces__rosidl_typesupport_cExport.cmake
[2.621s] -- Up-to-date: /home/nava/microros_ws/install/builtin_interfaces/share/builtin_interfaces/cmake/builtin_interfaces__rosidl_typesupport_cExport-noconfig.cmake
[2.621s] -- Up-to-date: /home/nava/microros_ws/install/builtin_interfaces/share/builtin_interfaces/cmake/export_builtin_interfaces__rosidl_generator_cppExport.cmake
[2.624s] -- Up-to-date: /home/nava/microros_ws/install/builtin_interfaces/share/builtin_interfaces/cmake/export_builtin_interfaces__rosidl_typesupport_fastrtps_cppExport.cmake
[2.624s] -- Up-to-date: /home/nava/microros_ws/install/builtin_interfaces/share/builtin_interfaces/cmake/export_builtin_interfaces__rosidl_typesupport_fastrtps_cppExport-noconfig.cmake
[2.624s] -- Up-to-date: /home/nava/microros_ws/install/builtin_interfaces/share/builtin_interfaces/cmake/builtin_interfaces__rosidl_typesupport_introspection_cppExport.cmake
[2.624s] -- Up-to-date: /home/nava/microros_ws/install/builtin_interfaces/share/builtin_interfaces/cmake/builtin_interfaces__rosidl_typesupport_introspection_cppExport-noconfig.cmake
[2.625s] -- Up-to-date: /home/nava/microros_ws/install/builtin_interfaces/share/builtin_interfaces/cmake/builtin_interfaces__rosidl_typesupport_cppExport.cmake
[2.625s] -- Up-to-date: /home/nava/microros_ws/install/builtin_interfaces/share/builtin_interfaces/cmake/builtin_interfaces__rosidl_typesupport_cppExport-noconfig.cmake
[2.625s] -- Up-to-date: /home/nava/microros_ws/install/builtin_interfaces/share/builtin_interfaces/cmake/export_builtin_interfaces__rosidl_generator_pyExport.cmake
[2.625s] -- Up-to-date: /home/nava/microros_ws/install/builtin_interfaces/share/builtin_interfaces/cmake/export_builtin_interfaces__rosidl_generator_pyExport-noconfig.cmake
[2.625s] -- Up-to-date: /home/nava/microros_ws/install/builtin_interfaces/share/builtin_interfaces/cmake/rosidl_cmake-extras.cmake
[2.626s] -- Up-to-date: /home/nava/microros_ws/install/builtin_interfaces/share/builtin_interfaces/cmake/ament_cmake_export_include_directories-extras.cmake
[2.626s] -- Up-to-date: /home/nava/microros_ws/install/builtin_interfaces/share/builtin_interfaces/cmake/ament_cmake_export_libraries-extras.cmake
[2.626s] -- Up-to-date: /home/nava/microros_ws/install/builtin_interfaces/share/builtin_interfaces/cmake/ament_cmake_export_targets-extras.cmake
[2.626s] -- Up-to-date: /home/nava/microros_ws/install/builtin_interfaces/share/builtin_interfaces/cmake/rosidl_cmake_export_typesupport_targets-extras.cmake
[2.626s] -- Up-to-date: /home/nava/microros_ws/install/builtin_interfaces/share/builtin_interfaces/cmake/ament_cmake_export_dependencies-extras.cmake
[2.626s] -- Up-to-date: /home/nava/microros_ws/install/builtin_interfaces/share/builtin_interfaces/cmake/rosidl_cmake_export_typesupport_libraries-extras.cmake
[2.626s] -- Up-to-date: /home/nava/microros_ws/install/builtin_interfaces/share/builtin_interfaces/cmake/builtin_interfacesConfig.cmake
[2.626s] -- Up-to-date: /home/nava/microros_ws/install/builtin_interfaces/share/builtin_interfaces/cmake/builtin_interfacesConfig-version.cmake
[2.626s] -- Up-to-date: /home/nava/microros_ws/install/builtin_interfaces/share/builtin_interfaces/package.xml
[2.629s] Invoked command in '/home/nava/microros_ws/build/builtin_interfaces' returned '0': CMAKE_PREFIX_PATH=${CMAKE_PREFIX_PATH}:/home/nava/microros_ws/install/sensor_msgs_py:/opt/ros/jazzy DEBUGINFOD_URLS=https://debuginfod.ubuntu.com /usr/bin/cmake --install /home/nava/microros_ws/build/builtin_interfaces
