[0.061s] Invoking command in '/home/nava/microros_ws/build/micro_ros_msgs': CMAKE_PREFIX_PATH=${CMAKE_PREFIX_PATH}:/home/nava/microros_ws/install/sensor_msgs_py:/opt/ros/jazzy DEBUGINFOD_URLS=https://debuginfod.ubuntu.com /usr/bin/cmake /home/nava/microros_ws/src/uros/micro_ros_msgs -DCMAKE_INSTALL_PREFIX=/home/nava/microros_ws/install/micro_ros_msgs
[0.169s] -- Found ament_cmake: 2.5.4 (/opt/ros/jazzy/share/ament_cmake/cmake)
[0.212s] -- Found Python3: /usr/bin/python3 (found version "3.12.3") found components: Interpreter 
[0.363s] -- Found rosidl_default_generators: 1.6.0 (/opt/ros/jazzy/share/rosidl_default_generators/cmake)
[0.377s] -- Using all available rosidl_typesupport_c: rosidl_typesupport_microxrcedds_c;rosidl_typesupport_fastrtps_c;rosidl_typesupport_introspection_c
[0.455s] -- Found rosidl_adapter: 4.6.5 (/opt/ros/jazzy/share/rosidl_adapter/cmake)
[0.491s] -- Using all available rosidl_typesupport_cpp: rosidl_typesupport_microxrcedds_cpp;rosidl_typesupport_fastrtps_cpp;rosidl_typesupport_introspection_cpp
[0.889s] -- Found ament_cmake_ros: 0.12.0 (/opt/ros/jazzy/share/ament_cmake_ros/cmake)
[1.054s] -- Using all available rosidl_typesupport_c: rosidl_typesupport_microxrcedds_c;rosidl_typesupport_fastrtps_c;rosidl_typesupport_introspection_c
[1.226s] -- Using all available rosidl_typesupport_cpp: rosidl_typesupport_microxrcedds_cpp;rosidl_typesupport_fastrtps_cpp;rosidl_typesupport_introspection_cpp
[1.228s] -- Found python_cmake_module: 0.11.1 (/opt/ros/jazzy/share/python_cmake_module/cmake)
[1.655s] -- Found Python3: /usr/bin/python3 (found version "3.12.3") found components: Interpreter Development NumPy Development.Module Development.Embed 
[1.690s] -- Configuring done (1.5s)
[1.822s] -- Generating done (0.1s)
[1.849s] -- Build files have been written to: /home/nava/microros_ws/build/micro_ros_msgs
[1.862s] Invoked command in '/home/nava/microros_ws/build/micro_ros_msgs' returned '0': CMAKE_PREFIX_PATH=${CMAKE_PREFIX_PATH}:/home/nava/microros_ws/install/sensor_msgs_py:/opt/ros/jazzy DEBUGINFOD_URLS=https://debuginfod.ubuntu.com /usr/bin/cmake /home/nava/microros_ws/src/uros/micro_ros_msgs -DCMAKE_INSTALL_PREFIX=/home/nava/microros_ws/install/micro_ros_msgs
[1.864s] Invoking command in '/home/nava/microros_ws/build/micro_ros_msgs': CMAKE_PREFIX_PATH=${CMAKE_PREFIX_PATH}:/home/nava/microros_ws/install/sensor_msgs_py:/opt/ros/jazzy DEBUGINFOD_URLS=https://debuginfod.ubuntu.com /usr/bin/cmake --build /home/nava/microros_ws/build/micro_ros_msgs -- -j12 -l12
[1.975s] [  1%] Built target micro_ros_msgs__rosidl_generator_type_description
[2.014s] [  1%] Built target ament_cmake_python_copy_micro_ros_msgs
[2.034s] [  3%] Built target micro_ros_msgs__cpp
[2.052s] [ 19%] Built target micro_ros_msgs__rosidl_generator_c
[2.124s] [ 27%] Built target micro_ros_msgs__rosidl_typesupport_cpp
[2.128s] [ 42%] Built target micro_ros_msgs__rosidl_typesupport_introspection_cpp
[2.128s] [ 57%] Built target micro_ros_msgs__rosidl_typesupport_c
[2.129s] [ 53%] Built target micro_ros_msgs__rosidl_typesupport_fastrtps_c
[2.133s] [ 65%] Built target micro_ros_msgs__rosidl_typesupport_fastrtps_cpp
[2.134s] [ 72%] Built target micro_ros_msgs__rosidl_typesupport_introspection_c
[2.134s] [ 42%] Built target micro_ros_msgs__rosidl_typesupport_microxrcedds_cpp
[2.134s] [ 80%] Built target micro_ros_msgs__rosidl_typesupport_microxrcedds_c
[2.172s] [ 80%] Built target micro_ros_msgs
[2.225s] [ 81%] Built target micro_ros_msgs__py
[2.276s] [ 87%] Built target micro_ros_msgs__rosidl_generator_py
[2.322s] [ 90%] Built target micro_ros_msgs_s__rosidl_typesupport_c
[2.326s] [ 96%] Built target micro_ros_msgs_s__rosidl_typesupport_introspection_c
[2.326s] [ 96%] Built target micro_ros_msgs_s__rosidl_typesupport_fastrtps_c
[2.330s] [100%] Built target micro_ros_msgs_s__rosidl_typesupport_microxrcedds_c
[2.426s] running egg_info
[2.447s] writing micro_ros_msgs.egg-info/PKG-INFO
[2.447s] writing dependency_links to micro_ros_msgs.egg-info/dependency_links.txt
[2.447s] writing top-level names to micro_ros_msgs.egg-info/top_level.txt
[2.521s] reading manifest file 'micro_ros_msgs.egg-info/SOURCES.txt'
[2.522s] writing manifest file 'micro_ros_msgs.egg-info/SOURCES.txt'
[2.559s] [100%] Built target ament_cmake_python_build_micro_ros_msgs_egg
[2.572s] Invoked command in '/home/nava/microros_ws/build/micro_ros_msgs' returned '0': CMAKE_PREFIX_PATH=${CMAKE_PREFIX_PATH}:/home/nava/microros_ws/install/sensor_msgs_py:/opt/ros/jazzy DEBUGINFOD_URLS=https://debuginfod.ubuntu.com /usr/bin/cmake --build /home/nava/microros_ws/build/micro_ros_msgs -- -j12 -l12
[2.573s] Invoking command in '/home/nava/microros_ws/build/micro_ros_msgs': CMAKE_PREFIX_PATH=${CMAKE_PREFIX_PATH}:/home/nava/microros_ws/install/sensor_msgs_py:/opt/ros/jazzy DEBUGINFOD_URLS=https://debuginfod.ubuntu.com /usr/bin/cmake --install /home/nava/microros_ws/build/micro_ros_msgs
[2.586s] -- Install configuration: ""
[2.586s] -- Up-to-date: /home/nava/microros_ws/install/micro_ros_msgs/share/ament_index/resource_index/rosidl_interfaces/micro_ros_msgs
[2.587s] -- Up-to-date: /home/nava/microros_ws/install/micro_ros_msgs/share/micro_ros_msgs/msg/Graph.json
[2.587s] -- Up-to-date: /home/nava/microros_ws/install/micro_ros_msgs/share/micro_ros_msgs/msg/Node.json
[2.587s] -- Up-to-date: /home/nava/microros_ws/install/micro_ros_msgs/share/micro_ros_msgs/msg/Entity.json
[2.588s] -- Up-to-date: /home/nava/microros_ws/install/micro_ros_msgs/include/micro_ros_msgs/micro_ros_msgs
[2.588s] -- Up-to-date: /home/nava/microros_ws/install/micro_ros_msgs/include/micro_ros_msgs/micro_ros_msgs/msg
[2.588s] -- Up-to-date: /home/nava/microros_ws/install/micro_ros_msgs/include/micro_ros_msgs/micro_ros_msgs/msg/detail
[2.588s] -- Up-to-date: /home/nava/microros_ws/install/micro_ros_msgs/include/micro_ros_msgs/micro_ros_msgs/msg/detail/entity__functions.c
[2.588s] -- Up-to-date: /home/nava/microros_ws/install/micro_ros_msgs/include/micro_ros_msgs/micro_ros_msgs/msg/detail/entity__functions.h
[2.588s] -- Up-to-date: /home/nava/microros_ws/install/micro_ros_msgs/include/micro_ros_msgs/micro_ros_msgs/msg/detail/node__functions.c
[2.588s] -- Up-to-date: /home/nava/microros_ws/install/micro_ros_msgs/include/micro_ros_msgs/micro_ros_msgs/msg/detail/graph__struct.h
[2.588s] -- Up-to-date: /home/nava/microros_ws/install/micro_ros_msgs/include/micro_ros_msgs/micro_ros_msgs/msg/detail/node__type_support.h
[2.589s] -- Up-to-date: /home/nava/microros_ws/install/micro_ros_msgs/include/micro_ros_msgs/micro_ros_msgs/msg/detail/graph__functions.h
[2.589s] -- Up-to-date: /home/nava/microros_ws/install/micro_ros_msgs/include/micro_ros_msgs/micro_ros_msgs/msg/detail/graph__type_support.h
[2.589s] -- Installing: /home/nava/microros_ws/install/micro_ros_msgs/include/micro_ros_msgs/micro_ros_msgs/msg/detail/node__type_support.c
[2.589s] -- Up-to-date: /home/nava/microros_ws/install/micro_ros_msgs/include/micro_ros_msgs/micro_ros_msgs/msg/detail/entity__type_support.h
[2.589s] -- Installing: /home/nava/microros_ws/install/micro_ros_msgs/include/micro_ros_msgs/micro_ros_msgs/msg/detail/graph__type_support.c
[2.589s] -- Up-to-date: /home/nava/microros_ws/install/micro_ros_msgs/include/micro_ros_msgs/micro_ros_msgs/msg/detail/node__functions.h
[2.589s] -- Up-to-date: /home/nava/microros_ws/install/micro_ros_msgs/include/micro_ros_msgs/micro_ros_msgs/msg/detail/entity__description.c
[2.589s] -- Up-to-date: /home/nava/microros_ws/install/micro_ros_msgs/include/micro_ros_msgs/micro_ros_msgs/msg/detail/graph__description.c
[2.589s] -- Up-to-date: /home/nava/microros_ws/install/micro_ros_msgs/include/micro_ros_msgs/micro_ros_msgs/msg/detail/entity__struct.h
[2.590s] -- Installing: /home/nava/microros_ws/install/micro_ros_msgs/include/micro_ros_msgs/micro_ros_msgs/msg/detail/entity__type_support.c
[2.590s] -- Up-to-date: /home/nava/microros_ws/install/micro_ros_msgs/include/micro_ros_msgs/micro_ros_msgs/msg/detail/node__struct.h
[2.590s] -- Up-to-date: /home/nava/microros_ws/install/micro_ros_msgs/include/micro_ros_msgs/micro_ros_msgs/msg/detail/graph__functions.c
[2.590s] -- Up-to-date: /home/nava/microros_ws/install/micro_ros_msgs/include/micro_ros_msgs/micro_ros_msgs/msg/detail/node__description.c
[2.590s] -- Up-to-date: /home/nava/microros_ws/install/micro_ros_msgs/include/micro_ros_msgs/micro_ros_msgs/msg/rosidl_generator_c__visibility_control.h
[2.590s] -- Up-to-date: /home/nava/microros_ws/install/micro_ros_msgs/include/micro_ros_msgs/micro_ros_msgs/msg/graph.h
[2.590s] -- Up-to-date: /home/nava/microros_ws/install/micro_ros_msgs/include/micro_ros_msgs/micro_ros_msgs/msg/node.h
[2.591s] -- Up-to-date: /home/nava/microros_ws/install/micro_ros_msgs/include/micro_ros_msgs/micro_ros_msgs/msg/entity.h
[2.591s] -- Up-to-date: /home/nava/microros_ws/install/micro_ros_msgs/share/micro_ros_msgs/environment/library_path.sh
[2.591s] -- Up-to-date: /home/nava/microros_ws/install/micro_ros_msgs/share/micro_ros_msgs/environment/library_path.dsv
[2.591s] -- Up-to-date: /home/nava/microros_ws/install/micro_ros_msgs/lib/libmicro_ros_msgs__rosidl_generator_c.so
[2.591s] -- Up-to-date: /home/nava/microros_ws/install/micro_ros_msgs/include/micro_ros_msgs
[2.591s] -- Up-to-date: /home/nava/microros_ws/install/micro_ros_msgs/include/micro_ros_msgs/msg
[2.591s] -- Up-to-date: /home/nava/microros_ws/install/micro_ros_msgs/include/micro_ros_msgs/msg/detail
[2.591s] -- Up-to-date: /home/nava/microros_ws/install/micro_ros_msgs/include/micro_ros_msgs/msg/detail/entity__rosidl_typesupport_microxrcedds_c.h
[2.592s] -- Up-to-date: /home/nava/microros_ws/install/micro_ros_msgs/include/micro_ros_msgs/msg/detail/graph__rosidl_typesupport_microxrcedds_c.h
[2.592s] -- Up-to-date: /home/nava/microros_ws/install/micro_ros_msgs/include/micro_ros_msgs/msg/detail/microxrcedds
[2.592s] -- Up-to-date: /home/nava/microros_ws/install/micro_ros_msgs/include/micro_ros_msgs/msg/detail/node__rosidl_typesupport_microxrcedds_c.h
[2.592s] -- Up-to-date: /home/nava/microros_ws/install/micro_ros_msgs/include/micro_ros_msgs/msg/rosidl_typesupport_microxrcedds_c__visibility_control.h
[2.593s] -- Up-to-date: /home/nava/microros_ws/install/micro_ros_msgs/lib/libmicro_ros_msgs__rosidl_typesupport_microxrcedds_c.so
[2.593s] -- Up-to-date: /home/nava/microros_ws/install/micro_ros_msgs/include/micro_ros_msgs/micro_ros_msgs
[2.593s] -- Up-to-date: /home/nava/microros_ws/install/micro_ros_msgs/include/micro_ros_msgs/micro_ros_msgs/msg
[2.593s] -- Up-to-date: /home/nava/microros_ws/install/micro_ros_msgs/include/micro_ros_msgs/micro_ros_msgs/msg/detail
[2.593s] -- Up-to-date: /home/nava/microros_ws/install/micro_ros_msgs/include/micro_ros_msgs/micro_ros_msgs/msg/detail/node__rosidl_typesupport_fastrtps_c.h
[2.593s] -- Up-to-date: /home/nava/microros_ws/install/micro_ros_msgs/include/micro_ros_msgs/micro_ros_msgs/msg/detail/graph__rosidl_typesupport_fastrtps_c.h
[2.593s] -- Up-to-date: /home/nava/microros_ws/install/micro_ros_msgs/include/micro_ros_msgs/micro_ros_msgs/msg/detail/entity__rosidl_typesupport_fastrtps_c.h
[2.593s] -- Up-to-date: /home/nava/microros_ws/install/micro_ros_msgs/include/micro_ros_msgs/micro_ros_msgs/msg/rosidl_typesupport_fastrtps_c__visibility_control.h
[2.594s] -- Up-to-date: /home/nava/microros_ws/install/micro_ros_msgs/lib/libmicro_ros_msgs__rosidl_typesupport_fastrtps_c.so
[2.594s] -- Up-to-date: /home/nava/microros_ws/install/micro_ros_msgs/include/micro_ros_msgs/micro_ros_msgs
[2.594s] -- Up-to-date: /home/nava/microros_ws/install/micro_ros_msgs/include/micro_ros_msgs/micro_ros_msgs/msg
[2.594s] -- Up-to-date: /home/nava/microros_ws/install/micro_ros_msgs/include/micro_ros_msgs/micro_ros_msgs/msg/detail
[2.594s] -- Up-to-date: /home/nava/microros_ws/install/micro_ros_msgs/include/micro_ros_msgs/micro_ros_msgs/msg/detail/node__rosidl_typesupport_introspection_c.h
[2.594s] -- Installing: /home/nava/microros_ws/install/micro_ros_msgs/include/micro_ros_msgs/micro_ros_msgs/msg/detail/node__type_support.c
[2.595s] -- Installing: /home/nava/microros_ws/install/micro_ros_msgs/include/micro_ros_msgs/micro_ros_msgs/msg/detail/graph__type_support.c
[2.595s] -- Installing: /home/nava/microros_ws/install/micro_ros_msgs/include/micro_ros_msgs/micro_ros_msgs/msg/detail/entity__type_support.c
[2.596s] -- Up-to-date: /home/nava/microros_ws/install/micro_ros_msgs/include/micro_ros_msgs/micro_ros_msgs/msg/detail/graph__rosidl_typesupport_introspection_c.h
[2.596s] -- Up-to-date: /home/nava/microros_ws/install/micro_ros_msgs/include/micro_ros_msgs/micro_ros_msgs/msg/detail/entity__rosidl_typesupport_introspection_c.h
[2.596s] -- Up-to-date: /home/nava/microros_ws/install/micro_ros_msgs/include/micro_ros_msgs/micro_ros_msgs/msg/rosidl_typesupport_introspection_c__visibility_control.h
[2.597s] -- Up-to-date: /home/nava/microros_ws/install/micro_ros_msgs/lib/libmicro_ros_msgs__rosidl_typesupport_introspection_c.so
[2.599s] -- Up-to-date: /home/nava/microros_ws/install/micro_ros_msgs/lib/libmicro_ros_msgs__rosidl_typesupport_c.so
[2.599s] -- Up-to-date: /home/nava/microros_ws/install/micro_ros_msgs/include/micro_ros_msgs/micro_ros_msgs
[2.600s] -- Up-to-date: /home/nava/microros_ws/install/micro_ros_msgs/include/micro_ros_msgs/micro_ros_msgs/msg
[2.600s] -- Up-to-date: /home/nava/microros_ws/install/micro_ros_msgs/include/micro_ros_msgs/micro_ros_msgs/msg/graph.hpp
[2.600s] -- Up-to-date: /home/nava/microros_ws/install/micro_ros_msgs/include/micro_ros_msgs/micro_ros_msgs/msg/detail
[2.600s] -- Up-to-date: /home/nava/microros_ws/install/micro_ros_msgs/include/micro_ros_msgs/micro_ros_msgs/msg/detail/entity__builder.hpp
[2.600s] -- Up-to-date: /home/nava/microros_ws/install/micro_ros_msgs/include/micro_ros_msgs/micro_ros_msgs/msg/detail/entity__type_support.hpp
[2.600s] -- Up-to-date: /home/nava/microros_ws/install/micro_ros_msgs/include/micro_ros_msgs/micro_ros_msgs/msg/detail/graph__traits.hpp
[2.600s] -- Up-to-date: /home/nava/microros_ws/install/micro_ros_msgs/include/micro_ros_msgs/micro_ros_msgs/msg/detail/graph__struct.hpp
[2.600s] -- Up-to-date: /home/nava/microros_ws/install/micro_ros_msgs/include/micro_ros_msgs/micro_ros_msgs/msg/detail/graph__builder.hpp
[2.600s] -- Up-to-date: /home/nava/microros_ws/install/micro_ros_msgs/include/micro_ros_msgs/micro_ros_msgs/msg/detail/node__traits.hpp
[2.601s] -- Up-to-date: /home/nava/microros_ws/install/micro_ros_msgs/include/micro_ros_msgs/micro_ros_msgs/msg/detail/entity__traits.hpp
[2.601s] -- Up-to-date: /home/nava/microros_ws/install/micro_ros_msgs/include/micro_ros_msgs/micro_ros_msgs/msg/detail/node__type_support.hpp
[2.601s] -- Up-to-date: /home/nava/microros_ws/install/micro_ros_msgs/include/micro_ros_msgs/micro_ros_msgs/msg/detail/node__struct.hpp
[2.601s] -- Up-to-date: /home/nava/microros_ws/install/micro_ros_msgs/include/micro_ros_msgs/micro_ros_msgs/msg/detail/graph__type_support.hpp
[2.601s] -- Up-to-date: /home/nava/microros_ws/install/micro_ros_msgs/include/micro_ros_msgs/micro_ros_msgs/msg/detail/entity__struct.hpp
[2.601s] -- Up-to-date: /home/nava/microros_ws/install/micro_ros_msgs/include/micro_ros_msgs/micro_ros_msgs/msg/detail/node__builder.hpp
[2.601s] -- Up-to-date: /home/nava/microros_ws/install/micro_ros_msgs/include/micro_ros_msgs/micro_ros_msgs/msg/node.hpp
[2.601s] -- Up-to-date: /home/nava/microros_ws/install/micro_ros_msgs/include/micro_ros_msgs/micro_ros_msgs/msg/rosidl_generator_cpp__visibility_control.hpp
[2.602s] -- Up-to-date: /home/nava/microros_ws/install/micro_ros_msgs/include/micro_ros_msgs/micro_ros_msgs/msg/entity.hpp
[2.602s] -- Up-to-date: /home/nava/microros_ws/install/micro_ros_msgs/include/micro_ros_msgs
[2.602s] -- Up-to-date: /home/nava/microros_ws/install/micro_ros_msgs/include/micro_ros_msgs/msg
[2.602s] -- Up-to-date: /home/nava/microros_ws/install/micro_ros_msgs/include/micro_ros_msgs/msg/detail
[2.602s] -- Up-to-date: /home/nava/microros_ws/install/micro_ros_msgs/include/micro_ros_msgs/msg/detail/graph__rosidl_typesupport_microxrcedds_cpp.hpp
[2.602s] -- Up-to-date: /home/nava/microros_ws/install/micro_ros_msgs/include/micro_ros_msgs/msg/detail/entity__rosidl_typesupport_microxrcedds_cpp.hpp
[2.602s] -- Up-to-date: /home/nava/microros_ws/install/micro_ros_msgs/include/micro_ros_msgs/msg/detail/microxrcedds
[2.602s] -- Up-to-date: /home/nava/microros_ws/install/micro_ros_msgs/include/micro_ros_msgs/msg/detail/microxrcedds/entity__type_support_cpp.cpp
[2.603s] -- Up-to-date: /home/nava/microros_ws/install/micro_ros_msgs/include/micro_ros_msgs/msg/detail/microxrcedds/graph__type_support_cpp.cpp
[2.603s] -- Up-to-date: /home/nava/microros_ws/install/micro_ros_msgs/include/micro_ros_msgs/msg/detail/microxrcedds/node__type_support_cpp.cpp
[2.603s] -- Up-to-date: /home/nava/microros_ws/install/micro_ros_msgs/include/micro_ros_msgs/msg/detail/node__rosidl_typesupport_microxrcedds_cpp.hpp
[2.603s] -- Up-to-date: /home/nava/microros_ws/install/micro_ros_msgs/include/micro_ros_msgs/msg/rosidl_typesupport_microxrcedds_cpp__visibility_control.h
[2.605s] -- Up-to-date: /home/nava/microros_ws/install/micro_ros_msgs/lib/libmicro_ros_msgs__rosidl_typesupport_microxrcedds_cpp.so
[2.605s] -- Up-to-date: /home/nava/microros_ws/install/micro_ros_msgs/include/micro_ros_msgs/micro_ros_msgs
[2.605s] -- Up-to-date: /home/nava/microros_ws/install/micro_ros_msgs/include/micro_ros_msgs/micro_ros_msgs/msg
[2.605s] -- Up-to-date: /home/nava/microros_ws/install/micro_ros_msgs/include/micro_ros_msgs/micro_ros_msgs/msg/detail
[2.606s] -- Up-to-date: /home/nava/microros_ws/install/micro_ros_msgs/include/micro_ros_msgs/micro_ros_msgs/msg/detail/graph__rosidl_typesupport_fastrtps_cpp.hpp
[2.606s] -- Up-to-date: /home/nava/microros_ws/install/micro_ros_msgs/include/micro_ros_msgs/micro_ros_msgs/msg/detail/node__rosidl_typesupport_fastrtps_cpp.hpp
[2.606s] -- Up-to-date: /home/nava/microros_ws/install/micro_ros_msgs/include/micro_ros_msgs/micro_ros_msgs/msg/detail/entity__rosidl_typesupport_fastrtps_cpp.hpp
[2.606s] -- Up-to-date: /home/nava/microros_ws/install/micro_ros_msgs/include/micro_ros_msgs/micro_ros_msgs/msg/detail/dds_fastrtps
[2.606s] -- Up-to-date: /home/nava/microros_ws/install/micro_ros_msgs/include/micro_ros_msgs/micro_ros_msgs/msg/rosidl_typesupport_fastrtps_cpp__visibility_control.h
[2.606s] -- Up-to-date: /home/nava/microros_ws/install/micro_ros_msgs/lib/libmicro_ros_msgs__rosidl_typesupport_fastrtps_cpp.so
[2.606s] -- Up-to-date: /home/nava/microros_ws/install/micro_ros_msgs/include/micro_ros_msgs/micro_ros_msgs
[2.606s] -- Up-to-date: /home/nava/microros_ws/install/micro_ros_msgs/include/micro_ros_msgs/micro_ros_msgs/msg
[2.607s] -- Up-to-date: /home/nava/microros_ws/install/micro_ros_msgs/include/micro_ros_msgs/micro_ros_msgs/msg/detail
[2.607s] -- Up-to-date: /home/nava/microros_ws/install/micro_ros_msgs/include/micro_ros_msgs/micro_ros_msgs/msg/detail/node__type_support.cpp
[2.607s] -- Up-to-date: /home/nava/microros_ws/install/micro_ros_msgs/include/micro_ros_msgs/micro_ros_msgs/msg/detail/entity__type_support.cpp
[2.607s] -- Up-to-date: /home/nava/microros_ws/install/micro_ros_msgs/include/micro_ros_msgs/micro_ros_msgs/msg/detail/graph__rosidl_typesupport_introspection_cpp.hpp
[2.607s] -- Up-to-date: /home/nava/microros_ws/install/micro_ros_msgs/include/micro_ros_msgs/micro_ros_msgs/msg/detail/graph__type_support.cpp
[2.607s] -- Up-to-date: /home/nava/microros_ws/install/micro_ros_msgs/include/micro_ros_msgs/micro_ros_msgs/msg/detail/entity__rosidl_typesupport_introspection_cpp.hpp
[2.607s] -- Up-to-date: /home/nava/microros_ws/install/micro_ros_msgs/include/micro_ros_msgs/micro_ros_msgs/msg/detail/node__rosidl_typesupport_introspection_cpp.hpp
[2.609s] -- Up-to-date: /home/nava/microros_ws/install/micro_ros_msgs/lib/libmicro_ros_msgs__rosidl_typesupport_introspection_cpp.so
[2.609s] -- Up-to-date: /home/nava/microros_ws/install/micro_ros_msgs/lib/libmicro_ros_msgs__rosidl_typesupport_cpp.so
[2.609s] -- Up-to-date: /home/nava/microros_ws/install/micro_ros_msgs/share/micro_ros_msgs/environment/pythonpath.sh
[2.610s] -- Up-to-date: /home/nava/microros_ws/install/micro_ros_msgs/share/micro_ros_msgs/environment/pythonpath.dsv
[2.610s] -- Up-to-date: /home/nava/microros_ws/install/micro_ros_msgs/lib/python3.12/site-packages/micro_ros_msgs-5.0.2-py3.12.egg-info
[2.610s] -- Installing: /home/nava/microros_ws/install/micro_ros_msgs/lib/python3.12/site-packages/micro_ros_msgs-5.0.2-py3.12.egg-info/dependency_links.txt
[2.610s] -- Installing: /home/nava/microros_ws/install/micro_ros_msgs/lib/python3.12/site-packages/micro_ros_msgs-5.0.2-py3.12.egg-info/top_level.txt
[2.610s] -- Installing: /home/nava/microros_ws/install/micro_ros_msgs/lib/python3.12/site-packages/micro_ros_msgs-5.0.2-py3.12.egg-info/SOURCES.txt
[2.610s] -- Installing: /home/nava/microros_ws/install/micro_ros_msgs/lib/python3.12/site-packages/micro_ros_msgs-5.0.2-py3.12.egg-info/PKG-INFO
[2.611s] -- Up-to-date: /home/nava/microros_ws/install/micro_ros_msgs/lib/python3.12/site-packages/micro_ros_msgs
[2.611s] -- Up-to-date: /home/nava/microros_ws/install/micro_ros_msgs/lib/python3.12/site-packages/micro_ros_msgs/_micro_ros_msgs_s.ep.rosidl_typesupport_microxrcedds_c.c
[2.611s] -- Up-to-date: /home/nava/microros_ws/install/micro_ros_msgs/lib/python3.12/site-packages/micro_ros_msgs/micro_ros_msgs_s__rosidl_typesupport_c.so
[2.611s] -- Installing: /home/nava/microros_ws/install/micro_ros_msgs/lib/python3.12/site-packages/micro_ros_msgs/__init__.py
[2.611s] -- Up-to-date: /home/nava/microros_ws/install/micro_ros_msgs/lib/python3.12/site-packages/micro_ros_msgs/micro_ros_msgs_s__rosidl_typesupport_microxrcedds_c.so
[2.611s] -- Up-to-date: /home/nava/microros_ws/install/micro_ros_msgs/lib/python3.12/site-packages/micro_ros_msgs/micro_ros_msgs_s__rosidl_typesupport_introspection_c.so
[2.611s] -- Up-to-date: /home/nava/microros_ws/install/micro_ros_msgs/lib/python3.12/site-packages/micro_ros_msgs/micro_ros_msgs_s__rosidl_typesupport_fastrtps_c.so
[2.611s] -- Up-to-date: /home/nava/microros_ws/install/micro_ros_msgs/lib/python3.12/site-packages/micro_ros_msgs/msg
[2.611s] -- Up-to-date: /home/nava/microros_ws/install/micro_ros_msgs/lib/python3.12/site-packages/micro_ros_msgs/msg/__init__.py
[2.611s] -- Up-to-date: /home/nava/microros_ws/install/micro_ros_msgs/lib/python3.12/site-packages/micro_ros_msgs/msg/_entity_s.c
[2.612s] -- Up-to-date: /home/nava/microros_ws/install/micro_ros_msgs/lib/python3.12/site-packages/micro_ros_msgs/msg/_entity.py
[2.612s] -- Up-to-date: /home/nava/microros_ws/install/micro_ros_msgs/lib/python3.12/site-packages/micro_ros_msgs/msg/_graph_s.c
[2.612s] -- Up-to-date: /home/nava/microros_ws/install/micro_ros_msgs/lib/python3.12/site-packages/micro_ros_msgs/msg/_graph.py
[2.612s] -- Up-to-date: /home/nava/microros_ws/install/micro_ros_msgs/lib/python3.12/site-packages/micro_ros_msgs/msg/_node_s.c
[2.612s] -- Up-to-date: /home/nava/microros_ws/install/micro_ros_msgs/lib/python3.12/site-packages/micro_ros_msgs/msg/_node.py
[2.612s] -- Up-to-date: /home/nava/microros_ws/install/micro_ros_msgs/lib/python3.12/site-packages/micro_ros_msgs/_micro_ros_msgs_s.ep.rosidl_typesupport_introspection_c.c
[2.612s] -- Up-to-date: /home/nava/microros_ws/install/micro_ros_msgs/lib/python3.12/site-packages/micro_ros_msgs/_micro_ros_msgs_s.ep.rosidl_typesupport_c.c
[2.612s] -- Up-to-date: /home/nava/microros_ws/install/micro_ros_msgs/lib/python3.12/site-packages/micro_ros_msgs/_micro_ros_msgs_s.ep.rosidl_typesupport_fastrtps_c.c
[2.653s] Listing '/home/nava/microros_ws/install/micro_ros_msgs/lib/python3.12/site-packages/micro_ros_msgs'...
[2.653s] Compiling '/home/nava/microros_ws/install/micro_ros_msgs/lib/python3.12/site-packages/micro_ros_msgs/__init__.py'...
[2.654s] Listing '/home/nava/microros_ws/install/micro_ros_msgs/lib/python3.12/site-packages/micro_ros_msgs/msg'...
[2.661s] -- Up-to-date: /home/nava/microros_ws/install/micro_ros_msgs/lib/python3.12/site-packages/micro_ros_msgs/micro_ros_msgs_s__rosidl_typesupport_microxrcedds_c.so
[2.661s] -- Up-to-date: /home/nava/microros_ws/install/micro_ros_msgs/lib/python3.12/site-packages/micro_ros_msgs/micro_ros_msgs_s__rosidl_typesupport_fastrtps_c.so
[2.663s] -- Up-to-date: /home/nava/microros_ws/install/micro_ros_msgs/lib/python3.12/site-packages/micro_ros_msgs/micro_ros_msgs_s__rosidl_typesupport_introspection_c.so
[2.663s] -- Up-to-date: /home/nava/microros_ws/install/micro_ros_msgs/lib/python3.12/site-packages/micro_ros_msgs/micro_ros_msgs_s__rosidl_typesupport_c.so
[2.664s] -- Up-to-date: /home/nava/microros_ws/install/micro_ros_msgs/lib/libmicro_ros_msgs__rosidl_generator_py.so
[2.664s] -- Up-to-date: /home/nava/microros_ws/install/micro_ros_msgs/share/micro_ros_msgs/msg/Graph.idl
[2.665s] -- Up-to-date: /home/nava/microros_ws/install/micro_ros_msgs/share/micro_ros_msgs/msg/Node.idl
[2.665s] -- Up-to-date: /home/nava/microros_ws/install/micro_ros_msgs/share/micro_ros_msgs/msg/Entity.idl
[2.665s] -- Up-to-date: /home/nava/microros_ws/install/micro_ros_msgs/share/micro_ros_msgs/msg/Graph.msg
[2.665s] -- Up-to-date: /home/nava/microros_ws/install/micro_ros_msgs/share/micro_ros_msgs/msg/Node.msg
[2.665s] -- Up-to-date: /home/nava/microros_ws/install/micro_ros_msgs/share/micro_ros_msgs/msg/Entity.msg
[2.665s] -- Up-to-date: /home/nava/microros_ws/install/micro_ros_msgs/share/ament_index/resource_index/package_run_dependencies/micro_ros_msgs
[2.666s] -- Installing: /home/nava/microros_ws/install/micro_ros_msgs/share/ament_index/resource_index/parent_prefix_path/micro_ros_msgs
[2.666s] -- Up-to-date: /home/nava/microros_ws/install/micro_ros_msgs/share/micro_ros_msgs/environment/ament_prefix_path.sh
[2.666s] -- Up-to-date: /home/nava/microros_ws/install/micro_ros_msgs/share/micro_ros_msgs/environment/ament_prefix_path.dsv
[2.666s] -- Up-to-date: /home/nava/microros_ws/install/micro_ros_msgs/share/micro_ros_msgs/environment/path.sh
[2.666s] -- Up-to-date: /home/nava/microros_ws/install/micro_ros_msgs/share/micro_ros_msgs/environment/path.dsv
[2.666s] -- Up-to-date: /home/nava/microros_ws/install/micro_ros_msgs/share/micro_ros_msgs/local_setup.bash
[2.666s] -- Up-to-date: /home/nava/microros_ws/install/micro_ros_msgs/share/micro_ros_msgs/local_setup.sh
[2.666s] -- Up-to-date: /home/nava/microros_ws/install/micro_ros_msgs/share/micro_ros_msgs/local_setup.zsh
[2.666s] -- Up-to-date: /home/nava/microros_ws/install/micro_ros_msgs/share/micro_ros_msgs/local_setup.dsv
[2.666s] -- Installing: /home/nava/microros_ws/install/micro_ros_msgs/share/micro_ros_msgs/package.dsv
[2.666s] -- Up-to-date: /home/nava/microros_ws/install/micro_ros_msgs/share/ament_index/resource_index/packages/micro_ros_msgs
[2.667s] -- Up-to-date: /home/nava/microros_ws/install/micro_ros_msgs/share/micro_ros_msgs/cmake/export_micro_ros_msgs__rosidl_generator_cExport.cmake
[2.667s] -- Up-to-date: /home/nava/microros_ws/install/micro_ros_msgs/share/micro_ros_msgs/cmake/export_micro_ros_msgs__rosidl_generator_cExport-noconfig.cmake
[2.667s] -- Up-to-date: /home/nava/microros_ws/install/micro_ros_msgs/share/micro_ros_msgs/cmake/export_micro_ros_msgs__rosidl_typesupport_fastrtps_cExport.cmake
[2.667s] -- Up-to-date: /home/nava/microros_ws/install/micro_ros_msgs/share/micro_ros_msgs/cmake/export_micro_ros_msgs__rosidl_typesupport_fastrtps_cExport-noconfig.cmake
[2.668s] -- Up-to-date: /home/nava/microros_ws/install/micro_ros_msgs/share/micro_ros_msgs/cmake/micro_ros_msgs__rosidl_typesupport_introspection_cExport.cmake
[2.668s] -- Up-to-date: /home/nava/microros_ws/install/micro_ros_msgs/share/micro_ros_msgs/cmake/micro_ros_msgs__rosidl_typesupport_introspection_cExport-noconfig.cmake
[2.669s] -- Up-to-date: /home/nava/microros_ws/install/micro_ros_msgs/share/micro_ros_msgs/cmake/micro_ros_msgs__rosidl_typesupport_cExport.cmake
[2.669s] -- Up-to-date: /home/nava/microros_ws/install/micro_ros_msgs/share/micro_ros_msgs/cmake/micro_ros_msgs__rosidl_typesupport_cExport-noconfig.cmake
[2.669s] -- Up-to-date: /home/nava/microros_ws/install/micro_ros_msgs/share/micro_ros_msgs/cmake/export_micro_ros_msgs__rosidl_generator_cppExport.cmake
[2.669s] -- Up-to-date: /home/nava/microros_ws/install/micro_ros_msgs/share/micro_ros_msgs/cmake/export_micro_ros_msgs__rosidl_typesupport_fastrtps_cppExport.cmake
[2.669s] -- Up-to-date: /home/nava/microros_ws/install/micro_ros_msgs/share/micro_ros_msgs/cmake/export_micro_ros_msgs__rosidl_typesupport_fastrtps_cppExport-noconfig.cmake
[2.670s] -- Up-to-date: /home/nava/microros_ws/install/micro_ros_msgs/share/micro_ros_msgs/cmake/micro_ros_msgs__rosidl_typesupport_introspection_cppExport.cmake
[2.670s] -- Up-to-date: /home/nava/microros_ws/install/micro_ros_msgs/share/micro_ros_msgs/cmake/micro_ros_msgs__rosidl_typesupport_introspection_cppExport-noconfig.cmake
[2.671s] -- Up-to-date: /home/nava/microros_ws/install/micro_ros_msgs/share/micro_ros_msgs/cmake/micro_ros_msgs__rosidl_typesupport_cppExport.cmake
[2.671s] -- Up-to-date: /home/nava/microros_ws/install/micro_ros_msgs/share/micro_ros_msgs/cmake/micro_ros_msgs__rosidl_typesupport_cppExport-noconfig.cmake
[2.671s] -- Up-to-date: /home/nava/microros_ws/install/micro_ros_msgs/share/micro_ros_msgs/cmake/export_micro_ros_msgs__rosidl_generator_pyExport.cmake
[2.671s] -- Up-to-date: /home/nava/microros_ws/install/micro_ros_msgs/share/micro_ros_msgs/cmake/export_micro_ros_msgs__rosidl_generator_pyExport-noconfig.cmake
[2.672s] -- Up-to-date: /home/nava/microros_ws/install/micro_ros_msgs/share/micro_ros_msgs/cmake/rosidl_cmake-extras.cmake
[2.672s] -- Up-to-date: /home/nava/microros_ws/install/micro_ros_msgs/share/micro_ros_msgs/cmake/ament_cmake_export_include_directories-extras.cmake
[2.672s] -- Up-to-date: /home/nava/microros_ws/install/micro_ros_msgs/share/micro_ros_msgs/cmake/ament_cmake_export_libraries-extras.cmake
[2.672s] -- Up-to-date: /home/nava/microros_ws/install/micro_ros_msgs/share/micro_ros_msgs/cmake/ament_cmake_export_targets-extras.cmake
[2.672s] -- Up-to-date: /home/nava/microros_ws/install/micro_ros_msgs/share/micro_ros_msgs/cmake/rosidl_cmake_export_typesupport_targets-extras.cmake
[2.672s] -- Up-to-date: /home/nava/microros_ws/install/micro_ros_msgs/share/micro_ros_msgs/cmake/ament_cmake_export_dependencies-extras.cmake
[2.672s] -- Up-to-date: /home/nava/microros_ws/install/micro_ros_msgs/share/micro_ros_msgs/cmake/rosidl_cmake_export_typesupport_libraries-extras.cmake
[2.672s] -- Up-to-date: /home/nava/microros_ws/install/micro_ros_msgs/share/micro_ros_msgs/cmake/micro_ros_msgsConfig.cmake
[2.672s] -- Up-to-date: /home/nava/microros_ws/install/micro_ros_msgs/share/micro_ros_msgs/cmake/micro_ros_msgsConfig-version.cmake
[2.672s] -- Up-to-date: /home/nava/microros_ws/install/micro_ros_msgs/share/micro_ros_msgs/package.xml
[2.715s] Invoked command in '/home/nava/microros_ws/build/micro_ros_msgs' returned '0': CMAKE_PREFIX_PATH=${CMAKE_PREFIX_PATH}:/home/nava/microros_ws/install/sensor_msgs_py:/opt/ros/jazzy DEBUGINFOD_URLS=https://debuginfod.ubuntu.com /usr/bin/cmake --install /home/nava/microros_ws/build/micro_ros_msgs
