[0.879s] Invoking command in '/home/nava/microros_ws/src/ros2/common_interfaces/sensor_msgs_py': AMENT_PREFIX_PATH=/home/nava/microros_ws/install/sensor_msgs:/home/nava/microros_ws/install/geometry_msgs:/home/nava/microros_ws/install/std_msgs:/home/nava/microros_ws/install/builtin_interfaces:${AMENT_PREFIX_PATH} CMAKE_PREFIX_PATH=/home/nava/microros_ws/install/sensor_msgs:/home/nava/microros_ws/install/geometry_msgs:/home/nava/microros_ws/install/std_msgs:/home/nava/microros_ws/install/builtin_interfaces:${CMAKE_PREFIX_PATH} DEBUGINFOD_URLS=https://debuginfod.ubuntu.com LD_LIBRARY_PATH=/home/nava/microros_ws/install/sensor_msgs/lib:/home/nava/microros_ws/install/geometry_msgs/lib:/home/nava/microros_ws/install/std_msgs/lib:/home/nava/microros_ws/install/builtin_interfaces/lib:${LD_LIBRARY_PATH} PYTHONPATH=/home/nava/microros_ws/build/sensor_msgs_py/prefix_override:/usr/lib/python3/dist-packages/colcon_core/task/python/colcon_distutils_commands:/home/nava/microros_ws/install/sensor_msgs_py/lib/python3.12/site-packages:/home/nava/microros_ws/install/sensor_msgs/lib/python3.12/site-packages:/home/nava/microros_ws/install/geometry_msgs/lib/python3.12/site-packages:/home/nava/microros_ws/install/std_msgs/lib/python3.12/site-packages:/home/nava/microros_ws/install/builtin_interfaces/lib/python3.12/site-packages:${PYTHONPATH} /usr/bin/python3 -W ignore:setup.py install is deprecated -W ignore:easy_install command is deprecated setup.py egg_info --egg-base ../../../../build/sensor_msgs_py build --build-base /home/nava/microros_ws/build/sensor_msgs_py/build install --record /home/nava/microros_ws/build/sensor_msgs_py/install.log --single-version-externally-managed install_data
[1.129s] running egg_info
[1.129s] creating ../../../../build/sensor_msgs_py/sensor_msgs_py.egg-info
[1.148s] writing ../../../../build/sensor_msgs_py/sensor_msgs_py.egg-info/PKG-INFO
[1.148s] writing dependency_links to ../../../../build/sensor_msgs_py/sensor_msgs_py.egg-info/dependency_links.txt
[1.148s] writing requirements to ../../../../build/sensor_msgs_py/sensor_msgs_py.egg-info/requires.txt
[1.148s] writing top-level names to ../../../../build/sensor_msgs_py/sensor_msgs_py.egg-info/top_level.txt
[1.148s] writing manifest file '../../../../build/sensor_msgs_py/sensor_msgs_py.egg-info/SOURCES.txt'
[1.190s] reading manifest file '../../../../build/sensor_msgs_py/sensor_msgs_py.egg-info/SOURCES.txt'
[1.190s] adding license file 'LICENSE'
[1.190s] writing manifest file '../../../../build/sensor_msgs_py/sensor_msgs_py.egg-info/SOURCES.txt'
[1.190s] running build
[1.190s] running build_py
[1.190s] creating /home/nava/microros_ws/build/sensor_msgs_py/build
[1.191s] creating /home/nava/microros_ws/build/sensor_msgs_py/build/lib
[1.191s] creating /home/nava/microros_ws/build/sensor_msgs_py/build/lib/sensor_msgs_py
[1.191s] copying sensor_msgs_py/__init__.py -> /home/nava/microros_ws/build/sensor_msgs_py/build/lib/sensor_msgs_py
[1.191s] copying sensor_msgs_py/point_cloud2.py -> /home/nava/microros_ws/build/sensor_msgs_py/build/lib/sensor_msgs_py
[1.191s] copying sensor_msgs_py/numpy_compat.py -> /home/nava/microros_ws/build/sensor_msgs_py/build/lib/sensor_msgs_py
[1.191s] running install
[1.197s] running install_lib
[1.217s] creating /home/nava/microros_ws/install/sensor_msgs_py/lib/python3.12/site-packages/sensor_msgs_py
[1.217s] copying /home/nava/microros_ws/build/sensor_msgs_py/build/lib/sensor_msgs_py/__init__.py -> /home/nava/microros_ws/install/sensor_msgs_py/lib/python3.12/site-packages/sensor_msgs_py
[1.217s] copying /home/nava/microros_ws/build/sensor_msgs_py/build/lib/sensor_msgs_py/point_cloud2.py -> /home/nava/microros_ws/install/sensor_msgs_py/lib/python3.12/site-packages/sensor_msgs_py
[1.218s] copying /home/nava/microros_ws/build/sensor_msgs_py/build/lib/sensor_msgs_py/numpy_compat.py -> /home/nava/microros_ws/install/sensor_msgs_py/lib/python3.12/site-packages/sensor_msgs_py
[1.218s] byte-compiling /home/nava/microros_ws/install/sensor_msgs_py/lib/python3.12/site-packages/sensor_msgs_py/__init__.py to __init__.cpython-312.pyc
[1.218s] byte-compiling /home/nava/microros_ws/install/sensor_msgs_py/lib/python3.12/site-packages/sensor_msgs_py/point_cloud2.py to point_cloud2.cpython-312.pyc
[1.220s] byte-compiling /home/nava/microros_ws/install/sensor_msgs_py/lib/python3.12/site-packages/sensor_msgs_py/numpy_compat.py to numpy_compat.cpython-312.pyc
[1.221s] running install_data
[1.221s] creating /home/nava/microros_ws/install/sensor_msgs_py/share/ament_index
[1.221s] creating /home/nava/microros_ws/install/sensor_msgs_py/share/ament_index/resource_index
[1.221s] creating /home/nava/microros_ws/install/sensor_msgs_py/share/ament_index/resource_index/packages
[1.221s] copying resource/sensor_msgs_py -> /home/nava/microros_ws/install/sensor_msgs_py/share/ament_index/resource_index/packages
[1.221s] copying package.xml -> /home/nava/microros_ws/install/sensor_msgs_py/share/sensor_msgs_py
[1.221s] running install_egg_info
[1.242s] Copying ../../../../build/sensor_msgs_py/sensor_msgs_py.egg-info to /home/nava/microros_ws/install/sensor_msgs_py/lib/python3.12/site-packages/sensor_msgs_py-5.3.6-py3.12.egg-info
[1.242s] running install_scripts
[1.368s] writing list of installed files to '/home/nava/microros_ws/build/sensor_msgs_py/install.log'
[1.393s] Invoked command in '/home/nava/microros_ws/src/ros2/common_interfaces/sensor_msgs_py' returned '0': AMENT_PREFIX_PATH=/home/nava/microros_ws/install/sensor_msgs:/home/nava/microros_ws/install/geometry_msgs:/home/nava/microros_ws/install/std_msgs:/home/nava/microros_ws/install/builtin_interfaces:${AMENT_PREFIX_PATH} CMAKE_PREFIX_PATH=/home/nava/microros_ws/install/sensor_msgs:/home/nava/microros_ws/install/geometry_msgs:/home/nava/microros_ws/install/std_msgs:/home/nava/microros_ws/install/builtin_interfaces:${CMAKE_PREFIX_PATH} DEBUGINFOD_URLS=https://debuginfod.ubuntu.com LD_LIBRARY_PATH=/home/nava/microros_ws/install/sensor_msgs/lib:/home/nava/microros_ws/install/geometry_msgs/lib:/home/nava/microros_ws/install/std_msgs/lib:/home/nava/microros_ws/install/builtin_interfaces/lib:${LD_LIBRARY_PATH} PYTHONPATH=/home/nava/microros_ws/build/sensor_msgs_py/prefix_override:/usr/lib/python3/dist-packages/colcon_core/task/python/colcon_distutils_commands:/home/nava/microros_ws/install/sensor_msgs_py/lib/python3.12/site-packages:/home/nava/microros_ws/install/sensor_msgs/lib/python3.12/site-packages:/home/nava/microros_ws/install/geometry_msgs/lib/python3.12/site-packages:/home/nava/microros_ws/install/std_msgs/lib/python3.12/site-packages:/home/nava/microros_ws/install/builtin_interfaces/lib/python3.12/site-packages:${PYTHONPATH} /usr/bin/python3 -W ignore:setup.py install is deprecated -W ignore:easy_install command is deprecated setup.py egg_info --egg-base ../../../../build/sensor_msgs_py build --build-base /home/nava/microros_ws/build/sensor_msgs_py/build install --record /home/nava/microros_ws/build/sensor_msgs_py/install.log --single-version-externally-managed install_data
