[0.008s] Invoking command in '/home/nava/ros2_ws/build/modelo_robot': CMAKE_PREFIX_PATH=${CMAKE_PREFIX_PATH}:/opt/ros/jazzy DEBUGINFOD_URLS=https://debuginfod.ubuntu.com /usr/bin/cmake /home/nava/ros2_ws/src/modelo_robot -DCMAKE_INSTALL_PREFIX=/home/nava/ros2_ws/install/modelo_robot
[0.171s] -- The C compiler identification is GNU 13.3.0
[0.288s] -- The CXX compiler identification is GNU 13.3.0
[0.304s] -- Detecting C compiler ABI info
[0.378s] -- Detecting C compiler ABI info - done
[0.386s] -- Check for working C compiler: /usr/bin/cc - skipped
[0.387s] -- Detecting C compile features
[0.388s] -- Detecting C compile features - done
[0.395s] -- Detecting CXX compiler ABI info
[0.471s] -- Detecting CXX compiler ABI info - done
[0.479s] -- Check for working CXX compiler: /usr/bin/c++ - skipped
[0.479s] -- Detecting CXX compile features
[0.480s] -- Detecting CXX compile features - done
[0.491s] -- Found ament_cmake: 2.5.4 (/opt/ros/jazzy/share/ament_cmake/cmake)
[0.612s] -- Found Python3: /usr/bin/python3 (found version "3.12.3") found components: Interpreter 
[0.725s] -- Found rclcpp: 28.1.9 (/opt/ros/jazzy/share/rclcpp/cmake)
[0.784s] -- Found rosidl_generator_c: 4.6.5 (/opt/ros/jazzy/share/rosidl_generator_c/cmake)
[0.801s] -- Found rosidl_generator_cpp: 4.6.5 (/opt/ros/jazzy/share/rosidl_generator_cpp/cmake)
[0.823s] -- Using all available rosidl_typesupport_c: rosidl_typesupport_fastrtps_c;rosidl_typesupport_introspection_c
[0.846s] -- Using all available rosidl_typesupport_cpp: rosidl_typesupport_fastrtps_cpp;rosidl_typesupport_introspection_cpp
[0.950s] -- Found rmw_implementation_cmake: 7.3.2 (/opt/ros/jazzy/share/rmw_implementation_cmake/cmake)
[0.954s] -- Found rmw_fastrtps_cpp: 8.4.2 (/opt/ros/jazzy/share/rmw_fastrtps_cpp/cmake)
[1.058s] -- Found OpenSSL: /usr/lib/x86_64-linux-gnu/libcrypto.so (found version "3.0.13")  
[1.080s] -- Found FastRTPS: /opt/ros/jazzy/include (Required is at least version "2.13") 
[1.099s] -- Using RMW implementation 'rmw_fastrtps_cpp' as default
[1.191s] -- Found robot_state_publisher: 3.3.3 (/opt/ros/jazzy/share/robot_state_publisher/cmake)
[1.493s] -- Found ros_gz_sim: 1.0.11 (/opt/ros/jazzy/share/ros_gz_sim/cmake)
[1.498s] -- Found ament_lint_auto: 0.17.2 (/opt/ros/jazzy/share/ament_lint_auto/cmake)
[1.596s] -- Added test 'flake8' to check Python code syntax and style conventions
[1.596s] -- Configured 'flake8' exclude dirs and/or files: 
[1.596s] -- Added test 'lint_cmake' to check CMake code style
[1.597s] -- Added test 'pep257' to check Python code against some of the docstring style conventions in PEP 257
[1.599s] -- Added test 'xmllint' to check XML markup files
[1.600s] -- Configuring done (1.6s)
[1.605s] -- Generating done (0.0s)
[1.607s] -- Build files have been written to: /home/nava/ros2_ws/build/modelo_robot
[1.615s] Invoked command in '/home/nava/ros2_ws/build/modelo_robot' returned '0': CMAKE_PREFIX_PATH=${CMAKE_PREFIX_PATH}:/opt/ros/jazzy DEBUGINFOD_URLS=https://debuginfod.ubuntu.com /usr/bin/cmake /home/nava/ros2_ws/src/modelo_robot -DCMAKE_INSTALL_PREFIX=/home/nava/ros2_ws/install/modelo_robot
[1.616s] Invoking command in '/home/nava/ros2_ws/build/modelo_robot': CMAKE_PREFIX_PATH=${CMAKE_PREFIX_PATH}:/opt/ros/jazzy DEBUGINFOD_URLS=https://debuginfod.ubuntu.com /usr/bin/cmake --build /home/nava/ros2_ws/build/modelo_robot -- -j12 -l12
[1.648s] Invoked command in '/home/nava/ros2_ws/build/modelo_robot' returned '0': CMAKE_PREFIX_PATH=${CMAKE_PREFIX_PATH}:/opt/ros/jazzy DEBUGINFOD_URLS=https://debuginfod.ubuntu.com /usr/bin/cmake --build /home/nava/ros2_ws/build/modelo_robot -- -j12 -l12
[1.655s] Invoking command in '/home/nava/ros2_ws/build/modelo_robot': CMAKE_PREFIX_PATH=${CMAKE_PREFIX_PATH}:/opt/ros/jazzy DEBUGINFOD_URLS=https://debuginfod.ubuntu.com /usr/bin/cmake --install /home/nava/ros2_ws/build/modelo_robot
[1.661s] -- Install configuration: ""
[1.661s] -- Installing: /home/nava/ros2_ws/install/modelo_robot/share/modelo_robot/urdf
[1.661s] -- Installing: /home/nava/ros2_ws/install/modelo_robot/share/modelo_robot/urdf/final.sdf
[1.661s] -- Installing: /home/nava/ros2_ws/install/modelo_robot/share/modelo_robot/urdf/mimundo.sdf
[1.661s] -- Installing: /home/nava/ros2_ws/install/modelo_robot/share/modelo_robot/urdf/final.urdf
[1.661s] -- Installing: /home/nava/ros2_ws/install/modelo_robot/share/ament_index/resource_index/package_run_dependencies/modelo_robot
[1.662s] -- Installing: /home/nava/ros2_ws/install/modelo_robot/share/ament_index/resource_index/parent_prefix_path/modelo_robot
[1.662s] -- Installing: /home/nava/ros2_ws/install/modelo_robot/share/modelo_robot/environment/ament_prefix_path.sh
[1.662s] -- Installing: /home/nava/ros2_ws/install/modelo_robot/share/modelo_robot/environment/ament_prefix_path.dsv
[1.662s] -- Installing: /home/nava/ros2_ws/install/modelo_robot/share/modelo_robot/environment/path.sh
[1.662s] -- Installing: /home/nava/ros2_ws/install/modelo_robot/share/modelo_robot/environment/path.dsv
[1.662s] -- Installing: /home/nava/ros2_ws/install/modelo_robot/share/modelo_robot/local_setup.bash
[1.662s] -- Installing: /home/nava/ros2_ws/install/modelo_robot/share/modelo_robot/local_setup.sh
[1.662s] -- Installing: /home/nava/ros2_ws/install/modelo_robot/share/modelo_robot/local_setup.zsh
[1.662s] -- Installing: /home/nava/ros2_ws/install/modelo_robot/share/modelo_robot/local_setup.dsv
[1.662s] -- Installing: /home/nava/ros2_ws/install/modelo_robot/share/modelo_robot/package.dsv
[1.662s] -- Installing: /home/nava/ros2_ws/install/modelo_robot/share/ament_index/resource_index/packages/modelo_robot
[1.662s] -- Installing: /home/nava/ros2_ws/install/modelo_robot/share/modelo_robot/cmake/modelo_robotConfig.cmake
[1.663s] -- Installing: /home/nava/ros2_ws/install/modelo_robot/share/modelo_robot/cmake/modelo_robotConfig-version.cmake
[1.663s] -- Installing: /home/nava/ros2_ws/install/modelo_robot/share/modelo_robot/package.xml
[1.664s] Invoked command in '/home/nava/ros2_ws/build/modelo_robot' returned '0': CMAKE_PREFIX_PATH=${CMAKE_PREFIX_PATH}:/opt/ros/jazzy DEBUGINFOD_URLS=https://debuginfod.ubuntu.com /usr/bin/cmake --install /home/nava/ros2_ws/build/modelo_robot
