[0.069s] Invoking command in '/home/nava/microros_ws/build/lifecycle_msgs': CMAKE_PREFIX_PATH=${CMAKE_PREFIX_PATH}:/home/nava/microros_ws/install/sensor_msgs_py:/opt/ros/jazzy DEBUGINFOD_URLS=https://debuginfod.ubuntu.com /usr/bin/cmake /home/nava/microros_ws/src/ros2/rcl_interfaces/lifecycle_msgs -DCMAKE_INSTALL_PREFIX=/home/nava/microros_ws/install/lifecycle_msgs
[0.170s] -- Found ament_cmake: 2.5.4 (/opt/ros/jazzy/share/ament_cmake/cmake)
[0.171s] -- Found Python3: /usr/bin/python3 (found version "3.12.3") found components: Interpreter 
[0.310s] -- Found rosidl_default_generators: 1.6.0 (/opt/ros/jazzy/share/rosidl_default_generators/cmake)
[0.341s] -- Using all available rosidl_typesupport_c: rosidl_typesupport_microxrcedds_c;rosidl_typesupport_fastrtps_c;rosidl_typesupport_introspection_c
[0.423s] -- Found rosidl_adapter: 4.6.5 (/opt/ros/jazzy/share/rosidl_adapter/cmake)
[0.458s] -- Using all available rosidl_typesupport_cpp: rosidl_typesupport_microxrcedds_cpp;rosidl_typesupport_fastrtps_cpp;rosidl_typesupport_introspection_cpp
[0.971s] -- Found ament_cmake_ros: 0.12.0 (/opt/ros/jazzy/share/ament_cmake_ros/cmake)
[1.130s] -- Using all available rosidl_typesupport_c: rosidl_typesupport_microxrcedds_c;rosidl_typesupport_fastrtps_c;rosidl_typesupport_introspection_c
[1.314s] -- Using all available rosidl_typesupport_cpp: rosidl_typesupport_microxrcedds_cpp;rosidl_typesupport_fastrtps_cpp;rosidl_typesupport_introspection_cpp
[1.315s] -- Found python_cmake_module: 0.11.1 (/opt/ros/jazzy/share/python_cmake_module/cmake)
[1.622s] -- Found Python3: /usr/bin/python3 (found version "3.12.3") found components: Interpreter Development NumPy Development.Module Development.Embed 
[1.673s] -- Configuring done (1.6s)
[1.864s] -- Generating done (0.2s)
[1.898s] -- Build files have been written to: /home/nava/microros_ws/build/lifecycle_msgs
[1.906s] Invoked command in '/home/nava/microros_ws/build/lifecycle_msgs' returned '0': CMAKE_PREFIX_PATH=${CMAKE_PREFIX_PATH}:/home/nava/microros_ws/install/sensor_msgs_py:/opt/ros/jazzy DEBUGINFOD_URLS=https://debuginfod.ubuntu.com /usr/bin/cmake /home/nava/microros_ws/src/ros2/rcl_interfaces/lifecycle_msgs -DCMAKE_INSTALL_PREFIX=/home/nava/microros_ws/install/lifecycle_msgs
[1.906s] Invoking command in '/home/nava/microros_ws/build/lifecycle_msgs': CMAKE_PREFIX_PATH=${CMAKE_PREFIX_PATH}:/home/nava/microros_ws/install/sensor_msgs_py:/opt/ros/jazzy DEBUGINFOD_URLS=https://debuginfod.ubuntu.com /usr/bin/cmake --build /home/nava/microros_ws/build/lifecycle_msgs -- -j12 -l12
[2.049s] [  1%] Built target lifecycle_msgs__rosidl_generator_type_description
[2.097s] [  1%] Built target lifecycle_msgs__cpp
[2.112s] [  1%] Built target ament_cmake_python_copy_lifecycle_msgs
[2.131s] [ 22%] Built target lifecycle_msgs__rosidl_generator_c
[2.185s] [ 30%] Built target lifecycle_msgs__rosidl_typesupport_microxrcedds_cpp
[2.227s] [ 38%] Built target lifecycle_msgs__rosidl_typesupport_fastrtps_cpp
[2.227s] [ 46%] Built target lifecycle_msgs__rosidl_typesupport_microxrcedds_c
[2.235s] [ 54%] Built target lifecycle_msgs__rosidl_typesupport_introspection_c
[2.237s] [ 62%] Built target lifecycle_msgs__rosidl_typesupport_introspection_cpp
[2.239s] [ 70%] Built target lifecycle_msgs__rosidl_typesupport_cpp
[2.240s] [ 78%] Built target lifecycle_msgs__rosidl_typesupport_c
[2.258s] [ 85%] Built target lifecycle_msgs__rosidl_typesupport_fastrtps_c
[2.294s] [ 85%] Built target lifecycle_msgs
[2.318s] [ 86%] Built target lifecycle_msgs__py
[2.356s] [ 93%] Built target lifecycle_msgs__rosidl_generator_py
[2.390s] [ 95%] Built target lifecycle_msgs_s__rosidl_typesupport_microxrcedds_c
[2.392s] [ 96%] Built target lifecycle_msgs_s__rosidl_typesupport_fastrtps_c
[2.393s] [100%] Built target lifecycle_msgs_s__rosidl_typesupport_introspection_c
[2.393s] [100%] Built target lifecycle_msgs_s__rosidl_typesupport_c
[2.484s] running egg_info
[2.517s] writing lifecycle_msgs.egg-info/PKG-INFO
[2.517s] writing dependency_links to lifecycle_msgs.egg-info/dependency_links.txt
[2.517s] writing top-level names to lifecycle_msgs.egg-info/top_level.txt
[2.583s] reading manifest file 'lifecycle_msgs.egg-info/SOURCES.txt'
[2.585s] writing manifest file 'lifecycle_msgs.egg-info/SOURCES.txt'
[2.621s] [100%] Built target ament_cmake_python_build_lifecycle_msgs_egg
[2.681s] Invoked command in '/home/nava/microros_ws/build/lifecycle_msgs' returned '0': CMAKE_PREFIX_PATH=${CMAKE_PREFIX_PATH}:/home/nava/microros_ws/install/sensor_msgs_py:/opt/ros/jazzy DEBUGINFOD_URLS=https://debuginfod.ubuntu.com /usr/bin/cmake --build /home/nava/microros_ws/build/lifecycle_msgs -- -j12 -l12
[2.682s] Invoking command in '/home/nava/microros_ws/build/lifecycle_msgs': CMAKE_PREFIX_PATH=${CMAKE_PREFIX_PATH}:/home/nava/microros_ws/install/sensor_msgs_py:/opt/ros/jazzy DEBUGINFOD_URLS=https://debuginfod.ubuntu.com /usr/bin/cmake --install /home/nava/microros_ws/build/lifecycle_msgs
[2.711s] -- Install configuration: ""
[2.711s] -- Up-to-date: /home/nava/microros_ws/install/lifecycle_msgs/share/ament_index/resource_index/rosidl_interfaces/lifecycle_msgs
[2.711s] -- Up-to-date: /home/nava/microros_ws/install/lifecycle_msgs/share/lifecycle_msgs/msg/State.json
[2.711s] -- Up-to-date: /home/nava/microros_ws/install/lifecycle_msgs/share/lifecycle_msgs/msg/Transition.json
[2.711s] -- Up-to-date: /home/nava/microros_ws/install/lifecycle_msgs/share/lifecycle_msgs/msg/TransitionDescription.json
[2.711s] -- Up-to-date: /home/nava/microros_ws/install/lifecycle_msgs/share/lifecycle_msgs/msg/TransitionEvent.json
[2.712s] -- Up-to-date: /home/nava/microros_ws/install/lifecycle_msgs/share/lifecycle_msgs/srv/ChangeState.json
[2.712s] -- Up-to-date: /home/nava/microros_ws/install/lifecycle_msgs/share/lifecycle_msgs/srv/GetAvailableStates.json
[2.712s] -- Up-to-date: /home/nava/microros_ws/install/lifecycle_msgs/share/lifecycle_msgs/srv/GetAvailableTransitions.json
[2.712s] -- Up-to-date: /home/nava/microros_ws/install/lifecycle_msgs/share/lifecycle_msgs/srv/GetState.json
[2.712s] -- Up-to-date: /home/nava/microros_ws/install/lifecycle_msgs/include/lifecycle_msgs/lifecycle_msgs
[2.712s] -- Up-to-date: /home/nava/microros_ws/install/lifecycle_msgs/include/lifecycle_msgs/lifecycle_msgs/msg
[2.712s] -- Up-to-date: /home/nava/microros_ws/install/lifecycle_msgs/include/lifecycle_msgs/lifecycle_msgs/msg/transition_event.h
[2.712s] -- Up-to-date: /home/nava/microros_ws/install/lifecycle_msgs/include/lifecycle_msgs/lifecycle_msgs/msg/detail
[2.712s] -- Installing: /home/nava/microros_ws/install/lifecycle_msgs/include/lifecycle_msgs/lifecycle_msgs/msg/detail/transition_description__type_support.c
[2.712s] -- Up-to-date: /home/nava/microros_ws/install/lifecycle_msgs/include/lifecycle_msgs/lifecycle_msgs/msg/detail/state__description.c
[2.712s] -- Up-to-date: /home/nava/microros_ws/install/lifecycle_msgs/include/lifecycle_msgs/lifecycle_msgs/msg/detail/transition_description__description.c
[2.713s] -- Up-to-date: /home/nava/microros_ws/install/lifecycle_msgs/include/lifecycle_msgs/lifecycle_msgs/msg/detail/transition_event__functions.c
[2.713s] -- Up-to-date: /home/nava/microros_ws/install/lifecycle_msgs/include/lifecycle_msgs/lifecycle_msgs/msg/detail/transition__description.c
[2.713s] -- Up-to-date: /home/nava/microros_ws/install/lifecycle_msgs/include/lifecycle_msgs/lifecycle_msgs/msg/detail/transition__functions.h
[2.713s] -- Installing: /home/nava/microros_ws/install/lifecycle_msgs/include/lifecycle_msgs/lifecycle_msgs/msg/detail/state__type_support.c
[2.713s] -- Up-to-date: /home/nava/microros_ws/install/lifecycle_msgs/include/lifecycle_msgs/lifecycle_msgs/msg/detail/state__functions.c
[2.713s] -- Installing: /home/nava/microros_ws/install/lifecycle_msgs/include/lifecycle_msgs/lifecycle_msgs/msg/detail/transition_event__type_support.c
[2.713s] -- Up-to-date: /home/nava/microros_ws/install/lifecycle_msgs/include/lifecycle_msgs/lifecycle_msgs/msg/detail/transition_description__functions.c
[2.713s] -- Up-to-date: /home/nava/microros_ws/install/lifecycle_msgs/include/lifecycle_msgs/lifecycle_msgs/msg/detail/transition_event__description.c
[2.713s] -- Up-to-date: /home/nava/microros_ws/install/lifecycle_msgs/include/lifecycle_msgs/lifecycle_msgs/msg/detail/state__struct.h
[2.713s] -- Up-to-date: /home/nava/microros_ws/install/lifecycle_msgs/include/lifecycle_msgs/lifecycle_msgs/msg/detail/transition_description__functions.h
[2.713s] -- Up-to-date: /home/nava/microros_ws/install/lifecycle_msgs/include/lifecycle_msgs/lifecycle_msgs/msg/detail/transition_event__functions.h
[2.713s] -- Up-to-date: /home/nava/microros_ws/install/lifecycle_msgs/include/lifecycle_msgs/lifecycle_msgs/msg/detail/transition__type_support.h
[2.713s] -- Up-to-date: /home/nava/microros_ws/install/lifecycle_msgs/include/lifecycle_msgs/lifecycle_msgs/msg/detail/state__type_support.h
[2.714s] -- Up-to-date: /home/nava/microros_ws/install/lifecycle_msgs/include/lifecycle_msgs/lifecycle_msgs/msg/detail/transition_description__type_support.h
[2.714s] -- Installing: /home/nava/microros_ws/install/lifecycle_msgs/include/lifecycle_msgs/lifecycle_msgs/msg/detail/transition__type_support.c
[2.714s] -- Up-to-date: /home/nava/microros_ws/install/lifecycle_msgs/include/lifecycle_msgs/lifecycle_msgs/msg/detail/transition_event__struct.h
[2.714s] -- Up-to-date: /home/nava/microros_ws/install/lifecycle_msgs/include/lifecycle_msgs/lifecycle_msgs/msg/detail/transition__functions.c
[2.714s] -- Up-to-date: /home/nava/microros_ws/install/lifecycle_msgs/include/lifecycle_msgs/lifecycle_msgs/msg/detail/transition__struct.h
[2.714s] -- Up-to-date: /home/nava/microros_ws/install/lifecycle_msgs/include/lifecycle_msgs/lifecycle_msgs/msg/detail/transition_event__type_support.h
[2.714s] -- Up-to-date: /home/nava/microros_ws/install/lifecycle_msgs/include/lifecycle_msgs/lifecycle_msgs/msg/detail/transition_description__struct.h
[2.714s] -- Up-to-date: /home/nava/microros_ws/install/lifecycle_msgs/include/lifecycle_msgs/lifecycle_msgs/msg/detail/state__functions.h
[2.714s] -- Up-to-date: /home/nava/microros_ws/install/lifecycle_msgs/include/lifecycle_msgs/lifecycle_msgs/msg/transition.h
[2.714s] -- Up-to-date: /home/nava/microros_ws/install/lifecycle_msgs/include/lifecycle_msgs/lifecycle_msgs/msg/rosidl_generator_c__visibility_control.h
[2.714s] -- Up-to-date: /home/nava/microros_ws/install/lifecycle_msgs/include/lifecycle_msgs/lifecycle_msgs/msg/state.h
[2.714s] -- Up-to-date: /home/nava/microros_ws/install/lifecycle_msgs/include/lifecycle_msgs/lifecycle_msgs/msg/transition_description.h
[2.714s] -- Up-to-date: /home/nava/microros_ws/install/lifecycle_msgs/include/lifecycle_msgs/lifecycle_msgs/srv
[2.714s] -- Up-to-date: /home/nava/microros_ws/install/lifecycle_msgs/include/lifecycle_msgs/lifecycle_msgs/srv/detail
[2.714s] -- Installing: /home/nava/microros_ws/install/lifecycle_msgs/include/lifecycle_msgs/lifecycle_msgs/srv/detail/get_state__type_support.c
[2.715s] -- Up-to-date: /home/nava/microros_ws/install/lifecycle_msgs/include/lifecycle_msgs/lifecycle_msgs/srv/detail/get_state__functions.h
[2.715s] -- Up-to-date: /home/nava/microros_ws/install/lifecycle_msgs/include/lifecycle_msgs/lifecycle_msgs/srv/detail/get_state__struct.h
[2.715s] -- Up-to-date: /home/nava/microros_ws/install/lifecycle_msgs/include/lifecycle_msgs/lifecycle_msgs/srv/detail/get_state__functions.c
[2.715s] -- Installing: /home/nava/microros_ws/install/lifecycle_msgs/include/lifecycle_msgs/lifecycle_msgs/srv/detail/get_available_transitions__type_support.c
[2.715s] -- Up-to-date: /home/nava/microros_ws/install/lifecycle_msgs/include/lifecycle_msgs/lifecycle_msgs/srv/detail/get_available_transitions__description.c
[2.715s] -- Up-to-date: /home/nava/microros_ws/install/lifecycle_msgs/include/lifecycle_msgs/lifecycle_msgs/srv/detail/change_state__functions.h
[2.715s] -- Installing: /home/nava/microros_ws/install/lifecycle_msgs/include/lifecycle_msgs/lifecycle_msgs/srv/detail/change_state__type_support.c
[2.715s] -- Up-to-date: /home/nava/microros_ws/install/lifecycle_msgs/include/lifecycle_msgs/lifecycle_msgs/srv/detail/get_available_states__description.c
[2.715s] -- Up-to-date: /home/nava/microros_ws/install/lifecycle_msgs/include/lifecycle_msgs/lifecycle_msgs/srv/detail/get_available_states__struct.h
[2.715s] -- Up-to-date: /home/nava/microros_ws/install/lifecycle_msgs/include/lifecycle_msgs/lifecycle_msgs/srv/detail/change_state__struct.h
[2.715s] -- Up-to-date: /home/nava/microros_ws/install/lifecycle_msgs/include/lifecycle_msgs/lifecycle_msgs/srv/detail/get_available_states__functions.c
[2.715s] -- Up-to-date: /home/nava/microros_ws/install/lifecycle_msgs/include/lifecycle_msgs/lifecycle_msgs/srv/detail/get_state__description.c
[2.715s] -- Up-to-date: /home/nava/microros_ws/install/lifecycle_msgs/include/lifecycle_msgs/lifecycle_msgs/srv/detail/get_available_transitions__type_support.h
[2.715s] -- Up-to-date: /home/nava/microros_ws/install/lifecycle_msgs/include/lifecycle_msgs/lifecycle_msgs/srv/detail/get_available_transitions__struct.h
[2.715s] -- Up-to-date: /home/nava/microros_ws/install/lifecycle_msgs/include/lifecycle_msgs/lifecycle_msgs/srv/detail/get_available_states__functions.h
[2.715s] -- Up-to-date: /home/nava/microros_ws/install/lifecycle_msgs/include/lifecycle_msgs/lifecycle_msgs/srv/detail/change_state__description.c
[2.716s] -- Up-to-date: /home/nava/microros_ws/install/lifecycle_msgs/include/lifecycle_msgs/lifecycle_msgs/srv/detail/get_available_transitions__functions.c
[2.716s] -- Up-to-date: /home/nava/microros_ws/install/lifecycle_msgs/include/lifecycle_msgs/lifecycle_msgs/srv/detail/get_available_states__type_support.h
[2.716s] -- Up-to-date: /home/nava/microros_ws/install/lifecycle_msgs/include/lifecycle_msgs/lifecycle_msgs/srv/detail/get_state__type_support.h
[2.716s] -- Up-to-date: /home/nava/microros_ws/install/lifecycle_msgs/include/lifecycle_msgs/lifecycle_msgs/srv/detail/change_state__type_support.h
[2.716s] -- Up-to-date: /home/nava/microros_ws/install/lifecycle_msgs/include/lifecycle_msgs/lifecycle_msgs/srv/detail/get_available_transitions__functions.h
[2.716s] -- Installing: /home/nava/microros_ws/install/lifecycle_msgs/include/lifecycle_msgs/lifecycle_msgs/srv/detail/get_available_states__type_support.c
[2.716s] -- Up-to-date: /home/nava/microros_ws/install/lifecycle_msgs/include/lifecycle_msgs/lifecycle_msgs/srv/detail/change_state__functions.c
[2.716s] -- Up-to-date: /home/nava/microros_ws/install/lifecycle_msgs/include/lifecycle_msgs/lifecycle_msgs/srv/get_available_transitions.h
[2.716s] -- Up-to-date: /home/nava/microros_ws/install/lifecycle_msgs/include/lifecycle_msgs/lifecycle_msgs/srv/get_state.h
[2.716s] -- Up-to-date: /home/nava/microros_ws/install/lifecycle_msgs/include/lifecycle_msgs/lifecycle_msgs/srv/change_state.h
[2.716s] -- Up-to-date: /home/nava/microros_ws/install/lifecycle_msgs/include/lifecycle_msgs/lifecycle_msgs/srv/get_available_states.h
[2.716s] -- Up-to-date: /home/nava/microros_ws/install/lifecycle_msgs/share/lifecycle_msgs/environment/library_path.sh
[2.717s] -- Up-to-date: /home/nava/microros_ws/install/lifecycle_msgs/share/lifecycle_msgs/environment/library_path.dsv
[2.717s] -- Up-to-date: /home/nava/microros_ws/install/lifecycle_msgs/lib/liblifecycle_msgs__rosidl_generator_c.so
[2.717s] -- Up-to-date: /home/nava/microros_ws/install/lifecycle_msgs/include/lifecycle_msgs
[2.717s] -- Up-to-date: /home/nava/microros_ws/install/lifecycle_msgs/include/lifecycle_msgs/msg
[2.717s] -- Up-to-date: /home/nava/microros_ws/install/lifecycle_msgs/include/lifecycle_msgs/msg/detail
[2.717s] -- Up-to-date: /home/nava/microros_ws/install/lifecycle_msgs/include/lifecycle_msgs/msg/detail/transition_event__rosidl_typesupport_microxrcedds_c.h
[2.717s] -- Up-to-date: /home/nava/microros_ws/install/lifecycle_msgs/include/lifecycle_msgs/msg/detail/transition_description__rosidl_typesupport_microxrcedds_c.h
[2.717s] -- Up-to-date: /home/nava/microros_ws/install/lifecycle_msgs/include/lifecycle_msgs/msg/detail/state__rosidl_typesupport_microxrcedds_c.h
[2.717s] -- Up-to-date: /home/nava/microros_ws/install/lifecycle_msgs/include/lifecycle_msgs/msg/detail/microxrcedds
[2.717s] -- Up-to-date: /home/nava/microros_ws/install/lifecycle_msgs/include/lifecycle_msgs/msg/detail/transition__rosidl_typesupport_microxrcedds_c.h
[2.717s] -- Up-to-date: /home/nava/microros_ws/install/lifecycle_msgs/include/lifecycle_msgs/msg/rosidl_typesupport_microxrcedds_c__visibility_control.h
[2.717s] -- Up-to-date: /home/nava/microros_ws/install/lifecycle_msgs/include/lifecycle_msgs/srv
[2.717s] -- Up-to-date: /home/nava/microros_ws/install/lifecycle_msgs/include/lifecycle_msgs/srv/detail
[2.717s] -- Up-to-date: /home/nava/microros_ws/install/lifecycle_msgs/include/lifecycle_msgs/srv/detail/get_available_states__rosidl_typesupport_microxrcedds_c.h
[2.717s] -- Up-to-date: /home/nava/microros_ws/install/lifecycle_msgs/include/lifecycle_msgs/srv/detail/change_state__rosidl_typesupport_microxrcedds_c.h
[2.718s] -- Up-to-date: /home/nava/microros_ws/install/lifecycle_msgs/include/lifecycle_msgs/srv/detail/get_available_transitions__rosidl_typesupport_microxrcedds_c.h
[2.718s] -- Up-to-date: /home/nava/microros_ws/install/lifecycle_msgs/include/lifecycle_msgs/srv/detail/microxrcedds
[2.718s] -- Up-to-date: /home/nava/microros_ws/install/lifecycle_msgs/include/lifecycle_msgs/srv/detail/get_state__rosidl_typesupport_microxrcedds_c.h
[2.718s] -- Up-to-date: /home/nava/microros_ws/install/lifecycle_msgs/lib/liblifecycle_msgs__rosidl_typesupport_microxrcedds_c.so
[2.718s] -- Up-to-date: /home/nava/microros_ws/install/lifecycle_msgs/include/lifecycle_msgs/lifecycle_msgs
[2.718s] -- Up-to-date: /home/nava/microros_ws/install/lifecycle_msgs/include/lifecycle_msgs/lifecycle_msgs/msg
[2.718s] -- Up-to-date: /home/nava/microros_ws/install/lifecycle_msgs/include/lifecycle_msgs/lifecycle_msgs/msg/detail
[2.718s] -- Up-to-date: /home/nava/microros_ws/install/lifecycle_msgs/include/lifecycle_msgs/lifecycle_msgs/msg/detail/transition_event__rosidl_typesupport_fastrtps_c.h
[2.718s] -- Up-to-date: /home/nava/microros_ws/install/lifecycle_msgs/include/lifecycle_msgs/lifecycle_msgs/msg/detail/transition_description__rosidl_typesupport_fastrtps_c.h
[2.718s] -- Up-to-date: /home/nava/microros_ws/install/lifecycle_msgs/include/lifecycle_msgs/lifecycle_msgs/msg/detail/state__rosidl_typesupport_fastrtps_c.h
[2.718s] -- Up-to-date: /home/nava/microros_ws/install/lifecycle_msgs/include/lifecycle_msgs/lifecycle_msgs/msg/detail/transition__rosidl_typesupport_fastrtps_c.h
[2.718s] -- Up-to-date: /home/nava/microros_ws/install/lifecycle_msgs/include/lifecycle_msgs/lifecycle_msgs/msg/rosidl_typesupport_fastrtps_c__visibility_control.h
[2.718s] -- Up-to-date: /home/nava/microros_ws/install/lifecycle_msgs/include/lifecycle_msgs/lifecycle_msgs/srv
[2.718s] -- Up-to-date: /home/nava/microros_ws/install/lifecycle_msgs/include/lifecycle_msgs/lifecycle_msgs/srv/detail
[2.718s] -- Up-to-date: /home/nava/microros_ws/install/lifecycle_msgs/include/lifecycle_msgs/lifecycle_msgs/srv/detail/get_available_transitions__rosidl_typesupport_fastrtps_c.h
[2.718s] -- Up-to-date: /home/nava/microros_ws/install/lifecycle_msgs/include/lifecycle_msgs/lifecycle_msgs/srv/detail/change_state__rosidl_typesupport_fastrtps_c.h
[2.719s] -- Up-to-date: /home/nava/microros_ws/install/lifecycle_msgs/include/lifecycle_msgs/lifecycle_msgs/srv/detail/get_state__rosidl_typesupport_fastrtps_c.h
[2.719s] -- Up-to-date: /home/nava/microros_ws/install/lifecycle_msgs/include/lifecycle_msgs/lifecycle_msgs/srv/detail/get_available_states__rosidl_typesupport_fastrtps_c.h
[2.719s] -- Up-to-date: /home/nava/microros_ws/install/lifecycle_msgs/lib/liblifecycle_msgs__rosidl_typesupport_fastrtps_c.so
[2.719s] -- Up-to-date: /home/nava/microros_ws/install/lifecycle_msgs/include/lifecycle_msgs/lifecycle_msgs
[2.719s] -- Up-to-date: /home/nava/microros_ws/install/lifecycle_msgs/include/lifecycle_msgs/lifecycle_msgs/msg
[2.719s] -- Up-to-date: /home/nava/microros_ws/install/lifecycle_msgs/include/lifecycle_msgs/lifecycle_msgs/msg/detail
[2.719s] -- Installing: /home/nava/microros_ws/install/lifecycle_msgs/include/lifecycle_msgs/lifecycle_msgs/msg/detail/transition_description__type_support.c
[2.719s] -- Up-to-date: /home/nava/microros_ws/install/lifecycle_msgs/include/lifecycle_msgs/lifecycle_msgs/msg/detail/transition_event__rosidl_typesupport_introspection_c.h
[2.719s] -- Installing: /home/nava/microros_ws/install/lifecycle_msgs/include/lifecycle_msgs/lifecycle_msgs/msg/detail/state__type_support.c
[2.719s] -- Up-to-date: /home/nava/microros_ws/install/lifecycle_msgs/include/lifecycle_msgs/lifecycle_msgs/msg/detail/state__rosidl_typesupport_introspection_c.h
[2.720s] -- Installing: /home/nava/microros_ws/install/lifecycle_msgs/include/lifecycle_msgs/lifecycle_msgs/msg/detail/transition_event__type_support.c
[2.720s] -- Up-to-date: /home/nava/microros_ws/install/lifecycle_msgs/include/lifecycle_msgs/lifecycle_msgs/msg/detail/transition__rosidl_typesupport_introspection_c.h
[2.720s] -- Up-to-date: /home/nava/microros_ws/install/lifecycle_msgs/include/lifecycle_msgs/lifecycle_msgs/msg/detail/transition_description__rosidl_typesupport_introspection_c.h
[2.720s] -- Installing: /home/nava/microros_ws/install/lifecycle_msgs/include/lifecycle_msgs/lifecycle_msgs/msg/detail/transition__type_support.c
[2.720s] -- Up-to-date: /home/nava/microros_ws/install/lifecycle_msgs/include/lifecycle_msgs/lifecycle_msgs/msg/rosidl_typesupport_introspection_c__visibility_control.h
[2.720s] -- Up-to-date: /home/nava/microros_ws/install/lifecycle_msgs/include/lifecycle_msgs/lifecycle_msgs/srv
[2.720s] -- Up-to-date: /home/nava/microros_ws/install/lifecycle_msgs/include/lifecycle_msgs/lifecycle_msgs/srv/detail
[2.720s] -- Installing: /home/nava/microros_ws/install/lifecycle_msgs/include/lifecycle_msgs/lifecycle_msgs/srv/detail/get_state__type_support.c
[2.720s] -- Installing: /home/nava/microros_ws/install/lifecycle_msgs/include/lifecycle_msgs/lifecycle_msgs/srv/detail/get_available_transitions__type_support.c
[2.720s] -- Installing: /home/nava/microros_ws/install/lifecycle_msgs/include/lifecycle_msgs/lifecycle_msgs/srv/detail/change_state__type_support.c
[2.720s] -- Up-to-date: /home/nava/microros_ws/install/lifecycle_msgs/include/lifecycle_msgs/lifecycle_msgs/srv/detail/get_available_transitions__rosidl_typesupport_introspection_c.h
[2.720s] -- Up-to-date: /home/nava/microros_ws/install/lifecycle_msgs/include/lifecycle_msgs/lifecycle_msgs/srv/detail/get_available_states__rosidl_typesupport_introspection_c.h
[2.720s] -- Up-to-date: /home/nava/microros_ws/install/lifecycle_msgs/include/lifecycle_msgs/lifecycle_msgs/srv/detail/get_state__rosidl_typesupport_introspection_c.h
[2.720s] -- Up-to-date: /home/nava/microros_ws/install/lifecycle_msgs/include/lifecycle_msgs/lifecycle_msgs/srv/detail/change_state__rosidl_typesupport_introspection_c.h
[2.720s] -- Installing: /home/nava/microros_ws/install/lifecycle_msgs/include/lifecycle_msgs/lifecycle_msgs/srv/detail/get_available_states__type_support.c
[2.721s] -- Up-to-date: /home/nava/microros_ws/install/lifecycle_msgs/lib/liblifecycle_msgs__rosidl_typesupport_introspection_c.so
[2.721s] -- Up-to-date: /home/nava/microros_ws/install/lifecycle_msgs/lib/liblifecycle_msgs__rosidl_typesupport_c.so
[2.721s] -- Up-to-date: /home/nava/microros_ws/install/lifecycle_msgs/include/lifecycle_msgs/lifecycle_msgs
[2.721s] -- Up-to-date: /home/nava/microros_ws/install/lifecycle_msgs/include/lifecycle_msgs/lifecycle_msgs/msg
[2.721s] -- Up-to-date: /home/nava/microros_ws/install/lifecycle_msgs/include/lifecycle_msgs/lifecycle_msgs/msg/detail
[2.721s] -- Up-to-date: /home/nava/microros_ws/install/lifecycle_msgs/include/lifecycle_msgs/lifecycle_msgs/msg/detail/transition__traits.hpp
[2.721s] -- Up-to-date: /home/nava/microros_ws/install/lifecycle_msgs/include/lifecycle_msgs/lifecycle_msgs/msg/detail/transition_description__struct.hpp
[2.721s] -- Up-to-date: /home/nava/microros_ws/install/lifecycle_msgs/include/lifecycle_msgs/lifecycle_msgs/msg/detail/transition_event__builder.hpp
[2.721s] -- Up-to-date: /home/nava/microros_ws/install/lifecycle_msgs/include/lifecycle_msgs/lifecycle_msgs/msg/detail/transition_description__type_support.hpp
[2.721s] -- Up-to-date: /home/nava/microros_ws/install/lifecycle_msgs/include/lifecycle_msgs/lifecycle_msgs/msg/detail/transition_event__struct.hpp
[2.721s] -- Up-to-date: /home/nava/microros_ws/install/lifecycle_msgs/include/lifecycle_msgs/lifecycle_msgs/msg/detail/transition__struct.hpp
[2.721s] -- Up-to-date: /home/nava/microros_ws/install/lifecycle_msgs/include/lifecycle_msgs/lifecycle_msgs/msg/detail/transition__type_support.hpp
[2.722s] -- Up-to-date: /home/nava/microros_ws/install/lifecycle_msgs/include/lifecycle_msgs/lifecycle_msgs/msg/detail/state__builder.hpp
[2.722s] -- Up-to-date: /home/nava/microros_ws/install/lifecycle_msgs/include/lifecycle_msgs/lifecycle_msgs/msg/detail/state__type_support.hpp
[2.722s] -- Up-to-date: /home/nava/microros_ws/install/lifecycle_msgs/include/lifecycle_msgs/lifecycle_msgs/msg/detail/transition_event__traits.hpp
[2.722s] -- Up-to-date: /home/nava/microros_ws/install/lifecycle_msgs/include/lifecycle_msgs/lifecycle_msgs/msg/detail/state__traits.hpp
[2.722s] -- Up-to-date: /home/nava/microros_ws/install/lifecycle_msgs/include/lifecycle_msgs/lifecycle_msgs/msg/detail/transition__builder.hpp
[2.722s] -- Up-to-date: /home/nava/microros_ws/install/lifecycle_msgs/include/lifecycle_msgs/lifecycle_msgs/msg/detail/transition_event__type_support.hpp
[2.722s] -- Up-to-date: /home/nava/microros_ws/install/lifecycle_msgs/include/lifecycle_msgs/lifecycle_msgs/msg/detail/state__struct.hpp
[2.723s] -- Up-to-date: /home/nava/microros_ws/install/lifecycle_msgs/include/lifecycle_msgs/lifecycle_msgs/msg/detail/transition_description__builder.hpp
[2.723s] -- Up-to-date: /home/nava/microros_ws/install/lifecycle_msgs/include/lifecycle_msgs/lifecycle_msgs/msg/detail/transition_description__traits.hpp
[2.723s] -- Up-to-date: /home/nava/microros_ws/install/lifecycle_msgs/include/lifecycle_msgs/lifecycle_msgs/msg/state.hpp
[2.723s] -- Up-to-date: /home/nava/microros_ws/install/lifecycle_msgs/include/lifecycle_msgs/lifecycle_msgs/msg/transition_description.hpp
[2.723s] -- Up-to-date: /home/nava/microros_ws/install/lifecycle_msgs/include/lifecycle_msgs/lifecycle_msgs/msg/transition_event.hpp
[2.724s] -- Up-to-date: /home/nava/microros_ws/install/lifecycle_msgs/include/lifecycle_msgs/lifecycle_msgs/msg/rosidl_generator_cpp__visibility_control.hpp
[2.724s] -- Up-to-date: /home/nava/microros_ws/install/lifecycle_msgs/include/lifecycle_msgs/lifecycle_msgs/msg/transition.hpp
[2.724s] -- Up-to-date: /home/nava/microros_ws/install/lifecycle_msgs/include/lifecycle_msgs/lifecycle_msgs/srv
[2.724s] -- Up-to-date: /home/nava/microros_ws/install/lifecycle_msgs/include/lifecycle_msgs/lifecycle_msgs/srv/detail
[2.724s] -- Up-to-date: /home/nava/microros_ws/install/lifecycle_msgs/include/lifecycle_msgs/lifecycle_msgs/srv/detail/get_available_transitions__type_support.hpp
[2.724s] -- Up-to-date: /home/nava/microros_ws/install/lifecycle_msgs/include/lifecycle_msgs/lifecycle_msgs/srv/detail/get_available_states__builder.hpp
[2.724s] -- Up-to-date: /home/nava/microros_ws/install/lifecycle_msgs/include/lifecycle_msgs/lifecycle_msgs/srv/detail/change_state__struct.hpp
[2.724s] -- Up-to-date: /home/nava/microros_ws/install/lifecycle_msgs/include/lifecycle_msgs/lifecycle_msgs/srv/detail/get_available_states__struct.hpp
[2.724s] -- Up-to-date: /home/nava/microros_ws/install/lifecycle_msgs/include/lifecycle_msgs/lifecycle_msgs/srv/detail/get_available_transitions__traits.hpp
[2.724s] -- Up-to-date: /home/nava/microros_ws/install/lifecycle_msgs/include/lifecycle_msgs/lifecycle_msgs/srv/detail/change_state__type_support.hpp
[2.724s] -- Up-to-date: /home/nava/microros_ws/install/lifecycle_msgs/include/lifecycle_msgs/lifecycle_msgs/srv/detail/change_state__traits.hpp
[2.725s] -- Up-to-date: /home/nava/microros_ws/install/lifecycle_msgs/include/lifecycle_msgs/lifecycle_msgs/srv/detail/change_state__builder.hpp
[2.725s] -- Up-to-date: /home/nava/microros_ws/install/lifecycle_msgs/include/lifecycle_msgs/lifecycle_msgs/srv/detail/get_available_states__type_support.hpp
[2.725s] -- Up-to-date: /home/nava/microros_ws/install/lifecycle_msgs/include/lifecycle_msgs/lifecycle_msgs/srv/detail/get_state__builder.hpp
[2.725s] -- Up-to-date: /home/nava/microros_ws/install/lifecycle_msgs/include/lifecycle_msgs/lifecycle_msgs/srv/detail/get_state__type_support.hpp
[2.725s] -- Up-to-date: /home/nava/microros_ws/install/lifecycle_msgs/include/lifecycle_msgs/lifecycle_msgs/srv/detail/get_state__struct.hpp
[2.725s] -- Up-to-date: /home/nava/microros_ws/install/lifecycle_msgs/include/lifecycle_msgs/lifecycle_msgs/srv/detail/get_available_transitions__struct.hpp
[2.725s] -- Up-to-date: /home/nava/microros_ws/install/lifecycle_msgs/include/lifecycle_msgs/lifecycle_msgs/srv/detail/get_available_states__traits.hpp
[2.725s] -- Up-to-date: /home/nava/microros_ws/install/lifecycle_msgs/include/lifecycle_msgs/lifecycle_msgs/srv/detail/get_state__traits.hpp
[2.725s] -- Up-to-date: /home/nava/microros_ws/install/lifecycle_msgs/include/lifecycle_msgs/lifecycle_msgs/srv/detail/get_available_transitions__builder.hpp
[2.725s] -- Up-to-date: /home/nava/microros_ws/install/lifecycle_msgs/include/lifecycle_msgs/lifecycle_msgs/srv/get_state.hpp
[2.726s] -- Up-to-date: /home/nava/microros_ws/install/lifecycle_msgs/include/lifecycle_msgs/lifecycle_msgs/srv/get_available_states.hpp
[2.726s] -- Up-to-date: /home/nava/microros_ws/install/lifecycle_msgs/include/lifecycle_msgs/lifecycle_msgs/srv/get_available_transitions.hpp
[2.726s] -- Up-to-date: /home/nava/microros_ws/install/lifecycle_msgs/include/lifecycle_msgs/lifecycle_msgs/srv/change_state.hpp
[2.726s] -- Up-to-date: /home/nava/microros_ws/install/lifecycle_msgs/include/lifecycle_msgs
[2.726s] -- Up-to-date: /home/nava/microros_ws/install/lifecycle_msgs/include/lifecycle_msgs/msg
[2.726s] -- Up-to-date: /home/nava/microros_ws/install/lifecycle_msgs/include/lifecycle_msgs/msg/detail
[2.726s] -- Up-to-date: /home/nava/microros_ws/install/lifecycle_msgs/include/lifecycle_msgs/msg/detail/transition__rosidl_typesupport_microxrcedds_cpp.hpp
[2.726s] -- Up-to-date: /home/nava/microros_ws/install/lifecycle_msgs/include/lifecycle_msgs/msg/detail/microxrcedds
[2.726s] -- Up-to-date: /home/nava/microros_ws/install/lifecycle_msgs/include/lifecycle_msgs/msg/detail/microxrcedds/transition_description__type_support_cpp.cpp
[2.726s] -- Up-to-date: /home/nava/microros_ws/install/lifecycle_msgs/include/lifecycle_msgs/msg/detail/microxrcedds/transition_event__type_support_cpp.cpp
[2.726s] -- Up-to-date: /home/nava/microros_ws/install/lifecycle_msgs/include/lifecycle_msgs/msg/detail/microxrcedds/state__type_support_cpp.cpp
[2.726s] -- Up-to-date: /home/nava/microros_ws/install/lifecycle_msgs/include/lifecycle_msgs/msg/detail/microxrcedds/transition__type_support_cpp.cpp
[2.726s] -- Up-to-date: /home/nava/microros_ws/install/lifecycle_msgs/include/lifecycle_msgs/msg/detail/transition_event__rosidl_typesupport_microxrcedds_cpp.hpp
[2.726s] -- Up-to-date: /home/nava/microros_ws/install/lifecycle_msgs/include/lifecycle_msgs/msg/detail/transition_description__rosidl_typesupport_microxrcedds_cpp.hpp
[2.727s] -- Up-to-date: /home/nava/microros_ws/install/lifecycle_msgs/include/lifecycle_msgs/msg/detail/state__rosidl_typesupport_microxrcedds_cpp.hpp
[2.727s] -- Up-to-date: /home/nava/microros_ws/install/lifecycle_msgs/include/lifecycle_msgs/msg/rosidl_typesupport_microxrcedds_cpp__visibility_control.h
[2.727s] -- Up-to-date: /home/nava/microros_ws/install/lifecycle_msgs/include/lifecycle_msgs/srv
[2.727s] -- Up-to-date: /home/nava/microros_ws/install/lifecycle_msgs/include/lifecycle_msgs/srv/detail
[2.727s] -- Up-to-date: /home/nava/microros_ws/install/lifecycle_msgs/include/lifecycle_msgs/srv/detail/get_available_states__rosidl_typesupport_microxrcedds_cpp.hpp
[2.727s] -- Up-to-date: /home/nava/microros_ws/install/lifecycle_msgs/include/lifecycle_msgs/srv/detail/get_state__rosidl_typesupport_microxrcedds_cpp.hpp
[2.727s] -- Up-to-date: /home/nava/microros_ws/install/lifecycle_msgs/include/lifecycle_msgs/srv/detail/microxrcedds
[2.728s] -- Up-to-date: /home/nava/microros_ws/install/lifecycle_msgs/include/lifecycle_msgs/srv/detail/microxrcedds/get_state__type_support_cpp.cpp
[2.728s] -- Up-to-date: /home/nava/microros_ws/install/lifecycle_msgs/include/lifecycle_msgs/srv/detail/microxrcedds/get_available_states__type_support_cpp.cpp
[2.728s] -- Up-to-date: /home/nava/microros_ws/install/lifecycle_msgs/include/lifecycle_msgs/srv/detail/microxrcedds/get_available_transitions__type_support_cpp.cpp
[2.729s] -- Up-to-date: /home/nava/microros_ws/install/lifecycle_msgs/include/lifecycle_msgs/srv/detail/microxrcedds/change_state__type_support_cpp.cpp
[2.729s] -- Up-to-date: /home/nava/microros_ws/install/lifecycle_msgs/include/lifecycle_msgs/srv/detail/get_available_transitions__rosidl_typesupport_microxrcedds_cpp.hpp
[2.729s] -- Up-to-date: /home/nava/microros_ws/install/lifecycle_msgs/include/lifecycle_msgs/srv/detail/change_state__rosidl_typesupport_microxrcedds_cpp.hpp
[2.729s] -- Up-to-date: /home/nava/microros_ws/install/lifecycle_msgs/lib/liblifecycle_msgs__rosidl_typesupport_microxrcedds_cpp.so
[2.729s] -- Up-to-date: /home/nava/microros_ws/install/lifecycle_msgs/include/lifecycle_msgs/lifecycle_msgs
[2.729s] -- Up-to-date: /home/nava/microros_ws/install/lifecycle_msgs/include/lifecycle_msgs/lifecycle_msgs/msg
[2.729s] -- Up-to-date: /home/nava/microros_ws/install/lifecycle_msgs/include/lifecycle_msgs/lifecycle_msgs/msg/detail
[2.729s] -- Up-to-date: /home/nava/microros_ws/install/lifecycle_msgs/include/lifecycle_msgs/lifecycle_msgs/msg/detail/transition_event__rosidl_typesupport_fastrtps_cpp.hpp
[2.729s] -- Up-to-date: /home/nava/microros_ws/install/lifecycle_msgs/include/lifecycle_msgs/lifecycle_msgs/msg/detail/transition_description__rosidl_typesupport_fastrtps_cpp.hpp
[2.729s] -- Up-to-date: /home/nava/microros_ws/install/lifecycle_msgs/include/lifecycle_msgs/lifecycle_msgs/msg/detail/dds_fastrtps
[2.729s] -- Up-to-date: /home/nava/microros_ws/install/lifecycle_msgs/include/lifecycle_msgs/lifecycle_msgs/msg/detail/transition__rosidl_typesupport_fastrtps_cpp.hpp
[2.729s] -- Up-to-date: /home/nava/microros_ws/install/lifecycle_msgs/include/lifecycle_msgs/lifecycle_msgs/msg/detail/state__rosidl_typesupport_fastrtps_cpp.hpp
[2.730s] -- Up-to-date: /home/nava/microros_ws/install/lifecycle_msgs/include/lifecycle_msgs/lifecycle_msgs/msg/rosidl_typesupport_fastrtps_cpp__visibility_control.h
[2.730s] -- Up-to-date: /home/nava/microros_ws/install/lifecycle_msgs/include/lifecycle_msgs/lifecycle_msgs/srv
[2.730s] -- Up-to-date: /home/nava/microros_ws/install/lifecycle_msgs/include/lifecycle_msgs/lifecycle_msgs/srv/detail
[2.730s] -- Up-to-date: /home/nava/microros_ws/install/lifecycle_msgs/include/lifecycle_msgs/lifecycle_msgs/srv/detail/change_state__rosidl_typesupport_fastrtps_cpp.hpp
[2.730s] -- Up-to-date: /home/nava/microros_ws/install/lifecycle_msgs/include/lifecycle_msgs/lifecycle_msgs/srv/detail/get_state__rosidl_typesupport_fastrtps_cpp.hpp
[2.730s] -- Up-to-date: /home/nava/microros_ws/install/lifecycle_msgs/include/lifecycle_msgs/lifecycle_msgs/srv/detail/get_available_states__rosidl_typesupport_fastrtps_cpp.hpp
[2.730s] -- Up-to-date: /home/nava/microros_ws/install/lifecycle_msgs/include/lifecycle_msgs/lifecycle_msgs/srv/detail/get_available_transitions__rosidl_typesupport_fastrtps_cpp.hpp
[2.730s] -- Up-to-date: /home/nava/microros_ws/install/lifecycle_msgs/include/lifecycle_msgs/lifecycle_msgs/srv/detail/dds_fastrtps
[2.730s] -- Up-to-date: /home/nava/microros_ws/install/lifecycle_msgs/lib/liblifecycle_msgs__rosidl_typesupport_fastrtps_cpp.so
[2.730s] -- Up-to-date: /home/nava/microros_ws/install/lifecycle_msgs/include/lifecycle_msgs/lifecycle_msgs
[2.730s] -- Up-to-date: /home/nava/microros_ws/install/lifecycle_msgs/include/lifecycle_msgs/lifecycle_msgs/msg
[2.730s] -- Up-to-date: /home/nava/microros_ws/install/lifecycle_msgs/include/lifecycle_msgs/lifecycle_msgs/msg/detail
[2.730s] -- Up-to-date: /home/nava/microros_ws/install/lifecycle_msgs/include/lifecycle_msgs/lifecycle_msgs/msg/detail/transition_description__type_support.cpp
[2.731s] -- Up-to-date: /home/nava/microros_ws/install/lifecycle_msgs/include/lifecycle_msgs/lifecycle_msgs/msg/detail/state__rosidl_typesupport_introspection_cpp.hpp
[2.731s] -- Up-to-date: /home/nava/microros_ws/install/lifecycle_msgs/include/lifecycle_msgs/lifecycle_msgs/msg/detail/transition_event__rosidl_typesupport_introspection_cpp.hpp
[2.731s] -- Up-to-date: /home/nava/microros_ws/install/lifecycle_msgs/include/lifecycle_msgs/lifecycle_msgs/msg/detail/transition_event__type_support.cpp
[2.731s] -- Up-to-date: /home/nava/microros_ws/install/lifecycle_msgs/include/lifecycle_msgs/lifecycle_msgs/msg/detail/transition__rosidl_typesupport_introspection_cpp.hpp
[2.731s] -- Up-to-date: /home/nava/microros_ws/install/lifecycle_msgs/include/lifecycle_msgs/lifecycle_msgs/msg/detail/state__type_support.cpp
[2.731s] -- Up-to-date: /home/nava/microros_ws/install/lifecycle_msgs/include/lifecycle_msgs/lifecycle_msgs/msg/detail/transition__type_support.cpp
[2.731s] -- Up-to-date: /home/nava/microros_ws/install/lifecycle_msgs/include/lifecycle_msgs/lifecycle_msgs/msg/detail/transition_description__rosidl_typesupport_introspection_cpp.hpp
[2.731s] -- Up-to-date: /home/nava/microros_ws/install/lifecycle_msgs/include/lifecycle_msgs/lifecycle_msgs/srv
[2.731s] -- Up-to-date: /home/nava/microros_ws/install/lifecycle_msgs/include/lifecycle_msgs/lifecycle_msgs/srv/detail
[2.731s] -- Up-to-date: /home/nava/microros_ws/install/lifecycle_msgs/include/lifecycle_msgs/lifecycle_msgs/srv/detail/change_state__type_support.cpp
[2.731s] -- Up-to-date: /home/nava/microros_ws/install/lifecycle_msgs/include/lifecycle_msgs/lifecycle_msgs/srv/detail/get_state__rosidl_typesupport_introspection_cpp.hpp
[2.732s] -- Up-to-date: /home/nava/microros_ws/install/lifecycle_msgs/include/lifecycle_msgs/lifecycle_msgs/srv/detail/change_state__rosidl_typesupport_introspection_cpp.hpp
[2.732s] -- Up-to-date: /home/nava/microros_ws/install/lifecycle_msgs/include/lifecycle_msgs/lifecycle_msgs/srv/detail/get_available_states__rosidl_typesupport_introspection_cpp.hpp
[2.732s] -- Up-to-date: /home/nava/microros_ws/install/lifecycle_msgs/include/lifecycle_msgs/lifecycle_msgs/srv/detail/get_available_states__type_support.cpp
[2.732s] -- Up-to-date: /home/nava/microros_ws/install/lifecycle_msgs/include/lifecycle_msgs/lifecycle_msgs/srv/detail/get_available_transitions__rosidl_typesupport_introspection_cpp.hpp
[2.732s] -- Up-to-date: /home/nava/microros_ws/install/lifecycle_msgs/include/lifecycle_msgs/lifecycle_msgs/srv/detail/get_available_transitions__type_support.cpp
[2.732s] -- Up-to-date: /home/nava/microros_ws/install/lifecycle_msgs/include/lifecycle_msgs/lifecycle_msgs/srv/detail/get_state__type_support.cpp
[2.732s] -- Up-to-date: /home/nava/microros_ws/install/lifecycle_msgs/lib/liblifecycle_msgs__rosidl_typesupport_introspection_cpp.so
[2.732s] -- Up-to-date: /home/nava/microros_ws/install/lifecycle_msgs/lib/liblifecycle_msgs__rosidl_typesupport_cpp.so
[2.732s] -- Up-to-date: /home/nava/microros_ws/install/lifecycle_msgs/share/lifecycle_msgs/environment/pythonpath.sh
[2.732s] -- Up-to-date: /home/nava/microros_ws/install/lifecycle_msgs/share/lifecycle_msgs/environment/pythonpath.dsv
[2.733s] -- Up-to-date: /home/nava/microros_ws/install/lifecycle_msgs/lib/python3.12/site-packages/lifecycle_msgs-2.0.2-py3.12.egg-info
[2.733s] -- Installing: /home/nava/microros_ws/install/lifecycle_msgs/lib/python3.12/site-packages/lifecycle_msgs-2.0.2-py3.12.egg-info/dependency_links.txt
[2.733s] -- Installing: /home/nava/microros_ws/install/lifecycle_msgs/lib/python3.12/site-packages/lifecycle_msgs-2.0.2-py3.12.egg-info/top_level.txt
[2.733s] -- Installing: /home/nava/microros_ws/install/lifecycle_msgs/lib/python3.12/site-packages/lifecycle_msgs-2.0.2-py3.12.egg-info/SOURCES.txt
[2.733s] -- Installing: /home/nava/microros_ws/install/lifecycle_msgs/lib/python3.12/site-packages/lifecycle_msgs-2.0.2-py3.12.egg-info/PKG-INFO
[2.733s] -- Up-to-date: /home/nava/microros_ws/install/lifecycle_msgs/lib/python3.12/site-packages/lifecycle_msgs
[2.733s] -- Up-to-date: /home/nava/microros_ws/install/lifecycle_msgs/lib/python3.12/site-packages/lifecycle_msgs/lifecycle_msgs_s__rosidl_typesupport_microxrcedds_c.so
[2.733s] -- Up-to-date: /home/nava/microros_ws/install/lifecycle_msgs/lib/python3.12/site-packages/lifecycle_msgs/_lifecycle_msgs_s.ep.rosidl_typesupport_c.c
[2.733s] -- Up-to-date: /home/nava/microros_ws/install/lifecycle_msgs/lib/python3.12/site-packages/lifecycle_msgs/_lifecycle_msgs_s.ep.rosidl_typesupport_fastrtps_c.c
[2.733s] -- Installing: /home/nava/microros_ws/install/lifecycle_msgs/lib/python3.12/site-packages/lifecycle_msgs/__init__.py
[2.733s] -- Up-to-date: /home/nava/microros_ws/install/lifecycle_msgs/lib/python3.12/site-packages/lifecycle_msgs/lifecycle_msgs_s__rosidl_typesupport_introspection_c.so
[2.733s] -- Up-to-date: /home/nava/microros_ws/install/lifecycle_msgs/lib/python3.12/site-packages/lifecycle_msgs/_lifecycle_msgs_s.ep.rosidl_typesupport_microxrcedds_c.c
[2.733s] -- Up-to-date: /home/nava/microros_ws/install/lifecycle_msgs/lib/python3.12/site-packages/lifecycle_msgs/_lifecycle_msgs_s.ep.rosidl_typesupport_introspection_c.c
[2.733s] -- Up-to-date: /home/nava/microros_ws/install/lifecycle_msgs/lib/python3.12/site-packages/lifecycle_msgs/msg
[2.733s] -- Up-to-date: /home/nava/microros_ws/install/lifecycle_msgs/lib/python3.12/site-packages/lifecycle_msgs/msg/_state.py
[2.733s] -- Up-to-date: /home/nava/microros_ws/install/lifecycle_msgs/lib/python3.12/site-packages/lifecycle_msgs/msg/_transition.py
[2.734s] -- Up-to-date: /home/nava/microros_ws/install/lifecycle_msgs/lib/python3.12/site-packages/lifecycle_msgs/msg/__init__.py
[2.734s] -- Up-to-date: /home/nava/microros_ws/install/lifecycle_msgs/lib/python3.12/site-packages/lifecycle_msgs/msg/_transition_description.py
[2.734s] -- Up-to-date: /home/nava/microros_ws/install/lifecycle_msgs/lib/python3.12/site-packages/lifecycle_msgs/msg/_transition_event.py
[2.734s] -- Up-to-date: /home/nava/microros_ws/install/lifecycle_msgs/lib/python3.12/site-packages/lifecycle_msgs/msg/_state_s.c
[2.734s] -- Up-to-date: /home/nava/microros_ws/install/lifecycle_msgs/lib/python3.12/site-packages/lifecycle_msgs/msg/_transition_s.c
[2.734s] -- Up-to-date: /home/nava/microros_ws/install/lifecycle_msgs/lib/python3.12/site-packages/lifecycle_msgs/msg/_transition_event_s.c
[2.734s] -- Up-to-date: /home/nava/microros_ws/install/lifecycle_msgs/lib/python3.12/site-packages/lifecycle_msgs/msg/_transition_description_s.c
[2.734s] -- Up-to-date: /home/nava/microros_ws/install/lifecycle_msgs/lib/python3.12/site-packages/lifecycle_msgs/lifecycle_msgs_s__rosidl_typesupport_fastrtps_c.so
[2.734s] -- Up-to-date: /home/nava/microros_ws/install/lifecycle_msgs/lib/python3.12/site-packages/lifecycle_msgs/lifecycle_msgs_s__rosidl_typesupport_c.so
[2.734s] -- Up-to-date: /home/nava/microros_ws/install/lifecycle_msgs/lib/python3.12/site-packages/lifecycle_msgs/srv
[2.734s] -- Up-to-date: /home/nava/microros_ws/install/lifecycle_msgs/lib/python3.12/site-packages/lifecycle_msgs/srv/_get_available_transitions.py
[2.735s] -- Up-to-date: /home/nava/microros_ws/install/lifecycle_msgs/lib/python3.12/site-packages/lifecycle_msgs/srv/_change_state.py
[2.735s] -- Up-to-date: /home/nava/microros_ws/install/lifecycle_msgs/lib/python3.12/site-packages/lifecycle_msgs/srv/__init__.py
[2.735s] -- Up-to-date: /home/nava/microros_ws/install/lifecycle_msgs/lib/python3.12/site-packages/lifecycle_msgs/srv/_get_state_s.c
[2.735s] -- Up-to-date: /home/nava/microros_ws/install/lifecycle_msgs/lib/python3.12/site-packages/lifecycle_msgs/srv/_get_available_transitions_s.c
[2.735s] -- Up-to-date: /home/nava/microros_ws/install/lifecycle_msgs/lib/python3.12/site-packages/lifecycle_msgs/srv/_get_available_states_s.c
[2.735s] -- Up-to-date: /home/nava/microros_ws/install/lifecycle_msgs/lib/python3.12/site-packages/lifecycle_msgs/srv/_get_available_states.py
[2.735s] -- Up-to-date: /home/nava/microros_ws/install/lifecycle_msgs/lib/python3.12/site-packages/lifecycle_msgs/srv/_get_state.py
[2.735s] -- Up-to-date: /home/nava/microros_ws/install/lifecycle_msgs/lib/python3.12/site-packages/lifecycle_msgs/srv/_change_state_s.c
[2.820s] Listing '/home/nava/microros_ws/install/lifecycle_msgs/lib/python3.12/site-packages/lifecycle_msgs'...
[2.821s] Compiling '/home/nava/microros_ws/install/lifecycle_msgs/lib/python3.12/site-packages/lifecycle_msgs/__init__.py'...
[2.821s] Listing '/home/nava/microros_ws/install/lifecycle_msgs/lib/python3.12/site-packages/lifecycle_msgs/msg'...
[2.821s] Listing '/home/nava/microros_ws/install/lifecycle_msgs/lib/python3.12/site-packages/lifecycle_msgs/srv'...
[2.839s] -- Up-to-date: /home/nava/microros_ws/install/lifecycle_msgs/lib/python3.12/site-packages/lifecycle_msgs/lifecycle_msgs_s__rosidl_typesupport_microxrcedds_c.so
[2.842s] -- Up-to-date: /home/nava/microros_ws/install/lifecycle_msgs/lib/python3.12/site-packages/lifecycle_msgs/lifecycle_msgs_s__rosidl_typesupport_fastrtps_c.so
[2.842s] -- Up-to-date: /home/nava/microros_ws/install/lifecycle_msgs/lib/python3.12/site-packages/lifecycle_msgs/lifecycle_msgs_s__rosidl_typesupport_introspection_c.so
[2.842s] -- Up-to-date: /home/nava/microros_ws/install/lifecycle_msgs/lib/python3.12/site-packages/lifecycle_msgs/lifecycle_msgs_s__rosidl_typesupport_c.so
[2.848s] -- Up-to-date: /home/nava/microros_ws/install/lifecycle_msgs/lib/liblifecycle_msgs__rosidl_generator_py.so
[2.848s] -- Up-to-date: /home/nava/microros_ws/install/lifecycle_msgs/share/lifecycle_msgs/msg/State.idl
[2.848s] -- Up-to-date: /home/nava/microros_ws/install/lifecycle_msgs/share/lifecycle_msgs/msg/Transition.idl
[2.848s] -- Up-to-date: /home/nava/microros_ws/install/lifecycle_msgs/share/lifecycle_msgs/msg/TransitionDescription.idl
[2.848s] -- Up-to-date: /home/nava/microros_ws/install/lifecycle_msgs/share/lifecycle_msgs/msg/TransitionEvent.idl
[2.848s] -- Up-to-date: /home/nava/microros_ws/install/lifecycle_msgs/share/lifecycle_msgs/srv/ChangeState.idl
[2.848s] -- Up-to-date: /home/nava/microros_ws/install/lifecycle_msgs/share/lifecycle_msgs/srv/GetAvailableStates.idl
[2.848s] -- Up-to-date: /home/nava/microros_ws/install/lifecycle_msgs/share/lifecycle_msgs/srv/GetAvailableTransitions.idl
[2.849s] -- Up-to-date: /home/nava/microros_ws/install/lifecycle_msgs/share/lifecycle_msgs/srv/GetState.idl
[2.849s] -- Up-to-date: /home/nava/microros_ws/install/lifecycle_msgs/share/lifecycle_msgs/msg/State.msg
[2.849s] -- Up-to-date: /home/nava/microros_ws/install/lifecycle_msgs/share/lifecycle_msgs/msg/Transition.msg
[2.849s] -- Up-to-date: /home/nava/microros_ws/install/lifecycle_msgs/share/lifecycle_msgs/msg/TransitionDescription.msg
[2.849s] -- Up-to-date: /home/nava/microros_ws/install/lifecycle_msgs/share/lifecycle_msgs/msg/TransitionEvent.msg
[2.849s] -- Up-to-date: /home/nava/microros_ws/install/lifecycle_msgs/share/lifecycle_msgs/srv/ChangeState.srv
[2.849s] -- Up-to-date: /home/nava/microros_ws/install/lifecycle_msgs/share/lifecycle_msgs/srv/GetAvailableStates.srv
[2.849s] -- Up-to-date: /home/nava/microros_ws/install/lifecycle_msgs/share/lifecycle_msgs/srv/GetAvailableTransitions.srv
[2.849s] -- Up-to-date: /home/nava/microros_ws/install/lifecycle_msgs/share/lifecycle_msgs/srv/GetState.srv
[2.849s] -- Up-to-date: /home/nava/microros_ws/install/lifecycle_msgs/share/ament_index/resource_index/package_run_dependencies/lifecycle_msgs
[2.850s] -- Installing: /home/nava/microros_ws/install/lifecycle_msgs/share/ament_index/resource_index/parent_prefix_path/lifecycle_msgs
[2.850s] -- Up-to-date: /home/nava/microros_ws/install/lifecycle_msgs/share/lifecycle_msgs/environment/ament_prefix_path.sh
[2.850s] -- Up-to-date: /home/nava/microros_ws/install/lifecycle_msgs/share/lifecycle_msgs/environment/ament_prefix_path.dsv
[2.850s] -- Up-to-date: /home/nava/microros_ws/install/lifecycle_msgs/share/lifecycle_msgs/environment/path.sh
[2.850s] -- Up-to-date: /home/nava/microros_ws/install/lifecycle_msgs/share/lifecycle_msgs/environment/path.dsv
[2.850s] -- Up-to-date: /home/nava/microros_ws/install/lifecycle_msgs/share/lifecycle_msgs/local_setup.bash
[2.853s] -- Up-to-date: /home/nava/microros_ws/install/lifecycle_msgs/share/lifecycle_msgs/local_setup.sh
[2.859s] -- Up-to-date: /home/nava/microros_ws/install/lifecycle_msgs/share/lifecycle_msgs/local_setup.zsh
[2.859s] -- Up-to-date: /home/nava/microros_ws/install/lifecycle_msgs/share/lifecycle_msgs/local_setup.dsv
[2.860s] -- Installing: /home/nava/microros_ws/install/lifecycle_msgs/share/lifecycle_msgs/package.dsv
[2.860s] -- Up-to-date: /home/nava/microros_ws/install/lifecycle_msgs/share/ament_index/resource_index/packages/lifecycle_msgs
[2.860s] -- Up-to-date: /home/nava/microros_ws/install/lifecycle_msgs/share/lifecycle_msgs/cmake/export_lifecycle_msgs__rosidl_generator_cExport.cmake
[2.860s] -- Up-to-date: /home/nava/microros_ws/install/lifecycle_msgs/share/lifecycle_msgs/cmake/export_lifecycle_msgs__rosidl_generator_cExport-noconfig.cmake
[2.860s] -- Up-to-date: /home/nava/microros_ws/install/lifecycle_msgs/share/lifecycle_msgs/cmake/export_lifecycle_msgs__rosidl_typesupport_fastrtps_cExport.cmake
[2.860s] -- Up-to-date: /home/nava/microros_ws/install/lifecycle_msgs/share/lifecycle_msgs/cmake/export_lifecycle_msgs__rosidl_typesupport_fastrtps_cExport-noconfig.cmake
[2.860s] -- Up-to-date: /home/nava/microros_ws/install/lifecycle_msgs/share/lifecycle_msgs/cmake/lifecycle_msgs__rosidl_typesupport_introspection_cExport.cmake
[2.860s] -- Up-to-date: /home/nava/microros_ws/install/lifecycle_msgs/share/lifecycle_msgs/cmake/lifecycle_msgs__rosidl_typesupport_introspection_cExport-noconfig.cmake
[2.861s] -- Up-to-date: /home/nava/microros_ws/install/lifecycle_msgs/share/lifecycle_msgs/cmake/lifecycle_msgs__rosidl_typesupport_cExport.cmake
[2.861s] -- Up-to-date: /home/nava/microros_ws/install/lifecycle_msgs/share/lifecycle_msgs/cmake/lifecycle_msgs__rosidl_typesupport_cExport-noconfig.cmake
[2.861s] -- Up-to-date: /home/nava/microros_ws/install/lifecycle_msgs/share/lifecycle_msgs/cmake/export_lifecycle_msgs__rosidl_generator_cppExport.cmake
[2.864s] -- Up-to-date: /home/nava/microros_ws/install/lifecycle_msgs/share/lifecycle_msgs/cmake/export_lifecycle_msgs__rosidl_typesupport_fastrtps_cppExport.cmake
[2.864s] -- Up-to-date: /home/nava/microros_ws/install/lifecycle_msgs/share/lifecycle_msgs/cmake/export_lifecycle_msgs__rosidl_typesupport_fastrtps_cppExport-noconfig.cmake
[2.864s] -- Up-to-date: /home/nava/microros_ws/install/lifecycle_msgs/share/lifecycle_msgs/cmake/lifecycle_msgs__rosidl_typesupport_introspection_cppExport.cmake
[2.864s] -- Up-to-date: /home/nava/microros_ws/install/lifecycle_msgs/share/lifecycle_msgs/cmake/lifecycle_msgs__rosidl_typesupport_introspection_cppExport-noconfig.cmake
[2.864s] -- Up-to-date: /home/nava/microros_ws/install/lifecycle_msgs/share/lifecycle_msgs/cmake/lifecycle_msgs__rosidl_typesupport_cppExport.cmake
[2.864s] -- Up-to-date: /home/nava/microros_ws/install/lifecycle_msgs/share/lifecycle_msgs/cmake/lifecycle_msgs__rosidl_typesupport_cppExport-noconfig.cmake
[2.864s] -- Up-to-date: /home/nava/microros_ws/install/lifecycle_msgs/share/lifecycle_msgs/cmake/export_lifecycle_msgs__rosidl_generator_pyExport.cmake
[2.864s] -- Up-to-date: /home/nava/microros_ws/install/lifecycle_msgs/share/lifecycle_msgs/cmake/export_lifecycle_msgs__rosidl_generator_pyExport-noconfig.cmake
[2.865s] -- Up-to-date: /home/nava/microros_ws/install/lifecycle_msgs/share/lifecycle_msgs/cmake/rosidl_cmake-extras.cmake
[2.865s] -- Up-to-date: /home/nava/microros_ws/install/lifecycle_msgs/share/lifecycle_msgs/cmake/ament_cmake_export_dependencies-extras.cmake
[2.865s] -- Up-to-date: /home/nava/microros_ws/install/lifecycle_msgs/share/lifecycle_msgs/cmake/ament_cmake_export_include_directories-extras.cmake
[2.865s] -- Up-to-date: /home/nava/microros_ws/install/lifecycle_msgs/share/lifecycle_msgs/cmake/ament_cmake_export_libraries-extras.cmake
[2.865s] -- Up-to-date: /home/nava/microros_ws/install/lifecycle_msgs/share/lifecycle_msgs/cmake/ament_cmake_export_targets-extras.cmake
[2.865s] -- Up-to-date: /home/nava/microros_ws/install/lifecycle_msgs/share/lifecycle_msgs/cmake/rosidl_cmake_export_typesupport_targets-extras.cmake
[2.865s] -- Up-to-date: /home/nava/microros_ws/install/lifecycle_msgs/share/lifecycle_msgs/cmake/rosidl_cmake_export_typesupport_libraries-extras.cmake
[2.865s] -- Up-to-date: /home/nava/microros_ws/install/lifecycle_msgs/share/lifecycle_msgs/cmake/lifecycle_msgsConfig.cmake
[2.865s] -- Up-to-date: /home/nava/microros_ws/install/lifecycle_msgs/share/lifecycle_msgs/cmake/lifecycle_msgsConfig-version.cmake
[2.865s] -- Up-to-date: /home/nava/microros_ws/install/lifecycle_msgs/share/lifecycle_msgs/package.xml
[2.871s] Invoked command in '/home/nava/microros_ws/build/lifecycle_msgs' returned '0': CMAKE_PREFIX_PATH=${CMAKE_PREFIX_PATH}:/home/nava/microros_ws/install/sensor_msgs_py:/opt/ros/jazzy DEBUGINFOD_URLS=https://debuginfod.ubuntu.com /usr/bin/cmake --install /home/nava/microros_ws/build/lifecycle_msgs
