[0.065s] Invoking command in '/home/nava/microros_ws/build/unique_identifier_msgs': CMAKE_PREFIX_PATH=${CMAKE_PREFIX_PATH}:/home/nava/microros_ws/install/sensor_msgs_py:/opt/ros/jazzy DEBUGINFOD_URLS=https://debuginfod.ubuntu.com /usr/bin/cmake /home/nava/microros_ws/src/ros2/unique_identifier_msgs -DCMAKE_INSTALL_PREFIX=/home/nava/microros_ws/install/unique_identifier_msgs
[0.142s] -- Found ament_cmake: 2.5.4 (/opt/ros/jazzy/share/ament_cmake/cmake)
[0.180s] -- Found Python3: /usr/bin/python3 (found version "3.12.3") found components: Interpreter 
[0.315s] -- Found rosidl_core_generators: 0.2.0 (/opt/ros/jazzy/share/rosidl_core_generators/cmake)
[0.346s] -- Using all available rosidl_typesupport_c: rosidl_typesupport_microxrcedds_c;rosidl_typesupport_fastrtps_c;rosidl_typesupport_introspection_c
[0.428s] -- Found rosidl_adapter: 4.6.5 (/opt/ros/jazzy/share/rosidl_adapter/cmake)
[0.463s] -- Using all available rosidl_typesupport_cpp: rosidl_typesupport_microxrcedds_cpp;rosidl_typesupport_fastrtps_cpp;rosidl_typesupport_introspection_cpp
[0.865s] -- Found ament_cmake_ros: 0.12.0 (/opt/ros/jazzy/share/ament_cmake_ros/cmake)
[1.020s] -- Using all available rosidl_typesupport_c: rosidl_typesupport_microxrcedds_c;rosidl_typesupport_fastrtps_c;rosidl_typesupport_introspection_c
[1.192s] -- Using all available rosidl_typesupport_cpp: rosidl_typesupport_microxrcedds_cpp;rosidl_typesupport_fastrtps_cpp;rosidl_typesupport_introspection_cpp
[1.194s] -- Found python_cmake_module: 0.11.1 (/opt/ros/jazzy/share/python_cmake_module/cmake)
[1.522s] -- Found Python3: /usr/bin/python3 (found version "3.12.3") found components: Interpreter Development NumPy Development.Module Development.Embed 
[1.552s] -- Configuring done (1.4s)
[1.655s] -- Generating done (0.1s)
[1.673s] -- Build files have been written to: /home/nava/microros_ws/build/unique_identifier_msgs
[1.680s] Invoked command in '/home/nava/microros_ws/build/unique_identifier_msgs' returned '0': CMAKE_PREFIX_PATH=${CMAKE_PREFIX_PATH}:/home/nava/microros_ws/install/sensor_msgs_py:/opt/ros/jazzy DEBUGINFOD_URLS=https://debuginfod.ubuntu.com /usr/bin/cmake /home/nava/microros_ws/src/ros2/unique_identifier_msgs -DCMAKE_INSTALL_PREFIX=/home/nava/microros_ws/install/unique_identifier_msgs
[1.681s] Invoking command in '/home/nava/microros_ws/build/unique_identifier_msgs': CMAKE_PREFIX_PATH=${CMAKE_PREFIX_PATH}:/home/nava/microros_ws/install/sensor_msgs_py:/opt/ros/jazzy DEBUGINFOD_URLS=https://debuginfod.ubuntu.com /usr/bin/cmake --build /home/nava/microros_ws/build/unique_identifier_msgs -- -j12 -l12
[1.735s] [  2%] Built target unique_identifier_msgs__rosidl_generator_type_description
[1.759s] [  2%] Built target ament_cmake_python_copy_unique_identifier_msgs
[1.764s] [  4%] Built target unique_identifier_msgs__cpp
[1.769s] [ 16%] Built target unique_identifier_msgs__rosidl_generator_c
[1.814s] [ 23%] Built target unique_identifier_msgs__rosidl_typesupport_microxrcedds_c
[1.817s] [ 30%] Built target unique_identifier_msgs__rosidl_typesupport_microxrcedds_cpp
[1.817s] [ 38%] Built target unique_identifier_msgs__rosidl_typesupport_cpp
[1.818s] [ 45%] Built target unique_identifier_msgs__rosidl_typesupport_c
[1.819s] [ 52%] Built target unique_identifier_msgs__rosidl_typesupport_introspection_cpp
[1.820s] [ 59%] Built target unique_identifier_msgs__rosidl_typesupport_fastrtps_c
[1.820s] [ 66%] Built target unique_identifier_msgs__rosidl_typesupport_introspection_c
[1.823s] [ 73%] Built target unique_identifier_msgs__rosidl_typesupport_fastrtps_cpp
[1.856s] [ 73%] Built target unique_identifier_msgs
[1.896s] [ 76%] Built target unique_identifier_msgs__py
[1.959s] [ 80%] Built target unique_identifier_msgs__rosidl_generator_py
[2.020s] [ 85%] Built target unique_identifier_msgs_s__rosidl_typesupport_microxrcedds_c
[2.037s] [ 90%] Built target unique_identifier_msgs_s__rosidl_typesupport_introspection_c
[2.047s] [ 95%] Built target unique_identifier_msgs_s__rosidl_typesupport_c
[2.053s] [100%] Built target unique_identifier_msgs_s__rosidl_typesupport_fastrtps_c
[2.157s] running egg_info
[2.197s] writing unique_identifier_msgs.egg-info/PKG-INFO
[2.198s] writing dependency_links to unique_identifier_msgs.egg-info/dependency_links.txt
[2.198s] writing top-level names to unique_identifier_msgs.egg-info/top_level.txt
[2.312s] reading manifest file 'unique_identifier_msgs.egg-info/SOURCES.txt'
[2.313s] writing manifest file 'unique_identifier_msgs.egg-info/SOURCES.txt'
[2.349s] [100%] Built target ament_cmake_python_build_unique_identifier_msgs_egg
[2.361s] Invoked command in '/home/nava/microros_ws/build/unique_identifier_msgs' returned '0': CMAKE_PREFIX_PATH=${CMAKE_PREFIX_PATH}:/home/nava/microros_ws/install/sensor_msgs_py:/opt/ros/jazzy DEBUGINFOD_URLS=https://debuginfod.ubuntu.com /usr/bin/cmake --build /home/nava/microros_ws/build/unique_identifier_msgs -- -j12 -l12
[2.363s] Invoking command in '/home/nava/microros_ws/build/unique_identifier_msgs': CMAKE_PREFIX_PATH=${CMAKE_PREFIX_PATH}:/home/nava/microros_ws/install/sensor_msgs_py:/opt/ros/jazzy DEBUGINFOD_URLS=https://debuginfod.ubuntu.com /usr/bin/cmake --install /home/nava/microros_ws/build/unique_identifier_msgs
[2.375s] -- Install configuration: ""
[2.376s] -- Up-to-date: /home/nava/microros_ws/install/unique_identifier_msgs/share/ament_index/resource_index/rosidl_interfaces/unique_identifier_msgs
[2.377s] -- Up-to-date: /home/nava/microros_ws/install/unique_identifier_msgs/share/unique_identifier_msgs/msg/UUID.json
[2.378s] -- Up-to-date: /home/nava/microros_ws/install/unique_identifier_msgs/include/unique_identifier_msgs/unique_identifier_msgs
[2.379s] -- Up-to-date: /home/nava/microros_ws/install/unique_identifier_msgs/include/unique_identifier_msgs/unique_identifier_msgs/msg
[2.379s] -- Up-to-date: /home/nava/microros_ws/install/unique_identifier_msgs/include/unique_identifier_msgs/unique_identifier_msgs/msg/detail
[2.379s] -- Up-to-date: /home/nava/microros_ws/install/unique_identifier_msgs/include/unique_identifier_msgs/unique_identifier_msgs/msg/detail/uuid__type_support.h
[2.379s] -- Up-to-date: /home/nava/microros_ws/install/unique_identifier_msgs/include/unique_identifier_msgs/unique_identifier_msgs/msg/detail/uuid__functions.h
[2.379s] -- Up-to-date: /home/nava/microros_ws/install/unique_identifier_msgs/include/unique_identifier_msgs/unique_identifier_msgs/msg/detail/uuid__functions.c
[2.380s] -- Up-to-date: /home/nava/microros_ws/install/unique_identifier_msgs/include/unique_identifier_msgs/unique_identifier_msgs/msg/detail/uuid__type_support.c
[2.380s] -- Up-to-date: /home/nava/microros_ws/install/unique_identifier_msgs/include/unique_identifier_msgs/unique_identifier_msgs/msg/detail/uuid__struct.h
[2.380s] -- Up-to-date: /home/nava/microros_ws/install/unique_identifier_msgs/include/unique_identifier_msgs/unique_identifier_msgs/msg/detail/uuid__description.c
[2.380s] -- Up-to-date: /home/nava/microros_ws/install/unique_identifier_msgs/include/unique_identifier_msgs/unique_identifier_msgs/msg/rosidl_generator_c__visibility_control.h
[2.380s] -- Up-to-date: /home/nava/microros_ws/install/unique_identifier_msgs/include/unique_identifier_msgs/unique_identifier_msgs/msg/uuid.h
[2.380s] -- Up-to-date: /home/nava/microros_ws/install/unique_identifier_msgs/share/unique_identifier_msgs/environment/library_path.sh
[2.380s] -- Up-to-date: /home/nava/microros_ws/install/unique_identifier_msgs/share/unique_identifier_msgs/environment/library_path.dsv
[2.382s] -- Up-to-date: /home/nava/microros_ws/install/unique_identifier_msgs/lib/libunique_identifier_msgs__rosidl_generator_c.so
[2.382s] -- Up-to-date: /home/nava/microros_ws/install/unique_identifier_msgs/include/unique_identifier_msgs
[2.382s] -- Up-to-date: /home/nava/microros_ws/install/unique_identifier_msgs/include/unique_identifier_msgs/msg
[2.383s] -- Up-to-date: /home/nava/microros_ws/install/unique_identifier_msgs/include/unique_identifier_msgs/msg/detail
[2.383s] -- Up-to-date: /home/nava/microros_ws/install/unique_identifier_msgs/include/unique_identifier_msgs/msg/detail/microxrcedds
[2.383s] -- Up-to-date: /home/nava/microros_ws/install/unique_identifier_msgs/include/unique_identifier_msgs/msg/detail/uuid__rosidl_typesupport_microxrcedds_c.h
[2.383s] -- Up-to-date: /home/nava/microros_ws/install/unique_identifier_msgs/include/unique_identifier_msgs/msg/rosidl_typesupport_microxrcedds_c__visibility_control.h
[2.385s] -- Up-to-date: /home/nava/microros_ws/install/unique_identifier_msgs/lib/libunique_identifier_msgs__rosidl_typesupport_microxrcedds_c.so
[2.385s] -- Up-to-date: /home/nava/microros_ws/install/unique_identifier_msgs/include/unique_identifier_msgs/unique_identifier_msgs
[2.385s] -- Up-to-date: /home/nava/microros_ws/install/unique_identifier_msgs/include/unique_identifier_msgs/unique_identifier_msgs/msg
[2.386s] -- Up-to-date: /home/nava/microros_ws/install/unique_identifier_msgs/include/unique_identifier_msgs/unique_identifier_msgs/msg/detail
[2.386s] -- Up-to-date: /home/nava/microros_ws/install/unique_identifier_msgs/include/unique_identifier_msgs/unique_identifier_msgs/msg/detail/uuid__rosidl_typesupport_fastrtps_c.h
[2.386s] -- Up-to-date: /home/nava/microros_ws/install/unique_identifier_msgs/include/unique_identifier_msgs/unique_identifier_msgs/msg/rosidl_typesupport_fastrtps_c__visibility_control.h
[2.386s] -- Up-to-date: /home/nava/microros_ws/install/unique_identifier_msgs/lib/libunique_identifier_msgs__rosidl_typesupport_fastrtps_c.so
[2.386s] -- Up-to-date: /home/nava/microros_ws/install/unique_identifier_msgs/include/unique_identifier_msgs/unique_identifier_msgs
[2.386s] -- Up-to-date: /home/nava/microros_ws/install/unique_identifier_msgs/include/unique_identifier_msgs/unique_identifier_msgs/msg
[2.387s] -- Up-to-date: /home/nava/microros_ws/install/unique_identifier_msgs/include/unique_identifier_msgs/unique_identifier_msgs/msg/detail
[2.387s] -- Up-to-date: /home/nava/microros_ws/install/unique_identifier_msgs/include/unique_identifier_msgs/unique_identifier_msgs/msg/detail/uuid__type_support.c
[2.387s] -- Up-to-date: /home/nava/microros_ws/install/unique_identifier_msgs/include/unique_identifier_msgs/unique_identifier_msgs/msg/detail/uuid__rosidl_typesupport_introspection_c.h
[2.387s] -- Up-to-date: /home/nava/microros_ws/install/unique_identifier_msgs/include/unique_identifier_msgs/unique_identifier_msgs/msg/rosidl_typesupport_introspection_c__visibility_control.h
[2.388s] -- Up-to-date: /home/nava/microros_ws/install/unique_identifier_msgs/lib/libunique_identifier_msgs__rosidl_typesupport_introspection_c.so
[2.389s] -- Up-to-date: /home/nava/microros_ws/install/unique_identifier_msgs/lib/libunique_identifier_msgs__rosidl_typesupport_c.so
[2.389s] -- Up-to-date: /home/nava/microros_ws/install/unique_identifier_msgs/include/unique_identifier_msgs/unique_identifier_msgs
[2.389s] -- Up-to-date: /home/nava/microros_ws/install/unique_identifier_msgs/include/unique_identifier_msgs/unique_identifier_msgs/msg
[2.390s] -- Up-to-date: /home/nava/microros_ws/install/unique_identifier_msgs/include/unique_identifier_msgs/unique_identifier_msgs/msg/uuid.hpp
[2.390s] -- Up-to-date: /home/nava/microros_ws/install/unique_identifier_msgs/include/unique_identifier_msgs/unique_identifier_msgs/msg/detail
[2.390s] -- Up-to-date: /home/nava/microros_ws/install/unique_identifier_msgs/include/unique_identifier_msgs/unique_identifier_msgs/msg/detail/uuid__builder.hpp
[2.390s] -- Up-to-date: /home/nava/microros_ws/install/unique_identifier_msgs/include/unique_identifier_msgs/unique_identifier_msgs/msg/detail/uuid__type_support.hpp
[2.390s] -- Up-to-date: /home/nava/microros_ws/install/unique_identifier_msgs/include/unique_identifier_msgs/unique_identifier_msgs/msg/detail/uuid__struct.hpp
[2.390s] -- Up-to-date: /home/nava/microros_ws/install/unique_identifier_msgs/include/unique_identifier_msgs/unique_identifier_msgs/msg/detail/uuid__traits.hpp
[2.390s] -- Up-to-date: /home/nava/microros_ws/install/unique_identifier_msgs/include/unique_identifier_msgs/unique_identifier_msgs/msg/rosidl_generator_cpp__visibility_control.hpp
[2.390s] -- Up-to-date: /home/nava/microros_ws/install/unique_identifier_msgs/include/unique_identifier_msgs
[2.390s] -- Up-to-date: /home/nava/microros_ws/install/unique_identifier_msgs/include/unique_identifier_msgs/msg
[2.391s] -- Up-to-date: /home/nava/microros_ws/install/unique_identifier_msgs/include/unique_identifier_msgs/msg/detail
[2.391s] -- Up-to-date: /home/nava/microros_ws/install/unique_identifier_msgs/include/unique_identifier_msgs/msg/detail/uuid__rosidl_typesupport_microxrcedds_cpp.hpp
[2.391s] -- Up-to-date: /home/nava/microros_ws/install/unique_identifier_msgs/include/unique_identifier_msgs/msg/detail/microxrcedds
[2.391s] -- Up-to-date: /home/nava/microros_ws/install/unique_identifier_msgs/include/unique_identifier_msgs/msg/detail/microxrcedds/uuid__type_support_cpp.cpp
[2.391s] -- Up-to-date: /home/nava/microros_ws/install/unique_identifier_msgs/include/unique_identifier_msgs/msg/rosidl_typesupport_microxrcedds_cpp__visibility_control.h
[2.391s] -- Up-to-date: /home/nava/microros_ws/install/unique_identifier_msgs/lib/libunique_identifier_msgs__rosidl_typesupport_microxrcedds_cpp.so
[2.391s] -- Up-to-date: /home/nava/microros_ws/install/unique_identifier_msgs/include/unique_identifier_msgs/unique_identifier_msgs
[2.391s] -- Up-to-date: /home/nava/microros_ws/install/unique_identifier_msgs/include/unique_identifier_msgs/unique_identifier_msgs/msg
[2.391s] -- Up-to-date: /home/nava/microros_ws/install/unique_identifier_msgs/include/unique_identifier_msgs/unique_identifier_msgs/msg/detail
[2.392s] -- Up-to-date: /home/nava/microros_ws/install/unique_identifier_msgs/include/unique_identifier_msgs/unique_identifier_msgs/msg/detail/dds_fastrtps
[2.392s] -- Up-to-date: /home/nava/microros_ws/install/unique_identifier_msgs/include/unique_identifier_msgs/unique_identifier_msgs/msg/detail/uuid__rosidl_typesupport_fastrtps_cpp.hpp
[2.392s] -- Up-to-date: /home/nava/microros_ws/install/unique_identifier_msgs/include/unique_identifier_msgs/unique_identifier_msgs/msg/rosidl_typesupport_fastrtps_cpp__visibility_control.h
[2.392s] -- Up-to-date: /home/nava/microros_ws/install/unique_identifier_msgs/lib/libunique_identifier_msgs__rosidl_typesupport_fastrtps_cpp.so
[2.392s] -- Up-to-date: /home/nava/microros_ws/install/unique_identifier_msgs/include/unique_identifier_msgs/unique_identifier_msgs
[2.392s] -- Up-to-date: /home/nava/microros_ws/install/unique_identifier_msgs/include/unique_identifier_msgs/unique_identifier_msgs/msg
[2.392s] -- Up-to-date: /home/nava/microros_ws/install/unique_identifier_msgs/include/unique_identifier_msgs/unique_identifier_msgs/msg/detail
[2.392s] -- Up-to-date: /home/nava/microros_ws/install/unique_identifier_msgs/include/unique_identifier_msgs/unique_identifier_msgs/msg/detail/uuid__rosidl_typesupport_introspection_cpp.hpp
[2.393s] -- Up-to-date: /home/nava/microros_ws/install/unique_identifier_msgs/include/unique_identifier_msgs/unique_identifier_msgs/msg/detail/uuid__type_support.cpp
[2.393s] -- Up-to-date: /home/nava/microros_ws/install/unique_identifier_msgs/lib/libunique_identifier_msgs__rosidl_typesupport_introspection_cpp.so
[2.394s] -- Up-to-date: /home/nava/microros_ws/install/unique_identifier_msgs/lib/libunique_identifier_msgs__rosidl_typesupport_cpp.so
[2.394s] -- Up-to-date: /home/nava/microros_ws/install/unique_identifier_msgs/share/unique_identifier_msgs/environment/pythonpath.sh
[2.394s] -- Up-to-date: /home/nava/microros_ws/install/unique_identifier_msgs/share/unique_identifier_msgs/environment/pythonpath.dsv
[2.395s] -- Up-to-date: /home/nava/microros_ws/install/unique_identifier_msgs/lib/python3.12/site-packages/unique_identifier_msgs-2.5.0-py3.12.egg-info
[2.395s] -- Installing: /home/nava/microros_ws/install/unique_identifier_msgs/lib/python3.12/site-packages/unique_identifier_msgs-2.5.0-py3.12.egg-info/dependency_links.txt
[2.395s] -- Installing: /home/nava/microros_ws/install/unique_identifier_msgs/lib/python3.12/site-packages/unique_identifier_msgs-2.5.0-py3.12.egg-info/top_level.txt
[2.395s] -- Installing: /home/nava/microros_ws/install/unique_identifier_msgs/lib/python3.12/site-packages/unique_identifier_msgs-2.5.0-py3.12.egg-info/SOURCES.txt
[2.395s] -- Installing: /home/nava/microros_ws/install/unique_identifier_msgs/lib/python3.12/site-packages/unique_identifier_msgs-2.5.0-py3.12.egg-info/PKG-INFO
[2.396s] -- Up-to-date: /home/nava/microros_ws/install/unique_identifier_msgs/lib/python3.12/site-packages/unique_identifier_msgs
[2.396s] -- Installing: /home/nava/microros_ws/install/unique_identifier_msgs/lib/python3.12/site-packages/unique_identifier_msgs/__init__.py
[2.396s] -- Up-to-date: /home/nava/microros_ws/install/unique_identifier_msgs/lib/python3.12/site-packages/unique_identifier_msgs/unique_identifier_msgs_s__rosidl_typesupport_microxrcedds_c.so
[2.396s] -- Up-to-date: /home/nava/microros_ws/install/unique_identifier_msgs/lib/python3.12/site-packages/unique_identifier_msgs/_unique_identifier_msgs_s.ep.rosidl_typesupport_microxrcedds_c.c
[2.396s] -- Up-to-date: /home/nava/microros_ws/install/unique_identifier_msgs/lib/python3.12/site-packages/unique_identifier_msgs/_unique_identifier_msgs_s.ep.rosidl_typesupport_fastrtps_c.c
[2.396s] -- Up-to-date: /home/nava/microros_ws/install/unique_identifier_msgs/lib/python3.12/site-packages/unique_identifier_msgs/unique_identifier_msgs_s__rosidl_typesupport_introspection_c.so
[2.396s] -- Up-to-date: /home/nava/microros_ws/install/unique_identifier_msgs/lib/python3.12/site-packages/unique_identifier_msgs/msg
[2.398s] -- Up-to-date: /home/nava/microros_ws/install/unique_identifier_msgs/lib/python3.12/site-packages/unique_identifier_msgs/msg/__init__.py
[2.398s] -- Up-to-date: /home/nava/microros_ws/install/unique_identifier_msgs/lib/python3.12/site-packages/unique_identifier_msgs/msg/_uuid_s.c
[2.398s] -- Up-to-date: /home/nava/microros_ws/install/unique_identifier_msgs/lib/python3.12/site-packages/unique_identifier_msgs/msg/_uuid.py
[2.398s] -- Up-to-date: /home/nava/microros_ws/install/unique_identifier_msgs/lib/python3.12/site-packages/unique_identifier_msgs/_unique_identifier_msgs_s.ep.rosidl_typesupport_c.c
[2.398s] -- Up-to-date: /home/nava/microros_ws/install/unique_identifier_msgs/lib/python3.12/site-packages/unique_identifier_msgs/_unique_identifier_msgs_s.ep.rosidl_typesupport_introspection_c.c
[2.398s] -- Up-to-date: /home/nava/microros_ws/install/unique_identifier_msgs/lib/python3.12/site-packages/unique_identifier_msgs/unique_identifier_msgs_s__rosidl_typesupport_c.so
[2.398s] -- Up-to-date: /home/nava/microros_ws/install/unique_identifier_msgs/lib/python3.12/site-packages/unique_identifier_msgs/unique_identifier_msgs_s__rosidl_typesupport_fastrtps_c.so
[2.439s] Listing '/home/nava/microros_ws/install/unique_identifier_msgs/lib/python3.12/site-packages/unique_identifier_msgs'...
[2.439s] Compiling '/home/nava/microros_ws/install/unique_identifier_msgs/lib/python3.12/site-packages/unique_identifier_msgs/__init__.py'...
[2.440s] Listing '/home/nava/microros_ws/install/unique_identifier_msgs/lib/python3.12/site-packages/unique_identifier_msgs/msg'...
[2.445s] -- Up-to-date: /home/nava/microros_ws/install/unique_identifier_msgs/lib/python3.12/site-packages/unique_identifier_msgs/unique_identifier_msgs_s__rosidl_typesupport_microxrcedds_c.so
[2.446s] -- Up-to-date: /home/nava/microros_ws/install/unique_identifier_msgs/lib/python3.12/site-packages/unique_identifier_msgs/unique_identifier_msgs_s__rosidl_typesupport_fastrtps_c.so
[2.446s] -- Up-to-date: /home/nava/microros_ws/install/unique_identifier_msgs/lib/python3.12/site-packages/unique_identifier_msgs/unique_identifier_msgs_s__rosidl_typesupport_introspection_c.so
[2.446s] -- Up-to-date: /home/nava/microros_ws/install/unique_identifier_msgs/lib/python3.12/site-packages/unique_identifier_msgs/unique_identifier_msgs_s__rosidl_typesupport_c.so
[2.447s] -- Up-to-date: /home/nava/microros_ws/install/unique_identifier_msgs/lib/libunique_identifier_msgs__rosidl_generator_py.so
[2.447s] -- Up-to-date: /home/nava/microros_ws/install/unique_identifier_msgs/share/unique_identifier_msgs/msg/UUID.idl
[2.447s] -- Up-to-date: /home/nava/microros_ws/install/unique_identifier_msgs/share/unique_identifier_msgs/msg/UUID.msg
[2.447s] -- Up-to-date: /home/nava/microros_ws/install/unique_identifier_msgs/share/ament_index/resource_index/package_run_dependencies/unique_identifier_msgs
[2.447s] -- Installing: /home/nava/microros_ws/install/unique_identifier_msgs/share/ament_index/resource_index/parent_prefix_path/unique_identifier_msgs
[2.448s] -- Up-to-date: /home/nava/microros_ws/install/unique_identifier_msgs/share/unique_identifier_msgs/environment/ament_prefix_path.sh
[2.448s] -- Up-to-date: /home/nava/microros_ws/install/unique_identifier_msgs/share/unique_identifier_msgs/environment/ament_prefix_path.dsv
[2.448s] -- Up-to-date: /home/nava/microros_ws/install/unique_identifier_msgs/share/unique_identifier_msgs/environment/path.sh
[2.448s] -- Up-to-date: /home/nava/microros_ws/install/unique_identifier_msgs/share/unique_identifier_msgs/environment/path.dsv
[2.448s] -- Up-to-date: /home/nava/microros_ws/install/unique_identifier_msgs/share/unique_identifier_msgs/local_setup.bash
[2.448s] -- Up-to-date: /home/nava/microros_ws/install/unique_identifier_msgs/share/unique_identifier_msgs/local_setup.sh
[2.448s] -- Up-to-date: /home/nava/microros_ws/install/unique_identifier_msgs/share/unique_identifier_msgs/local_setup.zsh
[2.448s] -- Up-to-date: /home/nava/microros_ws/install/unique_identifier_msgs/share/unique_identifier_msgs/local_setup.dsv
[2.449s] -- Installing: /home/nava/microros_ws/install/unique_identifier_msgs/share/unique_identifier_msgs/package.dsv
[2.449s] -- Up-to-date: /home/nava/microros_ws/install/unique_identifier_msgs/share/ament_index/resource_index/packages/unique_identifier_msgs
[2.449s] -- Up-to-date: /home/nava/microros_ws/install/unique_identifier_msgs/share/unique_identifier_msgs/cmake/export_unique_identifier_msgs__rosidl_generator_cExport.cmake
[2.449s] -- Up-to-date: /home/nava/microros_ws/install/unique_identifier_msgs/share/unique_identifier_msgs/cmake/export_unique_identifier_msgs__rosidl_generator_cExport-noconfig.cmake
[2.450s] -- Up-to-date: /home/nava/microros_ws/install/unique_identifier_msgs/share/unique_identifier_msgs/cmake/export_unique_identifier_msgs__rosidl_typesupport_fastrtps_cExport.cmake
[2.450s] -- Up-to-date: /home/nava/microros_ws/install/unique_identifier_msgs/share/unique_identifier_msgs/cmake/export_unique_identifier_msgs__rosidl_typesupport_fastrtps_cExport-noconfig.cmake
[2.458s] -- Up-to-date: /home/nava/microros_ws/install/unique_identifier_msgs/share/unique_identifier_msgs/cmake/unique_identifier_msgs__rosidl_typesupport_introspection_cExport.cmake
[2.458s] -- Up-to-date: /home/nava/microros_ws/install/unique_identifier_msgs/share/unique_identifier_msgs/cmake/unique_identifier_msgs__rosidl_typesupport_introspection_cExport-noconfig.cmake
[2.461s] -- Up-to-date: /home/nava/microros_ws/install/unique_identifier_msgs/share/unique_identifier_msgs/cmake/unique_identifier_msgs__rosidl_typesupport_cExport.cmake
[2.462s] -- Up-to-date: /home/nava/microros_ws/install/unique_identifier_msgs/share/unique_identifier_msgs/cmake/unique_identifier_msgs__rosidl_typesupport_cExport-noconfig.cmake
[2.462s] -- Up-to-date: /home/nava/microros_ws/install/unique_identifier_msgs/share/unique_identifier_msgs/cmake/export_unique_identifier_msgs__rosidl_generator_cppExport.cmake
[2.462s] -- Up-to-date: /home/nava/microros_ws/install/unique_identifier_msgs/share/unique_identifier_msgs/cmake/export_unique_identifier_msgs__rosidl_typesupport_fastrtps_cppExport.cmake
[2.462s] -- Up-to-date: /home/nava/microros_ws/install/unique_identifier_msgs/share/unique_identifier_msgs/cmake/export_unique_identifier_msgs__rosidl_typesupport_fastrtps_cppExport-noconfig.cmake
[2.463s] -- Up-to-date: /home/nava/microros_ws/install/unique_identifier_msgs/share/unique_identifier_msgs/cmake/unique_identifier_msgs__rosidl_typesupport_introspection_cppExport.cmake
[2.463s] -- Up-to-date: /home/nava/microros_ws/install/unique_identifier_msgs/share/unique_identifier_msgs/cmake/unique_identifier_msgs__rosidl_typesupport_introspection_cppExport-noconfig.cmake
[2.463s] -- Up-to-date: /home/nava/microros_ws/install/unique_identifier_msgs/share/unique_identifier_msgs/cmake/unique_identifier_msgs__rosidl_typesupport_cppExport.cmake
[2.464s] -- Up-to-date: /home/nava/microros_ws/install/unique_identifier_msgs/share/unique_identifier_msgs/cmake/unique_identifier_msgs__rosidl_typesupport_cppExport-noconfig.cmake
[2.464s] -- Up-to-date: /home/nava/microros_ws/install/unique_identifier_msgs/share/unique_identifier_msgs/cmake/export_unique_identifier_msgs__rosidl_generator_pyExport.cmake
[2.464s] -- Up-to-date: /home/nava/microros_ws/install/unique_identifier_msgs/share/unique_identifier_msgs/cmake/export_unique_identifier_msgs__rosidl_generator_pyExport-noconfig.cmake
[2.465s] -- Up-to-date: /home/nava/microros_ws/install/unique_identifier_msgs/share/unique_identifier_msgs/cmake/rosidl_cmake-extras.cmake
[2.465s] -- Up-to-date: /home/nava/microros_ws/install/unique_identifier_msgs/share/unique_identifier_msgs/cmake/ament_cmake_export_include_directories-extras.cmake
[2.465s] -- Up-to-date: /home/nava/microros_ws/install/unique_identifier_msgs/share/unique_identifier_msgs/cmake/ament_cmake_export_libraries-extras.cmake
[2.465s] -- Up-to-date: /home/nava/microros_ws/install/unique_identifier_msgs/share/unique_identifier_msgs/cmake/ament_cmake_export_targets-extras.cmake
[2.465s] -- Up-to-date: /home/nava/microros_ws/install/unique_identifier_msgs/share/unique_identifier_msgs/cmake/rosidl_cmake_export_typesupport_targets-extras.cmake
[2.465s] -- Up-to-date: /home/nava/microros_ws/install/unique_identifier_msgs/share/unique_identifier_msgs/cmake/ament_cmake_export_dependencies-extras.cmake
[2.465s] -- Up-to-date: /home/nava/microros_ws/install/unique_identifier_msgs/share/unique_identifier_msgs/cmake/rosidl_cmake_export_typesupport_libraries-extras.cmake
[2.465s] -- Up-to-date: /home/nava/microros_ws/install/unique_identifier_msgs/share/unique_identifier_msgs/cmake/unique_identifier_msgsConfig.cmake
[2.466s] -- Up-to-date: /home/nava/microros_ws/install/unique_identifier_msgs/share/unique_identifier_msgs/cmake/unique_identifier_msgsConfig-version.cmake
[2.466s] -- Up-to-date: /home/nava/microros_ws/install/unique_identifier_msgs/share/unique_identifier_msgs/package.xml
[2.466s] -- Up-to-date: /home/nava/microros_ws/install/unique_identifier_msgs/share/unique_identifier_msgs/mapping_rules.yaml
[2.467s] Invoked command in '/home/nava/microros_ws/build/unique_identifier_msgs' returned '0': CMAKE_PREFIX_PATH=${CMAKE_PREFIX_PATH}:/home/nava/microros_ws/install/sensor_msgs_py:/opt/ros/jazzy DEBUGINFOD_URLS=https://debuginfod.ubuntu.com /usr/bin/cmake --install /home/nava/microros_ws/build/unique_identifier_msgs
