[0.009s] Invoking command in '/home/nava/microros_ws/build/rosidl_typesupport_microxrcedds_cpp': AMENT_PREFIX_PATH=/home/nava/microros_ws/install/rosidl_typesupport_microxrcedds_c:${AMENT_PREFIX_PATH} CMAKE_PREFIX_PATH=/home/nava/microros_ws/install/rosidl_typesupport_microxrcedds_c:/home/nava/microros_ws/install/microcdr:/home/nava/microros_ws/install/micro_ros_setup:/opt/ros/jazzy/opt/gz_sim_vendor:/opt/ros/jazzy/opt/gz_sensors_vendor:/opt/ros/jazzy/opt/gz_physics_vendor:/opt/ros/jazzy/opt/sdformat_vendor:/opt/ros/jazzy/opt/gz_gui_vendor:/opt/ros/jazzy/opt/gz_transport_vendor:/opt/ros/jazzy/opt/gz_rendering_vendor:/opt/ros/jazzy/opt/gz_plugin_vendor:/opt/ros/jazzy/opt/gz_fuel_tools_vendor:/opt/ros/jazzy/opt/gz_msgs_vendor:/opt/ros/jazzy/opt/gz_common_vendor:/opt/ros/jazzy/opt/gz_math_vendor:/opt/ros/jazzy/opt/gz_utils_vendor:/opt/ros/jazzy/opt/gz_tools_vendor:/opt/ros/jazzy/opt/gz_ogre_next_vendor:/opt/ros/jazzy/opt/gz_dartsim_vendor:/opt/ros/jazzy/opt/gz_cmake_vendor:/opt/ros/jazzy DEBUGINFOD_URLS=https://debuginfod.ubuntu.com LD_LIBRARY_PATH=/home/nava/microros_ws/install/rosidl_typesupport_microxrcedds_c/lib:/home/nava/microros_ws/install/microcdr/lib:${LD_LIBRARY_PATH} PYTHONPATH=/home/nava/microros_ws/install/rosidl_typesupport_microxrcedds_c/lib/python3.12/site-packages:${PYTHONPATH} /usr/bin/cmake /home/nava/microros_ws/src/uros/rosidl_typesupport_microxrcedds/rosidl_typesupport_microxrcedds_cpp -DBUILD_TESTING=OFF -DBUILD_SHARED_LIBS=ON -DBUILD_SHARED_LIBS=ON -DCMAKE_INSTALL_PREFIX=/home/nava/microros_ws/install/rosidl_typesupport_microxrcedds_cpp
[0.059s] -- The CXX compiler identification is GNU 13.3.0
[0.070s] -- Detecting CXX compiler ABI info
[0.156s] -- Detecting CXX compiler ABI info - done
[0.169s] -- Check for working CXX compiler: /usr/bin/c++ - skipped
[0.169s] -- Detecting CXX compile features
[0.170s] -- Detecting CXX compile features - done
[0.174s] -- Found ament_cmake_python: 2.5.4 (/opt/ros/jazzy/share/ament_cmake_python/cmake)
[0.178s] -- Found rosidl_runtime_c: 4.6.5 (/opt/ros/jazzy/share/rosidl_runtime_c/cmake)
[0.303s] -- Found Python3: /usr/bin/python3 (found version "3.12.3") found components: Interpreter 
[0.407s] -- Found rosidl_typesupport_microxrcedds_c: 5.0.1 (/home/nava/microros_ws/install/rosidl_typesupport_microxrcedds_c/share/rosidl_typesupport_microxrcedds_c/cmake)
[0.433s] -- Found rosidl_adapter: 4.6.5 (/opt/ros/jazzy/share/rosidl_adapter/cmake)
[0.594s] -- Configuring done (0.6s)
[0.598s] -- Generating done (0.0s)
[0.600s] -- Build files have been written to: /home/nava/microros_ws/build/rosidl_typesupport_microxrcedds_cpp
[0.605s] Invoked command in '/home/nava/microros_ws/build/rosidl_typesupport_microxrcedds_cpp' returned '0': AMENT_PREFIX_PATH=/home/nava/microros_ws/install/rosidl_typesupport_microxrcedds_c:${AMENT_PREFIX_PATH} CMAKE_PREFIX_PATH=/home/nava/microros_ws/install/rosidl_typesupport_microxrcedds_c:/home/nava/microros_ws/install/microcdr:/home/nava/microros_ws/install/micro_ros_setup:/opt/ros/jazzy/opt/gz_sim_vendor:/opt/ros/jazzy/opt/gz_sensors_vendor:/opt/ros/jazzy/opt/gz_physics_vendor:/opt/ros/jazzy/opt/sdformat_vendor:/opt/ros/jazzy/opt/gz_gui_vendor:/opt/ros/jazzy/opt/gz_transport_vendor:/opt/ros/jazzy/opt/gz_rendering_vendor:/opt/ros/jazzy/opt/gz_plugin_vendor:/opt/ros/jazzy/opt/gz_fuel_tools_vendor:/opt/ros/jazzy/opt/gz_msgs_vendor:/opt/ros/jazzy/opt/gz_common_vendor:/opt/ros/jazzy/opt/gz_math_vendor:/opt/ros/jazzy/opt/gz_utils_vendor:/opt/ros/jazzy/opt/gz_tools_vendor:/opt/ros/jazzy/opt/gz_ogre_next_vendor:/opt/ros/jazzy/opt/gz_dartsim_vendor:/opt/ros/jazzy/opt/gz_cmake_vendor:/opt/ros/jazzy DEBUGINFOD_URLS=https://debuginfod.ubuntu.com LD_LIBRARY_PATH=/home/nava/microros_ws/install/rosidl_typesupport_microxrcedds_c/lib:/home/nava/microros_ws/install/microcdr/lib:${LD_LIBRARY_PATH} PYTHONPATH=/home/nava/microros_ws/install/rosidl_typesupport_microxrcedds_c/lib/python3.12/site-packages:${PYTHONPATH} /usr/bin/cmake /home/nava/microros_ws/src/uros/rosidl_typesupport_microxrcedds/rosidl_typesupport_microxrcedds_cpp -DBUILD_TESTING=OFF -DBUILD_SHARED_LIBS=ON -DBUILD_SHARED_LIBS=ON -DCMAKE_INSTALL_PREFIX=/home/nava/microros_ws/install/rosidl_typesupport_microxrcedds_cpp
[0.605s] Invoking command in '/home/nava/microros_ws/build/rosidl_typesupport_microxrcedds_cpp': AMENT_PREFIX_PATH=/home/nava/microros_ws/install/rosidl_typesupport_microxrcedds_c:${AMENT_PREFIX_PATH} CMAKE_PREFIX_PATH=/home/nava/microros_ws/install/rosidl_typesupport_microxrcedds_c:/home/nava/microros_ws/install/microcdr:/home/nava/microros_ws/install/micro_ros_setup:/opt/ros/jazzy/opt/gz_sim_vendor:/opt/ros/jazzy/opt/gz_sensors_vendor:/opt/ros/jazzy/opt/gz_physics_vendor:/opt/ros/jazzy/opt/sdformat_vendor:/opt/ros/jazzy/opt/gz_gui_vendor:/opt/ros/jazzy/opt/gz_transport_vendor:/opt/ros/jazzy/opt/gz_rendering_vendor:/opt/ros/jazzy/opt/gz_plugin_vendor:/opt/ros/jazzy/opt/gz_fuel_tools_vendor:/opt/ros/jazzy/opt/gz_msgs_vendor:/opt/ros/jazzy/opt/gz_common_vendor:/opt/ros/jazzy/opt/gz_math_vendor:/opt/ros/jazzy/opt/gz_utils_vendor:/opt/ros/jazzy/opt/gz_tools_vendor:/opt/ros/jazzy/opt/gz_ogre_next_vendor:/opt/ros/jazzy/opt/gz_dartsim_vendor:/opt/ros/jazzy/opt/gz_cmake_vendor:/opt/ros/jazzy DEBUGINFOD_URLS=https://debuginfod.ubuntu.com LD_LIBRARY_PATH=/home/nava/microros_ws/install/rosidl_typesupport_microxrcedds_c/lib:/home/nava/microros_ws/install/microcdr/lib:${LD_LIBRARY_PATH} PYTHONPATH=/home/nava/microros_ws/install/rosidl_typesupport_microxrcedds_c/lib/python3.12/site-packages:${PYTHONPATH} /usr/bin/cmake --build /home/nava/microros_ws/build/rosidl_typesupport_microxrcedds_cpp -- -j12 -l12
[0.644s] [ 50%] [32mBuilding CXX object CMakeFiles/rosidl_typesupport_microxrcedds_cpp.dir/src/identifier.cpp.o[0m
[0.650s] [ 50%] Built target ament_cmake_python_copy_rosidl_typesupport_microxrcedds_cpp
[0.659s] [100%] [32m[1mLinking CXX shared library librosidl_typesupport_microxrcedds_cpp.so[0m
[0.690s] [100%] Built target rosidl_typesupport_microxrcedds_cpp
[0.841s] running egg_info
[0.842s] creating rosidl_typesupport_microxrcedds_cpp.egg-info
[0.860s] writing rosidl_typesupport_microxrcedds_cpp.egg-info/PKG-INFO
[0.860s] writing dependency_links to rosidl_typesupport_microxrcedds_cpp.egg-info/dependency_links.txt
[0.860s] writing top-level names to rosidl_typesupport_microxrcedds_cpp.egg-info/top_level.txt
[0.860s] writing manifest file 'rosidl_typesupport_microxrcedds_cpp.egg-info/SOURCES.txt'
[0.914s] reading manifest file 'rosidl_typesupport_microxrcedds_cpp.egg-info/SOURCES.txt'
[0.915s] writing manifest file 'rosidl_typesupport_microxrcedds_cpp.egg-info/SOURCES.txt'
[0.936s] [100%] Built target ament_cmake_python_build_rosidl_typesupport_microxrcedds_cpp_egg
[0.945s] Invoked command in '/home/nava/microros_ws/build/rosidl_typesupport_microxrcedds_cpp' returned '0': AMENT_PREFIX_PATH=/home/nava/microros_ws/install/rosidl_typesupport_microxrcedds_c:${AMENT_PREFIX_PATH} CMAKE_PREFIX_PATH=/home/nava/microros_ws/install/rosidl_typesupport_microxrcedds_c:/home/nava/microros_ws/install/microcdr:/home/nava/microros_ws/install/micro_ros_setup:/opt/ros/jazzy/opt/gz_sim_vendor:/opt/ros/jazzy/opt/gz_sensors_vendor:/opt/ros/jazzy/opt/gz_physics_vendor:/opt/ros/jazzy/opt/sdformat_vendor:/opt/ros/jazzy/opt/gz_gui_vendor:/opt/ros/jazzy/opt/gz_transport_vendor:/opt/ros/jazzy/opt/gz_rendering_vendor:/opt/ros/jazzy/opt/gz_plugin_vendor:/opt/ros/jazzy/opt/gz_fuel_tools_vendor:/opt/ros/jazzy/opt/gz_msgs_vendor:/opt/ros/jazzy/opt/gz_common_vendor:/opt/ros/jazzy/opt/gz_math_vendor:/opt/ros/jazzy/opt/gz_utils_vendor:/opt/ros/jazzy/opt/gz_tools_vendor:/opt/ros/jazzy/opt/gz_ogre_next_vendor:/opt/ros/jazzy/opt/gz_dartsim_vendor:/opt/ros/jazzy/opt/gz_cmake_vendor:/opt/ros/jazzy DEBUGINFOD_URLS=https://debuginfod.ubuntu.com LD_LIBRARY_PATH=/home/nava/microros_ws/install/rosidl_typesupport_microxrcedds_c/lib:/home/nava/microros_ws/install/microcdr/lib:${LD_LIBRARY_PATH} PYTHONPATH=/home/nava/microros_ws/install/rosidl_typesupport_microxrcedds_c/lib/python3.12/site-packages:${PYTHONPATH} /usr/bin/cmake --build /home/nava/microros_ws/build/rosidl_typesupport_microxrcedds_cpp -- -j12 -l12
[0.945s] Invoking command in '/home/nava/microros_ws/build/rosidl_typesupport_microxrcedds_cpp': AMENT_PREFIX_PATH=/home/nava/microros_ws/install/rosidl_typesupport_microxrcedds_c:${AMENT_PREFIX_PATH} CMAKE_PREFIX_PATH=/home/nava/microros_ws/install/rosidl_typesupport_microxrcedds_c:/home/nava/microros_ws/install/microcdr:/home/nava/microros_ws/install/micro_ros_setup:/opt/ros/jazzy/opt/gz_sim_vendor:/opt/ros/jazzy/opt/gz_sensors_vendor:/opt/ros/jazzy/opt/gz_physics_vendor:/opt/ros/jazzy/opt/sdformat_vendor:/opt/ros/jazzy/opt/gz_gui_vendor:/opt/ros/jazzy/opt/gz_transport_vendor:/opt/ros/jazzy/opt/gz_rendering_vendor:/opt/ros/jazzy/opt/gz_plugin_vendor:/opt/ros/jazzy/opt/gz_fuel_tools_vendor:/opt/ros/jazzy/opt/gz_msgs_vendor:/opt/ros/jazzy/opt/gz_common_vendor:/opt/ros/jazzy/opt/gz_math_vendor:/opt/ros/jazzy/opt/gz_utils_vendor:/opt/ros/jazzy/opt/gz_tools_vendor:/opt/ros/jazzy/opt/gz_ogre_next_vendor:/opt/ros/jazzy/opt/gz_dartsim_vendor:/opt/ros/jazzy/opt/gz_cmake_vendor:/opt/ros/jazzy DEBUGINFOD_URLS=https://debuginfod.ubuntu.com LD_LIBRARY_PATH=/home/nava/microros_ws/install/rosidl_typesupport_microxrcedds_c/lib:/home/nava/microros_ws/install/microcdr/lib:${LD_LIBRARY_PATH} PYTHONPATH=/home/nava/microros_ws/install/rosidl_typesupport_microxrcedds_c/lib/python3.12/site-packages:${PYTHONPATH} /usr/bin/cmake --install /home/nava/microros_ws/build/rosidl_typesupport_microxrcedds_cpp
[0.952s] -- Install configuration: ""
[0.952s] -- Installing: /home/nava/microros_ws/install/rosidl_typesupport_microxrcedds_cpp/share/rosidl_typesupport_microxrcedds_cpp/environment/pythonpath.sh
[0.952s] -- Installing: /home/nava/microros_ws/install/rosidl_typesupport_microxrcedds_cpp/share/rosidl_typesupport_microxrcedds_cpp/environment/pythonpath.dsv
[0.952s] -- Installing: /home/nava/microros_ws/install/rosidl_typesupport_microxrcedds_cpp/lib/python3.12/site-packages/rosidl_typesupport_microxrcedds_cpp-5.0.1-py3.12.egg-info
[0.952s] -- Installing: /home/nava/microros_ws/install/rosidl_typesupport_microxrcedds_cpp/lib/python3.12/site-packages/rosidl_typesupport_microxrcedds_cpp-5.0.1-py3.12.egg-info/dependency_links.txt
[0.952s] -- Installing: /home/nava/microros_ws/install/rosidl_typesupport_microxrcedds_cpp/lib/python3.12/site-packages/rosidl_typesupport_microxrcedds_cpp-5.0.1-py3.12.egg-info/top_level.txt
[0.952s] -- Installing: /home/nava/microros_ws/install/rosidl_typesupport_microxrcedds_cpp/lib/python3.12/site-packages/rosidl_typesupport_microxrcedds_cpp-5.0.1-py3.12.egg-info/SOURCES.txt
[0.952s] -- Installing: /home/nava/microros_ws/install/rosidl_typesupport_microxrcedds_cpp/lib/python3.12/site-packages/rosidl_typesupport_microxrcedds_cpp-5.0.1-py3.12.egg-info/PKG-INFO
[0.952s] -- Installing: /home/nava/microros_ws/install/rosidl_typesupport_microxrcedds_cpp/lib/python3.12/site-packages/rosidl_typesupport_microxrcedds_cpp
[0.952s] -- Installing: /home/nava/microros_ws/install/rosidl_typesupport_microxrcedds_cpp/lib/python3.12/site-packages/rosidl_typesupport_microxrcedds_cpp/__init__.py
[0.981s] Listing '/home/nava/microros_ws/install/rosidl_typesupport_microxrcedds_cpp/lib/python3.12/site-packages/rosidl_typesupport_microxrcedds_cpp'...
[0.981s] Compiling '/home/nava/microros_ws/install/rosidl_typesupport_microxrcedds_cpp/lib/python3.12/site-packages/rosidl_typesupport_microxrcedds_cpp/__init__.py'...
[0.985s] -- Installing: /home/nava/microros_ws/install/rosidl_typesupport_microxrcedds_cpp/share/rosidl_typesupport_microxrcedds_cpp/environment/library_path.sh
[0.985s] -- Installing: /home/nava/microros_ws/install/rosidl_typesupport_microxrcedds_cpp/share/rosidl_typesupport_microxrcedds_cpp/environment/library_path.dsv
[0.985s] -- Installing: /home/nava/microros_ws/install/rosidl_typesupport_microxrcedds_cpp/share/ament_index/resource_index/rosidl_typesupport_cpp/rosidl_typesupport_microxrcedds_cpp
[0.985s] -- Installing: /home/nava/microros_ws/install/rosidl_typesupport_microxrcedds_cpp/share/ament_index/resource_index/package_run_dependencies/rosidl_typesupport_microxrcedds_cpp
[0.985s] -- Installing: /home/nava/microros_ws/install/rosidl_typesupport_microxrcedds_cpp/share/ament_index/resource_index/parent_prefix_path/rosidl_typesupport_microxrcedds_cpp
[0.985s] -- Installing: /home/nava/microros_ws/install/rosidl_typesupport_microxrcedds_cpp/share/rosidl_typesupport_microxrcedds_cpp/environment/ament_prefix_path.sh
[0.985s] -- Installing: /home/nava/microros_ws/install/rosidl_typesupport_microxrcedds_cpp/share/rosidl_typesupport_microxrcedds_cpp/environment/ament_prefix_path.dsv
[0.985s] -- Installing: /home/nava/microros_ws/install/rosidl_typesupport_microxrcedds_cpp/share/rosidl_typesupport_microxrcedds_cpp/environment/path.sh
[0.985s] -- Installing: /home/nava/microros_ws/install/rosidl_typesupport_microxrcedds_cpp/share/rosidl_typesupport_microxrcedds_cpp/environment/path.dsv
[0.986s] -- Installing: /home/nava/microros_ws/install/rosidl_typesupport_microxrcedds_cpp/share/rosidl_typesupport_microxrcedds_cpp/local_setup.bash
[0.986s] -- Installing: /home/nava/microros_ws/install/rosidl_typesupport_microxrcedds_cpp/share/rosidl_typesupport_microxrcedds_cpp/local_setup.sh
[0.986s] -- Installing: /home/nava/microros_ws/install/rosidl_typesupport_microxrcedds_cpp/share/rosidl_typesupport_microxrcedds_cpp/local_setup.zsh
[0.986s] -- Installing: /home/nava/microros_ws/install/rosidl_typesupport_microxrcedds_cpp/share/rosidl_typesupport_microxrcedds_cpp/local_setup.dsv
[0.986s] -- Installing: /home/nava/microros_ws/install/rosidl_typesupport_microxrcedds_cpp/share/rosidl_typesupport_microxrcedds_cpp/package.dsv
[0.986s] -- Installing: /home/nava/microros_ws/install/rosidl_typesupport_microxrcedds_cpp/share/ament_index/resource_index/packages/rosidl_typesupport_microxrcedds_cpp
[0.986s] -- Installing: /home/nava/microros_ws/install/rosidl_typesupport_microxrcedds_cpp/share/rosidl_typesupport_microxrcedds_cpp/cmake/rosidl_typesupport_microxrcedds_cppExport.cmake
[0.986s] -- Installing: /home/nava/microros_ws/install/rosidl_typesupport_microxrcedds_cpp/share/rosidl_typesupport_microxrcedds_cpp/cmake/rosidl_typesupport_microxrcedds_cppExport-noconfig.cmake
[0.986s] -- Installing: /home/nava/microros_ws/install/rosidl_typesupport_microxrcedds_cpp/share/rosidl_typesupport_microxrcedds_cpp/cmake/rosidl_typesupport_microxrcedds_cpp-extras.cmake
[0.986s] -- Installing: /home/nava/microros_ws/install/rosidl_typesupport_microxrcedds_cpp/share/rosidl_typesupport_microxrcedds_cpp/cmake/ament_cmake_export_dependencies-extras.cmake
[0.986s] -- Installing: /home/nava/microros_ws/install/rosidl_typesupport_microxrcedds_cpp/share/rosidl_typesupport_microxrcedds_cpp/cmake/ament_cmake_export_include_directories-extras.cmake
[0.986s] -- Installing: /home/nava/microros_ws/install/rosidl_typesupport_microxrcedds_cpp/share/rosidl_typesupport_microxrcedds_cpp/cmake/ament_cmake_export_libraries-extras.cmake
[0.987s] -- Installing: /home/nava/microros_ws/install/rosidl_typesupport_microxrcedds_cpp/share/rosidl_typesupport_microxrcedds_cpp/cmake/ament_cmake_export_targets-extras.cmake
[0.987s] -- Installing: /home/nava/microros_ws/install/rosidl_typesupport_microxrcedds_cpp/share/rosidl_typesupport_microxrcedds_cpp/cmake/rosidl_typesupport_microxrcedds_cppConfig.cmake
[0.987s] -- Installing: /home/nava/microros_ws/install/rosidl_typesupport_microxrcedds_cpp/share/rosidl_typesupport_microxrcedds_cpp/cmake/rosidl_typesupport_microxrcedds_cppConfig-version.cmake
[0.987s] -- Installing: /home/nava/microros_ws/install/rosidl_typesupport_microxrcedds_cpp/share/rosidl_typesupport_microxrcedds_cpp/package.xml
[0.987s] -- Installing: /home/nava/microros_ws/install/rosidl_typesupport_microxrcedds_cpp/lib/rosidl_typesupport_microxrcedds_cpp/rosidl_typesupport_microxrcedds_cpp
[0.987s] -- Up-to-date: /home/nava/microros_ws/install/rosidl_typesupport_microxrcedds_cpp/share/rosidl_typesupport_microxrcedds_cpp/cmake
[0.987s] -- Installing: /home/nava/microros_ws/install/rosidl_typesupport_microxrcedds_cpp/share/rosidl_typesupport_microxrcedds_cpp/cmake/rosidl_typesupport_microxrcedds_cpp_generate_interfaces.cmake
[0.987s] -- Installing: /home/nava/microros_ws/install/rosidl_typesupport_microxrcedds_cpp/share/rosidl_typesupport_microxrcedds_cpp/resource
[0.987s] -- Installing: /home/nava/microros_ws/install/rosidl_typesupport_microxrcedds_cpp/share/rosidl_typesupport_microxrcedds_cpp/resource/idl__type_support_cpp.cpp.em
[0.987s] -- Installing: /home/nava/microros_ws/install/rosidl_typesupport_microxrcedds_cpp/share/rosidl_typesupport_microxrcedds_cpp/resource/idl__rosidl_typesupport_microxrcedds_cpp.hpp.em
[0.987s] -- Installing: /home/nava/microros_ws/install/rosidl_typesupport_microxrcedds_cpp/share/rosidl_typesupport_microxrcedds_cpp/resource/rosidl_typesupport_microxrcedds_cpp__visibility_control.h.in
[0.987s] -- Installing: /home/nava/microros_ws/install/rosidl_typesupport_microxrcedds_cpp/share/rosidl_typesupport_microxrcedds_cpp/resource/srv__rosidl_typesupport_microxrcedds_cpp.hpp.em
[0.987s] -- Installing: /home/nava/microros_ws/install/rosidl_typesupport_microxrcedds_cpp/share/rosidl_typesupport_microxrcedds_cpp/resource/msg__type_support_cpp.cpp.em
[0.987s] -- Installing: /home/nava/microros_ws/install/rosidl_typesupport_microxrcedds_cpp/share/rosidl_typesupport_microxrcedds_cpp/resource/srv__type_support_cpp.cpp.em
[0.988s] -- Installing: /home/nava/microros_ws/install/rosidl_typesupport_microxrcedds_cpp/share/rosidl_typesupport_microxrcedds_cpp/resource/msg__rosidl_typesupport_microxrcedds_cpp.hpp.em
[0.988s] -- Installing: /home/nava/microros_ws/install/rosidl_typesupport_microxrcedds_cpp/include
[0.988s] -- Installing: /home/nava/microros_ws/install/rosidl_typesupport_microxrcedds_cpp/include/rosidl_typesupport_microxrcedds_cpp
[0.988s] -- Installing: /home/nava/microros_ws/install/rosidl_typesupport_microxrcedds_cpp/include/rosidl_typesupport_microxrcedds_cpp/service_type_support_decl.hpp
[0.988s] -- Installing: /home/nava/microros_ws/install/rosidl_typesupport_microxrcedds_cpp/include/rosidl_typesupport_microxrcedds_cpp/identifier.h
[0.988s] -- Installing: /home/nava/microros_ws/install/rosidl_typesupport_microxrcedds_cpp/include/rosidl_typesupport_microxrcedds_cpp/identifier.hpp
[0.988s] -- Installing: /home/nava/microros_ws/install/rosidl_typesupport_microxrcedds_cpp/include/rosidl_typesupport_microxrcedds_cpp/message_type_support_decl.hpp
[0.988s] -- Installing: /home/nava/microros_ws/install/rosidl_typesupport_microxrcedds_cpp/include/rosidl_typesupport_microxrcedds_cpp/visibility_control.h
[0.988s] -- Installing: /home/nava/microros_ws/install/rosidl_typesupport_microxrcedds_cpp/lib/librosidl_typesupport_microxrcedds_cpp.so
[0.988s] -- Set non-toolchain portion of runtime path of "/home/nava/microros_ws/install/rosidl_typesupport_microxrcedds_cpp/lib/librosidl_typesupport_microxrcedds_cpp.so" to ""
[0.990s] Invoked command in '/home/nava/microros_ws/build/rosidl_typesupport_microxrcedds_cpp' returned '0': AMENT_PREFIX_PATH=/home/nava/microros_ws/install/rosidl_typesupport_microxrcedds_c:${AMENT_PREFIX_PATH} CMAKE_PREFIX_PATH=/home/nava/microros_ws/install/rosidl_typesupport_microxrcedds_c:/home/nava/microros_ws/install/microcdr:/home/nava/microros_ws/install/micro_ros_setup:/opt/ros/jazzy/opt/gz_sim_vendor:/opt/ros/jazzy/opt/gz_sensors_vendor:/opt/ros/jazzy/opt/gz_physics_vendor:/opt/ros/jazzy/opt/sdformat_vendor:/opt/ros/jazzy/opt/gz_gui_vendor:/opt/ros/jazzy/opt/gz_transport_vendor:/opt/ros/jazzy/opt/gz_rendering_vendor:/opt/ros/jazzy/opt/gz_plugin_vendor:/opt/ros/jazzy/opt/gz_fuel_tools_vendor:/opt/ros/jazzy/opt/gz_msgs_vendor:/opt/ros/jazzy/opt/gz_common_vendor:/opt/ros/jazzy/opt/gz_math_vendor:/opt/ros/jazzy/opt/gz_utils_vendor:/opt/ros/jazzy/opt/gz_tools_vendor:/opt/ros/jazzy/opt/gz_ogre_next_vendor:/opt/ros/jazzy/opt/gz_dartsim_vendor:/opt/ros/jazzy/opt/gz_cmake_vendor:/opt/ros/jazzy DEBUGINFOD_URLS=https://debuginfod.ubuntu.com LD_LIBRARY_PATH=/home/nava/microros_ws/install/rosidl_typesupport_microxrcedds_c/lib:/home/nava/microros_ws/install/microcdr/lib:${LD_LIBRARY_PATH} PYTHONPATH=/home/nava/microros_ws/install/rosidl_typesupport_microxrcedds_c/lib/python3.12/site-packages:${PYTHONPATH} /usr/bin/cmake --install /home/nava/microros_ws/build/rosidl_typesupport_microxrcedds_cpp
